Copyright 1986-2022 Xilinx, Inc. All Rights Reserved. Copyright 2022-2025 Advanced Micro Devices, Inc. All Rights Reserved.
------------------------------------------------------------------------------------------------------------------------------------------------------------------------------------------------------------------------------------
| Tool Version : Vivado v.2025.1 (win64) Build 6140274 Thu May 22 00:12:29 MDT 2025
| Date         : Mon Jun 29 12:50:22 2026
| Host         : LAPTOP-9AHF2G73 running 64-bit major release  (build 9200)
| Command      : report_timing_summary -max_paths 10 -routable_nets -report_unconstrained -file DP_async_timing_summary_routed.rpt -pb DP_async_timing_summary_routed.pb -rpx DP_async_timing_summary_routed.rpx -warn_on_violation
| Design       : DP_async
| Device       : 7a35ti-cpg236
| Speed File   : -1L  PRODUCTION 1.23 2018-06-13
| Design State : Routed
------------------------------------------------------------------------------------------------------------------------------------------------------------------------------------------------------------------------------------

Timing Summary Report

------------------------------------------------------------------------------------------------
| Timer Settings
| --------------
------------------------------------------------------------------------------------------------

  Enable Multi Corner Analysis               :  Yes
  Enable Pessimism Removal                   :  Yes
  Pessimism Removal Resolution               :  Nearest Common Node
  Enable Input Delay Default Clock           :  No
  Enable Preset / Clear Arcs                 :  No
  Disable Flight Delays                      :  No
  Ignore I/O Paths                           :  No
  Timing Early Launch at Borrowing Latches   :  No
  Borrow Time for Max Delay Exceptions       :  Yes
  Merge Timing Exceptions                    :  Yes
  Inter-SLR Compensation                     :  Conservative

  Corner  Analyze    Analyze    
  Name    Max Paths  Min Paths  
  ------  ---------  ---------  
  Slow    Yes        Yes        
  Fast    Yes        Yes        


------------------------------------------------------------------------------------------------
| Report Methodology
| ------------------
------------------------------------------------------------------------------------------------

Rule       Severity  Description                     Violations  
---------  --------  ------------------------------  ----------  
TIMING-20  Warning   Non-clocked latch               24          
LATCH-1    Advisory  Existing latches in the design  1           

Note: This report is based on the most recent report_methodology run and may not be up-to-date. Run report_methodology on the current design for the latest report.



check_timing report

Table of Contents
-----------------
1. checking no_clock (240)
2. checking constant_clock (0)
3. checking pulse_width_clock (0)
4. checking unconstrained_internal_endpoints (24)
5. checking no_input_delay (11)
6. checking no_output_delay (6)
7. checking multiple_clock (0)
8. checking generated_clocks (0)
9. checking loops (0)
10. checking partial_input_delay (0)
11. checking partial_output_delay (0)
12. checking latch_loops (0)

1. checking no_clock (240)
--------------------------
 There are 24 register/latch pins with no clock driven by root clock pin: addr_a[0] (HIGH)

 There are 24 register/latch pins with no clock driven by root clock pin: addr_a[1] (HIGH)

 There are 24 register/latch pins with no clock driven by root clock pin: addr_a[2] (HIGH)

 There are 24 register/latch pins with no clock driven by root clock pin: addr_b[0] (HIGH)

 There are 24 register/latch pins with no clock driven by root clock pin: addr_b[1] (HIGH)

 There are 24 register/latch pins with no clock driven by root clock pin: addr_b[2] (HIGH)

 There are 24 register/latch pins with no clock driven by root clock pin: cs_a (HIGH)

 There are 24 register/latch pins with no clock driven by root clock pin: cs_b (HIGH)

 There are 24 register/latch pins with no clock driven by root clock pin: we_a (HIGH)

 There are 24 register/latch pins with no clock driven by root clock pin: we_b (HIGH)


2. checking constant_clock (0)
------------------------------
 There are 0 register/latch pins with constant_clock.


3. checking pulse_width_clock (0)
---------------------------------
 There are 0 register/latch pins which need pulse_width check


4. checking unconstrained_internal_endpoints (24)
-------------------------------------------------
 There are 24 pins that are not constrained for maximum delay. (HIGH)

 There are 0 pins that are not constrained for maximum delay due to constant clock.


5. checking no_input_delay (11)
-------------------------------
 There are 11 input ports with no input delay specified. (HIGH)

 There are 0 input ports with no input delay but user has a false path constraint.


6. checking no_output_delay (6)
-------------------------------
 There are 6 ports with no output delay specified. (HIGH)

 There are 0 ports with no output delay but user has a false path constraint

 There are 0 ports with no output delay but with a timing clock defined on it or propagating through it


7. checking multiple_clock (0)
------------------------------
 There are 0 register/latch pins with multiple clocks.


8. checking generated_clocks (0)
--------------------------------
 There are 0 generated clocks that are not connected to a clock source.


9. checking loops (0)
---------------------
 There are 0 combinational loops in the design.


10. checking partial_input_delay (0)
------------------------------------
 There are 0 input ports with partial input delay specified.


11. checking partial_output_delay (0)
-------------------------------------
 There are 0 ports with partial output delay specified.


12. checking latch_loops (0)
----------------------------
 There are 0 combinational latch loops in the design through latch input



------------------------------------------------------------------------------------------------
| Design Timing Summary
| ---------------------
------------------------------------------------------------------------------------------------

    WNS(ns)      TNS(ns)  TNS Failing Endpoints  TNS Total Endpoints      WHS(ns)      THS(ns)  THS Failing Endpoints  THS Total Endpoints     WPWS(ns)     TPWS(ns)  TPWS Failing Endpoints  TPWS Total Endpoints  
    -------      -------  ---------------------  -------------------      -------      -------  ---------------------  -------------------     --------     --------  ----------------------  --------------------  
        inf        0.000                      0                   30          inf        0.000                      0                   30           NA           NA                      NA                    NA  


There are no user specified timing constraints.


------------------------------------------------------------------------------------------------
| Clock Summary
| -------------
------------------------------------------------------------------------------------------------


------------------------------------------------------------------------------------------------
| Intra Clock Table
| -----------------
------------------------------------------------------------------------------------------------

Clock             WNS(ns)      TNS(ns)  TNS Failing Endpoints  TNS Total Endpoints      WHS(ns)      THS(ns)  THS Failing Endpoints  THS Total Endpoints     WPWS(ns)     TPWS(ns)  TPWS Failing Endpoints  TPWS Total Endpoints  
-----             -------      -------  ---------------------  -------------------      -------      -------  ---------------------  -------------------     --------     --------  ----------------------  --------------------  


------------------------------------------------------------------------------------------------
| Inter Clock Table
| -----------------
------------------------------------------------------------------------------------------------

From Clock    To Clock          WNS(ns)      TNS(ns)  TNS Failing Endpoints  TNS Total Endpoints      WHS(ns)      THS(ns)  THS Failing Endpoints  THS Total Endpoints  
----------    --------          -------      -------  ---------------------  -------------------      -------      -------  ---------------------  -------------------  


------------------------------------------------------------------------------------------------
| Other Path Groups Table
| -----------------------
------------------------------------------------------------------------------------------------

Path Group    From Clock    To Clock          WNS(ns)      TNS(ns)  TNS Failing Endpoints  TNS Total Endpoints      WHS(ns)      THS(ns)  THS Failing Endpoints  THS Total Endpoints  
----------    ----------    --------          -------      -------  ---------------------  -------------------      -------      -------  ---------------------  -------------------  


------------------------------------------------------------------------------------------------
| User Ignored Path Table
| -----------------------
------------------------------------------------------------------------------------------------

Path Group    From Clock    To Clock    
----------    ----------    --------    


------------------------------------------------------------------------------------------------
| Unconstrained Path Table
| ------------------------
------------------------------------------------------------------------------------------------

Path Group    From Clock    To Clock    
----------    ----------    --------    
(none)                                    


------------------------------------------------------------------------------------------------
| Timing Details
| --------------
------------------------------------------------------------------------------------------------


--------------------------------------------------------------------------------------
Path Group:  (none)
From Clock:  
  To Clock:  

Max Delay            30 Endpoints
Min Delay            30 Endpoints
--------------------------------------------------------------------------------------


Max Delay Paths
--------------------------------------------------------------------------------------
Slack:                    inf
  Source:                 addr_b[1]
                            (input port)
  Destination:            dout_b[2]
                            (output port)
  Path Group:             (none)
  Path Type:              Max at Slow Process Corner
  Data Path Delay:        12.974ns  (logic 5.225ns (40.273%)  route 7.749ns (59.727%))
  Logic Levels:           4  (IBUF=1 LUT5=1 LUT6=1 OBUF=1)

    Location             Delay type                Incr(ns)  Path(ns)    Netlist Resource(s)
  -------------------------------------------------------------------    -------------------
    W13                                               0.000     0.000 r  addr_b[1] (IN)
                         net (fo=0)                   0.000     0.000    addr_b[1]
    W13                  IBUF (Prop_ibuf_I_O)         1.459     1.459 r  addr_b_IBUF[1]_inst/O
                         net (fo=14, routed)          4.396     5.854    addr_b_IBUF[1]
    SLICE_X64Y40         LUT6 (Prop_lut6_I2_O)        0.124     5.978 r  dout_b_OBUF[2]_inst_i_3/O
                         net (fo=1, routed)           0.466     6.444    dout_b_OBUF[2]_inst_i_3_n_0
    SLICE_X64Y40         LUT5 (Prop_lut5_I2_O)        0.124     6.568 r  dout_b_OBUF[2]_inst_i_1/O
                         net (fo=1, routed)           2.887     9.456    dout_b_OBUF[2]
    P3                   OBUF (Prop_obuf_I_O)         3.518    12.974 r  dout_b_OBUF[2]_inst/O
                         net (fo=0)                   0.000    12.974    dout_b[2]
    P3                                                                r  dout_b[2] (OUT)
  -------------------------------------------------------------------    -------------------

Slack:                    inf
  Source:                 addr_b[0]
                            (input port)
  Destination:            dout_b[0]
                            (output port)
  Path Group:             (none)
  Path Type:              Max at Slow Process Corner
  Data Path Delay:        12.454ns  (logic 5.223ns (41.938%)  route 7.231ns (58.062%))
  Logic Levels:           4  (IBUF=1 LUT5=1 LUT6=1 OBUF=1)

    Location             Delay type                Incr(ns)  Path(ns)    Netlist Resource(s)
  -------------------------------------------------------------------    -------------------
    W14                                               0.000     0.000 r  addr_b[0] (IN)
                         net (fo=0)                   0.000     0.000    addr_b[0]
    W14                  IBUF (Prop_ibuf_I_O)         1.450     1.450 r  addr_b_IBUF[0]_inst/O
                         net (fo=14, routed)          4.700     6.150    addr_b_IBUF[0]
    SLICE_X64Y41         LUT6 (Prop_lut6_I4_O)        0.124     6.274 r  dout_b_OBUF[0]_inst_i_3/O
                         net (fo=1, routed)           0.817     7.091    dout_b_OBUF[0]_inst_i_3_n_0
    SLICE_X65Y40         LUT5 (Prop_lut5_I2_O)        0.124     7.215 r  dout_b_OBUF[0]_inst_i_1/O
                         net (fo=1, routed)           1.714     8.929    dout_b_OBUF[0]
    W3                   OBUF (Prop_obuf_I_O)         3.525    12.454 r  dout_b_OBUF[0]_inst/O
                         net (fo=0)                   0.000    12.454    dout_b[0]
    W3                                                                r  dout_b[0] (OUT)
  -------------------------------------------------------------------    -------------------

Slack:                    inf
  Source:                 addr_b[0]
                            (input port)
  Destination:            dout_b[1]
                            (output port)
  Path Group:             (none)
  Path Type:              Max at Slow Process Corner
  Data Path Delay:        12.099ns  (logic 5.201ns (42.991%)  route 6.898ns (57.009%))
  Logic Levels:           4  (IBUF=1 LUT5=1 LUT6=1 OBUF=1)

    Location             Delay type                Incr(ns)  Path(ns)    Netlist Resource(s)
  -------------------------------------------------------------------    -------------------
    W14                                               0.000     0.000 r  addr_b[0] (IN)
                         net (fo=0)                   0.000     0.000    addr_b[0]
    W14                  IBUF (Prop_ibuf_I_O)         1.450     1.450 r  addr_b_IBUF[0]_inst/O
                         net (fo=14, routed)          4.412     5.862    addr_b_IBUF[0]
    SLICE_X65Y39         LUT6 (Prop_lut6_I4_O)        0.124     5.986 r  dout_b_OBUF[1]_inst_i_3/O
                         net (fo=1, routed)           0.474     6.460    dout_b_OBUF[1]_inst_i_3_n_0
    SLICE_X65Y39         LUT5 (Prop_lut5_I2_O)        0.124     6.584 r  dout_b_OBUF[1]_inst_i_1/O
                         net (fo=1, routed)           2.012     8.595    dout_b_OBUF[1]
    U3                   OBUF (Prop_obuf_I_O)         3.504    12.099 r  dout_b_OBUF[1]_inst/O
                         net (fo=0)                   0.000    12.099    dout_b[1]
    U3                                                                r  dout_b[1] (OUT)
  -------------------------------------------------------------------    -------------------

Slack:                    inf
  Source:                 addr_a[1]
                            (input port)
  Destination:            dout_a[0]
                            (output port)
  Path Group:             (none)
  Path Type:              Max at Slow Process Corner
  Data Path Delay:        10.811ns  (logic 5.213ns (48.221%)  route 5.598ns (51.779%))
  Logic Levels:           4  (IBUF=1 LUT5=1 LUT6=1 OBUF=1)

    Location             Delay type                Incr(ns)  Path(ns)    Netlist Resource(s)
  -------------------------------------------------------------------    -------------------
    T2                                                0.000     0.000 r  addr_a[1] (IN)
                         net (fo=0)                   0.000     0.000    addr_a[1]
    T2                   IBUF (Prop_ibuf_I_O)         1.458     1.458 r  addr_a_IBUF[1]_inst/O
                         net (fo=14, routed)          2.060     3.518    addr_a_IBUF[1]
    SLICE_X62Y41         LUT6 (Prop_lut6_I2_O)        0.124     3.642 r  dout_a_OBUF[0]_inst_i_2/O
                         net (fo=1, routed)           0.790     4.432    dout_a_OBUF[0]_inst_i_2_n_0
    SLICE_X64Y41         LUT5 (Prop_lut5_I0_O)        0.124     4.556 r  dout_a_OBUF[0]_inst_i_1/O
                         net (fo=1, routed)           2.748     7.304    dout_a_OBUF[0]
    N3                   OBUF (Prop_obuf_I_O)         3.507    10.811 r  dout_a_OBUF[0]_inst/O
                         net (fo=0)                   0.000    10.811    dout_a[0]
    N3                                                                r  dout_a[0] (OUT)
  -------------------------------------------------------------------    -------------------

Slack:                    inf
  Source:                 addr_a[1]
                            (input port)
  Destination:            dout_a[2]
                            (output port)
  Path Group:             (none)
  Path Type:              Max at Slow Process Corner
  Data Path Delay:        10.652ns  (logic 5.227ns (49.076%)  route 5.424ns (50.924%))
  Logic Levels:           4  (IBUF=1 LUT5=1 LUT6=1 OBUF=1)

    Location             Delay type                Incr(ns)  Path(ns)    Netlist Resource(s)
  -------------------------------------------------------------------    -------------------
    T2                                                0.000     0.000 r  addr_a[1] (IN)
                         net (fo=0)                   0.000     0.000    addr_a[1]
    T2                   IBUF (Prop_ibuf_I_O)         1.458     1.458 r  addr_a_IBUF[1]_inst/O
                         net (fo=14, routed)          2.110     3.568    addr_a_IBUF[1]
    SLICE_X63Y40         LUT6 (Prop_lut6_I2_O)        0.124     3.692 r  dout_a_OBUF[2]_inst_i_2/O
                         net (fo=1, routed)           0.287     3.979    dout_a_OBUF[2]_inst_i_2_n_0
    SLICE_X65Y40         LUT5 (Prop_lut5_I0_O)        0.124     4.103 r  dout_a_OBUF[2]_inst_i_1/O
                         net (fo=1, routed)           3.027     7.130    dout_a_OBUF[2]
    L1                   OBUF (Prop_obuf_I_O)         3.521    10.652 r  dout_a_OBUF[2]_inst/O
                         net (fo=0)                   0.000    10.652    dout_a[2]
    L1                                                                r  dout_a[2] (OUT)
  -------------------------------------------------------------------    -------------------

Slack:                    inf
  Source:                 addr_a[1]
                            (input port)
  Destination:            dout_a[1]
                            (output port)
  Path Group:             (none)
  Path Type:              Max at Slow Process Corner
  Data Path Delay:        10.440ns  (logic 5.221ns (50.011%)  route 5.219ns (49.989%))
  Logic Levels:           4  (IBUF=1 LUT5=1 LUT6=1 OBUF=1)

    Location             Delay type                Incr(ns)  Path(ns)    Netlist Resource(s)
  -------------------------------------------------------------------    -------------------
    T2                                                0.000     0.000 r  addr_a[1] (IN)
                         net (fo=0)                   0.000     0.000    addr_a[1]
    T2                   IBUF (Prop_ibuf_I_O)         1.458     1.458 r  addr_a_IBUF[1]_inst/O
                         net (fo=14, routed)          2.236     3.694    addr_a_IBUF[1]
    SLICE_X65Y39         LUT6 (Prop_lut6_I2_O)        0.124     3.818 r  dout_a_OBUF[1]_inst_i_3/O
                         net (fo=1, routed)           0.665     4.483    dout_a_OBUF[1]_inst_i_3_n_0
    SLICE_X65Y39         LUT5 (Prop_lut5_I2_O)        0.124     4.607 r  dout_a_OBUF[1]_inst_i_1/O
                         net (fo=1, routed)           2.318     6.925    dout_a_OBUF[1]
    P1                   OBUF (Prop_obuf_I_O)         3.515    10.440 r  dout_a_OBUF[1]_inst/O
                         net (fo=0)                   0.000    10.440    dout_a[1]
    P1                                                                r  dout_a[1] (OUT)
  -------------------------------------------------------------------    -------------------

Slack:                    inf
  Source:                 addr_b[1]
                            (input port)
  Destination:            mem_reg[0][0]/D
  Path Group:             (none)
  Path Type:              Max at Slow Process Corner
  Data Path Delay:        8.134ns  (logic 2.000ns (24.588%)  route 6.134ns (75.412%))
  Logic Levels:           3  (IBUF=1 LUT3=1 LUT5=1)

    Location             Delay type                Incr(ns)  Path(ns)    Netlist Resource(s)
  -------------------------------------------------------------------    -------------------
    W13                                               0.000     0.000 f  addr_b[1] (IN)
                         net (fo=0)                   0.000     0.000    addr_b[1]
    W13                  IBUF (Prop_ibuf_I_O)         1.459     1.459 f  addr_b_IBUF[1]_inst/O
                         net (fo=14, routed)          4.863     6.322    addr_b_IBUF[1]
    SLICE_X60Y40         LUT5 (Prop_lut5_I0_O)        0.157     6.479 r  mem_reg[0][2]_i_3/O
                         net (fo=4, routed)           0.888     7.367    mem_reg[0][2]_i_3_n_0
    SLICE_X60Y40         LUT3 (Prop_lut3_I1_O)        0.384     7.751 r  mem_reg[0][0]_i_1/O
                         net (fo=1, routed)           0.382     8.134    mem_reg[0][0]_i_1_n_0
    SLICE_X60Y40         LDCE                                         r  mem_reg[0][0]/D
  -------------------------------------------------------------------    -------------------

Slack:                    inf
  Source:                 addr_b[1]
                            (input port)
  Destination:            mem_reg[1][1]/D
  Path Group:             (none)
  Path Type:              Max at Slow Process Corner
  Data Path Delay:        7.932ns  (logic 1.733ns (21.847%)  route 6.199ns (78.153%))
  Logic Levels:           3  (IBUF=1 LUT3=1 LUT5=1)

    Location             Delay type                Incr(ns)  Path(ns)    Netlist Resource(s)
  -------------------------------------------------------------------    -------------------
    W13                                               0.000     0.000 f  addr_b[1] (IN)
                         net (fo=0)                   0.000     0.000    addr_b[1]
    W13                  IBUF (Prop_ibuf_I_O)         1.459     1.459 f  addr_b_IBUF[1]_inst/O
                         net (fo=14, routed)          4.863     6.322    addr_b_IBUF[1]
    SLICE_X60Y40         LUT5 (Prop_lut5_I0_O)        0.124     6.446 r  mem_reg[1][2]_i_3/O
                         net (fo=4, routed)           0.714     7.160    mem_reg[1][2]_i_3_n_0
    SLICE_X60Y40         LUT3 (Prop_lut3_I1_O)        0.150     7.310 r  mem_reg[1][1]_i_1/O
                         net (fo=1, routed)           0.621     7.932    mem_reg[1][1]_i_1_n_0
    SLICE_X62Y39         LDCE                                         r  mem_reg[1][1]/D
  -------------------------------------------------------------------    -------------------

Slack:                    inf
  Source:                 addr_b[1]
                            (input port)
  Destination:            mem_reg[0][1]/D
  Path Group:             (none)
  Path Type:              Max at Slow Process Corner
  Data Path Delay:        7.932ns  (logic 1.971ns (24.848%)  route 5.961ns (75.152%))
  Logic Levels:           3  (IBUF=1 LUT3=1 LUT5=1)

    Location             Delay type                Incr(ns)  Path(ns)    Netlist Resource(s)
  -------------------------------------------------------------------    -------------------
    W13                                               0.000     0.000 f  addr_b[1] (IN)
                         net (fo=0)                   0.000     0.000    addr_b[1]
    W13                  IBUF (Prop_ibuf_I_O)         1.459     1.459 f  addr_b_IBUF[1]_inst/O
                         net (fo=14, routed)          4.863     6.322    addr_b_IBUF[1]
    SLICE_X60Y40         LUT5 (Prop_lut5_I0_O)        0.157     6.479 r  mem_reg[0][2]_i_3/O
                         net (fo=4, routed)           0.484     6.963    mem_reg[0][2]_i_3_n_0
    SLICE_X60Y40         LUT3 (Prop_lut3_I1_O)        0.355     7.318 r  mem_reg[0][1]_i_1/O
                         net (fo=1, routed)           0.613     7.932    mem_reg[0][1]_i_1_n_0
    SLICE_X60Y40         LDCE                                         r  mem_reg[0][1]/D
  -------------------------------------------------------------------    -------------------

Slack:                    inf
  Source:                 addr_b[1]
                            (input port)
  Destination:            mem_reg[0][2]/D
  Path Group:             (none)
  Path Type:              Max at Slow Process Corner
  Data Path Delay:        7.920ns  (logic 1.971ns (24.884%)  route 5.949ns (75.116%))
  Logic Levels:           3  (IBUF=1 LUT3=1 LUT5=1)

    Location             Delay type                Incr(ns)  Path(ns)    Netlist Resource(s)
  -------------------------------------------------------------------    -------------------
    W13                                               0.000     0.000 f  addr_b[1] (IN)
                         net (fo=0)                   0.000     0.000    addr_b[1]
    W13                  IBUF (Prop_ibuf_I_O)         1.459     1.459 f  addr_b_IBUF[1]_inst/O
                         net (fo=14, routed)          4.863     6.322    addr_b_IBUF[1]
    SLICE_X60Y40         LUT5 (Prop_lut5_I0_O)        0.157     6.479 r  mem_reg[0][2]_i_3/O
                         net (fo=4, routed)           0.481     6.960    mem_reg[0][2]_i_3_n_0
    SLICE_X60Y40         LUT3 (Prop_lut3_I1_O)        0.355     7.315 r  mem_reg[0][2]_i_1/O
                         net (fo=1, routed)           0.605     7.920    mem_reg[0][2]_i_1_n_0
    SLICE_X60Y40         LDCE                                         r  mem_reg[0][2]/D
  -------------------------------------------------------------------    -------------------





Min Delay Paths
--------------------------------------------------------------------------------------
Slack:                    inf
  Source:                 cs_b
                            (input port)
  Destination:            mem_reg[6][2]/D
  Path Group:             (none)
  Path Type:              Min at Fast Process Corner
  Data Path Delay:        1.135ns  (logic 0.313ns (27.595%)  route 0.822ns (72.405%))
  Logic Levels:           3  (IBUF=1 LUT3=1 LUT5=1)

    Location             Delay type                Incr(ns)  Path(ns)    Netlist Resource(s)
  -------------------------------------------------------------------    -------------------
    T1                                                0.000     0.000 r  cs_b (IN)
                         net (fo=0)                   0.000     0.000    cs_b
    T1                   IBUF (Prop_ibuf_I_O)         0.223     0.223 r  cs_b_IBUF_inst/O
                         net (fo=11, routed)          0.533     0.757    cs_b_IBUF
    SLICE_X63Y40         LUT5 (Prop_lut5_I4_O)        0.045     0.802 r  mem_reg[6][2]_i_3/O
                         net (fo=4, routed)           0.179     0.980    mem_reg[6][2]_i_3_n_0
    SLICE_X62Y40         LUT3 (Prop_lut3_I1_O)        0.045     1.025 r  mem_reg[6][2]_i_1/O
                         net (fo=1, routed)           0.110     1.135    mem_reg[6][2]_i_1_n_0
    SLICE_X63Y41         LDCE                                         r  mem_reg[6][2]/D
  -------------------------------------------------------------------    -------------------

Slack:                    inf
  Source:                 cs_b
                            (input port)
  Destination:            mem_reg[2][0]/D
  Path Group:             (none)
  Path Type:              Min at Fast Process Corner
  Data Path Delay:        1.142ns  (logic 0.313ns (27.438%)  route 0.829ns (72.562%))
  Logic Levels:           3  (IBUF=1 LUT3=1 LUT5=1)

    Location             Delay type                Incr(ns)  Path(ns)    Netlist Resource(s)
  -------------------------------------------------------------------    -------------------
    T1                                                0.000     0.000 r  cs_b (IN)
                         net (fo=0)                   0.000     0.000    cs_b
    T1                   IBUF (Prop_ibuf_I_O)         0.223     0.223 r  cs_b_IBUF_inst/O
                         net (fo=11, routed)          0.527     0.751    cs_b_IBUF
    SLICE_X61Y40         LUT5 (Prop_lut5_I3_O)        0.045     0.796 r  mem_reg[2][2]_i_3/O
                         net (fo=4, routed)           0.301     1.097    mem_reg[2][2]_i_3_n_0
    SLICE_X62Y40         LUT3 (Prop_lut3_I1_O)        0.045     1.142 r  mem_reg[2][0]_i_1/O
                         net (fo=1, routed)           0.000     1.142    mem_reg[2][0]_i_1_n_0
    SLICE_X62Y40         LDCE                                         r  mem_reg[2][0]/D
  -------------------------------------------------------------------    -------------------

Slack:                    inf
  Source:                 we_b
                            (input port)
  Destination:            mem_reg[4][2]/D
  Path Group:             (none)
  Path Type:              Min at Fast Process Corner
  Data Path Delay:        1.148ns  (logic 0.327ns (28.454%)  route 0.821ns (71.546%))
  Logic Levels:           3  (IBUF=1 LUT3=1 LUT5=1)

    Location             Delay type                Incr(ns)  Path(ns)    Netlist Resource(s)
  -------------------------------------------------------------------    -------------------
    W2                                                0.000     0.000 r  we_b (IN)
                         net (fo=0)                   0.000     0.000    we_b
    W2                   IBUF (Prop_ibuf_I_O)         0.237     0.237 r  we_b_IBUF_inst/O
                         net (fo=11, routed)          0.480     0.716    we_b_IBUF
    SLICE_X62Y39         LUT5 (Prop_lut5_I3_O)        0.045     0.761 r  mem_reg[4][2]_i_3/O
                         net (fo=4, routed)           0.179     0.940    mem_reg[4][2]_i_3_n_0
    SLICE_X62Y39         LUT3 (Prop_lut3_I1_O)        0.045     0.985 r  mem_reg[4][2]_i_1/O
                         net (fo=1, routed)           0.163     1.148    mem_reg[4][2]_i_1_n_0
    SLICE_X63Y40         LDCE                                         r  mem_reg[4][2]/D
  -------------------------------------------------------------------    -------------------

Slack:                    inf
  Source:                 we_b
                            (input port)
  Destination:            mem_reg[1][0]/D
  Path Group:             (none)
  Path Type:              Min at Fast Process Corner
  Data Path Delay:        1.154ns  (logic 0.327ns (28.295%)  route 0.828ns (71.705%))
  Logic Levels:           3  (IBUF=1 LUT3=1 LUT5=1)

    Location             Delay type                Incr(ns)  Path(ns)    Netlist Resource(s)
  -------------------------------------------------------------------    -------------------
    W2                                                0.000     0.000 r  we_b (IN)
                         net (fo=0)                   0.000     0.000    we_b
    W2                   IBUF (Prop_ibuf_I_O)         0.237     0.237 r  we_b_IBUF_inst/O
                         net (fo=11, routed)          0.525     0.761    we_b_IBUF
    SLICE_X60Y40         LUT5 (Prop_lut5_I2_O)        0.045     0.806 r  mem_reg[1][2]_i_3/O
                         net (fo=4, routed)           0.123     0.929    mem_reg[1][2]_i_3_n_0
    SLICE_X60Y40         LUT3 (Prop_lut3_I1_O)        0.045     0.974 r  mem_reg[1][0]_i_1/O
                         net (fo=1, routed)           0.180     1.154    mem_reg[1][0]_i_1_n_0
    SLICE_X62Y39         LDCE                                         r  mem_reg[1][0]/D
  -------------------------------------------------------------------    -------------------

Slack:                    inf
  Source:                 we_b
                            (input port)
  Destination:            mem_reg[4][1]/D
  Path Group:             (none)
  Path Type:              Min at Fast Process Corner
  Data Path Delay:        1.170ns  (logic 0.327ns (27.926%)  route 0.843ns (72.074%))
  Logic Levels:           3  (IBUF=1 LUT3=1 LUT5=1)

    Location             Delay type                Incr(ns)  Path(ns)    Netlist Resource(s)
  -------------------------------------------------------------------    -------------------
    W2                                                0.000     0.000 r  we_b (IN)
                         net (fo=0)                   0.000     0.000    we_b
    W2                   IBUF (Prop_ibuf_I_O)         0.237     0.237 r  we_b_IBUF_inst/O
                         net (fo=11, routed)          0.480     0.716    we_b_IBUF
    SLICE_X62Y39         LUT5 (Prop_lut5_I3_O)        0.045     0.761 r  mem_reg[4][2]_i_3/O
                         net (fo=4, routed)           0.251     1.013    mem_reg[4][2]_i_3_n_0
    SLICE_X63Y39         LUT3 (Prop_lut3_I1_O)        0.045     1.058 r  mem_reg[4][1]_i_1/O
                         net (fo=1, routed)           0.112     1.170    mem_reg[4][1]_i_1_n_0
    SLICE_X63Y40         LDCE                                         r  mem_reg[4][1]/D
  -------------------------------------------------------------------    -------------------

Slack:                    inf
  Source:                 cs_b
                            (input port)
  Destination:            mem_reg[2][1]/D
  Path Group:             (none)
  Path Type:              Min at Fast Process Corner
  Data Path Delay:        1.203ns  (logic 0.313ns (26.042%)  route 0.890ns (73.958%))
  Logic Levels:           3  (IBUF=1 LUT3=1 LUT5=1)

    Location             Delay type                Incr(ns)  Path(ns)    Netlist Resource(s)
  -------------------------------------------------------------------    -------------------
    T1                                                0.000     0.000 r  cs_b (IN)
                         net (fo=0)                   0.000     0.000    cs_b
    T1                   IBUF (Prop_ibuf_I_O)         0.223     0.223 r  cs_b_IBUF_inst/O
                         net (fo=11, routed)          0.527     0.751    cs_b_IBUF
    SLICE_X61Y40         LUT5 (Prop_lut5_I3_O)        0.045     0.796 r  mem_reg[2][2]_i_3/O
                         net (fo=4, routed)           0.362     1.158    mem_reg[2][2]_i_3_n_0
    SLICE_X62Y40         LUT3 (Prop_lut3_I1_O)        0.045     1.203 r  mem_reg[2][1]_i_1/O
                         net (fo=1, routed)           0.000     1.203    mem_reg[2][1]_i_1_n_0
    SLICE_X62Y40         LDCE                                         r  mem_reg[2][1]/D
  -------------------------------------------------------------------    -------------------

Slack:                    inf
  Source:                 we_b
                            (input port)
  Destination:            mem_reg[4][0]/D
  Path Group:             (none)
  Path Type:              Min at Fast Process Corner
  Data Path Delay:        1.259ns  (logic 0.327ns (25.950%)  route 0.932ns (74.050%))
  Logic Levels:           3  (IBUF=1 LUT3=1 LUT5=1)

    Location             Delay type                Incr(ns)  Path(ns)    Netlist Resource(s)
  -------------------------------------------------------------------    -------------------
    W2                                                0.000     0.000 r  we_b (IN)
                         net (fo=0)                   0.000     0.000    we_b
    W2                   IBUF (Prop_ibuf_I_O)         0.237     0.237 r  we_b_IBUF_inst/O
                         net (fo=11, routed)          0.480     0.716    we_b_IBUF
    SLICE_X62Y39         LUT5 (Prop_lut5_I3_O)        0.045     0.761 r  mem_reg[4][2]_i_3/O
                         net (fo=4, routed)           0.251     1.013    mem_reg[4][2]_i_3_n_0
    SLICE_X63Y39         LUT3 (Prop_lut3_I1_O)        0.045     1.058 r  mem_reg[4][0]_i_1/O
                         net (fo=1, routed)           0.201     1.259    mem_reg[4][0]_i_1_n_0
    SLICE_X63Y40         LDCE                                         r  mem_reg[4][0]/D
  -------------------------------------------------------------------    -------------------

Slack:                    inf
  Source:                 cs_b
                            (input port)
  Destination:            mem_reg[7][1]/D
  Path Group:             (none)
  Path Type:              Min at Fast Process Corner
  Data Path Delay:        1.269ns  (logic 0.388ns (30.597%)  route 0.881ns (69.403%))
  Logic Levels:           3  (IBUF=1 LUT3=1 LUT5=1)

    Location             Delay type                Incr(ns)  Path(ns)    Netlist Resource(s)
  -------------------------------------------------------------------    -------------------
    T1                                                0.000     0.000 r  cs_b (IN)
                         net (fo=0)                   0.000     0.000    cs_b
    T1                   IBUF (Prop_ibuf_I_O)         0.223     0.223 r  cs_b_IBUF_inst/O
                         net (fo=11, routed)          0.533     0.757    cs_b_IBUF
    SLICE_X63Y40         LUT5 (Prop_lut5_I4_O)        0.051     0.808 r  mem_reg[7][2]_i_3/O
                         net (fo=4, routed)           0.116     0.923    mem_reg[7][2]_i_3_n_0
    SLICE_X63Y40         LUT3 (Prop_lut3_I1_O)        0.114     1.037 r  mem_reg[7][1]_i_1/O
                         net (fo=1, routed)           0.232     1.269    mem_reg[7][1]_i_1_n_0
    SLICE_X63Y39         LDCE                                         r  mem_reg[7][1]/D
  -------------------------------------------------------------------    -------------------

Slack:                    inf
  Source:                 cs_b
                            (input port)
  Destination:            mem_reg[2][2]/D
  Path Group:             (none)
  Path Type:              Min at Fast Process Corner
  Data Path Delay:        1.271ns  (logic 0.313ns (24.655%)  route 0.957ns (75.345%))
  Logic Levels:           3  (IBUF=1 LUT3=1 LUT5=1)

    Location             Delay type                Incr(ns)  Path(ns)    Netlist Resource(s)
  -------------------------------------------------------------------    -------------------
    T1                                                0.000     0.000 r  cs_b (IN)
                         net (fo=0)                   0.000     0.000    cs_b
    T1                   IBUF (Prop_ibuf_I_O)         0.223     0.223 r  cs_b_IBUF_inst/O
                         net (fo=11, routed)          0.527     0.751    cs_b_IBUF
    SLICE_X61Y40         LUT5 (Prop_lut5_I3_O)        0.045     0.796 r  mem_reg[2][2]_i_3/O
                         net (fo=4, routed)           0.430     1.226    mem_reg[2][2]_i_3_n_0
    SLICE_X62Y40         LUT3 (Prop_lut3_I1_O)        0.045     1.271 r  mem_reg[2][2]_i_1/O
                         net (fo=1, routed)           0.000     1.271    mem_reg[2][2]_i_1_n_0
    SLICE_X62Y40         LDCE                                         r  mem_reg[2][2]/D
  -------------------------------------------------------------------    -------------------

Slack:                    inf
  Source:                 cs_b
                            (input port)
  Destination:            mem_reg[6][0]/D
  Path Group:             (none)
  Path Type:              Min at Fast Process Corner
  Data Path Delay:        1.272ns  (logic 0.313ns (24.626%)  route 0.959ns (75.374%))
  Logic Levels:           3  (IBUF=1 LUT3=1 LUT5=1)

    Location             Delay type                Incr(ns)  Path(ns)    Netlist Resource(s)
  -------------------------------------------------------------------    -------------------
    T1                                                0.000     0.000 r  cs_b (IN)
                         net (fo=0)                   0.000     0.000    cs_b
    T1                   IBUF (Prop_ibuf_I_O)         0.223     0.223 r  cs_b_IBUF_inst/O
                         net (fo=11, routed)          0.533     0.757    cs_b_IBUF
    SLICE_X63Y40         LUT5 (Prop_lut5_I4_O)        0.045     0.802 r  mem_reg[6][2]_i_3/O
                         net (fo=4, routed)           0.314     1.116    mem_reg[6][2]_i_3_n_0
    SLICE_X63Y40         LUT3 (Prop_lut3_I1_O)        0.045     1.161 r  mem_reg[6][0]_i_1/O
                         net (fo=1, routed)           0.111     1.272    mem_reg[6][0]_i_1_n_0
    SLICE_X63Y41         LDCE                                         r  mem_reg[6][0]/D
  -------------------------------------------------------------------    -------------------





