Copyright 1986-2022 Xilinx, Inc. All Rights Reserved. Copyright 2022-2025 Advanced Micro Devices, Inc. All Rights Reserved.
------------------------------------------------------------------------------------------------------------------------------------------------------------------------------------------------------------------
| Tool Version : Vivado v.2025.1 (win64) Build 6140274 Thu May 22 00:12:29 MDT 2025
| Date         : Tue Jun  9 11:15:14 2026
| Host         : LAPTOP-9AHF2G73 running 64-bit major release  (build 9200)
| Command      : report_timing_summary -max_paths 10 -routable_nets -report_unconstrained -file FA_timing_summary_routed.rpt -pb FA_timing_summary_routed.pb -rpx FA_timing_summary_routed.rpx -warn_on_violation
| Design       : FA
| Device       : 7s50-csga324
| Speed File   : -1  PRODUCTION 1.23 2018-06-13
| Design State : Routed
------------------------------------------------------------------------------------------------------------------------------------------------------------------------------------------------------------------

Timing Summary Report

------------------------------------------------------------------------------------------------
| Timer Settings
| --------------
------------------------------------------------------------------------------------------------

  Enable Multi Corner Analysis               :  Yes
  Enable Pessimism Removal                   :  Yes
  Pessimism Removal Resolution               :  Nearest Common Node
  Enable Input Delay Default Clock           :  No
  Enable Preset / Clear Arcs                 :  No
  Disable Flight Delays                      :  No
  Ignore I/O Paths                           :  No
  Timing Early Launch at Borrowing Latches   :  No
  Borrow Time for Max Delay Exceptions       :  Yes
  Merge Timing Exceptions                    :  Yes
  Inter-SLR Compensation                     :  Conservative

  Corner  Analyze    Analyze    
  Name    Max Paths  Min Paths  
  ------  ---------  ---------  
  Slow    Yes        Yes        
  Fast    Yes        Yes        


------------------------------------------------------------------------------------------------
| Report Methodology
| ------------------
------------------------------------------------------------------------------------------------

No report available as report_methodology has not been run prior. Run report_methodology on the current design for the summary of methodology violations.



check_timing report

Table of Contents
-----------------
1. checking no_clock (0)
2. checking constant_clock (0)
3. checking pulse_width_clock (0)
4. checking unconstrained_internal_endpoints (0)
5. checking no_input_delay (0)
6. checking no_output_delay (0)
7. checking multiple_clock (0)
8. checking generated_clocks (0)
9. checking loops (0)
10. checking partial_input_delay (0)
11. checking partial_output_delay (0)
12. checking latch_loops (0)

1. checking no_clock (0)
------------------------
 There are 0 register/latch pins with no clock.


2. checking constant_clock (0)
------------------------------
 There are 0 register/latch pins with constant_clock.


3. checking pulse_width_clock (0)
---------------------------------
 There are 0 register/latch pins which need pulse_width check


4. checking unconstrained_internal_endpoints (0)
------------------------------------------------
 There are 0 pins that are not constrained for maximum delay.

 There are 0 pins that are not constrained for maximum delay due to constant clock.


5. checking no_input_delay (0)
------------------------------
 There are 0 input ports with no input delay specified.

 There are 0 input ports with no input delay but user has a false path constraint.


6. checking no_output_delay (0)
-------------------------------
 There are 0 ports with no output delay specified.

 There are 0 ports with no output delay but user has a false path constraint

 There are 0 ports with no output delay but with a timing clock defined on it or propagating through it


7. checking multiple_clock (0)
------------------------------
 There are 0 register/latch pins with multiple clocks.


8. checking generated_clocks (0)
--------------------------------
 There are 0 generated clocks that are not connected to a clock source.


9. checking loops (0)
---------------------
 There are 0 combinational loops in the design.


10. checking partial_input_delay (0)
------------------------------------
 There are 0 input ports with partial input delay specified.


11. checking partial_output_delay (0)
-------------------------------------
 There are 0 ports with partial output delay specified.


12. checking latch_loops (0)
----------------------------
 There are 0 combinational latch loops in the design through latch input



------------------------------------------------------------------------------------------------
| Design Timing Summary
| ---------------------
------------------------------------------------------------------------------------------------

    WNS(ns)      TNS(ns)  TNS Failing Endpoints  TNS Total Endpoints      WHS(ns)      THS(ns)  THS Failing Endpoints  THS Total Endpoints     WPWS(ns)     TPWS(ns)  TPWS Failing Endpoints  TPWS Total Endpoints  
    -------      -------  ---------------------  -------------------      -------      -------  ---------------------  -------------------     --------     --------  ----------------------  --------------------  
        inf        0.000                      0                    2          inf        0.000                      0                    2           NA           NA                      NA                    NA  


There are no user specified timing constraints.


------------------------------------------------------------------------------------------------
| Clock Summary
| -------------
------------------------------------------------------------------------------------------------


------------------------------------------------------------------------------------------------
| Intra Clock Table
| -----------------
------------------------------------------------------------------------------------------------

Clock             WNS(ns)      TNS(ns)  TNS Failing Endpoints  TNS Total Endpoints      WHS(ns)      THS(ns)  THS Failing Endpoints  THS Total Endpoints     WPWS(ns)     TPWS(ns)  TPWS Failing Endpoints  TPWS Total Endpoints  
-----             -------      -------  ---------------------  -------------------      -------      -------  ---------------------  -------------------     --------     --------  ----------------------  --------------------  


------------------------------------------------------------------------------------------------
| Inter Clock Table
| -----------------
------------------------------------------------------------------------------------------------

From Clock    To Clock          WNS(ns)      TNS(ns)  TNS Failing Endpoints  TNS Total Endpoints      WHS(ns)      THS(ns)  THS Failing Endpoints  THS Total Endpoints  
----------    --------          -------      -------  ---------------------  -------------------      -------      -------  ---------------------  -------------------  


------------------------------------------------------------------------------------------------
| Other Path Groups Table
| -----------------------
------------------------------------------------------------------------------------------------

Path Group    From Clock    To Clock          WNS(ns)      TNS(ns)  TNS Failing Endpoints  TNS Total Endpoints      WHS(ns)      THS(ns)  THS Failing Endpoints  THS Total Endpoints  
----------    ----------    --------          -------      -------  ---------------------  -------------------      -------      -------  ---------------------  -------------------  


------------------------------------------------------------------------------------------------
| User Ignored Path Table
| -----------------------
------------------------------------------------------------------------------------------------

Path Group    From Clock    To Clock    
----------    ----------    --------    


------------------------------------------------------------------------------------------------
| Unconstrained Path Table
| ------------------------
------------------------------------------------------------------------------------------------

Path Group    From Clock    To Clock    
----------    ----------    --------    
(none)                                    


------------------------------------------------------------------------------------------------
| Timing Details
| --------------
------------------------------------------------------------------------------------------------


--------------------------------------------------------------------------------------
Path Group:  (none)
From Clock:  
  To Clock:  

Max Delay             2 Endpoints
Min Delay             2 Endpoints
--------------------------------------------------------------------------------------


Max Delay Paths
--------------------------------------------------------------------------------------
Slack:                    inf
  Source:                 c_in
                            (input port)
  Destination:            c_out
                            (output port)
  Path Group:             (none)
  Path Type:              Max at Slow Process Corner
  Data Path Delay:        9.457ns  (logic 5.343ns (56.503%)  route 4.113ns (43.497%))
  Logic Levels:           3  (IBUF=1 LUT3=1 OBUF=1)

    Location             Delay type                Incr(ns)  Path(ns)    Netlist Resource(s)
  -------------------------------------------------------------------    -------------------
    L1                                                0.000     0.000 r  c_in (IN)
                         net (fo=0)                   0.000     0.000    c_in
    L1                   IBUF (Prop_ibuf_I_O)         1.449     1.449 r  c_in_IBUF_inst/O
                         net (fo=2, routed)           1.213     2.662    c_in_IBUF
    SLICE_X65Y45         LUT3 (Prop_lut3_I2_O)        0.150     2.812 r  c_out_OBUF_inst_i_1/O
                         net (fo=1, routed)           2.900     5.712    c_out_OBUF
    A4                   OBUF (Prop_obuf_I_O)         3.744     9.457 r  c_out_OBUF_inst/O
                         net (fo=0)                   0.000     9.457    c_out
    A4                                                                r  c_out (OUT)
  -------------------------------------------------------------------    -------------------

Slack:                    inf
  Source:                 c_in
                            (input port)
  Destination:            s
                            (output port)
  Path Group:             (none)
  Path Type:              Max at Slow Process Corner
  Data Path Delay:        9.379ns  (logic 5.100ns (54.376%)  route 4.279ns (45.624%))
  Logic Levels:           3  (IBUF=1 LUT3=1 OBUF=1)

    Location             Delay type                Incr(ns)  Path(ns)    Netlist Resource(s)
  -------------------------------------------------------------------    -------------------
    L1                                                0.000     0.000 r  c_in (IN)
                         net (fo=0)                   0.000     0.000    c_in
    L1                   IBUF (Prop_ibuf_I_O)         1.449     1.449 r  c_in_IBUF_inst/O
                         net (fo=2, routed)           1.213     2.662    c_in_IBUF
    SLICE_X65Y45         LUT3 (Prop_lut3_I0_O)        0.124     2.786 r  s_OBUF_inst_i_1/O
                         net (fo=1, routed)           3.066     5.852    s_OBUF
    B4                   OBUF (Prop_obuf_I_O)         3.527     9.379 r  s_OBUF_inst/O
                         net (fo=0)                   0.000     9.379    s
    B4                                                                r  s (OUT)
  -------------------------------------------------------------------    -------------------





Min Delay Paths
--------------------------------------------------------------------------------------
Slack:                    inf
  Source:                 b
                            (input port)
  Destination:            s
                            (output port)
  Path Group:             (none)
  Path Type:              Min at Fast Process Corner
  Data Path Delay:        2.762ns  (logic 1.498ns (54.260%)  route 1.263ns (45.740%))
  Logic Levels:           3  (IBUF=1 LUT3=1 OBUF=1)

    Location             Delay type                Incr(ns)  Path(ns)    Netlist Resource(s)
  -------------------------------------------------------------------    -------------------
    K2                                                0.000     0.000 r  b (IN)
                         net (fo=0)                   0.000     0.000    b
    K2                   IBUF (Prop_ibuf_I_O)         0.225     0.225 r  b_IBUF_inst/O
                         net (fo=2, routed)           0.322     0.547    b_IBUF
    SLICE_X65Y45         LUT3 (Prop_lut3_I2_O)        0.045     0.592 r  s_OBUF_inst_i_1/O
                         net (fo=1, routed)           0.941     1.533    s_OBUF
    B4                   OBUF (Prop_obuf_I_O)         1.228     2.762 r  s_OBUF_inst/O
                         net (fo=0)                   0.000     2.762    s
    B4                                                                r  s (OUT)
  -------------------------------------------------------------------    -------------------

Slack:                    inf
  Source:                 b
                            (input port)
  Destination:            c_out
                            (output port)
  Path Group:             (none)
  Path Type:              Min at Fast Process Corner
  Data Path Delay:        2.776ns  (logic 1.578ns (56.865%)  route 1.197ns (43.135%))
  Logic Levels:           3  (IBUF=1 LUT3=1 OBUF=1)

    Location             Delay type                Incr(ns)  Path(ns)    Netlist Resource(s)
  -------------------------------------------------------------------    -------------------
    K2                                                0.000     0.000 r  b (IN)
                         net (fo=0)                   0.000     0.000    b
    K2                   IBUF (Prop_ibuf_I_O)         0.225     0.225 r  b_IBUF_inst/O
                         net (fo=2, routed)           0.322     0.547    b_IBUF
    SLICE_X65Y45         LUT3 (Prop_lut3_I0_O)        0.048     0.595 r  c_out_OBUF_inst_i_1/O
                         net (fo=1, routed)           0.875     1.471    c_out_OBUF
    A4                   OBUF (Prop_obuf_I_O)         1.305     2.776 r  c_out_OBUF_inst/O
                         net (fo=0)                   0.000     2.776    c_out
    A4                                                                r  c_out (OUT)
  -------------------------------------------------------------------    -------------------





