Copyright 1986-2022 Xilinx, Inc. All Rights Reserved. Copyright 2022-2025 Advanced Micro Devices, Inc. All Rights Reserved.
------------------------------------------------------------------------------------------------------------------------------------------------------------------------------------------------------------------------
| Tool Version : Vivado v.2025.1 (win64) Build 6140274 Thu May 22 00:12:29 MDT 2025
| Date         : Wed Jun 24 13:01:57 2026
| Host         : LAPTOP-9AHF2G73 running 64-bit major release  (build 9200)
| Command      : report_timing_summary -max_paths 10 -routable_nets -report_unconstrained -file D_FF_timing_summary_routed.rpt -pb D_FF_timing_summary_routed.pb -rpx D_FF_timing_summary_routed.rpx -warn_on_violation
| Design       : D_FF
| Device       : 7a35ti-cpg236
| Speed File   : -1L  PRODUCTION 1.23 2018-06-13
| Design State : Routed
------------------------------------------------------------------------------------------------------------------------------------------------------------------------------------------------------------------------

Timing Summary Report

------------------------------------------------------------------------------------------------
| Timer Settings
| --------------
------------------------------------------------------------------------------------------------

  Enable Multi Corner Analysis               :  Yes
  Enable Pessimism Removal                   :  Yes
  Pessimism Removal Resolution               :  Nearest Common Node
  Enable Input Delay Default Clock           :  No
  Enable Preset / Clear Arcs                 :  No
  Disable Flight Delays                      :  No
  Ignore I/O Paths                           :  No
  Timing Early Launch at Borrowing Latches   :  No
  Borrow Time for Max Delay Exceptions       :  Yes
  Merge Timing Exceptions                    :  Yes
  Inter-SLR Compensation                     :  Conservative

  Corner  Analyze    Analyze    
  Name    Max Paths  Min Paths  
  ------  ---------  ---------  
  Slow    Yes        Yes        
  Fast    Yes        Yes        


------------------------------------------------------------------------------------------------
| Report Methodology
| ------------------
------------------------------------------------------------------------------------------------

Rule       Severity          Description                  Violations  
---------  ----------------  ---------------------------  ----------  
TIMING-17  Critical Warning  Non-clocked sequential cell  2           

Note: This report is based on the most recent report_methodology run and may not be up-to-date. Run report_methodology on the current design for the latest report.



check_timing report

Table of Contents
-----------------
1. checking no_clock (2)
2. checking constant_clock (0)
3. checking pulse_width_clock (0)
4. checking unconstrained_internal_endpoints (2)
5. checking no_input_delay (3)
6. checking no_output_delay (2)
7. checking multiple_clock (0)
8. checking generated_clocks (0)
9. checking loops (0)
10. checking partial_input_delay (0)
11. checking partial_output_delay (0)
12. checking latch_loops (0)

1. checking no_clock (2)
------------------------
 There are 2 register/latch pins with no clock driven by root clock pin: clk (HIGH)


2. checking constant_clock (0)
------------------------------
 There are 0 register/latch pins with constant_clock.


3. checking pulse_width_clock (0)
---------------------------------
 There are 0 register/latch pins which need pulse_width check


4. checking unconstrained_internal_endpoints (2)
------------------------------------------------
 There are 2 pins that are not constrained for maximum delay. (HIGH)

 There are 0 pins that are not constrained for maximum delay due to constant clock.


5. checking no_input_delay (3)
------------------------------
 There are 3 input ports with no input delay specified. (HIGH)

 There are 0 input ports with no input delay but user has a false path constraint.


6. checking no_output_delay (2)
-------------------------------
 There are 2 ports with no output delay specified. (HIGH)

 There are 0 ports with no output delay but user has a false path constraint

 There are 0 ports with no output delay but with a timing clock defined on it or propagating through it


7. checking multiple_clock (0)
------------------------------
 There are 0 register/latch pins with multiple clocks.


8. checking generated_clocks (0)
--------------------------------
 There are 0 generated clocks that are not connected to a clock source.


9. checking loops (0)
---------------------
 There are 0 combinational loops in the design.


10. checking partial_input_delay (0)
------------------------------------
 There are 0 input ports with partial input delay specified.


11. checking partial_output_delay (0)
-------------------------------------
 There are 0 ports with partial output delay specified.


12. checking latch_loops (0)
----------------------------
 There are 0 combinational latch loops in the design through latch input



------------------------------------------------------------------------------------------------
| Design Timing Summary
| ---------------------
------------------------------------------------------------------------------------------------

    WNS(ns)      TNS(ns)  TNS Failing Endpoints  TNS Total Endpoints      WHS(ns)      THS(ns)  THS Failing Endpoints  THS Total Endpoints     WPWS(ns)     TPWS(ns)  TPWS Failing Endpoints  TPWS Total Endpoints  
    -------      -------  ---------------------  -------------------      -------      -------  ---------------------  -------------------     --------     --------  ----------------------  --------------------  
        inf        0.000                      0                    4          inf        0.000                      0                    4           NA           NA                      NA                    NA  


There are no user specified timing constraints.


------------------------------------------------------------------------------------------------
| Clock Summary
| -------------
------------------------------------------------------------------------------------------------


------------------------------------------------------------------------------------------------
| Intra Clock Table
| -----------------
------------------------------------------------------------------------------------------------

Clock             WNS(ns)      TNS(ns)  TNS Failing Endpoints  TNS Total Endpoints      WHS(ns)      THS(ns)  THS Failing Endpoints  THS Total Endpoints     WPWS(ns)     TPWS(ns)  TPWS Failing Endpoints  TPWS Total Endpoints  
-----             -------      -------  ---------------------  -------------------      -------      -------  ---------------------  -------------------     --------     --------  ----------------------  --------------------  


------------------------------------------------------------------------------------------------
| Inter Clock Table
| -----------------
------------------------------------------------------------------------------------------------

From Clock    To Clock          WNS(ns)      TNS(ns)  TNS Failing Endpoints  TNS Total Endpoints      WHS(ns)      THS(ns)  THS Failing Endpoints  THS Total Endpoints  
----------    --------          -------      -------  ---------------------  -------------------      -------      -------  ---------------------  -------------------  


------------------------------------------------------------------------------------------------
| Other Path Groups Table
| -----------------------
------------------------------------------------------------------------------------------------

Path Group    From Clock    To Clock          WNS(ns)      TNS(ns)  TNS Failing Endpoints  TNS Total Endpoints      WHS(ns)      THS(ns)  THS Failing Endpoints  THS Total Endpoints  
----------    ----------    --------          -------      -------  ---------------------  -------------------      -------      -------  ---------------------  -------------------  


------------------------------------------------------------------------------------------------
| User Ignored Path Table
| -----------------------
------------------------------------------------------------------------------------------------

Path Group    From Clock    To Clock    
----------    ----------    --------    


------------------------------------------------------------------------------------------------
| Unconstrained Path Table
| ------------------------
------------------------------------------------------------------------------------------------

Path Group    From Clock    To Clock    
----------    ----------    --------    
(none)                                    


------------------------------------------------------------------------------------------------
| Timing Details
| --------------
------------------------------------------------------------------------------------------------


--------------------------------------------------------------------------------------
Path Group:  (none)
From Clock:  
  To Clock:  

Max Delay             4 Endpoints
Min Delay             4 Endpoints
--------------------------------------------------------------------------------------


Max Delay Paths
--------------------------------------------------------------------------------------
Slack:                    inf
  Source:                 Q_reg_lopt_replica/C
                            (rising edge-triggered cell FDRE)
  Destination:            Q
                            (output port)
  Path Group:             (none)
  Path Type:              Max at Slow Process Corner
  Data Path Delay:        6.267ns  (logic 3.977ns (63.462%)  route 2.290ns (36.538%))
  Logic Levels:           2  (FDRE=1 OBUF=1)

    Location             Delay type                Incr(ns)  Path(ns)    Netlist Resource(s)
  -------------------------------------------------------------------    -------------------
    SLICE_X65Y71         FDRE                         0.000     0.000 r  Q_reg_lopt_replica/C
    SLICE_X65Y71         FDRE (Prop_fdre_C_Q)         0.456     0.456 r  Q_reg_lopt_replica/Q
                         net (fo=1, routed)           2.290     2.746    Q_reg_lopt_replica_1
    L1                   OBUF (Prop_obuf_I_O)         3.521     6.267 r  Q_OBUF_inst/O
                         net (fo=0)                   0.000     6.267    Q
    L1                                                                r  Q (OUT)
  -------------------------------------------------------------------    -------------------

Slack:                    inf
  Source:                 Q_reg/C
                            (rising edge-triggered cell FDRE)
  Destination:            Qbar
                            (output port)
  Path Group:             (none)
  Path Type:              Max at Slow Process Corner
  Data Path Delay:        6.253ns  (logic 4.095ns (65.496%)  route 2.158ns (34.504%))
  Logic Levels:           3  (FDRE=1 LUT1=1 OBUF=1)

    Location             Delay type                Incr(ns)  Path(ns)    Netlist Resource(s)
  -------------------------------------------------------------------    -------------------
    SLICE_X65Y61         FDRE                         0.000     0.000 r  Q_reg/C
    SLICE_X65Y61         FDRE (Prop_fdre_C_Q)         0.456     0.456 f  Q_reg/Q
                         net (fo=1, routed)           0.493     0.949    Q_OBUF
    SLICE_X65Y61         LUT1 (Prop_lut1_I0_O)        0.124     1.073 r  Qbar_OBUF_inst_i_1/O
                         net (fo=1, routed)           1.664     2.738    Qbar_OBUF
    P1                   OBUF (Prop_obuf_I_O)         3.515     6.253 r  Qbar_OBUF_inst/O
                         net (fo=0)                   0.000     6.253    Qbar
    P1                                                                r  Qbar (OUT)
  -------------------------------------------------------------------    -------------------

Slack:                    inf
  Source:                 preset
                            (input port)
  Destination:            Q_reg_lopt_replica/D
  Path Group:             (none)
  Path Type:              Max at Slow Process Corner
  Data Path Delay:        4.212ns  (logic 1.577ns (37.441%)  route 2.635ns (62.559%))
  Logic Levels:           2  (IBUF=1 LUT3=1)

    Location             Delay type                Incr(ns)  Path(ns)    Netlist Resource(s)
  -------------------------------------------------------------------    -------------------
    U1                                                0.000     0.000 r  preset (IN)
                         net (fo=0)                   0.000     0.000    preset
    U1                   IBUF (Prop_ibuf_I_O)         1.453     1.453 r  preset_IBUF_inst/O
                         net (fo=1, routed)           1.422     2.875    preset_IBUF
    SLICE_X65Y47         LUT3 (Prop_lut3_I0_O)        0.124     2.999 r  Q_i_1/O
                         net (fo=2, routed)           1.213     4.212    Q_i_1_n_0
    SLICE_X65Y71         FDRE                                         r  Q_reg_lopt_replica/D
  -------------------------------------------------------------------    -------------------

Slack:                    inf
  Source:                 preset
                            (input port)
  Destination:            Q_reg/D
  Path Group:             (none)
  Path Type:              Max at Slow Process Corner
  Data Path Delay:        3.733ns  (logic 1.577ns (42.240%)  route 2.156ns (57.760%))
  Logic Levels:           2  (IBUF=1 LUT3=1)

    Location             Delay type                Incr(ns)  Path(ns)    Netlist Resource(s)
  -------------------------------------------------------------------    -------------------
    U1                                                0.000     0.000 r  preset (IN)
                         net (fo=0)                   0.000     0.000    preset
    U1                   IBUF (Prop_ibuf_I_O)         1.453     1.453 r  preset_IBUF_inst/O
                         net (fo=1, routed)           1.422     2.875    preset_IBUF
    SLICE_X65Y47         LUT3 (Prop_lut3_I0_O)        0.124     2.999 r  Q_i_1/O
                         net (fo=2, routed)           0.735     3.733    Q_i_1_n_0
    SLICE_X65Y61         FDRE                                         r  Q_reg/D
  -------------------------------------------------------------------    -------------------





Min Delay Paths
--------------------------------------------------------------------------------------
Slack:                    inf
  Source:                 clr
                            (input port)
  Destination:            Q_reg/D
  Path Group:             (none)
  Path Type:              Min at Fast Process Corner
  Data Path Delay:        1.011ns  (logic 0.268ns (26.541%)  route 0.743ns (73.459%))
  Logic Levels:           2  (IBUF=1 LUT3=1)

    Location             Delay type                Incr(ns)  Path(ns)    Netlist Resource(s)
  -------------------------------------------------------------------    -------------------
    T1                                                0.000     0.000 f  clr (IN)
                         net (fo=0)                   0.000     0.000    clr
    T1                   IBUF (Prop_ibuf_I_O)         0.223     0.223 f  clr_IBUF_inst/O
                         net (fo=1, routed)           0.450     0.673    clr_IBUF
    SLICE_X65Y47         LUT3 (Prop_lut3_I2_O)        0.045     0.718 r  Q_i_1/O
                         net (fo=2, routed)           0.293     1.011    Q_i_1_n_0
    SLICE_X65Y61         FDRE                                         r  Q_reg/D
  -------------------------------------------------------------------    -------------------

Slack:                    inf
  Source:                 clr
                            (input port)
  Destination:            Q_reg_lopt_replica/D
  Path Group:             (none)
  Path Type:              Min at Fast Process Corner
  Data Path Delay:        1.212ns  (logic 0.268ns (22.130%)  route 0.944ns (77.870%))
  Logic Levels:           2  (IBUF=1 LUT3=1)

    Location             Delay type                Incr(ns)  Path(ns)    Netlist Resource(s)
  -------------------------------------------------------------------    -------------------
    T1                                                0.000     0.000 f  clr (IN)
                         net (fo=0)                   0.000     0.000    clr
    T1                   IBUF (Prop_ibuf_I_O)         0.223     0.223 f  clr_IBUF_inst/O
                         net (fo=1, routed)           0.450     0.673    clr_IBUF
    SLICE_X65Y47         LUT3 (Prop_lut3_I2_O)        0.045     0.718 r  Q_i_1/O
                         net (fo=2, routed)           0.494     1.212    Q_i_1_n_0
    SLICE_X65Y71         FDRE                                         r  Q_reg_lopt_replica/D
  -------------------------------------------------------------------    -------------------

Slack:                    inf
  Source:                 Q_reg/C
                            (rising edge-triggered cell FDRE)
  Destination:            Qbar
                            (output port)
  Path Group:             (none)
  Path Type:              Min at Fast Process Corner
  Data Path Delay:        1.890ns  (logic 1.402ns (74.204%)  route 0.488ns (25.796%))
  Logic Levels:           3  (FDRE=1 LUT1=1 OBUF=1)

    Location             Delay type                Incr(ns)  Path(ns)    Netlist Resource(s)
  -------------------------------------------------------------------    -------------------
    SLICE_X65Y61         FDRE                         0.000     0.000 r  Q_reg/C
    SLICE_X65Y61         FDRE (Prop_fdre_C_Q)         0.141     0.141 f  Q_reg/Q
                         net (fo=1, routed)           0.156     0.297    Q_OBUF
    SLICE_X65Y61         LUT1 (Prop_lut1_I0_O)        0.045     0.342 r  Qbar_OBUF_inst_i_1/O
                         net (fo=1, routed)           0.331     0.674    Qbar_OBUF
    P1                   OBUF (Prop_obuf_I_O)         1.216     1.890 r  Qbar_OBUF_inst/O
                         net (fo=0)                   0.000     1.890    Qbar
    P1                                                                r  Qbar (OUT)
  -------------------------------------------------------------------    -------------------

Slack:                    inf
  Source:                 Q_reg_lopt_replica/C
                            (rising edge-triggered cell FDRE)
  Destination:            Q
                            (output port)
  Path Group:             (none)
  Path Type:              Min at Fast Process Corner
  Data Path Delay:        1.980ns  (logic 1.363ns (68.847%)  route 0.617ns (31.153%))
  Logic Levels:           2  (FDRE=1 OBUF=1)

    Location             Delay type                Incr(ns)  Path(ns)    Netlist Resource(s)
  -------------------------------------------------------------------    -------------------
    SLICE_X65Y71         FDRE                         0.000     0.000 r  Q_reg_lopt_replica/C
    SLICE_X65Y71         FDRE (Prop_fdre_C_Q)         0.141     0.141 r  Q_reg_lopt_replica/Q
                         net (fo=1, routed)           0.617     0.758    Q_reg_lopt_replica_1
    L1                   OBUF (Prop_obuf_I_O)         1.222     1.980 r  Q_OBUF_inst/O
                         net (fo=0)                   0.000     1.980    Q
    L1                                                                r  Q (OUT)
  -------------------------------------------------------------------    -------------------





