Copyright 1986-2022 Xilinx, Inc. All Rights Reserved. Copyright 2022-2025 Advanced Micro Devices, Inc. All Rights Reserved.
---------------------------------------------------------------------------------------------------------------------------------------------------------------------------------------------------------------------------------
| Tool Version : Vivado v.2025.1 (win64) Build 6140274 Thu May 22 00:12:29 MDT 2025
| Date         : Wed Jun 10 12:40:41 2026
| Host         : LAPTOP-9AHF2G73 running 64-bit major release  (build 9200)
| Command      : report_timing_summary -max_paths 10 -routable_nets -report_unconstrained -file Decoder_timing_summary_routed.rpt -pb Decoder_timing_summary_routed.pb -rpx Decoder_timing_summary_routed.rpx -warn_on_violation
| Design       : Decoder
| Device       : 7s50-csga324
| Speed File   : -1  PRODUCTION 1.23 2018-06-13
| Design State : Routed
---------------------------------------------------------------------------------------------------------------------------------------------------------------------------------------------------------------------------------

Timing Summary Report

------------------------------------------------------------------------------------------------
| Timer Settings
| --------------
------------------------------------------------------------------------------------------------

  Enable Multi Corner Analysis               :  Yes
  Enable Pessimism Removal                   :  Yes
  Pessimism Removal Resolution               :  Nearest Common Node
  Enable Input Delay Default Clock           :  No
  Enable Preset / Clear Arcs                 :  No
  Disable Flight Delays                      :  No
  Ignore I/O Paths                           :  No
  Timing Early Launch at Borrowing Latches   :  No
  Borrow Time for Max Delay Exceptions       :  Yes
  Merge Timing Exceptions                    :  Yes
  Inter-SLR Compensation                     :  Conservative

  Corner  Analyze    Analyze    
  Name    Max Paths  Min Paths  
  ------  ---------  ---------  
  Slow    Yes        Yes        
  Fast    Yes        Yes        


------------------------------------------------------------------------------------------------
| Report Methodology
| ------------------
------------------------------------------------------------------------------------------------

No report available as report_methodology has not been run prior. Run report_methodology on the current design for the summary of methodology violations.



check_timing report

Table of Contents
-----------------
1. checking no_clock (0)
2. checking constant_clock (0)
3. checking pulse_width_clock (0)
4. checking unconstrained_internal_endpoints (0)
5. checking no_input_delay (0)
6. checking no_output_delay (0)
7. checking multiple_clock (0)
8. checking generated_clocks (0)
9. checking loops (0)
10. checking partial_input_delay (0)
11. checking partial_output_delay (0)
12. checking latch_loops (0)

1. checking no_clock (0)
------------------------
 There are 0 register/latch pins with no clock.


2. checking constant_clock (0)
------------------------------
 There are 0 register/latch pins with constant_clock.


3. checking pulse_width_clock (0)
---------------------------------
 There are 0 register/latch pins which need pulse_width check


4. checking unconstrained_internal_endpoints (0)
------------------------------------------------
 There are 0 pins that are not constrained for maximum delay.

 There are 0 pins that are not constrained for maximum delay due to constant clock.


5. checking no_input_delay (0)
------------------------------
 There are 0 input ports with no input delay specified.

 There are 0 input ports with no input delay but user has a false path constraint.


6. checking no_output_delay (0)
-------------------------------
 There are 0 ports with no output delay specified.

 There are 0 ports with no output delay but user has a false path constraint

 There are 0 ports with no output delay but with a timing clock defined on it or propagating through it


7. checking multiple_clock (0)
------------------------------
 There are 0 register/latch pins with multiple clocks.


8. checking generated_clocks (0)
--------------------------------
 There are 0 generated clocks that are not connected to a clock source.


9. checking loops (0)
---------------------
 There are 0 combinational loops in the design.


10. checking partial_input_delay (0)
------------------------------------
 There are 0 input ports with partial input delay specified.


11. checking partial_output_delay (0)
-------------------------------------
 There are 0 ports with partial output delay specified.


12. checking latch_loops (0)
----------------------------
 There are 0 combinational latch loops in the design through latch input



------------------------------------------------------------------------------------------------
| Design Timing Summary
| ---------------------
------------------------------------------------------------------------------------------------

    WNS(ns)      TNS(ns)  TNS Failing Endpoints  TNS Total Endpoints      WHS(ns)      THS(ns)  THS Failing Endpoints  THS Total Endpoints     WPWS(ns)     TPWS(ns)  TPWS Failing Endpoints  TPWS Total Endpoints  
    -------      -------  ---------------------  -------------------      -------      -------  ---------------------  -------------------     --------     --------  ----------------------  --------------------  
        inf        0.000                      0                    4          inf        0.000                      0                    4           NA           NA                      NA                    NA  


There are no user specified timing constraints.


------------------------------------------------------------------------------------------------
| Clock Summary
| -------------
------------------------------------------------------------------------------------------------


------------------------------------------------------------------------------------------------
| Intra Clock Table
| -----------------
------------------------------------------------------------------------------------------------

Clock             WNS(ns)      TNS(ns)  TNS Failing Endpoints  TNS Total Endpoints      WHS(ns)      THS(ns)  THS Failing Endpoints  THS Total Endpoints     WPWS(ns)     TPWS(ns)  TPWS Failing Endpoints  TPWS Total Endpoints  
-----             -------      -------  ---------------------  -------------------      -------      -------  ---------------------  -------------------     --------     --------  ----------------------  --------------------  


------------------------------------------------------------------------------------------------
| Inter Clock Table
| -----------------
------------------------------------------------------------------------------------------------

From Clock    To Clock          WNS(ns)      TNS(ns)  TNS Failing Endpoints  TNS Total Endpoints      WHS(ns)      THS(ns)  THS Failing Endpoints  THS Total Endpoints  
----------    --------          -------      -------  ---------------------  -------------------      -------      -------  ---------------------  -------------------  


------------------------------------------------------------------------------------------------
| Other Path Groups Table
| -----------------------
------------------------------------------------------------------------------------------------

Path Group    From Clock    To Clock          WNS(ns)      TNS(ns)  TNS Failing Endpoints  TNS Total Endpoints      WHS(ns)      THS(ns)  THS Failing Endpoints  THS Total Endpoints  
----------    ----------    --------          -------      -------  ---------------------  -------------------      -------      -------  ---------------------  -------------------  


------------------------------------------------------------------------------------------------
| User Ignored Path Table
| -----------------------
------------------------------------------------------------------------------------------------

Path Group    From Clock    To Clock    
----------    ----------    --------    


------------------------------------------------------------------------------------------------
| Unconstrained Path Table
| ------------------------
------------------------------------------------------------------------------------------------

Path Group    From Clock    To Clock    
----------    ----------    --------    
(none)                                    


------------------------------------------------------------------------------------------------
| Timing Details
| --------------
------------------------------------------------------------------------------------------------


--------------------------------------------------------------------------------------
Path Group:  (none)
From Clock:  
  To Clock:  

Max Delay             4 Endpoints
Min Delay             4 Endpoints
--------------------------------------------------------------------------------------


Max Delay Paths
--------------------------------------------------------------------------------------
Slack:                    inf
  Source:                 din[1]
                            (input port)
  Destination:            op[0]
                            (output port)
  Path Group:             (none)
  Path Type:              Max at Slow Process Corner
  Data Path Delay:        9.361ns  (logic 5.330ns (56.940%)  route 4.031ns (43.060%))
  Logic Levels:           3  (IBUF=1 LUT2=1 OBUF=1)

    Location             Delay type                Incr(ns)  Path(ns)    Netlist Resource(s)
  -------------------------------------------------------------------    -------------------
    K1                                                0.000     0.000 f  din[1] (IN)
                         net (fo=0)                   0.000     0.000    din[1]
    K1                   IBUF (Prop_ibuf_I_O)         1.450     1.450 f  din_IBUF[1]_inst/O
                         net (fo=4, routed)           2.224     3.673    din_IBUF[1]
    SLICE_X65Y80         LUT2 (Prop_lut2_I0_O)        0.152     3.825 r  op_OBUF[0]_inst_i_1/O
                         net (fo=1, routed)           1.808     5.633    op_OBUF[0]
    B3                   OBUF (Prop_obuf_I_O)         3.728     9.361 r  op_OBUF[0]_inst/O
                         net (fo=0)                   0.000     9.361    op[0]
    B3                                                                r  op[0] (OUT)
  -------------------------------------------------------------------    -------------------

Slack:                    inf
  Source:                 din[1]
                            (input port)
  Destination:            op[3]
                            (output port)
  Path Group:             (none)
  Path Type:              Max at Slow Process Corner
  Data Path Delay:        9.244ns  (logic 5.352ns (57.898%)  route 3.892ns (42.102%))
  Logic Levels:           3  (IBUF=1 LUT2=1 OBUF=1)

    Location             Delay type                Incr(ns)  Path(ns)    Netlist Resource(s)
  -------------------------------------------------------------------    -------------------
    K1                                                0.000     0.000 r  din[1] (IN)
                         net (fo=0)                   0.000     0.000    din[1]
    K1                   IBUF (Prop_ibuf_I_O)         1.450     1.450 r  din_IBUF[1]_inst/O
                         net (fo=4, routed)           2.226     3.675    din_IBUF[1]
    SLICE_X65Y80         LUT2 (Prop_lut2_I0_O)        0.152     3.827 r  op_OBUF[3]_inst_i_1/O
                         net (fo=1, routed)           1.667     5.494    op_OBUF[3]
    A4                   OBUF (Prop_obuf_I_O)         3.750     9.244 r  op_OBUF[3]_inst/O
                         net (fo=0)                   0.000     9.244    op[3]
    A4                                                                r  op[3] (OUT)
  -------------------------------------------------------------------    -------------------

Slack:                    inf
  Source:                 din[1]
                            (input port)
  Destination:            op[2]
                            (output port)
  Path Group:             (none)
  Path Type:              Max at Slow Process Corner
  Data Path Delay:        9.040ns  (logic 5.101ns (56.429%)  route 3.939ns (43.571%))
  Logic Levels:           3  (IBUF=1 LUT2=1 OBUF=1)

    Location             Delay type                Incr(ns)  Path(ns)    Netlist Resource(s)
  -------------------------------------------------------------------    -------------------
    K1                                                0.000     0.000 r  din[1] (IN)
                         net (fo=0)                   0.000     0.000    din[1]
    K1                   IBUF (Prop_ibuf_I_O)         1.450     1.450 r  din_IBUF[1]_inst/O
                         net (fo=4, routed)           2.226     3.675    din_IBUF[1]
    SLICE_X65Y80         LUT2 (Prop_lut2_I0_O)        0.124     3.799 r  op_OBUF[2]_inst_i_1/O
                         net (fo=1, routed)           1.713     5.513    op_OBUF[2]
    B4                   OBUF (Prop_obuf_I_O)         3.527     9.040 r  op_OBUF[2]_inst/O
                         net (fo=0)                   0.000     9.040    op[2]
    B4                                                                r  op[2] (OUT)
  -------------------------------------------------------------------    -------------------

Slack:                    inf
  Source:                 din[1]
                            (input port)
  Destination:            op[1]
                            (output port)
  Path Group:             (none)
  Path Type:              Max at Slow Process Corner
  Data Path Delay:        8.999ns  (logic 5.111ns (56.794%)  route 3.888ns (43.206%))
  Logic Levels:           3  (IBUF=1 LUT2=1 OBUF=1)

    Location             Delay type                Incr(ns)  Path(ns)    Netlist Resource(s)
  -------------------------------------------------------------------    -------------------
    K1                                                0.000     0.000 f  din[1] (IN)
                         net (fo=0)                   0.000     0.000    din[1]
    K1                   IBUF (Prop_ibuf_I_O)         1.450     1.450 f  din_IBUF[1]_inst/O
                         net (fo=4, routed)           2.224     3.673    din_IBUF[1]
    SLICE_X65Y80         LUT2 (Prop_lut2_I1_O)        0.124     3.797 r  op_OBUF[1]_inst_i_1/O
                         net (fo=1, routed)           1.664     5.462    op_OBUF[1]
    A3                   OBUF (Prop_obuf_I_O)         3.537     8.999 r  op_OBUF[1]_inst/O
                         net (fo=0)                   0.000     8.999    op[1]
    A3                                                                r  op[1] (OUT)
  -------------------------------------------------------------------    -------------------





Min Delay Paths
--------------------------------------------------------------------------------------
Slack:                    inf
  Source:                 din[0]
                            (input port)
  Destination:            op[1]
                            (output port)
  Path Group:             (none)
  Path Type:              Min at Fast Process Corner
  Data Path Delay:        2.711ns  (logic 1.508ns (55.617%)  route 1.203ns (44.383%))
  Logic Levels:           3  (IBUF=1 LUT2=1 OBUF=1)

    Location             Delay type                Incr(ns)  Path(ns)    Netlist Resource(s)
  -------------------------------------------------------------------    -------------------
    K2                                                0.000     0.000 r  din[0] (IN)
                         net (fo=0)                   0.000     0.000    din[0]
    K2                   IBUF (Prop_ibuf_I_O)         0.225     0.225 r  din_IBUF[0]_inst/O
                         net (fo=4, routed)           0.872     1.097    din_IBUF[0]
    SLICE_X65Y80         LUT2 (Prop_lut2_I0_O)        0.045     1.142 r  op_OBUF[1]_inst_i_1/O
                         net (fo=1, routed)           0.331     1.474    op_OBUF[1]
    A3                   OBUF (Prop_obuf_I_O)         1.238     2.711 r  op_OBUF[1]_inst/O
                         net (fo=0)                   0.000     2.711    op[1]
    A3                                                                r  op[1] (OUT)
  -------------------------------------------------------------------    -------------------

Slack:                    inf
  Source:                 din[0]
                            (input port)
  Destination:            op[2]
                            (output port)
  Path Group:             (none)
  Path Type:              Min at Fast Process Corner
  Data Path Delay:        2.728ns  (logic 1.498ns (54.934%)  route 1.229ns (45.066%))
  Logic Levels:           3  (IBUF=1 LUT2=1 OBUF=1)

    Location             Delay type                Incr(ns)  Path(ns)    Netlist Resource(s)
  -------------------------------------------------------------------    -------------------
    K2                                                0.000     0.000 f  din[0] (IN)
                         net (fo=0)                   0.000     0.000    din[0]
    K2                   IBUF (Prop_ibuf_I_O)         0.225     0.225 f  din_IBUF[0]_inst/O
                         net (fo=4, routed)           0.872     1.097    din_IBUF[0]
    SLICE_X65Y80         LUT2 (Prop_lut2_I1_O)        0.045     1.142 r  op_OBUF[2]_inst_i_1/O
                         net (fo=1, routed)           0.357     1.499    op_OBUF[2]
    B4                   OBUF (Prop_obuf_I_O)         1.228     2.728 r  op_OBUF[2]_inst/O
                         net (fo=0)                   0.000     2.728    op[2]
    B4                                                                r  op[2] (OUT)
  -------------------------------------------------------------------    -------------------

Slack:                    inf
  Source:                 din[0]
                            (input port)
  Destination:            op[3]
                            (output port)
  Path Group:             (none)
  Path Type:              Min at Fast Process Corner
  Data Path Delay:        2.785ns  (logic 1.578ns (56.680%)  route 1.206ns (43.320%))
  Logic Levels:           3  (IBUF=1 LUT2=1 OBUF=1)

    Location             Delay type                Incr(ns)  Path(ns)    Netlist Resource(s)
  -------------------------------------------------------------------    -------------------
    K2                                                0.000     0.000 r  din[0] (IN)
                         net (fo=0)                   0.000     0.000    din[0]
    K2                   IBUF (Prop_ibuf_I_O)         0.225     0.225 r  din_IBUF[0]_inst/O
                         net (fo=4, routed)           0.872     1.097    din_IBUF[0]
    SLICE_X65Y80         LUT2 (Prop_lut2_I1_O)        0.043     1.140 r  op_OBUF[3]_inst_i_1/O
                         net (fo=1, routed)           0.335     1.475    op_OBUF[3]
    A4                   OBUF (Prop_obuf_I_O)         1.310     2.785 r  op_OBUF[3]_inst/O
                         net (fo=0)                   0.000     2.785    op[3]
    A4                                                                r  op[3] (OUT)
  -------------------------------------------------------------------    -------------------

Slack:                    inf
  Source:                 din[0]
                            (input port)
  Destination:            op[0]
                            (output port)
  Path Group:             (none)
  Path Type:              Min at Fast Process Corner
  Data Path Delay:        2.829ns  (logic 1.559ns (55.093%)  route 1.270ns (44.907%))
  Logic Levels:           3  (IBUF=1 LUT2=1 OBUF=1)

    Location             Delay type                Incr(ns)  Path(ns)    Netlist Resource(s)
  -------------------------------------------------------------------    -------------------
    K2                                                0.000     0.000 f  din[0] (IN)
                         net (fo=0)                   0.000     0.000    din[0]
    K2                   IBUF (Prop_ibuf_I_O)         0.225     0.225 f  din_IBUF[0]_inst/O
                         net (fo=4, routed)           0.872     1.097    din_IBUF[0]
    SLICE_X65Y80         LUT2 (Prop_lut2_I1_O)        0.044     1.141 r  op_OBUF[0]_inst_i_1/O
                         net (fo=1, routed)           0.399     1.540    op_OBUF[0]
    B3                   OBUF (Prop_obuf_I_O)         1.289     2.829 r  op_OBUF[0]_inst/O
                         net (fo=0)                   0.000     2.829    op[0]
    B3                                                                r  op[0] (OUT)
  -------------------------------------------------------------------    -------------------





