Copyright 1986-2022 Xilinx, Inc. All Rights Reserved. Copyright 2022-2025 Advanced Micro Devices, Inc. All Rights Reserved.
---------------------------------------------------------------------------------------------------------------------------------------------------------------------------------------------------------------------------
| Tool Version : Vivado v.2025.1 (win64) Build 6140274 Thu May 22 00:12:29 MDT 2025
| Date         : Wed Jul  1 11:42:31 2026
| Host         : LAPTOP-9AHF2G73 running 64-bit major release  (build 9200)
| Command      : report_timing_summary -max_paths 10 -routable_nets -report_unconstrained -file JK_FF_timing_summary_routed.rpt -pb JK_FF_timing_summary_routed.pb -rpx JK_FF_timing_summary_routed.rpx -warn_on_violation
| Design       : JK_FF
| Device       : 7a35ti-cpg236
| Speed File   : -1L  PRODUCTION 1.23 2018-06-13
| Design State : Routed
---------------------------------------------------------------------------------------------------------------------------------------------------------------------------------------------------------------------------

Timing Summary Report

------------------------------------------------------------------------------------------------
| Timer Settings
| --------------
------------------------------------------------------------------------------------------------

  Enable Multi Corner Analysis               :  Yes
  Enable Pessimism Removal                   :  Yes
  Pessimism Removal Resolution               :  Nearest Common Node
  Enable Input Delay Default Clock           :  No
  Enable Preset / Clear Arcs                 :  No
  Disable Flight Delays                      :  No
  Ignore I/O Paths                           :  No
  Timing Early Launch at Borrowing Latches   :  No
  Borrow Time for Max Delay Exceptions       :  Yes
  Merge Timing Exceptions                    :  Yes
  Inter-SLR Compensation                     :  Conservative

  Corner  Analyze    Analyze    
  Name    Max Paths  Min Paths  
  ------  ---------  ---------  
  Slow    Yes        Yes        
  Fast    Yes        Yes        


------------------------------------------------------------------------------------------------
| Report Methodology
| ------------------
------------------------------------------------------------------------------------------------

Rule       Severity          Description                  Violations  
---------  ----------------  ---------------------------  ----------  
TIMING-17  Critical Warning  Non-clocked sequential cell  4           

Note: This report is based on the most recent report_methodology run and may not be up-to-date. Run report_methodology on the current design for the latest report.



check_timing report

Table of Contents
-----------------
1. checking no_clock (4)
2. checking constant_clock (0)
3. checking pulse_width_clock (0)
4. checking unconstrained_internal_endpoints (10)
5. checking no_input_delay (3)
6. checking no_output_delay (2)
7. checking multiple_clock (0)
8. checking generated_clocks (0)
9. checking loops (0)
10. checking partial_input_delay (0)
11. checking partial_output_delay (0)
12. checking latch_loops (0)

1. checking no_clock (4)
------------------------
 There are 4 register/latch pins with no clock driven by root clock pin: clk (HIGH)


2. checking constant_clock (0)
------------------------------
 There are 0 register/latch pins with constant_clock.


3. checking pulse_width_clock (0)
---------------------------------
 There are 0 register/latch pins which need pulse_width check


4. checking unconstrained_internal_endpoints (10)
-------------------------------------------------
 There are 10 pins that are not constrained for maximum delay. (HIGH)

 There are 0 pins that are not constrained for maximum delay due to constant clock.


5. checking no_input_delay (3)
------------------------------
 There are 3 input ports with no input delay specified. (HIGH)

 There are 0 input ports with no input delay but user has a false path constraint.


6. checking no_output_delay (2)
-------------------------------
 There are 2 ports with no output delay specified. (HIGH)

 There are 0 ports with no output delay but user has a false path constraint

 There are 0 ports with no output delay but with a timing clock defined on it or propagating through it


7. checking multiple_clock (0)
------------------------------
 There are 0 register/latch pins with multiple clocks.


8. checking generated_clocks (0)
--------------------------------
 There are 0 generated clocks that are not connected to a clock source.


9. checking loops (0)
---------------------
 There are 0 combinational loops in the design.


10. checking partial_input_delay (0)
------------------------------------
 There are 0 input ports with partial input delay specified.


11. checking partial_output_delay (0)
-------------------------------------
 There are 0 ports with partial output delay specified.


12. checking latch_loops (0)
----------------------------
 There are 0 combinational latch loops in the design through latch input



------------------------------------------------------------------------------------------------
| Design Timing Summary
| ---------------------
------------------------------------------------------------------------------------------------

    WNS(ns)      TNS(ns)  TNS Failing Endpoints  TNS Total Endpoints      WHS(ns)      THS(ns)  THS Failing Endpoints  THS Total Endpoints     WPWS(ns)     TPWS(ns)  TPWS Failing Endpoints  TPWS Total Endpoints  
    -------      -------  ---------------------  -------------------      -------      -------  ---------------------  -------------------     --------     --------  ----------------------  --------------------  
        inf        0.000                      0                   12          inf        0.000                      0                   12           NA           NA                      NA                    NA  


There are no user specified timing constraints.


------------------------------------------------------------------------------------------------
| Clock Summary
| -------------
------------------------------------------------------------------------------------------------


------------------------------------------------------------------------------------------------
| Intra Clock Table
| -----------------
------------------------------------------------------------------------------------------------

Clock             WNS(ns)      TNS(ns)  TNS Failing Endpoints  TNS Total Endpoints      WHS(ns)      THS(ns)  THS Failing Endpoints  THS Total Endpoints     WPWS(ns)     TPWS(ns)  TPWS Failing Endpoints  TPWS Total Endpoints  
-----             -------      -------  ---------------------  -------------------      -------      -------  ---------------------  -------------------     --------     --------  ----------------------  --------------------  


------------------------------------------------------------------------------------------------
| Inter Clock Table
| -----------------
------------------------------------------------------------------------------------------------

From Clock    To Clock          WNS(ns)      TNS(ns)  TNS Failing Endpoints  TNS Total Endpoints      WHS(ns)      THS(ns)  THS Failing Endpoints  THS Total Endpoints  
----------    --------          -------      -------  ---------------------  -------------------      -------      -------  ---------------------  -------------------  


------------------------------------------------------------------------------------------------
| Other Path Groups Table
| -----------------------
------------------------------------------------------------------------------------------------

Path Group    From Clock    To Clock          WNS(ns)      TNS(ns)  TNS Failing Endpoints  TNS Total Endpoints      WHS(ns)      THS(ns)  THS Failing Endpoints  THS Total Endpoints  
----------    ----------    --------          -------      -------  ---------------------  -------------------      -------      -------  ---------------------  -------------------  


------------------------------------------------------------------------------------------------
| User Ignored Path Table
| -----------------------
------------------------------------------------------------------------------------------------

Path Group    From Clock    To Clock    
----------    ----------    --------    


------------------------------------------------------------------------------------------------
| Unconstrained Path Table
| ------------------------
------------------------------------------------------------------------------------------------

Path Group    From Clock    To Clock    
----------    ----------    --------    
(none)                                    


------------------------------------------------------------------------------------------------
| Timing Details
| --------------
------------------------------------------------------------------------------------------------


--------------------------------------------------------------------------------------
Path Group:  (none)
From Clock:  
  To Clock:  

Max Delay            12 Endpoints
Min Delay            12 Endpoints
--------------------------------------------------------------------------------------


Max Delay Paths
--------------------------------------------------------------------------------------
Slack:                    inf
  Source:                 Q_reg/C
                            (rising edge-triggered cell FDRE)
  Destination:            Q
                            (output port)
  Path Group:             (none)
  Path Type:              Max at Slow Process Corner
  Data Path Delay:        7.279ns  (logic 4.039ns (55.497%)  route 3.239ns (44.503%))
  Logic Levels:           2  (FDRE=1 OBUF=1)

    Location             Delay type                Incr(ns)  Path(ns)    Netlist Resource(s)
  -------------------------------------------------------------------    -------------------
    SLICE_X64Y50         FDRE                         0.000     0.000 r  Q_reg/C
    SLICE_X64Y50         FDRE (Prop_fdre_C_Q)         0.518     0.518 r  Q_reg/Q
                         net (fo=3, routed)           3.239     3.757    Q_OBUF
    L1                   OBUF (Prop_obuf_I_O)         3.521     7.279 r  Q_OBUF_inst/O
                         net (fo=0)                   0.000     7.279    Q
    L1                                                                r  Q (OUT)
  -------------------------------------------------------------------    -------------------

Slack:                    inf
  Source:                 Qbar_reg/C
                            (rising edge-triggered cell FDSE)
  Destination:            Qbar
                            (output port)
  Path Group:             (none)
  Path Type:              Max at Slow Process Corner
  Data Path Delay:        5.944ns  (logic 4.033ns (67.861%)  route 1.910ns (32.139%))
  Logic Levels:           2  (FDSE=1 OBUF=1)

    Location             Delay type                Incr(ns)  Path(ns)    Netlist Resource(s)
  -------------------------------------------------------------------    -------------------
    SLICE_X64Y50         FDSE                         0.000     0.000 r  Qbar_reg/C
    SLICE_X64Y50         FDSE (Prop_fdse_C_Q)         0.518     0.518 r  Qbar_reg/Q
                         net (fo=1, routed)           1.910     2.428    Qbar_OBUF
    P1                   OBUF (Prop_obuf_I_O)         3.515     5.944 r  Qbar_OBUF_inst/O
                         net (fo=0)                   0.000     5.944    Qbar
    P1                                                                r  Qbar (OUT)
  -------------------------------------------------------------------    -------------------

Slack:                    inf
  Source:                 <hidden>
                            (rising edge-triggered cell RAMB18E1)
  Destination:            Qbar_reg/D
  Path Group:             (none)
  Path Type:              Max at Slow Process Corner
  Data Path Delay:        3.582ns  (logic 2.454ns (68.504%)  route 1.128ns (31.496%))
  Logic Levels:           1  (RAMB18E1=1)

    Location             Delay type                Incr(ns)  Path(ns)    Netlist Resource(s)
  -------------------------------------------------------------------    -------------------
    RAMB18_X2Y20         RAMB18E1                     0.000     0.000 r  <hidden>
    RAMB18_X2Y20         RAMB18E1 (Prop_ramb18e1_CLKARDCLK_DOADO[0])
                                                      2.454     2.454 r  <hidden>
                         net (fo=1, routed)           1.128     3.582    dout[0]
    SLICE_X64Y50         FDSE                                         r  Qbar_reg/D
  -------------------------------------------------------------------    -------------------

Slack:                    inf
  Source:                 <hidden>
                            (rising edge-triggered cell RAMB18E1)
  Destination:            Q_reg/D
  Path Group:             (none)
  Path Type:              Max at Slow Process Corner
  Data Path Delay:        3.237ns  (logic 2.454ns (75.804%)  route 0.783ns (24.196%))
  Logic Levels:           1  (RAMB18E1=1)

    Location             Delay type                Incr(ns)  Path(ns)    Netlist Resource(s)
  -------------------------------------------------------------------    -------------------
    RAMB18_X2Y20         RAMB18E1                     0.000     0.000 r  <hidden>
    RAMB18_X2Y20         RAMB18E1 (Prop_ramb18e1_CLKBWRCLK_DOBDO[0])
                                                      2.454     2.454 r  <hidden>
                         net (fo=1, routed)           0.783     3.237    dout[1]
    SLICE_X64Y50         FDRE                                         r  Q_reg/D
  -------------------------------------------------------------------    -------------------

Slack:                    inf
  Source:                 J
                            (input port)
  Destination:            <hidden>
  Path Group:             (none)
  Path Type:              Max at Slow Process Corner
  Data Path Delay:        2.971ns  (logic 1.456ns (49.007%)  route 1.515ns (50.993%))
  Logic Levels:           1  (IBUF=1)

    Location             Delay type                Incr(ns)  Path(ns)    Netlist Resource(s)
  -------------------------------------------------------------------    -------------------
    R2                                                0.000     0.000 r  J (IN)
                         net (fo=0)                   0.000     0.000    J
    R2                   IBUF (Prop_ibuf_I_O)         1.456     1.456 r  J_IBUF_inst/O
                         net (fo=2, routed)           1.515     2.971    <hidden>
    RAMB18_X2Y20         RAMB18E1                                     r  <hidden>
  -------------------------------------------------------------------    -------------------

Slack:                    inf
  Source:                 K
                            (input port)
  Destination:            <hidden>
  Path Group:             (none)
  Path Type:              Max at Slow Process Corner
  Data Path Delay:        2.943ns  (logic 1.455ns (49.438%)  route 1.488ns (50.562%))
  Logic Levels:           1  (IBUF=1)

    Location             Delay type                Incr(ns)  Path(ns)    Netlist Resource(s)
  -------------------------------------------------------------------    -------------------
    T1                                                0.000     0.000 r  K (IN)
                         net (fo=0)                   0.000     0.000    K
    T1                   IBUF (Prop_ibuf_I_O)         1.455     1.455 r  K_IBUF_inst/O
                         net (fo=2, routed)           1.488     2.943    <hidden>
    RAMB18_X2Y20         RAMB18E1                                     r  <hidden>
  -------------------------------------------------------------------    -------------------

Slack:                    inf
  Source:                 K
                            (input port)
  Destination:            <hidden>
  Path Group:             (none)
  Path Type:              Max at Slow Process Corner
  Data Path Delay:        2.943ns  (logic 1.455ns (49.438%)  route 1.488ns (50.562%))
  Logic Levels:           1  (IBUF=1)

    Location             Delay type                Incr(ns)  Path(ns)    Netlist Resource(s)
  -------------------------------------------------------------------    -------------------
    T1                                                0.000     0.000 r  K (IN)
                         net (fo=0)                   0.000     0.000    K
    T1                   IBUF (Prop_ibuf_I_O)         1.455     1.455 r  K_IBUF_inst/O
                         net (fo=2, routed)           1.488     2.943    <hidden>
    RAMB18_X2Y20         RAMB18E1                                     r  <hidden>
  -------------------------------------------------------------------    -------------------

Slack:                    inf
  Source:                 J
                            (input port)
  Destination:            <hidden>
  Path Group:             (none)
  Path Type:              Max at Slow Process Corner
  Data Path Delay:        2.780ns  (logic 1.456ns (52.375%)  route 1.324ns (47.625%))
  Logic Levels:           1  (IBUF=1)

    Location             Delay type                Incr(ns)  Path(ns)    Netlist Resource(s)
  -------------------------------------------------------------------    -------------------
    R2                                                0.000     0.000 r  J (IN)
                         net (fo=0)                   0.000     0.000    J
    R2                   IBUF (Prop_ibuf_I_O)         1.456     1.456 r  J_IBUF_inst/O
                         net (fo=2, routed)           1.324     2.780    <hidden>
    RAMB18_X2Y20         RAMB18E1                                     r  <hidden>
  -------------------------------------------------------------------    -------------------

Slack:                    inf
  Source:                 rst
                            (input port)
  Destination:            Q_reg/R
  Path Group:             (none)
  Path Type:              Max at Slow Process Corner
  Data Path Delay:        2.698ns  (logic 1.453ns (53.850%)  route 1.245ns (46.150%))
  Logic Levels:           1  (IBUF=1)

    Location             Delay type                Incr(ns)  Path(ns)    Netlist Resource(s)
  -------------------------------------------------------------------    -------------------
    U1                                                0.000     0.000 r  rst (IN)
                         net (fo=0)                   0.000     0.000    rst
    U1                   IBUF (Prop_ibuf_I_O)         1.453     1.453 r  rst_IBUF_inst/O
                         net (fo=2, routed)           1.245     2.698    rst_IBUF
    SLICE_X64Y50         FDRE                                         r  Q_reg/R
  -------------------------------------------------------------------    -------------------

Slack:                    inf
  Source:                 rst
                            (input port)
  Destination:            Qbar_reg/S
  Path Group:             (none)
  Path Type:              Max at Slow Process Corner
  Data Path Delay:        2.698ns  (logic 1.453ns (53.850%)  route 1.245ns (46.150%))
  Logic Levels:           1  (IBUF=1)

    Location             Delay type                Incr(ns)  Path(ns)    Netlist Resource(s)
  -------------------------------------------------------------------    -------------------
    U1                                                0.000     0.000 r  rst (IN)
                         net (fo=0)                   0.000     0.000    rst
    U1                   IBUF (Prop_ibuf_I_O)         1.453     1.453 r  rst_IBUF_inst/O
                         net (fo=2, routed)           1.245     2.698    rst_IBUF
    SLICE_X64Y50         FDSE                                         r  Qbar_reg/S
  -------------------------------------------------------------------    -------------------





Min Delay Paths
--------------------------------------------------------------------------------------
Slack:                    inf
  Source:                 Q_reg/C
                            (rising edge-triggered cell FDRE)
  Destination:            <hidden>
  Path Group:             (none)
  Path Type:              Min at Fast Process Corner
  Data Path Delay:        0.563ns  (logic 0.164ns (29.141%)  route 0.399ns (70.859%))
  Logic Levels:           1  (FDRE=1)

    Location             Delay type                Incr(ns)  Path(ns)    Netlist Resource(s)
  -------------------------------------------------------------------    -------------------
    SLICE_X64Y50         FDRE                         0.000     0.000 r  Q_reg/C
    SLICE_X64Y50         FDRE (Prop_fdre_C_Q)         0.164     0.164 r  Q_reg/Q
                         net (fo=3, routed)           0.399     0.563    <hidden>
    RAMB18_X2Y20         RAMB18E1                                     r  <hidden>
  -------------------------------------------------------------------    -------------------

Slack:                    inf
  Source:                 Q_reg/C
                            (rising edge-triggered cell FDRE)
  Destination:            <hidden>
  Path Group:             (none)
  Path Type:              Min at Fast Process Corner
  Data Path Delay:        0.612ns  (logic 0.164ns (26.794%)  route 0.448ns (73.205%))
  Logic Levels:           1  (FDRE=1)

    Location             Delay type                Incr(ns)  Path(ns)    Netlist Resource(s)
  -------------------------------------------------------------------    -------------------
    SLICE_X64Y50         FDRE                         0.000     0.000 r  Q_reg/C
    SLICE_X64Y50         FDRE (Prop_fdre_C_Q)         0.164     0.164 r  Q_reg/Q
                         net (fo=3, routed)           0.448     0.612    <hidden>
    RAMB18_X2Y20         RAMB18E1                                     r  <hidden>
  -------------------------------------------------------------------    -------------------

Slack:                    inf
  Source:                 rst
                            (input port)
  Destination:            Q_reg/R
  Path Group:             (none)
  Path Type:              Min at Fast Process Corner
  Data Path Delay:        0.699ns  (logic 0.221ns (31.610%)  route 0.478ns (68.390%))
  Logic Levels:           1  (IBUF=1)

    Location             Delay type                Incr(ns)  Path(ns)    Netlist Resource(s)
  -------------------------------------------------------------------    -------------------
    U1                                                0.000     0.000 r  rst (IN)
                         net (fo=0)                   0.000     0.000    rst
    U1                   IBUF (Prop_ibuf_I_O)         0.221     0.221 r  rst_IBUF_inst/O
                         net (fo=2, routed)           0.478     0.699    rst_IBUF
    SLICE_X64Y50         FDRE                                         r  Q_reg/R
  -------------------------------------------------------------------    -------------------

Slack:                    inf
  Source:                 rst
                            (input port)
  Destination:            Qbar_reg/S
  Path Group:             (none)
  Path Type:              Min at Fast Process Corner
  Data Path Delay:        0.699ns  (logic 0.221ns (31.610%)  route 0.478ns (68.390%))
  Logic Levels:           1  (IBUF=1)

    Location             Delay type                Incr(ns)  Path(ns)    Netlist Resource(s)
  -------------------------------------------------------------------    -------------------
    U1                                                0.000     0.000 r  rst (IN)
                         net (fo=0)                   0.000     0.000    rst
    U1                   IBUF (Prop_ibuf_I_O)         0.221     0.221 r  rst_IBUF_inst/O
                         net (fo=2, routed)           0.478     0.699    rst_IBUF
    SLICE_X64Y50         FDSE                                         r  Qbar_reg/S
  -------------------------------------------------------------------    -------------------

Slack:                    inf
  Source:                 J
                            (input port)
  Destination:            <hidden>
  Path Group:             (none)
  Path Type:              Min at Fast Process Corner
  Data Path Delay:        0.804ns  (logic 0.224ns (27.880%)  route 0.580ns (72.120%))
  Logic Levels:           1  (IBUF=1)

    Location             Delay type                Incr(ns)  Path(ns)    Netlist Resource(s)
  -------------------------------------------------------------------    -------------------
    R2                                                0.000     0.000 r  J (IN)
                         net (fo=0)                   0.000     0.000    J
    R2                   IBUF (Prop_ibuf_I_O)         0.224     0.224 r  J_IBUF_inst/O
                         net (fo=2, routed)           0.580     0.804    <hidden>
    RAMB18_X2Y20         RAMB18E1                                     r  <hidden>
  -------------------------------------------------------------------    -------------------

Slack:                    inf
  Source:                 K
                            (input port)
  Destination:            <hidden>
  Path Group:             (none)
  Path Type:              Min at Fast Process Corner
  Data Path Delay:        0.860ns  (logic 0.223ns (25.977%)  route 0.636ns (74.023%))
  Logic Levels:           1  (IBUF=1)

    Location             Delay type                Incr(ns)  Path(ns)    Netlist Resource(s)
  -------------------------------------------------------------------    -------------------
    T1                                                0.000     0.000 r  K (IN)
                         net (fo=0)                   0.000     0.000    K
    T1                   IBUF (Prop_ibuf_I_O)         0.223     0.223 r  K_IBUF_inst/O
                         net (fo=2, routed)           0.636     0.860    <hidden>
    RAMB18_X2Y20         RAMB18E1                                     r  <hidden>
  -------------------------------------------------------------------    -------------------

Slack:                    inf
  Source:                 K
                            (input port)
  Destination:            <hidden>
  Path Group:             (none)
  Path Type:              Min at Fast Process Corner
  Data Path Delay:        0.860ns  (logic 0.223ns (25.977%)  route 0.636ns (74.023%))
  Logic Levels:           1  (IBUF=1)

    Location             Delay type                Incr(ns)  Path(ns)    Netlist Resource(s)
  -------------------------------------------------------------------    -------------------
    T1                                                0.000     0.000 r  K (IN)
                         net (fo=0)                   0.000     0.000    K
    T1                   IBUF (Prop_ibuf_I_O)         0.223     0.223 r  K_IBUF_inst/O
                         net (fo=2, routed)           0.636     0.860    <hidden>
    RAMB18_X2Y20         RAMB18E1                                     r  <hidden>
  -------------------------------------------------------------------    -------------------

Slack:                    inf
  Source:                 J
                            (input port)
  Destination:            <hidden>
  Path Group:             (none)
  Path Type:              Min at Fast Process Corner
  Data Path Delay:        0.866ns  (logic 0.224ns (25.883%)  route 0.642ns (74.117%))
  Logic Levels:           1  (IBUF=1)

    Location             Delay type                Incr(ns)  Path(ns)    Netlist Resource(s)
  -------------------------------------------------------------------    -------------------
    R2                                                0.000     0.000 r  J (IN)
                         net (fo=0)                   0.000     0.000    J
    R2                   IBUF (Prop_ibuf_I_O)         0.224     0.224 r  J_IBUF_inst/O
                         net (fo=2, routed)           0.642     0.866    <hidden>
    RAMB18_X2Y20         RAMB18E1                                     r  <hidden>
  -------------------------------------------------------------------    -------------------

Slack:                    inf
  Source:                 <hidden>
                            (rising edge-triggered cell RAMB18E1)
  Destination:            Q_reg/D
  Path Group:             (none)
  Path Type:              Min at Fast Process Corner
  Data Path Delay:        0.927ns  (logic 0.585ns (63.087%)  route 0.342ns (36.913%))
  Logic Levels:           1  (RAMB18E1=1)

    Location             Delay type                Incr(ns)  Path(ns)    Netlist Resource(s)
  -------------------------------------------------------------------    -------------------
    RAMB18_X2Y20         RAMB18E1                     0.000     0.000 r  <hidden>
    RAMB18_X2Y20         RAMB18E1 (Prop_ramb18e1_CLKBWRCLK_DOBDO[0])
                                                      0.585     0.585 r  <hidden>
                         net (fo=1, routed)           0.342     0.927    dout[1]
    SLICE_X64Y50         FDRE                                         r  Q_reg/D
  -------------------------------------------------------------------    -------------------

Slack:                    inf
  Source:                 <hidden>
                            (rising edge-triggered cell RAMB18E1)
  Destination:            Qbar_reg/D
  Path Group:             (none)
  Path Type:              Min at Fast Process Corner
  Data Path Delay:        1.145ns  (logic 0.585ns (51.080%)  route 0.560ns (48.920%))
  Logic Levels:           1  (RAMB18E1=1)

    Location             Delay type                Incr(ns)  Path(ns)    Netlist Resource(s)
  -------------------------------------------------------------------    -------------------
    RAMB18_X2Y20         RAMB18E1                     0.000     0.000 r  <hidden>
    RAMB18_X2Y20         RAMB18E1 (Prop_ramb18e1_CLKARDCLK_DOADO[0])
                                                      0.585     0.585 r  <hidden>
                         net (fo=1, routed)           0.560     1.145    dout[0]
    SLICE_X64Y50         FDSE                                         r  Qbar_reg/D
  -------------------------------------------------------------------    -------------------





