Copyright 1986-2022 Xilinx, Inc. All Rights Reserved. Copyright 2022-2025 Advanced Micro Devices, Inc. All Rights Reserved.
---------------------------------------------------------------------------------------------------------------------------------------------------------------------------------------------------------------------------
| Tool Version : Vivado v.2025.1 (win64) Build 6140274 Thu May 22 00:12:29 MDT 2025
| Date         : Wed Jun 24 12:16:40 2026
| Host         : LAPTOP-9AHF2G73 running 64-bit major release  (build 9200)
| Command      : report_timing_summary -max_paths 10 -routable_nets -report_unconstrained -file JK_FF_timing_summary_routed.rpt -pb JK_FF_timing_summary_routed.pb -rpx JK_FF_timing_summary_routed.rpx -warn_on_violation
| Design       : JK_FF
| Device       : 7a35ti-cpg236
| Speed File   : -1L  PRODUCTION 1.23 2018-06-13
| Design State : Routed
---------------------------------------------------------------------------------------------------------------------------------------------------------------------------------------------------------------------------

Timing Summary Report

------------------------------------------------------------------------------------------------
| Timer Settings
| --------------
------------------------------------------------------------------------------------------------

  Enable Multi Corner Analysis               :  Yes
  Enable Pessimism Removal                   :  Yes
  Pessimism Removal Resolution               :  Nearest Common Node
  Enable Input Delay Default Clock           :  No
  Enable Preset / Clear Arcs                 :  No
  Disable Flight Delays                      :  No
  Ignore I/O Paths                           :  No
  Timing Early Launch at Borrowing Latches   :  No
  Borrow Time for Max Delay Exceptions       :  Yes
  Merge Timing Exceptions                    :  Yes
  Inter-SLR Compensation                     :  Conservative

  Corner  Analyze    Analyze    
  Name    Max Paths  Min Paths  
  ------  ---------  ---------  
  Slow    Yes        Yes        
  Fast    Yes        Yes        


------------------------------------------------------------------------------------------------
| Report Methodology
| ------------------
------------------------------------------------------------------------------------------------

Rule       Severity          Description                  Violations  
---------  ----------------  ---------------------------  ----------  
TIMING-17  Critical Warning  Non-clocked sequential cell  28          

Note: This report is based on the most recent report_methodology run and may not be up-to-date. Run report_methodology on the current design for the latest report.



check_timing report

Table of Contents
-----------------
1. checking no_clock (28)
2. checking constant_clock (0)
3. checking pulse_width_clock (0)
4. checking unconstrained_internal_endpoints (28)
5. checking no_input_delay (4)
6. checking no_output_delay (2)
7. checking multiple_clock (0)
8. checking generated_clocks (0)
9. checking loops (0)
10. checking partial_input_delay (0)
11. checking partial_output_delay (0)
12. checking latch_loops (0)

1. checking no_clock (28)
-------------------------
 There are 27 register/latch pins with no clock driven by root clock pin: clk (HIGH)

 There is 1 register/latch pin with no clock driven by root clock pin: cnt_reg[26]/Q (HIGH)


2. checking constant_clock (0)
------------------------------
 There are 0 register/latch pins with constant_clock.


3. checking pulse_width_clock (0)
---------------------------------
 There are 0 register/latch pins which need pulse_width check


4. checking unconstrained_internal_endpoints (28)
-------------------------------------------------
 There are 28 pins that are not constrained for maximum delay. (HIGH)

 There are 0 pins that are not constrained for maximum delay due to constant clock.


5. checking no_input_delay (4)
------------------------------
 There are 4 input ports with no input delay specified. (HIGH)

 There are 0 input ports with no input delay but user has a false path constraint.


6. checking no_output_delay (2)
-------------------------------
 There are 2 ports with no output delay specified. (HIGH)

 There are 0 ports with no output delay but user has a false path constraint

 There are 0 ports with no output delay but with a timing clock defined on it or propagating through it


7. checking multiple_clock (0)
------------------------------
 There are 0 register/latch pins with multiple clocks.


8. checking generated_clocks (0)
--------------------------------
 There are 0 generated clocks that are not connected to a clock source.


9. checking loops (0)
---------------------
 There are 0 combinational loops in the design.


10. checking partial_input_delay (0)
------------------------------------
 There are 0 input ports with partial input delay specified.


11. checking partial_output_delay (0)
-------------------------------------
 There are 0 ports with partial output delay specified.


12. checking latch_loops (0)
----------------------------
 There are 0 combinational latch loops in the design through latch input



------------------------------------------------------------------------------------------------
| Design Timing Summary
| ---------------------
------------------------------------------------------------------------------------------------

    WNS(ns)      TNS(ns)  TNS Failing Endpoints  TNS Total Endpoints      WHS(ns)      THS(ns)  THS Failing Endpoints  THS Total Endpoints     WPWS(ns)     TPWS(ns)  TPWS Failing Endpoints  TPWS Total Endpoints  
    -------      -------  ---------------------  -------------------      -------      -------  ---------------------  -------------------     --------     --------  ----------------------  --------------------  
        inf        0.000                      0                   30          inf        0.000                      0                   30           NA           NA                      NA                    NA  


There are no user specified timing constraints.


------------------------------------------------------------------------------------------------
| Clock Summary
| -------------
------------------------------------------------------------------------------------------------


------------------------------------------------------------------------------------------------
| Intra Clock Table
| -----------------
------------------------------------------------------------------------------------------------

Clock             WNS(ns)      TNS(ns)  TNS Failing Endpoints  TNS Total Endpoints      WHS(ns)      THS(ns)  THS Failing Endpoints  THS Total Endpoints     WPWS(ns)     TPWS(ns)  TPWS Failing Endpoints  TPWS Total Endpoints  
-----             -------      -------  ---------------------  -------------------      -------      -------  ---------------------  -------------------     --------     --------  ----------------------  --------------------  


------------------------------------------------------------------------------------------------
| Inter Clock Table
| -----------------
------------------------------------------------------------------------------------------------

From Clock    To Clock          WNS(ns)      TNS(ns)  TNS Failing Endpoints  TNS Total Endpoints      WHS(ns)      THS(ns)  THS Failing Endpoints  THS Total Endpoints  
----------    --------          -------      -------  ---------------------  -------------------      -------      -------  ---------------------  -------------------  


------------------------------------------------------------------------------------------------
| Other Path Groups Table
| -----------------------
------------------------------------------------------------------------------------------------

Path Group    From Clock    To Clock          WNS(ns)      TNS(ns)  TNS Failing Endpoints  TNS Total Endpoints      WHS(ns)      THS(ns)  THS Failing Endpoints  THS Total Endpoints  
----------    ----------    --------          -------      -------  ---------------------  -------------------      -------      -------  ---------------------  -------------------  


------------------------------------------------------------------------------------------------
| User Ignored Path Table
| -----------------------
------------------------------------------------------------------------------------------------

Path Group    From Clock    To Clock    
----------    ----------    --------    


------------------------------------------------------------------------------------------------
| Unconstrained Path Table
| ------------------------
------------------------------------------------------------------------------------------------

Path Group    From Clock    To Clock    
----------    ----------    --------    
(none)                                    


------------------------------------------------------------------------------------------------
| Timing Details
| --------------
------------------------------------------------------------------------------------------------


--------------------------------------------------------------------------------------
Path Group:  (none)
From Clock:  
  To Clock:  

Max Delay            30 Endpoints
Min Delay            30 Endpoints
--------------------------------------------------------------------------------------


Max Delay Paths
--------------------------------------------------------------------------------------
Slack:                    inf
  Source:                 Q_reg/C
                            (rising edge-triggered cell FDRE)
  Destination:            Qbar
                            (output port)
  Path Group:             (none)
  Path Type:              Max at Slow Process Corner
  Data Path Delay:        6.894ns  (logic 4.157ns (60.307%)  route 2.736ns (39.693%))
  Logic Levels:           3  (FDRE=1 LUT1=1 OBUF=1)

    Location             Delay type                Incr(ns)  Path(ns)    Netlist Resource(s)
  -------------------------------------------------------------------    -------------------
    SLICE_X64Y48         FDRE                         0.000     0.000 r  Q_reg/C
    SLICE_X64Y48         FDRE (Prop_fdre_C_Q)         0.518     0.518 f  Q_reg/Q
                         net (fo=3, routed)           0.656     1.174    Q_OBUF
    SLICE_X64Y48         LUT1 (Prop_lut1_I0_O)        0.124     1.298 r  Qbar_OBUF_inst_i_1/O
                         net (fo=1, routed)           2.081     3.378    Qbar_OBUF
    P1                   OBUF (Prop_obuf_I_O)         3.515     6.894 r  Qbar_OBUF_inst/O
                         net (fo=0)                   0.000     6.894    Qbar
    P1                                                                r  Qbar (OUT)
  -------------------------------------------------------------------    -------------------

Slack:                    inf
  Source:                 Q_reg/C
                            (rising edge-triggered cell FDRE)
  Destination:            Q
                            (output port)
  Path Group:             (none)
  Path Type:              Max at Slow Process Corner
  Data Path Delay:        6.879ns  (logic 4.039ns (58.717%)  route 2.840ns (41.283%))
  Logic Levels:           2  (FDRE=1 OBUF=1)

    Location             Delay type                Incr(ns)  Path(ns)    Netlist Resource(s)
  -------------------------------------------------------------------    -------------------
    SLICE_X64Y48         FDRE                         0.000     0.000 r  Q_reg/C
    SLICE_X64Y48         FDRE (Prop_fdre_C_Q)         0.518     0.518 r  Q_reg/Q
                         net (fo=3, routed)           2.840     3.358    Q_OBUF
    L1                   OBUF (Prop_obuf_I_O)         3.521     6.879 r  Q_OBUF_inst/O
                         net (fo=0)                   0.000     6.879    Q
    L1                                                                r  Q (OUT)
  -------------------------------------------------------------------    -------------------

Slack:                    inf
  Source:                 preset
                            (input port)
  Destination:            Q_reg/D
  Path Group:             (none)
  Path Type:              Max at Slow Process Corner
  Data Path Delay:        3.397ns  (logic 1.619ns (47.648%)  route 1.778ns (52.352%))
  Logic Levels:           2  (IBUF=1 LUT5=1)

    Location             Delay type                Incr(ns)  Path(ns)    Netlist Resource(s)
  -------------------------------------------------------------------    -------------------
    W2                                                0.000     0.000 r  preset (IN)
                         net (fo=0)                   0.000     0.000    preset
    W2                   IBUF (Prop_ibuf_I_O)         1.469     1.469 r  preset_IBUF_inst/O
                         net (fo=1, routed)           1.778     3.247    preset_IBUF
    SLICE_X64Y48         LUT5 (Prop_lut5_I0_O)        0.150     3.397 r  Q_i_1/O
                         net (fo=1, routed)           0.000     3.397    Q_i_1_n_0
    SLICE_X64Y48         FDRE                                         r  Q_reg/D
  -------------------------------------------------------------------    -------------------

Slack:                    inf
  Source:                 cnt_reg[1]/C
                            (rising edge-triggered cell FDRE)
  Destination:            cnt_reg[25]/D
  Path Group:             (none)
  Path Type:              Max at Slow Process Corner
  Data Path Delay:        2.514ns  (logic 2.034ns (80.891%)  route 0.480ns (19.109%))
  Logic Levels:           8  (CARRY4=7 FDRE=1)

    Location             Delay type                Incr(ns)  Path(ns)    Netlist Resource(s)
  -------------------------------------------------------------------    -------------------
    SLICE_X65Y43         FDRE                         0.000     0.000 r  cnt_reg[1]/C
    SLICE_X65Y43         FDRE (Prop_fdre_C_Q)         0.456     0.456 r  cnt_reg[1]/Q
                         net (fo=1, routed)           0.480     0.936    cnt_reg_n_0_[1]
    SLICE_X65Y43         CARRY4 (Prop_carry4_S[1]_CO[3])
                                                      0.674     1.610 r  cnt_reg[0]_i_1/CO[3]
                         net (fo=1, routed)           0.000     1.610    cnt_reg[0]_i_1_n_0
    SLICE_X65Y44         CARRY4 (Prop_carry4_CI_CO[3])
                                                      0.114     1.724 r  cnt_reg[4]_i_1/CO[3]
                         net (fo=1, routed)           0.000     1.724    cnt_reg[4]_i_1_n_0
    SLICE_X65Y45         CARRY4 (Prop_carry4_CI_CO[3])
                                                      0.114     1.838 r  cnt_reg[8]_i_1/CO[3]
                         net (fo=1, routed)           0.000     1.838    cnt_reg[8]_i_1_n_0
    SLICE_X65Y46         CARRY4 (Prop_carry4_CI_CO[3])
                                                      0.114     1.952 r  cnt_reg[12]_i_1/CO[3]
                         net (fo=1, routed)           0.000     1.952    cnt_reg[12]_i_1_n_0
    SLICE_X65Y47         CARRY4 (Prop_carry4_CI_CO[3])
                                                      0.114     2.066 r  cnt_reg[16]_i_1/CO[3]
                         net (fo=1, routed)           0.000     2.066    cnt_reg[16]_i_1_n_0
    SLICE_X65Y48         CARRY4 (Prop_carry4_CI_CO[3])
                                                      0.114     2.180 r  cnt_reg[20]_i_1/CO[3]
                         net (fo=1, routed)           0.000     2.180    cnt_reg[20]_i_1_n_0
    SLICE_X65Y49         CARRY4 (Prop_carry4_CI_O[1])
                                                      0.334     2.514 r  cnt_reg[24]_i_1/O[1]
                         net (fo=1, routed)           0.000     2.514    cnt_reg[24]_i_1_n_6
    SLICE_X65Y49         FDRE                                         r  cnt_reg[25]/D
  -------------------------------------------------------------------    -------------------

Slack:                    inf
  Source:                 cnt_reg[1]/C
                            (rising edge-triggered cell FDRE)
  Destination:            cnt_reg[26]/D
  Path Group:             (none)
  Path Type:              Max at Slow Process Corner
  Data Path Delay:        2.419ns  (logic 1.939ns (80.141%)  route 0.480ns (19.859%))
  Logic Levels:           8  (CARRY4=7 FDRE=1)

    Location             Delay type                Incr(ns)  Path(ns)    Netlist Resource(s)
  -------------------------------------------------------------------    -------------------
    SLICE_X65Y43         FDRE                         0.000     0.000 r  cnt_reg[1]/C
    SLICE_X65Y43         FDRE (Prop_fdre_C_Q)         0.456     0.456 r  cnt_reg[1]/Q
                         net (fo=1, routed)           0.480     0.936    cnt_reg_n_0_[1]
    SLICE_X65Y43         CARRY4 (Prop_carry4_S[1]_CO[3])
                                                      0.674     1.610 r  cnt_reg[0]_i_1/CO[3]
                         net (fo=1, routed)           0.000     1.610    cnt_reg[0]_i_1_n_0
    SLICE_X65Y44         CARRY4 (Prop_carry4_CI_CO[3])
                                                      0.114     1.724 r  cnt_reg[4]_i_1/CO[3]
                         net (fo=1, routed)           0.000     1.724    cnt_reg[4]_i_1_n_0
    SLICE_X65Y45         CARRY4 (Prop_carry4_CI_CO[3])
                                                      0.114     1.838 r  cnt_reg[8]_i_1/CO[3]
                         net (fo=1, routed)           0.000     1.838    cnt_reg[8]_i_1_n_0
    SLICE_X65Y46         CARRY4 (Prop_carry4_CI_CO[3])
                                                      0.114     1.952 r  cnt_reg[12]_i_1/CO[3]
                         net (fo=1, routed)           0.000     1.952    cnt_reg[12]_i_1_n_0
    SLICE_X65Y47         CARRY4 (Prop_carry4_CI_CO[3])
                                                      0.114     2.066 r  cnt_reg[16]_i_1/CO[3]
                         net (fo=1, routed)           0.000     2.066    cnt_reg[16]_i_1_n_0
    SLICE_X65Y48         CARRY4 (Prop_carry4_CI_CO[3])
                                                      0.114     2.180 r  cnt_reg[20]_i_1/CO[3]
                         net (fo=1, routed)           0.000     2.180    cnt_reg[20]_i_1_n_0
    SLICE_X65Y49         CARRY4 (Prop_carry4_CI_O[2])
                                                      0.239     2.419 r  cnt_reg[24]_i_1/O[2]
                         net (fo=1, routed)           0.000     2.419    cnt_reg[24]_i_1_n_5
    SLICE_X65Y49         FDRE                                         r  cnt_reg[26]/D
  -------------------------------------------------------------------    -------------------

Slack:                    inf
  Source:                 cnt_reg[1]/C
                            (rising edge-triggered cell FDRE)
  Destination:            cnt_reg[24]/D
  Path Group:             (none)
  Path Type:              Max at Slow Process Corner
  Data Path Delay:        2.403ns  (logic 1.923ns (80.009%)  route 0.480ns (19.991%))
  Logic Levels:           8  (CARRY4=7 FDRE=1)

    Location             Delay type                Incr(ns)  Path(ns)    Netlist Resource(s)
  -------------------------------------------------------------------    -------------------
    SLICE_X65Y43         FDRE                         0.000     0.000 r  cnt_reg[1]/C
    SLICE_X65Y43         FDRE (Prop_fdre_C_Q)         0.456     0.456 r  cnt_reg[1]/Q
                         net (fo=1, routed)           0.480     0.936    cnt_reg_n_0_[1]
    SLICE_X65Y43         CARRY4 (Prop_carry4_S[1]_CO[3])
                                                      0.674     1.610 r  cnt_reg[0]_i_1/CO[3]
                         net (fo=1, routed)           0.000     1.610    cnt_reg[0]_i_1_n_0
    SLICE_X65Y44         CARRY4 (Prop_carry4_CI_CO[3])
                                                      0.114     1.724 r  cnt_reg[4]_i_1/CO[3]
                         net (fo=1, routed)           0.000     1.724    cnt_reg[4]_i_1_n_0
    SLICE_X65Y45         CARRY4 (Prop_carry4_CI_CO[3])
                                                      0.114     1.838 r  cnt_reg[8]_i_1/CO[3]
                         net (fo=1, routed)           0.000     1.838    cnt_reg[8]_i_1_n_0
    SLICE_X65Y46         CARRY4 (Prop_carry4_CI_CO[3])
                                                      0.114     1.952 r  cnt_reg[12]_i_1/CO[3]
                         net (fo=1, routed)           0.000     1.952    cnt_reg[12]_i_1_n_0
    SLICE_X65Y47         CARRY4 (Prop_carry4_CI_CO[3])
                                                      0.114     2.066 r  cnt_reg[16]_i_1/CO[3]
                         net (fo=1, routed)           0.000     2.066    cnt_reg[16]_i_1_n_0
    SLICE_X65Y48         CARRY4 (Prop_carry4_CI_CO[3])
                                                      0.114     2.180 r  cnt_reg[20]_i_1/CO[3]
                         net (fo=1, routed)           0.000     2.180    cnt_reg[20]_i_1_n_0
    SLICE_X65Y49         CARRY4 (Prop_carry4_CI_O[0])
                                                      0.223     2.403 r  cnt_reg[24]_i_1/O[0]
                         net (fo=1, routed)           0.000     2.403    cnt_reg[24]_i_1_n_7
    SLICE_X65Y49         FDRE                                         r  cnt_reg[24]/D
  -------------------------------------------------------------------    -------------------

Slack:                    inf
  Source:                 cnt_reg[1]/C
                            (rising edge-triggered cell FDRE)
  Destination:            cnt_reg[21]/D
  Path Group:             (none)
  Path Type:              Max at Slow Process Corner
  Data Path Delay:        2.400ns  (logic 1.920ns (79.984%)  route 0.480ns (20.016%))
  Logic Levels:           7  (CARRY4=6 FDRE=1)

    Location             Delay type                Incr(ns)  Path(ns)    Netlist Resource(s)
  -------------------------------------------------------------------    -------------------
    SLICE_X65Y43         FDRE                         0.000     0.000 r  cnt_reg[1]/C
    SLICE_X65Y43         FDRE (Prop_fdre_C_Q)         0.456     0.456 r  cnt_reg[1]/Q
                         net (fo=1, routed)           0.480     0.936    cnt_reg_n_0_[1]
    SLICE_X65Y43         CARRY4 (Prop_carry4_S[1]_CO[3])
                                                      0.674     1.610 r  cnt_reg[0]_i_1/CO[3]
                         net (fo=1, routed)           0.000     1.610    cnt_reg[0]_i_1_n_0
    SLICE_X65Y44         CARRY4 (Prop_carry4_CI_CO[3])
                                                      0.114     1.724 r  cnt_reg[4]_i_1/CO[3]
                         net (fo=1, routed)           0.000     1.724    cnt_reg[4]_i_1_n_0
    SLICE_X65Y45         CARRY4 (Prop_carry4_CI_CO[3])
                                                      0.114     1.838 r  cnt_reg[8]_i_1/CO[3]
                         net (fo=1, routed)           0.000     1.838    cnt_reg[8]_i_1_n_0
    SLICE_X65Y46         CARRY4 (Prop_carry4_CI_CO[3])
                                                      0.114     1.952 r  cnt_reg[12]_i_1/CO[3]
                         net (fo=1, routed)           0.000     1.952    cnt_reg[12]_i_1_n_0
    SLICE_X65Y47         CARRY4 (Prop_carry4_CI_CO[3])
                                                      0.114     2.066 r  cnt_reg[16]_i_1/CO[3]
                         net (fo=1, routed)           0.000     2.066    cnt_reg[16]_i_1_n_0
    SLICE_X65Y48         CARRY4 (Prop_carry4_CI_O[1])
                                                      0.334     2.400 r  cnt_reg[20]_i_1/O[1]
                         net (fo=1, routed)           0.000     2.400    cnt_reg[20]_i_1_n_6
    SLICE_X65Y48         FDRE                                         r  cnt_reg[21]/D
  -------------------------------------------------------------------    -------------------

Slack:                    inf
  Source:                 cnt_reg[1]/C
                            (rising edge-triggered cell FDRE)
  Destination:            cnt_reg[23]/D
  Path Group:             (none)
  Path Type:              Max at Slow Process Corner
  Data Path Delay:        2.379ns  (logic 1.899ns (79.807%)  route 0.480ns (20.193%))
  Logic Levels:           7  (CARRY4=6 FDRE=1)

    Location             Delay type                Incr(ns)  Path(ns)    Netlist Resource(s)
  -------------------------------------------------------------------    -------------------
    SLICE_X65Y43         FDRE                         0.000     0.000 r  cnt_reg[1]/C
    SLICE_X65Y43         FDRE (Prop_fdre_C_Q)         0.456     0.456 r  cnt_reg[1]/Q
                         net (fo=1, routed)           0.480     0.936    cnt_reg_n_0_[1]
    SLICE_X65Y43         CARRY4 (Prop_carry4_S[1]_CO[3])
                                                      0.674     1.610 r  cnt_reg[0]_i_1/CO[3]
                         net (fo=1, routed)           0.000     1.610    cnt_reg[0]_i_1_n_0
    SLICE_X65Y44         CARRY4 (Prop_carry4_CI_CO[3])
                                                      0.114     1.724 r  cnt_reg[4]_i_1/CO[3]
                         net (fo=1, routed)           0.000     1.724    cnt_reg[4]_i_1_n_0
    SLICE_X65Y45         CARRY4 (Prop_carry4_CI_CO[3])
                                                      0.114     1.838 r  cnt_reg[8]_i_1/CO[3]
                         net (fo=1, routed)           0.000     1.838    cnt_reg[8]_i_1_n_0
    SLICE_X65Y46         CARRY4 (Prop_carry4_CI_CO[3])
                                                      0.114     1.952 r  cnt_reg[12]_i_1/CO[3]
                         net (fo=1, routed)           0.000     1.952    cnt_reg[12]_i_1_n_0
    SLICE_X65Y47         CARRY4 (Prop_carry4_CI_CO[3])
                                                      0.114     2.066 r  cnt_reg[16]_i_1/CO[3]
                         net (fo=1, routed)           0.000     2.066    cnt_reg[16]_i_1_n_0
    SLICE_X65Y48         CARRY4 (Prop_carry4_CI_O[3])
                                                      0.313     2.379 r  cnt_reg[20]_i_1/O[3]
                         net (fo=1, routed)           0.000     2.379    cnt_reg[20]_i_1_n_4
    SLICE_X65Y48         FDRE                                         r  cnt_reg[23]/D
  -------------------------------------------------------------------    -------------------

Slack:                    inf
  Source:                 cnt_reg[1]/C
                            (rising edge-triggered cell FDRE)
  Destination:            cnt_reg[22]/D
  Path Group:             (none)
  Path Type:              Max at Slow Process Corner
  Data Path Delay:        2.305ns  (logic 1.825ns (79.159%)  route 0.480ns (20.841%))
  Logic Levels:           7  (CARRY4=6 FDRE=1)

    Location             Delay type                Incr(ns)  Path(ns)    Netlist Resource(s)
  -------------------------------------------------------------------    -------------------
    SLICE_X65Y43         FDRE                         0.000     0.000 r  cnt_reg[1]/C
    SLICE_X65Y43         FDRE (Prop_fdre_C_Q)         0.456     0.456 r  cnt_reg[1]/Q
                         net (fo=1, routed)           0.480     0.936    cnt_reg_n_0_[1]
    SLICE_X65Y43         CARRY4 (Prop_carry4_S[1]_CO[3])
                                                      0.674     1.610 r  cnt_reg[0]_i_1/CO[3]
                         net (fo=1, routed)           0.000     1.610    cnt_reg[0]_i_1_n_0
    SLICE_X65Y44         CARRY4 (Prop_carry4_CI_CO[3])
                                                      0.114     1.724 r  cnt_reg[4]_i_1/CO[3]
                         net (fo=1, routed)           0.000     1.724    cnt_reg[4]_i_1_n_0
    SLICE_X65Y45         CARRY4 (Prop_carry4_CI_CO[3])
                                                      0.114     1.838 r  cnt_reg[8]_i_1/CO[3]
                         net (fo=1, routed)           0.000     1.838    cnt_reg[8]_i_1_n_0
    SLICE_X65Y46         CARRY4 (Prop_carry4_CI_CO[3])
                                                      0.114     1.952 r  cnt_reg[12]_i_1/CO[3]
                         net (fo=1, routed)           0.000     1.952    cnt_reg[12]_i_1_n_0
    SLICE_X65Y47         CARRY4 (Prop_carry4_CI_CO[3])
                                                      0.114     2.066 r  cnt_reg[16]_i_1/CO[3]
                         net (fo=1, routed)           0.000     2.066    cnt_reg[16]_i_1_n_0
    SLICE_X65Y48         CARRY4 (Prop_carry4_CI_O[2])
                                                      0.239     2.305 r  cnt_reg[20]_i_1/O[2]
                         net (fo=1, routed)           0.000     2.305    cnt_reg[20]_i_1_n_5
    SLICE_X65Y48         FDRE                                         r  cnt_reg[22]/D
  -------------------------------------------------------------------    -------------------

Slack:                    inf
  Source:                 cnt_reg[1]/C
                            (rising edge-triggered cell FDRE)
  Destination:            cnt_reg[20]/D
  Path Group:             (none)
  Path Type:              Max at Slow Process Corner
  Data Path Delay:        2.289ns  (logic 1.809ns (79.013%)  route 0.480ns (20.987%))
  Logic Levels:           7  (CARRY4=6 FDRE=1)

    Location             Delay type                Incr(ns)  Path(ns)    Netlist Resource(s)
  -------------------------------------------------------------------    -------------------
    SLICE_X65Y43         FDRE                         0.000     0.000 r  cnt_reg[1]/C
    SLICE_X65Y43         FDRE (Prop_fdre_C_Q)         0.456     0.456 r  cnt_reg[1]/Q
                         net (fo=1, routed)           0.480     0.936    cnt_reg_n_0_[1]
    SLICE_X65Y43         CARRY4 (Prop_carry4_S[1]_CO[3])
                                                      0.674     1.610 r  cnt_reg[0]_i_1/CO[3]
                         net (fo=1, routed)           0.000     1.610    cnt_reg[0]_i_1_n_0
    SLICE_X65Y44         CARRY4 (Prop_carry4_CI_CO[3])
                                                      0.114     1.724 r  cnt_reg[4]_i_1/CO[3]
                         net (fo=1, routed)           0.000     1.724    cnt_reg[4]_i_1_n_0
    SLICE_X65Y45         CARRY4 (Prop_carry4_CI_CO[3])
                                                      0.114     1.838 r  cnt_reg[8]_i_1/CO[3]
                         net (fo=1, routed)           0.000     1.838    cnt_reg[8]_i_1_n_0
    SLICE_X65Y46         CARRY4 (Prop_carry4_CI_CO[3])
                                                      0.114     1.952 r  cnt_reg[12]_i_1/CO[3]
                         net (fo=1, routed)           0.000     1.952    cnt_reg[12]_i_1_n_0
    SLICE_X65Y47         CARRY4 (Prop_carry4_CI_CO[3])
                                                      0.114     2.066 r  cnt_reg[16]_i_1/CO[3]
                         net (fo=1, routed)           0.000     2.066    cnt_reg[16]_i_1_n_0
    SLICE_X65Y48         CARRY4 (Prop_carry4_CI_O[0])
                                                      0.223     2.289 r  cnt_reg[20]_i_1/O[0]
                         net (fo=1, routed)           0.000     2.289    cnt_reg[20]_i_1_n_7
    SLICE_X65Y48         FDRE                                         r  cnt_reg[20]/D
  -------------------------------------------------------------------    -------------------





Min Delay Paths
--------------------------------------------------------------------------------------
Slack:                    inf
  Source:                 cnt_reg[11]/C
                            (rising edge-triggered cell FDRE)
  Destination:            cnt_reg[11]/D
  Path Group:             (none)
  Path Type:              Min at Fast Process Corner
  Data Path Delay:        0.357ns  (logic 0.249ns (69.714%)  route 0.108ns (30.286%))
  Logic Levels:           2  (CARRY4=1 FDRE=1)

    Location             Delay type                Incr(ns)  Path(ns)    Netlist Resource(s)
  -------------------------------------------------------------------    -------------------
    SLICE_X65Y45         FDRE                         0.000     0.000 r  cnt_reg[11]/C
    SLICE_X65Y45         FDRE (Prop_fdre_C_Q)         0.141     0.141 r  cnt_reg[11]/Q
                         net (fo=1, routed)           0.108     0.249    cnt_reg_n_0_[11]
    SLICE_X65Y45         CARRY4 (Prop_carry4_S[3]_O[3])
                                                      0.108     0.357 r  cnt_reg[8]_i_1/O[3]
                         net (fo=1, routed)           0.000     0.357    cnt_reg[8]_i_1_n_4
    SLICE_X65Y45         FDRE                                         r  cnt_reg[11]/D
  -------------------------------------------------------------------    -------------------

Slack:                    inf
  Source:                 cnt_reg[15]/C
                            (rising edge-triggered cell FDRE)
  Destination:            cnt_reg[15]/D
  Path Group:             (none)
  Path Type:              Min at Fast Process Corner
  Data Path Delay:        0.357ns  (logic 0.249ns (69.714%)  route 0.108ns (30.286%))
  Logic Levels:           2  (CARRY4=1 FDRE=1)

    Location             Delay type                Incr(ns)  Path(ns)    Netlist Resource(s)
  -------------------------------------------------------------------    -------------------
    SLICE_X65Y46         FDRE                         0.000     0.000 r  cnt_reg[15]/C
    SLICE_X65Y46         FDRE (Prop_fdre_C_Q)         0.141     0.141 r  cnt_reg[15]/Q
                         net (fo=1, routed)           0.108     0.249    cnt_reg_n_0_[15]
    SLICE_X65Y46         CARRY4 (Prop_carry4_S[3]_O[3])
                                                      0.108     0.357 r  cnt_reg[12]_i_1/O[3]
                         net (fo=1, routed)           0.000     0.357    cnt_reg[12]_i_1_n_4
    SLICE_X65Y46         FDRE                                         r  cnt_reg[15]/D
  -------------------------------------------------------------------    -------------------

Slack:                    inf
  Source:                 cnt_reg[19]/C
                            (rising edge-triggered cell FDRE)
  Destination:            cnt_reg[19]/D
  Path Group:             (none)
  Path Type:              Min at Fast Process Corner
  Data Path Delay:        0.357ns  (logic 0.249ns (69.714%)  route 0.108ns (30.286%))
  Logic Levels:           2  (CARRY4=1 FDRE=1)

    Location             Delay type                Incr(ns)  Path(ns)    Netlist Resource(s)
  -------------------------------------------------------------------    -------------------
    SLICE_X65Y47         FDRE                         0.000     0.000 r  cnt_reg[19]/C
    SLICE_X65Y47         FDRE (Prop_fdre_C_Q)         0.141     0.141 r  cnt_reg[19]/Q
                         net (fo=1, routed)           0.108     0.249    cnt_reg_n_0_[19]
    SLICE_X65Y47         CARRY4 (Prop_carry4_S[3]_O[3])
                                                      0.108     0.357 r  cnt_reg[16]_i_1/O[3]
                         net (fo=1, routed)           0.000     0.357    cnt_reg[16]_i_1_n_4
    SLICE_X65Y47         FDRE                                         r  cnt_reg[19]/D
  -------------------------------------------------------------------    -------------------

Slack:                    inf
  Source:                 cnt_reg[23]/C
                            (rising edge-triggered cell FDRE)
  Destination:            cnt_reg[23]/D
  Path Group:             (none)
  Path Type:              Min at Fast Process Corner
  Data Path Delay:        0.357ns  (logic 0.249ns (69.714%)  route 0.108ns (30.286%))
  Logic Levels:           2  (CARRY4=1 FDRE=1)

    Location             Delay type                Incr(ns)  Path(ns)    Netlist Resource(s)
  -------------------------------------------------------------------    -------------------
    SLICE_X65Y48         FDRE                         0.000     0.000 r  cnt_reg[23]/C
    SLICE_X65Y48         FDRE (Prop_fdre_C_Q)         0.141     0.141 r  cnt_reg[23]/Q
                         net (fo=1, routed)           0.108     0.249    cnt_reg_n_0_[23]
    SLICE_X65Y48         CARRY4 (Prop_carry4_S[3]_O[3])
                                                      0.108     0.357 r  cnt_reg[20]_i_1/O[3]
                         net (fo=1, routed)           0.000     0.357    cnt_reg[20]_i_1_n_4
    SLICE_X65Y48         FDRE                                         r  cnt_reg[23]/D
  -------------------------------------------------------------------    -------------------

Slack:                    inf
  Source:                 cnt_reg[3]/C
                            (rising edge-triggered cell FDRE)
  Destination:            cnt_reg[3]/D
  Path Group:             (none)
  Path Type:              Min at Fast Process Corner
  Data Path Delay:        0.357ns  (logic 0.249ns (69.714%)  route 0.108ns (30.286%))
  Logic Levels:           2  (CARRY4=1 FDRE=1)

    Location             Delay type                Incr(ns)  Path(ns)    Netlist Resource(s)
  -------------------------------------------------------------------    -------------------
    SLICE_X65Y43         FDRE                         0.000     0.000 r  cnt_reg[3]/C
    SLICE_X65Y43         FDRE (Prop_fdre_C_Q)         0.141     0.141 r  cnt_reg[3]/Q
                         net (fo=1, routed)           0.108     0.249    cnt_reg_n_0_[3]
    SLICE_X65Y43         CARRY4 (Prop_carry4_S[3]_O[3])
                                                      0.108     0.357 r  cnt_reg[0]_i_1/O[3]
                         net (fo=1, routed)           0.000     0.357    cnt_reg[0]_i_1_n_4
    SLICE_X65Y43         FDRE                                         r  cnt_reg[3]/D
  -------------------------------------------------------------------    -------------------

Slack:                    inf
  Source:                 cnt_reg[7]/C
                            (rising edge-triggered cell FDRE)
  Destination:            cnt_reg[7]/D
  Path Group:             (none)
  Path Type:              Min at Fast Process Corner
  Data Path Delay:        0.357ns  (logic 0.249ns (69.714%)  route 0.108ns (30.286%))
  Logic Levels:           2  (CARRY4=1 FDRE=1)

    Location             Delay type                Incr(ns)  Path(ns)    Netlist Resource(s)
  -------------------------------------------------------------------    -------------------
    SLICE_X65Y44         FDRE                         0.000     0.000 r  cnt_reg[7]/C
    SLICE_X65Y44         FDRE (Prop_fdre_C_Q)         0.141     0.141 r  cnt_reg[7]/Q
                         net (fo=1, routed)           0.108     0.249    cnt_reg_n_0_[7]
    SLICE_X65Y44         CARRY4 (Prop_carry4_S[3]_O[3])
                                                      0.108     0.357 r  cnt_reg[4]_i_1/O[3]
                         net (fo=1, routed)           0.000     0.357    cnt_reg[4]_i_1_n_4
    SLICE_X65Y44         FDRE                                         r  cnt_reg[7]/D
  -------------------------------------------------------------------    -------------------

Slack:                    inf
  Source:                 cnt_reg[12]/C
                            (rising edge-triggered cell FDRE)
  Destination:            cnt_reg[12]/D
  Path Group:             (none)
  Path Type:              Min at Fast Process Corner
  Data Path Delay:        0.361ns  (logic 0.256ns (70.880%)  route 0.105ns (29.120%))
  Logic Levels:           2  (CARRY4=1 FDRE=1)

    Location             Delay type                Incr(ns)  Path(ns)    Netlist Resource(s)
  -------------------------------------------------------------------    -------------------
    SLICE_X65Y46         FDRE                         0.000     0.000 r  cnt_reg[12]/C
    SLICE_X65Y46         FDRE (Prop_fdre_C_Q)         0.141     0.141 r  cnt_reg[12]/Q
                         net (fo=1, routed)           0.105     0.246    cnt_reg_n_0_[12]
    SLICE_X65Y46         CARRY4 (Prop_carry4_S[0]_O[0])
                                                      0.115     0.361 r  cnt_reg[12]_i_1/O[0]
                         net (fo=1, routed)           0.000     0.361    cnt_reg[12]_i_1_n_7
    SLICE_X65Y46         FDRE                                         r  cnt_reg[12]/D
  -------------------------------------------------------------------    -------------------

Slack:                    inf
  Source:                 cnt_reg[16]/C
                            (rising edge-triggered cell FDRE)
  Destination:            cnt_reg[16]/D
  Path Group:             (none)
  Path Type:              Min at Fast Process Corner
  Data Path Delay:        0.361ns  (logic 0.256ns (70.880%)  route 0.105ns (29.120%))
  Logic Levels:           2  (CARRY4=1 FDRE=1)

    Location             Delay type                Incr(ns)  Path(ns)    Netlist Resource(s)
  -------------------------------------------------------------------    -------------------
    SLICE_X65Y47         FDRE                         0.000     0.000 r  cnt_reg[16]/C
    SLICE_X65Y47         FDRE (Prop_fdre_C_Q)         0.141     0.141 r  cnt_reg[16]/Q
                         net (fo=1, routed)           0.105     0.246    cnt_reg_n_0_[16]
    SLICE_X65Y47         CARRY4 (Prop_carry4_S[0]_O[0])
                                                      0.115     0.361 r  cnt_reg[16]_i_1/O[0]
                         net (fo=1, routed)           0.000     0.361    cnt_reg[16]_i_1_n_7
    SLICE_X65Y47         FDRE                                         r  cnt_reg[16]/D
  -------------------------------------------------------------------    -------------------

Slack:                    inf
  Source:                 cnt_reg[20]/C
                            (rising edge-triggered cell FDRE)
  Destination:            cnt_reg[20]/D
  Path Group:             (none)
  Path Type:              Min at Fast Process Corner
  Data Path Delay:        0.361ns  (logic 0.256ns (70.880%)  route 0.105ns (29.120%))
  Logic Levels:           2  (CARRY4=1 FDRE=1)

    Location             Delay type                Incr(ns)  Path(ns)    Netlist Resource(s)
  -------------------------------------------------------------------    -------------------
    SLICE_X65Y48         FDRE                         0.000     0.000 r  cnt_reg[20]/C
    SLICE_X65Y48         FDRE (Prop_fdre_C_Q)         0.141     0.141 r  cnt_reg[20]/Q
                         net (fo=1, routed)           0.105     0.246    cnt_reg_n_0_[20]
    SLICE_X65Y48         CARRY4 (Prop_carry4_S[0]_O[0])
                                                      0.115     0.361 r  cnt_reg[20]_i_1/O[0]
                         net (fo=1, routed)           0.000     0.361    cnt_reg[20]_i_1_n_7
    SLICE_X65Y48         FDRE                                         r  cnt_reg[20]/D
  -------------------------------------------------------------------    -------------------

Slack:                    inf
  Source:                 cnt_reg[24]/C
                            (rising edge-triggered cell FDRE)
  Destination:            cnt_reg[24]/D
  Path Group:             (none)
  Path Type:              Min at Fast Process Corner
  Data Path Delay:        0.361ns  (logic 0.256ns (70.880%)  route 0.105ns (29.120%))
  Logic Levels:           2  (CARRY4=1 FDRE=1)

    Location             Delay type                Incr(ns)  Path(ns)    Netlist Resource(s)
  -------------------------------------------------------------------    -------------------
    SLICE_X65Y49         FDRE                         0.000     0.000 r  cnt_reg[24]/C
    SLICE_X65Y49         FDRE (Prop_fdre_C_Q)         0.141     0.141 r  cnt_reg[24]/Q
                         net (fo=1, routed)           0.105     0.246    cnt_reg_n_0_[24]
    SLICE_X65Y49         CARRY4 (Prop_carry4_S[0]_O[0])
                                                      0.115     0.361 r  cnt_reg[24]_i_1/O[0]
                         net (fo=1, routed)           0.000     0.361    cnt_reg[24]_i_1_n_7
    SLICE_X65Y49         FDRE                                         r  cnt_reg[24]/D
  -------------------------------------------------------------------    -------------------





