Copyright 1986-2022 Xilinx, Inc. All Rights Reserved. Copyright 2022-2025 Advanced Micro Devices, Inc. All Rights Reserved.
---------------------------------------------------------------------------------------------------------------------------------------------------------------------------------------------------------------------
| Tool Version : Vivado v.2025.1 (win64) Build 6140274 Thu May 22 00:12:29 MDT 2025
| Date         : Tue Jun  9 11:38:59 2026
| Host         : LAPTOP-9AHF2G73 running 64-bit major release  (build 9200)
| Command      : report_timing_summary -max_paths 10 -routable_nets -report_unconstrained -file RCA_timing_summary_routed.rpt -pb RCA_timing_summary_routed.pb -rpx RCA_timing_summary_routed.rpx -warn_on_violation
| Design       : RCA
| Device       : 7s50-csga324
| Speed File   : -1  PRODUCTION 1.23 2018-06-13
| Design State : Routed
---------------------------------------------------------------------------------------------------------------------------------------------------------------------------------------------------------------------

Timing Summary Report

------------------------------------------------------------------------------------------------
| Timer Settings
| --------------
------------------------------------------------------------------------------------------------

  Enable Multi Corner Analysis               :  Yes
  Enable Pessimism Removal                   :  Yes
  Pessimism Removal Resolution               :  Nearest Common Node
  Enable Input Delay Default Clock           :  No
  Enable Preset / Clear Arcs                 :  No
  Disable Flight Delays                      :  No
  Ignore I/O Paths                           :  No
  Timing Early Launch at Borrowing Latches   :  No
  Borrow Time for Max Delay Exceptions       :  Yes
  Merge Timing Exceptions                    :  Yes
  Inter-SLR Compensation                     :  Conservative

  Corner  Analyze    Analyze    
  Name    Max Paths  Min Paths  
  ------  ---------  ---------  
  Slow    Yes        Yes        
  Fast    Yes        Yes        


------------------------------------------------------------------------------------------------
| Report Methodology
| ------------------
------------------------------------------------------------------------------------------------

No report available as report_methodology has not been run prior. Run report_methodology on the current design for the summary of methodology violations.



check_timing report

Table of Contents
-----------------
1. checking no_clock (0)
2. checking constant_clock (0)
3. checking pulse_width_clock (0)
4. checking unconstrained_internal_endpoints (0)
5. checking no_input_delay (0)
6. checking no_output_delay (0)
7. checking multiple_clock (0)
8. checking generated_clocks (0)
9. checking loops (0)
10. checking partial_input_delay (0)
11. checking partial_output_delay (0)
12. checking latch_loops (0)

1. checking no_clock (0)
------------------------
 There are 0 register/latch pins with no clock.


2. checking constant_clock (0)
------------------------------
 There are 0 register/latch pins with constant_clock.


3. checking pulse_width_clock (0)
---------------------------------
 There are 0 register/latch pins which need pulse_width check


4. checking unconstrained_internal_endpoints (0)
------------------------------------------------
 There are 0 pins that are not constrained for maximum delay.

 There are 0 pins that are not constrained for maximum delay due to constant clock.


5. checking no_input_delay (0)
------------------------------
 There are 0 input ports with no input delay specified.

 There are 0 input ports with no input delay but user has a false path constraint.


6. checking no_output_delay (0)
-------------------------------
 There are 0 ports with no output delay specified.

 There are 0 ports with no output delay but user has a false path constraint

 There are 0 ports with no output delay but with a timing clock defined on it or propagating through it


7. checking multiple_clock (0)
------------------------------
 There are 0 register/latch pins with multiple clocks.


8. checking generated_clocks (0)
--------------------------------
 There are 0 generated clocks that are not connected to a clock source.


9. checking loops (0)
---------------------
 There are 0 combinational loops in the design.


10. checking partial_input_delay (0)
------------------------------------
 There are 0 input ports with partial input delay specified.


11. checking partial_output_delay (0)
-------------------------------------
 There are 0 ports with partial output delay specified.


12. checking latch_loops (0)
----------------------------
 There are 0 combinational latch loops in the design through latch input



------------------------------------------------------------------------------------------------
| Design Timing Summary
| ---------------------
------------------------------------------------------------------------------------------------

    WNS(ns)      TNS(ns)  TNS Failing Endpoints  TNS Total Endpoints      WHS(ns)      THS(ns)  THS Failing Endpoints  THS Total Endpoints     WPWS(ns)     TPWS(ns)  TPWS Failing Endpoints  TPWS Total Endpoints  
    -------      -------  ---------------------  -------------------      -------      -------  ---------------------  -------------------     --------     --------  ----------------------  --------------------  
        inf        0.000                      0                    5          inf        0.000                      0                    5           NA           NA                      NA                    NA  


There are no user specified timing constraints.


------------------------------------------------------------------------------------------------
| Clock Summary
| -------------
------------------------------------------------------------------------------------------------


------------------------------------------------------------------------------------------------
| Intra Clock Table
| -----------------
------------------------------------------------------------------------------------------------

Clock             WNS(ns)      TNS(ns)  TNS Failing Endpoints  TNS Total Endpoints      WHS(ns)      THS(ns)  THS Failing Endpoints  THS Total Endpoints     WPWS(ns)     TPWS(ns)  TPWS Failing Endpoints  TPWS Total Endpoints  
-----             -------      -------  ---------------------  -------------------      -------      -------  ---------------------  -------------------     --------     --------  ----------------------  --------------------  


------------------------------------------------------------------------------------------------
| Inter Clock Table
| -----------------
------------------------------------------------------------------------------------------------

From Clock    To Clock          WNS(ns)      TNS(ns)  TNS Failing Endpoints  TNS Total Endpoints      WHS(ns)      THS(ns)  THS Failing Endpoints  THS Total Endpoints  
----------    --------          -------      -------  ---------------------  -------------------      -------      -------  ---------------------  -------------------  


------------------------------------------------------------------------------------------------
| Other Path Groups Table
| -----------------------
------------------------------------------------------------------------------------------------

Path Group    From Clock    To Clock          WNS(ns)      TNS(ns)  TNS Failing Endpoints  TNS Total Endpoints      WHS(ns)      THS(ns)  THS Failing Endpoints  THS Total Endpoints  
----------    ----------    --------          -------      -------  ---------------------  -------------------      -------      -------  ---------------------  -------------------  


------------------------------------------------------------------------------------------------
| User Ignored Path Table
| -----------------------
------------------------------------------------------------------------------------------------

Path Group    From Clock    To Clock    
----------    ----------    --------    


------------------------------------------------------------------------------------------------
| Unconstrained Path Table
| ------------------------
------------------------------------------------------------------------------------------------

Path Group    From Clock    To Clock    
----------    ----------    --------    
(none)                                    


------------------------------------------------------------------------------------------------
| Timing Details
| --------------
------------------------------------------------------------------------------------------------


--------------------------------------------------------------------------------------
Path Group:  (none)
From Clock:  
  To Clock:  

Max Delay             5 Endpoints
Min Delay             5 Endpoints
--------------------------------------------------------------------------------------


Max Delay Paths
--------------------------------------------------------------------------------------
Slack:                    inf
  Source:                 a[0]
                            (input port)
  Destination:            s[2]
                            (output port)
  Path Group:             (none)
  Path Type:              Max at Slow Process Corner
  Data Path Delay:        10.769ns  (logic 5.236ns (48.625%)  route 5.532ns (51.375%))
  Logic Levels:           4  (IBUF=1 LUT3=1 LUT5=1 OBUF=1)

    Location             Delay type                Incr(ns)  Path(ns)    Netlist Resource(s)
  -------------------------------------------------------------------    -------------------
    N1                                                0.000     0.000 r  a[0] (IN)
                         net (fo=0)                   0.000     0.000    a[0]
    N1                   IBUF (Prop_ibuf_I_O)         1.452     1.452 r  a_IBUF[0]_inst/O
                         net (fo=3, routed)           1.762     3.214    a_IBUF[0]
    SLICE_X65Y39         LUT5 (Prop_lut5_I3_O)        0.124     3.338 r  c_out_OBUF_inst_i_2/O
                         net (fo=3, routed)           0.681     4.019    c1
    SLICE_X65Y39         LUT3 (Prop_lut3_I0_O)        0.124     4.143 r  s_OBUF[2]_inst_i_1/O
                         net (fo=1, routed)           3.089     7.232    s_OBUF[2]
    A3                   OBUF (Prop_obuf_I_O)         3.537    10.769 r  s_OBUF[2]_inst/O
                         net (fo=0)                   0.000    10.769    s[2]
    A3                                                                r  s[2] (OUT)
  -------------------------------------------------------------------    -------------------

Slack:                    inf
  Source:                 a[0]
                            (input port)
  Destination:            c_out
                            (output port)
  Path Group:             (none)
  Path Type:              Max at Slow Process Corner
  Data Path Delay:        10.582ns  (logic 5.445ns (51.454%)  route 5.137ns (48.546%))
  Logic Levels:           4  (IBUF=1 LUT5=2 OBUF=1)

    Location             Delay type                Incr(ns)  Path(ns)    Netlist Resource(s)
  -------------------------------------------------------------------    -------------------
    N1                                                0.000     0.000 r  a[0] (IN)
                         net (fo=0)                   0.000     0.000    a[0]
    N1                   IBUF (Prop_ibuf_I_O)         1.452     1.452 r  a_IBUF[0]_inst/O
                         net (fo=3, routed)           1.762     3.214    a_IBUF[0]
    SLICE_X65Y39         LUT5 (Prop_lut5_I3_O)        0.124     3.338 r  c_out_OBUF_inst_i_2/O
                         net (fo=3, routed)           0.275     3.613    c1
    SLICE_X65Y39         LUT5 (Prop_lut5_I4_O)        0.119     3.732 r  c_out_OBUF_inst_i_1/O
                         net (fo=1, routed)           3.100     6.832    c_out_OBUF
    A4                   OBUF (Prop_obuf_I_O)         3.750    10.582 r  c_out_OBUF_inst/O
                         net (fo=0)                   0.000    10.582    c_out
    A4                                                                r  c_out (OUT)
  -------------------------------------------------------------------    -------------------

Slack:                    inf
  Source:                 a[0]
                            (input port)
  Destination:            s[3]
                            (output port)
  Path Group:             (none)
  Path Type:              Max at Slow Process Corner
  Data Path Delay:        10.468ns  (logic 5.227ns (49.930%)  route 5.241ns (50.070%))
  Logic Levels:           4  (IBUF=1 LUT5=2 OBUF=1)

    Location             Delay type                Incr(ns)  Path(ns)    Netlist Resource(s)
  -------------------------------------------------------------------    -------------------
    N1                                                0.000     0.000 r  a[0] (IN)
                         net (fo=0)                   0.000     0.000    a[0]
    N1                   IBUF (Prop_ibuf_I_O)         1.452     1.452 r  a_IBUF[0]_inst/O
                         net (fo=3, routed)           1.762     3.214    a_IBUF[0]
    SLICE_X65Y39         LUT5 (Prop_lut5_I3_O)        0.124     3.338 r  c_out_OBUF_inst_i_2/O
                         net (fo=3, routed)           0.275     3.613    c1
    SLICE_X65Y39         LUT5 (Prop_lut5_I0_O)        0.124     3.737 r  s_OBUF[3]_inst_i_1/O
                         net (fo=1, routed)           3.204     6.941    s_OBUF[3]
    B4                   OBUF (Prop_obuf_I_O)         3.527    10.468 r  s_OBUF[3]_inst/O
                         net (fo=0)                   0.000    10.468    s[3]
    B4                                                                r  s[3] (OUT)
  -------------------------------------------------------------------    -------------------

Slack:                    inf
  Source:                 a[0]
                            (input port)
  Destination:            s[1]
                            (output port)
  Path Group:             (none)
  Path Type:              Max at Slow Process Corner
  Data Path Delay:        10.339ns  (logic 5.332ns (51.572%)  route 5.007ns (48.428%))
  Logic Levels:           3  (IBUF=1 LUT5=1 OBUF=1)

    Location             Delay type                Incr(ns)  Path(ns)    Netlist Resource(s)
  -------------------------------------------------------------------    -------------------
    N1                                                0.000     0.000 r  a[0] (IN)
                         net (fo=0)                   0.000     0.000    a[0]
    N1                   IBUF (Prop_ibuf_I_O)         1.452     1.452 r  a_IBUF[0]_inst/O
                         net (fo=3, routed)           1.762     3.214    a_IBUF[0]
    SLICE_X65Y39         LUT5 (Prop_lut5_I1_O)        0.152     3.366 r  s_OBUF[1]_inst_i_1/O
                         net (fo=1, routed)           3.245     6.610    s_OBUF[1]
    B3                   OBUF (Prop_obuf_I_O)         3.728    10.339 r  s_OBUF[1]_inst/O
                         net (fo=0)                   0.000    10.339    s[1]
    B3                                                                r  s[1] (OUT)
  -------------------------------------------------------------------    -------------------

Slack:                    inf
  Source:                 a[0]
                            (input port)
  Destination:            s[0]
                            (output port)
  Path Group:             (none)
  Path Type:              Max at Slow Process Corner
  Data Path Delay:        9.625ns  (logic 5.113ns (53.115%)  route 4.513ns (46.885%))
  Logic Levels:           3  (IBUF=1 LUT3=1 OBUF=1)

    Location             Delay type                Incr(ns)  Path(ns)    Netlist Resource(s)
  -------------------------------------------------------------------    -------------------
    N1                                                0.000     0.000 r  a[0] (IN)
                         net (fo=0)                   0.000     0.000    a[0]
    N1                   IBUF (Prop_ibuf_I_O)         1.452     1.452 r  a_IBUF[0]_inst/O
                         net (fo=3, routed)           1.564     3.015    a_IBUF[0]
    SLICE_X65Y39         LUT3 (Prop_lut3_I1_O)        0.124     3.139 r  s_OBUF[0]_inst_i_1/O
                         net (fo=1, routed)           2.949     6.088    s_OBUF[0]
    A2                   OBUF (Prop_obuf_I_O)         3.537     9.625 r  s_OBUF[0]_inst/O
                         net (fo=0)                   0.000     9.625    s[0]
    A2                                                                r  s[0] (OUT)
  -------------------------------------------------------------------    -------------------





Min Delay Paths
--------------------------------------------------------------------------------------
Slack:                    inf
  Source:                 b[0]
                            (input port)
  Destination:            s[0]
                            (output port)
  Path Group:             (none)
  Path Type:              Min at Fast Process Corner
  Data Path Delay:        2.898ns  (logic 1.498ns (51.709%)  route 1.399ns (48.291%))
  Logic Levels:           3  (IBUF=1 LUT3=1 OBUF=1)

    Location             Delay type                Incr(ns)  Path(ns)    Netlist Resource(s)
  -------------------------------------------------------------------    -------------------
    R2                                                0.000     0.000 r  b[0] (IN)
                         net (fo=0)                   0.000     0.000    b[0]
    R2                   IBUF (Prop_ibuf_I_O)         0.216     0.216 r  b_IBUF[0]_inst/O
                         net (fo=3, routed)           0.504     0.720    b_IBUF[0]
    SLICE_X65Y39         LUT3 (Prop_lut3_I2_O)        0.045     0.765 r  s_OBUF[0]_inst_i_1/O
                         net (fo=1, routed)           0.895     1.660    s_OBUF[0]
    A2                   OBUF (Prop_obuf_I_O)         1.238     2.898 r  s_OBUF[0]_inst/O
                         net (fo=0)                   0.000     2.898    s[0]
    A2                                                                r  s[0] (OUT)
  -------------------------------------------------------------------    -------------------

Slack:                    inf
  Source:                 c_in
                            (input port)
  Destination:            s[1]
                            (output port)
  Path Group:             (none)
  Path Type:              Min at Fast Process Corner
  Data Path Delay:        2.982ns  (logic 1.555ns (52.161%)  route 1.427ns (47.839%))
  Logic Levels:           3  (IBUF=1 LUT5=1 OBUF=1)

    Location             Delay type                Incr(ns)  Path(ns)    Netlist Resource(s)
  -------------------------------------------------------------------    -------------------
    K1                                                0.000     0.000 r  c_in (IN)
                         net (fo=0)                   0.000     0.000    c_in
    K1                   IBUF (Prop_ibuf_I_O)         0.218     0.218 r  c_in_IBUF_inst/O
                         net (fo=3, routed)           0.406     0.624    c_in_IBUF
    SLICE_X65Y39         LUT5 (Prop_lut5_I0_O)        0.048     0.672 r  s_OBUF[1]_inst_i_1/O
                         net (fo=1, routed)           1.021     1.693    s_OBUF[1]
    B3                   OBUF (Prop_obuf_I_O)         1.289     2.982 r  s_OBUF[1]_inst/O
                         net (fo=0)                   0.000     2.982    s[1]
    B3                                                                r  s[1] (OUT)
  -------------------------------------------------------------------    -------------------

Slack:                    inf
  Source:                 a[3]
                            (input port)
  Destination:            s[3]
                            (output port)
  Path Group:             (none)
  Path Type:              Min at Fast Process Corner
  Data Path Delay:        2.984ns  (logic 1.490ns (49.932%)  route 1.494ns (50.068%))
  Logic Levels:           3  (IBUF=1 LUT5=1 OBUF=1)

    Location             Delay type                Incr(ns)  Path(ns)    Netlist Resource(s)
  -------------------------------------------------------------------    -------------------
    L1                                                0.000     0.000 r  a[3] (IN)
                         net (fo=0)                   0.000     0.000    a[3]
    L1                   IBUF (Prop_ibuf_I_O)         0.217     0.217 r  a_IBUF[3]_inst/O
                         net (fo=2, routed)           0.484     0.701    a_IBUF[3]
    SLICE_X65Y39         LUT5 (Prop_lut5_I3_O)        0.045     0.746 r  s_OBUF[3]_inst_i_1/O
                         net (fo=1, routed)           1.010     1.756    s_OBUF[3]
    B4                   OBUF (Prop_obuf_I_O)         1.228     2.984 r  s_OBUF[3]_inst/O
                         net (fo=0)                   0.000     2.984    s[3]
    B4                                                                r  s[3] (OUT)
  -------------------------------------------------------------------    -------------------

Slack:                    inf
  Source:                 b[2]
                            (input port)
  Destination:            s[2]
                            (output port)
  Path Group:             (none)
  Path Type:              Min at Fast Process Corner
  Data Path Delay:        3.001ns  (logic 1.508ns (50.236%)  route 1.493ns (49.764%))
  Logic Levels:           3  (IBUF=1 LUT3=1 OBUF=1)

    Location             Delay type                Incr(ns)  Path(ns)    Netlist Resource(s)
  -------------------------------------------------------------------    -------------------
    P2                                                0.000     0.000 r  b[2] (IN)
                         net (fo=0)                   0.000     0.000    b[2]
    P2                   IBUF (Prop_ibuf_I_O)         0.225     0.225 r  b_IBUF[2]_inst/O
                         net (fo=3, routed)           0.545     0.770    b_IBUF[2]
    SLICE_X65Y39         LUT3 (Prop_lut3_I2_O)        0.045     0.815 r  s_OBUF[2]_inst_i_1/O
                         net (fo=1, routed)           0.948     1.763    s_OBUF[2]
    A3                   OBUF (Prop_obuf_I_O)         1.238     3.001 r  s_OBUF[2]_inst/O
                         net (fo=0)                   0.000     3.001    s[2]
    A3                                                                r  s[2] (OUT)
  -------------------------------------------------------------------    -------------------

Slack:                    inf
  Source:                 a[3]
                            (input port)
  Destination:            c_out
                            (output port)
  Path Group:             (none)
  Path Type:              Min at Fast Process Corner
  Data Path Delay:        3.009ns  (logic 1.570ns (52.181%)  route 1.439ns (47.819%))
  Logic Levels:           3  (IBUF=1 LUT5=1 OBUF=1)

    Location             Delay type                Incr(ns)  Path(ns)    Netlist Resource(s)
  -------------------------------------------------------------------    -------------------
    L1                                                0.000     0.000 r  a[3] (IN)
                         net (fo=0)                   0.000     0.000    a[3]
    L1                   IBUF (Prop_ibuf_I_O)         0.217     0.217 r  a_IBUF[3]_inst/O
                         net (fo=2, routed)           0.484     0.701    a_IBUF[3]
    SLICE_X65Y39         LUT5 (Prop_lut5_I1_O)        0.043     0.744 r  c_out_OBUF_inst_i_1/O
                         net (fo=1, routed)           0.955     1.699    c_out_OBUF
    A4                   OBUF (Prop_obuf_I_O)         1.310     3.009 r  c_out_OBUF_inst/O
                         net (fo=0)                   0.000     3.009    c_out
    A4                                                                r  c_out (OUT)
  -------------------------------------------------------------------    -------------------





