Copyright 1986-2022 Xilinx, Inc. All Rights Reserved. Copyright 2022-2025 Advanced Micro Devices, Inc. All Rights Reserved.
---------------------------------------------------------------------------------------------------------------------------------------------------------------------------------------------------------------------------------
| Tool Version : Vivado v.2025.1 (win64) Build 6140274 Thu May 22 00:12:29 MDT 2025
| Date         : Mon Jun 29 12:12:01 2026
| Host         : LAPTOP-9AHF2G73 running 64-bit major release  (build 9200)
| Command      : report_timing_summary -max_paths 10 -routable_nets -report_unconstrained -file DP_sync_timing_summary_routed.rpt -pb DP_sync_timing_summary_routed.pb -rpx DP_sync_timing_summary_routed.rpx -warn_on_violation
| Design       : DP_sync
| Device       : 7a35ti-cpg236
| Speed File   : -1L  PRODUCTION 1.23 2018-06-13
| Design State : Routed
---------------------------------------------------------------------------------------------------------------------------------------------------------------------------------------------------------------------------------

Timing Summary Report

------------------------------------------------------------------------------------------------
| Timer Settings
| --------------
------------------------------------------------------------------------------------------------

  Enable Multi Corner Analysis               :  Yes
  Enable Pessimism Removal                   :  Yes
  Pessimism Removal Resolution               :  Nearest Common Node
  Enable Input Delay Default Clock           :  No
  Enable Preset / Clear Arcs                 :  No
  Disable Flight Delays                      :  No
  Ignore I/O Paths                           :  No
  Timing Early Launch at Borrowing Latches   :  No
  Borrow Time for Max Delay Exceptions       :  Yes
  Merge Timing Exceptions                    :  Yes
  Inter-SLR Compensation                     :  Conservative

  Corner  Analyze    Analyze    
  Name    Max Paths  Min Paths  
  ------  ---------  ---------  
  Slow    Yes        Yes        
  Fast    Yes        Yes        


------------------------------------------------------------------------------------------------
| Report Methodology
| ------------------
------------------------------------------------------------------------------------------------

Rule       Severity          Description                                 Violations  
---------  ----------------  ------------------------------------------  ----------  
TIMING-17  Critical Warning  Non-clocked sequential cell                 2           
SYNTH-6    Warning           Timing of a RAM block might be sub-optimal  1           

Note: This report is based on the most recent report_methodology run and may not be up-to-date. Run report_methodology on the current design for the latest report.



check_timing report

Table of Contents
-----------------
1. checking no_clock (2)
2. checking constant_clock (0)
3. checking pulse_width_clock (0)
4. checking unconstrained_internal_endpoints (18)
5. checking no_input_delay (16)
6. checking no_output_delay (6)
7. checking multiple_clock (0)
8. checking generated_clocks (0)
9. checking loops (0)
10. checking partial_input_delay (0)
11. checking partial_output_delay (0)
12. checking latch_loops (0)

1. checking no_clock (2)
------------------------
 There are 2 register/latch pins with no clock driven by root clock pin: clk (HIGH)


2. checking constant_clock (0)
------------------------------
 There are 0 register/latch pins with constant_clock.


3. checking pulse_width_clock (0)
---------------------------------
 There are 0 register/latch pins which need pulse_width check


4. checking unconstrained_internal_endpoints (18)
-------------------------------------------------
 There are 18 pins that are not constrained for maximum delay. (HIGH)

 There are 0 pins that are not constrained for maximum delay due to constant clock.


5. checking no_input_delay (16)
-------------------------------
 There are 16 input ports with no input delay specified. (HIGH)

 There are 0 input ports with no input delay but user has a false path constraint.


6. checking no_output_delay (6)
-------------------------------
 There are 6 ports with no output delay specified. (HIGH)

 There are 0 ports with no output delay but user has a false path constraint

 There are 0 ports with no output delay but with a timing clock defined on it or propagating through it


7. checking multiple_clock (0)
------------------------------
 There are 0 register/latch pins with multiple clocks.


8. checking generated_clocks (0)
--------------------------------
 There are 0 generated clocks that are not connected to a clock source.


9. checking loops (0)
---------------------
 There are 0 combinational loops in the design.


10. checking partial_input_delay (0)
------------------------------------
 There are 0 input ports with partial input delay specified.


11. checking partial_output_delay (0)
-------------------------------------
 There are 0 ports with partial output delay specified.


12. checking latch_loops (0)
----------------------------
 There are 0 combinational latch loops in the design through latch input



------------------------------------------------------------------------------------------------
| Design Timing Summary
| ---------------------
------------------------------------------------------------------------------------------------

    WNS(ns)      TNS(ns)  TNS Failing Endpoints  TNS Total Endpoints      WHS(ns)      THS(ns)  THS Failing Endpoints  THS Total Endpoints     WPWS(ns)     TPWS(ns)  TPWS Failing Endpoints  TPWS Total Endpoints  
    -------      -------  ---------------------  -------------------      -------      -------  ---------------------  -------------------     --------     --------  ----------------------  --------------------  
        inf        0.000                      0                   24          inf        0.000                      0                   24           NA           NA                      NA                    NA  


There are no user specified timing constraints.


------------------------------------------------------------------------------------------------
| Clock Summary
| -------------
------------------------------------------------------------------------------------------------


------------------------------------------------------------------------------------------------
| Intra Clock Table
| -----------------
------------------------------------------------------------------------------------------------

Clock             WNS(ns)      TNS(ns)  TNS Failing Endpoints  TNS Total Endpoints      WHS(ns)      THS(ns)  THS Failing Endpoints  THS Total Endpoints     WPWS(ns)     TPWS(ns)  TPWS Failing Endpoints  TPWS Total Endpoints  
-----             -------      -------  ---------------------  -------------------      -------      -------  ---------------------  -------------------     --------     --------  ----------------------  --------------------  


------------------------------------------------------------------------------------------------
| Inter Clock Table
| -----------------
------------------------------------------------------------------------------------------------

From Clock    To Clock          WNS(ns)      TNS(ns)  TNS Failing Endpoints  TNS Total Endpoints      WHS(ns)      THS(ns)  THS Failing Endpoints  THS Total Endpoints  
----------    --------          -------      -------  ---------------------  -------------------      -------      -------  ---------------------  -------------------  


------------------------------------------------------------------------------------------------
| Other Path Groups Table
| -----------------------
------------------------------------------------------------------------------------------------

Path Group    From Clock    To Clock          WNS(ns)      TNS(ns)  TNS Failing Endpoints  TNS Total Endpoints      WHS(ns)      THS(ns)  THS Failing Endpoints  THS Total Endpoints  
----------    ----------    --------          -------      -------  ---------------------  -------------------      -------      -------  ---------------------  -------------------  


------------------------------------------------------------------------------------------------
| User Ignored Path Table
| -----------------------
------------------------------------------------------------------------------------------------

Path Group    From Clock    To Clock    
----------    ----------    --------    


------------------------------------------------------------------------------------------------
| Unconstrained Path Table
| ------------------------
------------------------------------------------------------------------------------------------

Path Group    From Clock    To Clock    
----------    ----------    --------    
(none)                                    


------------------------------------------------------------------------------------------------
| Timing Details
| --------------
------------------------------------------------------------------------------------------------


--------------------------------------------------------------------------------------
Path Group:  (none)
From Clock:  
  To Clock:  

Max Delay            24 Endpoints
Min Delay            24 Endpoints
--------------------------------------------------------------------------------------


Max Delay Paths
--------------------------------------------------------------------------------------
Slack:                    inf
  Source:                 mem_reg/CLKBWRCLK
                            (rising edge-triggered cell RAMB18E1)
  Destination:            dout_a[2]
                            (output port)
  Path Group:             (none)
  Path Type:              Max at Slow Process Corner
  Data Path Delay:        9.596ns  (logic 5.975ns (62.268%)  route 3.621ns (37.732%))
  Logic Levels:           2  (OBUF=1 RAMB18E1=1)

    Location             Delay type                Incr(ns)  Path(ns)    Netlist Resource(s)
  -------------------------------------------------------------------    -------------------
    RAMB18_X2Y16         RAMB18E1                     0.000     0.000 r  mem_reg/CLKBWRCLK
    RAMB18_X2Y16         RAMB18E1 (Prop_ramb18e1_CLKBWRCLK_DOBDO[2])
                                                      2.454     2.454 r  mem_reg/DOBDO[2]
                         net (fo=1, routed)           3.621     6.075    dout_a_OBUF[2]
    L1                   OBUF (Prop_obuf_I_O)         3.521     9.596 r  dout_a_OBUF[2]_inst/O
                         net (fo=0)                   0.000     9.596    dout_a[2]
    L1                                                                r  dout_a[2] (OUT)
  -------------------------------------------------------------------    -------------------

Slack:                    inf
  Source:                 mem_reg/CLKARDCLK
                            (rising edge-triggered cell RAMB18E1)
  Destination:            dout_b[2]
                            (output port)
  Path Group:             (none)
  Path Type:              Max at Slow Process Corner
  Data Path Delay:        9.367ns  (logic 5.972ns (63.757%)  route 3.395ns (36.243%))
  Logic Levels:           2  (OBUF=1 RAMB18E1=1)

    Location             Delay type                Incr(ns)  Path(ns)    Netlist Resource(s)
  -------------------------------------------------------------------    -------------------
    RAMB18_X2Y16         RAMB18E1                     0.000     0.000 r  mem_reg/CLKARDCLK
    RAMB18_X2Y16         RAMB18E1 (Prop_ramb18e1_CLKARDCLK_DOADO[2])
                                                      2.454     2.454 r  mem_reg/DOADO[2]
                         net (fo=1, routed)           3.395     5.849    dout_b_OBUF[2]
    P3                   OBUF (Prop_obuf_I_O)         3.518     9.367 r  dout_b_OBUF[2]_inst/O
                         net (fo=0)                   0.000     9.367    dout_b[2]
    P3                                                                r  dout_b[2] (OUT)
  -------------------------------------------------------------------    -------------------

Slack:                    inf
  Source:                 mem_reg/CLKBWRCLK
                            (rising edge-triggered cell RAMB18E1)
  Destination:            dout_a[0]
                            (output port)
  Path Group:             (none)
  Path Type:              Max at Slow Process Corner
  Data Path Delay:        9.088ns  (logic 5.961ns (65.598%)  route 3.126ns (34.402%))
  Logic Levels:           2  (OBUF=1 RAMB18E1=1)

    Location             Delay type                Incr(ns)  Path(ns)    Netlist Resource(s)
  -------------------------------------------------------------------    -------------------
    RAMB18_X2Y16         RAMB18E1                     0.000     0.000 r  mem_reg/CLKBWRCLK
    RAMB18_X2Y16         RAMB18E1 (Prop_ramb18e1_CLKBWRCLK_DOBDO[0])
                                                      2.454     2.454 r  mem_reg/DOBDO[0]
                         net (fo=1, routed)           3.126     5.580    dout_a_OBUF[0]
    N3                   OBUF (Prop_obuf_I_O)         3.507     9.088 r  dout_a_OBUF[0]_inst/O
                         net (fo=0)                   0.000     9.088    dout_a[0]
    N3                                                                r  dout_a[0] (OUT)
  -------------------------------------------------------------------    -------------------

Slack:                    inf
  Source:                 mem_reg/CLKBWRCLK
                            (rising edge-triggered cell RAMB18E1)
  Destination:            dout_a[1]
                            (output port)
  Path Group:             (none)
  Path Type:              Max at Slow Process Corner
  Data Path Delay:        8.713ns  (logic 5.969ns (68.510%)  route 2.744ns (31.490%))
  Logic Levels:           2  (OBUF=1 RAMB18E1=1)

    Location             Delay type                Incr(ns)  Path(ns)    Netlist Resource(s)
  -------------------------------------------------------------------    -------------------
    RAMB18_X2Y16         RAMB18E1                     0.000     0.000 r  mem_reg/CLKBWRCLK
    RAMB18_X2Y16         RAMB18E1 (Prop_ramb18e1_CLKBWRCLK_DOBDO[1])
                                                      2.454     2.454 r  mem_reg/DOBDO[1]
                         net (fo=1, routed)           2.744     5.198    dout_a_OBUF[1]
    P1                   OBUF (Prop_obuf_I_O)         3.515     8.713 r  dout_a_OBUF[1]_inst/O
                         net (fo=0)                   0.000     8.713    dout_a[1]
    P1                                                                r  dout_a[1] (OUT)
  -------------------------------------------------------------------    -------------------

Slack:                    inf
  Source:                 mem_reg/CLKARDCLK
                            (rising edge-triggered cell RAMB18E1)
  Destination:            dout_b[0]
                            (output port)
  Path Group:             (none)
  Path Type:              Max at Slow Process Corner
  Data Path Delay:        8.306ns  (logic 5.979ns (71.990%)  route 2.326ns (28.010%))
  Logic Levels:           2  (OBUF=1 RAMB18E1=1)

    Location             Delay type                Incr(ns)  Path(ns)    Netlist Resource(s)
  -------------------------------------------------------------------    -------------------
    RAMB18_X2Y16         RAMB18E1                     0.000     0.000 r  mem_reg/CLKARDCLK
    RAMB18_X2Y16         RAMB18E1 (Prop_ramb18e1_CLKARDCLK_DOADO[0])
                                                      2.454     2.454 r  mem_reg/DOADO[0]
                         net (fo=1, routed)           2.326     4.780    dout_b_OBUF[0]
    W3                   OBUF (Prop_obuf_I_O)         3.525     8.306 r  dout_b_OBUF[0]_inst/O
                         net (fo=0)                   0.000     8.306    dout_b[0]
    W3                                                                r  dout_b[0] (OUT)
  -------------------------------------------------------------------    -------------------

Slack:                    inf
  Source:                 mem_reg/CLKARDCLK
                            (rising edge-triggered cell RAMB18E1)
  Destination:            dout_b[1]
                            (output port)
  Path Group:             (none)
  Path Type:              Max at Slow Process Corner
  Data Path Delay:        8.181ns  (logic 5.958ns (72.826%)  route 2.223ns (27.174%))
  Logic Levels:           2  (OBUF=1 RAMB18E1=1)

    Location             Delay type                Incr(ns)  Path(ns)    Netlist Resource(s)
  -------------------------------------------------------------------    -------------------
    RAMB18_X2Y16         RAMB18E1                     0.000     0.000 r  mem_reg/CLKARDCLK
    RAMB18_X2Y16         RAMB18E1 (Prop_ramb18e1_CLKARDCLK_DOADO[1])
                                                      2.454     2.454 r  mem_reg/DOADO[1]
                         net (fo=1, routed)           2.223     4.677    dout_b_OBUF[1]
    U3                   OBUF (Prop_obuf_I_O)         3.504     8.181 r  dout_b_OBUF[1]_inst/O
                         net (fo=0)                   0.000     8.181    dout_b[1]
    U3                                                                r  dout_b[1] (OUT)
  -------------------------------------------------------------------    -------------------

Slack:                    inf
  Source:                 addr_b[0]
                            (input port)
  Destination:            mem_reg/ADDRARDADDR[4]
  Path Group:             (none)
  Path Type:              Max at Slow Process Corner
  Data Path Delay:        5.075ns  (logic 1.450ns (28.564%)  route 3.626ns (71.436%))
  Logic Levels:           1  (IBUF=1)

    Location             Delay type                Incr(ns)  Path(ns)    Netlist Resource(s)
  -------------------------------------------------------------------    -------------------
    W14                                               0.000     0.000 r  addr_b[0] (IN)
                         net (fo=0)                   0.000     0.000    addr_b[0]
    W14                  IBUF (Prop_ibuf_I_O)         1.450     1.450 r  addr_b_IBUF[0]_inst/O
                         net (fo=1, routed)           3.626     5.075    addr_b_IBUF[0]
    RAMB18_X2Y16         RAMB18E1                                     r  mem_reg/ADDRARDADDR[4]
  -------------------------------------------------------------------    -------------------

Slack:                    inf
  Source:                 addr_b[1]
                            (input port)
  Destination:            mem_reg/ADDRARDADDR[5]
  Path Group:             (none)
  Path Type:              Max at Slow Process Corner
  Data Path Delay:        5.067ns  (logic 1.459ns (28.789%)  route 3.609ns (71.211%))
  Logic Levels:           1  (IBUF=1)

    Location             Delay type                Incr(ns)  Path(ns)    Netlist Resource(s)
  -------------------------------------------------------------------    -------------------
    W13                                               0.000     0.000 r  addr_b[1] (IN)
                         net (fo=0)                   0.000     0.000    addr_b[1]
    W13                  IBUF (Prop_ibuf_I_O)         1.459     1.459 r  addr_b_IBUF[1]_inst/O
                         net (fo=1, routed)           3.609     5.067    addr_b_IBUF[1]
    RAMB18_X2Y16         RAMB18E1                                     r  mem_reg/ADDRARDADDR[5]
  -------------------------------------------------------------------    -------------------

Slack:                    inf
  Source:                 din_b[1]
                            (input port)
  Destination:            mem_reg/DIADI[1]
  Path Group:             (none)
  Path Type:              Max at Slow Process Corner
  Data Path Delay:        5.053ns  (logic 1.461ns (28.918%)  route 3.592ns (71.082%))
  Logic Levels:           1  (IBUF=1)

    Location             Delay type                Incr(ns)  Path(ns)    Netlist Resource(s)
  -------------------------------------------------------------------    -------------------
    V16                                               0.000     0.000 r  din_b[1] (IN)
                         net (fo=0)                   0.000     0.000    din_b[1]
    V16                  IBUF (Prop_ibuf_I_O)         1.461     1.461 r  din_b_IBUF[1]_inst/O
                         net (fo=1, routed)           3.592     5.053    din_b_IBUF[1]
    RAMB18_X2Y16         RAMB18E1                                     r  mem_reg/DIADI[1]
  -------------------------------------------------------------------    -------------------

Slack:                    inf
  Source:                 din_a[1]
                            (input port)
  Destination:            mem_reg/DIBDI[1]
  Path Group:             (none)
  Path Type:              Max at Slow Process Corner
  Data Path Delay:        4.957ns  (logic 1.451ns (29.265%)  route 3.506ns (70.735%))
  Logic Levels:           1  (IBUF=1)

    Location             Delay type                Incr(ns)  Path(ns)    Netlist Resource(s)
  -------------------------------------------------------------------    -------------------
    W15                                               0.000     0.000 r  din_a[1] (IN)
                         net (fo=0)                   0.000     0.000    din_a[1]
    W15                  IBUF (Prop_ibuf_I_O)         1.451     1.451 r  din_a_IBUF[1]_inst/O
                         net (fo=1, routed)           3.506     4.957    din_a_IBUF[1]
    RAMB18_X2Y16         RAMB18E1                                     r  mem_reg/DIBDI[1]
  -------------------------------------------------------------------    -------------------





Min Delay Paths
--------------------------------------------------------------------------------------
Slack:                    inf
  Source:                 addr_a[0]
                            (input port)
  Destination:            mem_reg/ADDRBWRADDR[4]
  Path Group:             (none)
  Path Type:              Min at Fast Process Corner
  Data Path Delay:        0.747ns  (logic 0.220ns (29.506%)  route 0.526ns (70.494%))
  Logic Levels:           1  (IBUF=1)

    Location             Delay type                Incr(ns)  Path(ns)    Netlist Resource(s)
  -------------------------------------------------------------------    -------------------
    T3                                                0.000     0.000 r  addr_a[0] (IN)
                         net (fo=0)                   0.000     0.000    addr_a[0]
    T3                   IBUF (Prop_ibuf_I_O)         0.220     0.220 r  addr_a_IBUF[0]_inst/O
                         net (fo=1, routed)           0.526     0.747    addr_a_IBUF[0]
    RAMB18_X2Y16         RAMB18E1                                     r  mem_reg/ADDRBWRADDR[4]
  -------------------------------------------------------------------    -------------------

Slack:                    inf
  Source:                 addr_b[2]
                            (input port)
  Destination:            mem_reg/ADDRARDADDR[6]
  Path Group:             (none)
  Path Type:              Min at Fast Process Corner
  Data Path Delay:        0.792ns  (logic 0.223ns (28.089%)  route 0.570ns (71.911%))
  Logic Levels:           1  (IBUF=1)

    Location             Delay type                Incr(ns)  Path(ns)    Netlist Resource(s)
  -------------------------------------------------------------------    -------------------
    V2                                                0.000     0.000 r  addr_b[2] (IN)
                         net (fo=0)                   0.000     0.000    addr_b[2]
    V2                   IBUF (Prop_ibuf_I_O)         0.223     0.223 r  addr_b_IBUF[2]_inst/O
                         net (fo=1, routed)           0.570     0.792    addr_b_IBUF[2]
    RAMB18_X2Y16         RAMB18E1                                     r  mem_reg/ADDRARDADDR[6]
  -------------------------------------------------------------------    -------------------

Slack:                    inf
  Source:                 addr_a[2]
                            (input port)
  Destination:            mem_reg/ADDRBWRADDR[6]
  Path Group:             (none)
  Path Type:              Min at Fast Process Corner
  Data Path Delay:        0.798ns  (logic 0.232ns (29.045%)  route 0.566ns (70.955%))
  Logic Levels:           1  (IBUF=1)

    Location             Delay type                Incr(ns)  Path(ns)    Netlist Resource(s)
  -------------------------------------------------------------------    -------------------
    R3                                                0.000     0.000 r  addr_a[2] (IN)
                         net (fo=0)                   0.000     0.000    addr_a[2]
    R3                   IBUF (Prop_ibuf_I_O)         0.232     0.232 r  addr_a_IBUF[2]_inst/O
                         net (fo=1, routed)           0.566     0.798    addr_a_IBUF[2]
    RAMB18_X2Y16         RAMB18E1                                     r  mem_reg/ADDRBWRADDR[6]
  -------------------------------------------------------------------    -------------------

Slack:                    inf
  Source:                 addr_a[1]
                            (input port)
  Destination:            mem_reg/ADDRBWRADDR[5]
  Path Group:             (none)
  Path Type:              Min at Fast Process Corner
  Data Path Delay:        0.813ns  (logic 0.226ns (27.786%)  route 0.587ns (72.214%))
  Logic Levels:           1  (IBUF=1)

    Location             Delay type                Incr(ns)  Path(ns)    Netlist Resource(s)
  -------------------------------------------------------------------    -------------------
    T2                                                0.000     0.000 r  addr_a[1] (IN)
                         net (fo=0)                   0.000     0.000    addr_a[1]
    T2                   IBUF (Prop_ibuf_I_O)         0.226     0.226 r  addr_a_IBUF[1]_inst/O
                         net (fo=1, routed)           0.587     0.813    addr_a_IBUF[1]
    RAMB18_X2Y16         RAMB18E1                                     r  mem_reg/ADDRBWRADDR[5]
  -------------------------------------------------------------------    -------------------

Slack:                    inf
  Source:                 we_a
                            (input port)
  Destination:            mem_reg/RSTRAMB
  Path Group:             (none)
  Path Type:              Min at Fast Process Corner
  Data Path Delay:        0.990ns  (logic 0.266ns (26.869%)  route 0.724ns (73.131%))
  Logic Levels:           2  (IBUF=1 LUT2=1)

    Location             Delay type                Incr(ns)  Path(ns)    Netlist Resource(s)
  -------------------------------------------------------------------    -------------------
    U1                                                0.000     0.000 r  we_a (IN)
                         net (fo=0)                   0.000     0.000    we_a
    U1                   IBUF (Prop_ibuf_I_O)         0.221     0.221 r  we_a_IBUF_inst/O
                         net (fo=2, routed)           0.415     0.636    we_a_IBUF
    SLICE_X64Y43         LUT2 (Prop_lut2_I0_O)        0.045     0.681 r  mem_reg_i_3/O
                         net (fo=1, routed)           0.309     0.990    mem_reg_i_3_n_0
    RAMB18_X2Y16         RAMB18E1                                     r  mem_reg/RSTRAMB
  -------------------------------------------------------------------    -------------------

Slack:                    inf
  Source:                 we_a
                            (input port)
  Destination:            mem_reg/WEBWE[0]
  Path Group:             (none)
  Path Type:              Min at Fast Process Corner
  Data Path Delay:        1.092ns  (logic 0.266ns (24.357%)  route 0.826ns (75.643%))
  Logic Levels:           2  (IBUF=1 LUT2=1)

    Location             Delay type                Incr(ns)  Path(ns)    Netlist Resource(s)
  -------------------------------------------------------------------    -------------------
    U1                                                0.000     0.000 r  we_a (IN)
                         net (fo=0)                   0.000     0.000    we_a
    U1                   IBUF (Prop_ibuf_I_O)         0.221     0.221 r  we_a_IBUF_inst/O
                         net (fo=2, routed)           0.450     0.671    we_a_IBUF
    SLICE_X64Y43         LUT2 (Prop_lut2_I0_O)        0.045     0.716 r  mem_reg_i_5/O
                         net (fo=2, routed)           0.376     1.092    mem_reg_i_5_n_0
    RAMB18_X2Y16         RAMB18E1                                     r  mem_reg/WEBWE[0]
  -------------------------------------------------------------------    -------------------

Slack:                    inf
  Source:                 we_a
                            (input port)
  Destination:            mem_reg/WEBWE[1]
  Path Group:             (none)
  Path Type:              Min at Fast Process Corner
  Data Path Delay:        1.092ns  (logic 0.266ns (24.357%)  route 0.826ns (75.643%))
  Logic Levels:           2  (IBUF=1 LUT2=1)

    Location             Delay type                Incr(ns)  Path(ns)    Netlist Resource(s)
  -------------------------------------------------------------------    -------------------
    U1                                                0.000     0.000 r  we_a (IN)
                         net (fo=0)                   0.000     0.000    we_a
    U1                   IBUF (Prop_ibuf_I_O)         0.221     0.221 r  we_a_IBUF_inst/O
                         net (fo=2, routed)           0.450     0.671    we_a_IBUF
    SLICE_X64Y43         LUT2 (Prop_lut2_I0_O)        0.045     0.716 r  mem_reg_i_5/O
                         net (fo=2, routed)           0.376     1.092    mem_reg_i_5_n_0
    RAMB18_X2Y16         RAMB18E1                                     r  mem_reg/WEBWE[1]
  -------------------------------------------------------------------    -------------------

Slack:                    inf
  Source:                 we_b
                            (input port)
  Destination:            mem_reg/RSTRAMARSTRAM
  Path Group:             (none)
  Path Type:              Min at Fast Process Corner
  Data Path Delay:        1.109ns  (logic 0.282ns (25.406%)  route 0.827ns (74.594%))
  Logic Levels:           2  (IBUF=1 LUT2=1)

    Location             Delay type                Incr(ns)  Path(ns)    Netlist Resource(s)
  -------------------------------------------------------------------    -------------------
    W2                                                0.000     0.000 r  we_b (IN)
                         net (fo=0)                   0.000     0.000    we_b
    W2                   IBUF (Prop_ibuf_I_O)         0.237     0.237 r  we_b_IBUF_inst/O
                         net (fo=2, routed)           0.478     0.715    we_b_IBUF
    SLICE_X64Y43         LUT2 (Prop_lut2_I0_O)        0.045     0.760 r  mem_reg_i_2/O
                         net (fo=1, routed)           0.348     1.109    mem_reg_i_2_n_0
    RAMB18_X2Y16         RAMB18E1                                     r  mem_reg/RSTRAMARSTRAM
  -------------------------------------------------------------------    -------------------

Slack:                    inf
  Source:                 cs_b
                            (input port)
  Destination:            mem_reg/WEA[1]
  Path Group:             (none)
  Path Type:              Min at Fast Process Corner
  Data Path Delay:        1.114ns  (logic 0.268ns (24.090%)  route 0.845ns (75.910%))
  Logic Levels:           2  (IBUF=1 LUT2=1)

    Location             Delay type                Incr(ns)  Path(ns)    Netlist Resource(s)
  -------------------------------------------------------------------    -------------------
    T1                                                0.000     0.000 r  cs_b (IN)
                         net (fo=0)                   0.000     0.000    cs_b
    T1                   IBUF (Prop_ibuf_I_O)         0.223     0.223 r  cs_b_IBUF_inst/O
                         net (fo=2, routed)           0.458     0.681    cs_b_IBUF
    SLICE_X64Y43         LUT2 (Prop_lut2_I1_O)        0.045     0.726 r  mem_reg_i_4/O
                         net (fo=2, routed)           0.387     1.114    mem_reg_i_4_n_0
    RAMB18_X2Y16         RAMB18E1                                     r  mem_reg/WEA[1]
  -------------------------------------------------------------------    -------------------

Slack:                    inf
  Source:                 cs_b
                            (input port)
  Destination:            mem_reg/WEA[0]
  Path Group:             (none)
  Path Type:              Min at Fast Process Corner
  Data Path Delay:        1.186ns  (logic 0.268ns (22.627%)  route 0.917ns (77.373%))
  Logic Levels:           2  (IBUF=1 LUT2=1)

    Location             Delay type                Incr(ns)  Path(ns)    Netlist Resource(s)
  -------------------------------------------------------------------    -------------------
    T1                                                0.000     0.000 r  cs_b (IN)
                         net (fo=0)                   0.000     0.000    cs_b
    T1                   IBUF (Prop_ibuf_I_O)         0.223     0.223 r  cs_b_IBUF_inst/O
                         net (fo=2, routed)           0.458     0.681    cs_b_IBUF
    SLICE_X64Y43         LUT2 (Prop_lut2_I1_O)        0.045     0.726 r  mem_reg_i_4/O
                         net (fo=2, routed)           0.459     1.186    mem_reg_i_4_n_0
    RAMB18_X2Y16         RAMB18E1                                     r  mem_reg/WEA[0]
  -------------------------------------------------------------------    -------------------





