Copyright 1986-2022 Xilinx, Inc. All Rights Reserved. Copyright 2022-2025 Advanced Micro Devices, Inc. All Rights Reserved.
------------------------------------------------------------------------------------------------------------------------------------------------------------------------------------------------------------------------------------------
| Tool Version : Vivado v.2025.1 (win64) Build 6140274 Thu May 22 00:12:29 MDT 2025
| Date         : Wed Jul  1 11:32:54 2026
| Host         : LAPTOP-9AHF2G73 running 64-bit major release  (build 9200)
| Command      : report_timing_summary -max_paths 10 -routable_nets -report_unconstrained -file adder_bram_timing_summary_routed.rpt -pb adder_bram_timing_summary_routed.pb -rpx adder_bram_timing_summary_routed.rpx -warn_on_violation
| Design       : adder_bram
| Device       : 7a35ti-cpg236
| Speed File   : -1L  PRODUCTION 1.23 2018-06-13
| Design State : Routed
------------------------------------------------------------------------------------------------------------------------------------------------------------------------------------------------------------------------------------------

Timing Summary Report

------------------------------------------------------------------------------------------------
| Timer Settings
| --------------
------------------------------------------------------------------------------------------------

  Enable Multi Corner Analysis               :  Yes
  Enable Pessimism Removal                   :  Yes
  Pessimism Removal Resolution               :  Nearest Common Node
  Enable Input Delay Default Clock           :  No
  Enable Preset / Clear Arcs                 :  No
  Disable Flight Delays                      :  No
  Ignore I/O Paths                           :  No
  Timing Early Launch at Borrowing Latches   :  No
  Borrow Time for Max Delay Exceptions       :  Yes
  Merge Timing Exceptions                    :  Yes
  Inter-SLR Compensation                     :  Conservative

  Corner  Analyze    Analyze    
  Name    Max Paths  Min Paths  
  ------  ---------  ---------  
  Slow    Yes        Yes        
  Fast    Yes        Yes        


------------------------------------------------------------------------------------------------
| Report Methodology
| ------------------
------------------------------------------------------------------------------------------------

Rule       Severity          Description                                                       Violations  
---------  ----------------  ----------------------------------------------------------------  ----------  
TIMING-17  Critical Warning  Non-clocked sequential cell                                       2           
CKLD-2     Warning           Clock Net has IO Driver, not a Clock Buf, and/or non-Clock loads  1           

Note: This report is based on the most recent report_methodology run and may not be up-to-date. Run report_methodology on the current design for the latest report.



check_timing report

Table of Contents
-----------------
1. checking no_clock (2)
2. checking constant_clock (0)
3. checking pulse_width_clock (0)
4. checking unconstrained_internal_endpoints (6)
5. checking no_input_delay (3)
6. checking no_output_delay (2)
7. checking multiple_clock (0)
8. checking generated_clocks (0)
9. checking loops (0)
10. checking partial_input_delay (0)
11. checking partial_output_delay (0)
12. checking latch_loops (0)

1. checking no_clock (2)
------------------------
 There are 2 register/latch pins with no clock driven by root clock pin: clk (HIGH)


2. checking constant_clock (0)
------------------------------
 There are 0 register/latch pins with constant_clock.


3. checking pulse_width_clock (0)
---------------------------------
 There are 0 register/latch pins which need pulse_width check


4. checking unconstrained_internal_endpoints (6)
------------------------------------------------
 There are 6 pins that are not constrained for maximum delay. (HIGH)

 There are 0 pins that are not constrained for maximum delay due to constant clock.


5. checking no_input_delay (3)
------------------------------
 There are 3 input ports with no input delay specified. (HIGH)

 There are 0 input ports with no input delay but user has a false path constraint.


6. checking no_output_delay (2)
-------------------------------
 There are 2 ports with no output delay specified. (HIGH)

 There are 0 ports with no output delay but user has a false path constraint

 There are 0 ports with no output delay but with a timing clock defined on it or propagating through it


7. checking multiple_clock (0)
------------------------------
 There are 0 register/latch pins with multiple clocks.


8. checking generated_clocks (0)
--------------------------------
 There are 0 generated clocks that are not connected to a clock source.


9. checking loops (0)
---------------------
 There are 0 combinational loops in the design.


10. checking partial_input_delay (0)
------------------------------------
 There are 0 input ports with partial input delay specified.


11. checking partial_output_delay (0)
-------------------------------------
 There are 0 ports with partial output delay specified.


12. checking latch_loops (0)
----------------------------
 There are 0 combinational latch loops in the design through latch input



------------------------------------------------------------------------------------------------
| Design Timing Summary
| ---------------------
------------------------------------------------------------------------------------------------

    WNS(ns)      TNS(ns)  TNS Failing Endpoints  TNS Total Endpoints      WHS(ns)      THS(ns)  THS Failing Endpoints  THS Total Endpoints     WPWS(ns)     TPWS(ns)  TPWS Failing Endpoints  TPWS Total Endpoints  
    -------      -------  ---------------------  -------------------      -------      -------  ---------------------  -------------------     --------     --------  ----------------------  --------------------  
        inf        0.000                      0                    8          inf        0.000                      0                    8           NA           NA                      NA                    NA  


There are no user specified timing constraints.


------------------------------------------------------------------------------------------------
| Clock Summary
| -------------
------------------------------------------------------------------------------------------------


------------------------------------------------------------------------------------------------
| Intra Clock Table
| -----------------
------------------------------------------------------------------------------------------------

Clock             WNS(ns)      TNS(ns)  TNS Failing Endpoints  TNS Total Endpoints      WHS(ns)      THS(ns)  THS Failing Endpoints  THS Total Endpoints     WPWS(ns)     TPWS(ns)  TPWS Failing Endpoints  TPWS Total Endpoints  
-----             -------      -------  ---------------------  -------------------      -------      -------  ---------------------  -------------------     --------     --------  ----------------------  --------------------  


------------------------------------------------------------------------------------------------
| Inter Clock Table
| -----------------
------------------------------------------------------------------------------------------------

From Clock    To Clock          WNS(ns)      TNS(ns)  TNS Failing Endpoints  TNS Total Endpoints      WHS(ns)      THS(ns)  THS Failing Endpoints  THS Total Endpoints  
----------    --------          -------      -------  ---------------------  -------------------      -------      -------  ---------------------  -------------------  


------------------------------------------------------------------------------------------------
| Other Path Groups Table
| -----------------------
------------------------------------------------------------------------------------------------

Path Group    From Clock    To Clock          WNS(ns)      TNS(ns)  TNS Failing Endpoints  TNS Total Endpoints      WHS(ns)      THS(ns)  THS Failing Endpoints  THS Total Endpoints  
----------    ----------    --------          -------      -------  ---------------------  -------------------      -------      -------  ---------------------  -------------------  


------------------------------------------------------------------------------------------------
| User Ignored Path Table
| -----------------------
------------------------------------------------------------------------------------------------

Path Group    From Clock    To Clock    
----------    ----------    --------    


------------------------------------------------------------------------------------------------
| Unconstrained Path Table
| ------------------------
------------------------------------------------------------------------------------------------

Path Group    From Clock    To Clock    
----------    ----------    --------    
(none)                                    


------------------------------------------------------------------------------------------------
| Timing Details
| --------------
------------------------------------------------------------------------------------------------


--------------------------------------------------------------------------------------
Path Group:  (none)
From Clock:  
  To Clock:  

Max Delay             8 Endpoints
Min Delay             8 Endpoints
--------------------------------------------------------------------------------------


Max Delay Paths
--------------------------------------------------------------------------------------
Slack:                    inf
  Source:                 <hidden>
                            (rising edge-triggered cell RAMB18E1)
  Destination:            carry
                            (output port)
  Path Group:             (none)
  Path Type:              Max at Slow Process Corner
  Data Path Delay:        9.281ns  (logic 5.975ns (64.380%)  route 3.306ns (35.620%))
  Logic Levels:           2  (OBUF=1 RAMB18E1=1)

    Location             Delay type                Incr(ns)  Path(ns)    Netlist Resource(s)
  -------------------------------------------------------------------    -------------------
    RAMB18_X2Y18         RAMB18E1                     0.000     0.000 r  <hidden>
    RAMB18_X2Y18         RAMB18E1 (Prop_ramb18e1_CLKARDCLK_DOADO[0])
                                                      2.454     2.454 r  <hidden>
                         net (fo=1, routed)           3.306     5.760    carry_OBUF
    L1                   OBUF (Prop_obuf_I_O)         3.521     9.281 r  carry_OBUF_inst/O
                         net (fo=0)                   0.000     9.281    carry
    L1                                                                r  carry (OUT)
  -------------------------------------------------------------------    -------------------

Slack:                    inf
  Source:                 <hidden>
                            (rising edge-triggered cell RAMB18E1)
  Destination:            sum
                            (output port)
  Path Group:             (none)
  Path Type:              Max at Slow Process Corner
  Data Path Delay:        8.664ns  (logic 5.969ns (68.900%)  route 2.694ns (31.100%))
  Logic Levels:           2  (OBUF=1 RAMB18E1=1)

    Location             Delay type                Incr(ns)  Path(ns)    Netlist Resource(s)
  -------------------------------------------------------------------    -------------------
    RAMB18_X2Y18         RAMB18E1                     0.000     0.000 r  <hidden>
    RAMB18_X2Y18         RAMB18E1 (Prop_ramb18e1_CLKBWRCLK_DOBDO[0])
                                                      2.454     2.454 r  <hidden>
                         net (fo=1, routed)           2.694     5.148    sum_OBUF
    P1                   OBUF (Prop_obuf_I_O)         3.515     8.664 r  sum_OBUF_inst/O
                         net (fo=0)                   0.000     8.664    sum
    P1                                                                r  sum (OUT)
  -------------------------------------------------------------------    -------------------

Slack:                    inf
  Source:                 A
                            (input port)
  Destination:            <hidden>
  Path Group:             (none)
  Path Type:              Max at Slow Process Corner
  Data Path Delay:        2.920ns  (logic 1.456ns (49.866%)  route 1.464ns (50.134%))
  Logic Levels:           1  (IBUF=1)

    Location             Delay type                Incr(ns)  Path(ns)    Netlist Resource(s)
  -------------------------------------------------------------------    -------------------
    R2                                                0.000     0.000 r  A (IN)
                         net (fo=0)                   0.000     0.000    A
    R2                   IBUF (Prop_ibuf_I_O)         1.456     1.456 r  A_IBUF_inst/O
                         net (fo=2, routed)           1.464     2.920    <hidden>
    RAMB18_X2Y18         RAMB18E1                                     r  <hidden>
  -------------------------------------------------------------------    -------------------

Slack:                    inf
  Source:                 C
                            (input port)
  Destination:            <hidden>
  Path Group:             (none)
  Path Type:              Max at Slow Process Corner
  Data Path Delay:        2.788ns  (logic 1.453ns (52.106%)  route 1.335ns (47.894%))
  Logic Levels:           1  (IBUF=1)

    Location             Delay type                Incr(ns)  Path(ns)    Netlist Resource(s)
  -------------------------------------------------------------------    -------------------
    U1                                                0.000     0.000 r  C (IN)
                         net (fo=0)                   0.000     0.000    C
    U1                   IBUF (Prop_ibuf_I_O)         1.453     1.453 r  C_IBUF_inst/O
                         net (fo=2, routed)           1.335     2.788    <hidden>
    RAMB18_X2Y18         RAMB18E1                                     r  <hidden>
  -------------------------------------------------------------------    -------------------

Slack:                    inf
  Source:                 C
                            (input port)
  Destination:            <hidden>
  Path Group:             (none)
  Path Type:              Max at Slow Process Corner
  Data Path Delay:        2.787ns  (logic 1.453ns (52.135%)  route 1.334ns (47.865%))
  Logic Levels:           1  (IBUF=1)

    Location             Delay type                Incr(ns)  Path(ns)    Netlist Resource(s)
  -------------------------------------------------------------------    -------------------
    U1                                                0.000     0.000 r  C (IN)
                         net (fo=0)                   0.000     0.000    C
    U1                   IBUF (Prop_ibuf_I_O)         1.453     1.453 r  C_IBUF_inst/O
                         net (fo=2, routed)           1.334     2.787    <hidden>
    RAMB18_X2Y18         RAMB18E1                                     r  <hidden>
  -------------------------------------------------------------------    -------------------

Slack:                    inf
  Source:                 B
                            (input port)
  Destination:            <hidden>
  Path Group:             (none)
  Path Type:              Max at Slow Process Corner
  Data Path Delay:        2.761ns  (logic 1.455ns (52.708%)  route 1.306ns (47.292%))
  Logic Levels:           1  (IBUF=1)

    Location             Delay type                Incr(ns)  Path(ns)    Netlist Resource(s)
  -------------------------------------------------------------------    -------------------
    T1                                                0.000     0.000 r  B (IN)
                         net (fo=0)                   0.000     0.000    B
    T1                   IBUF (Prop_ibuf_I_O)         1.455     1.455 r  B_IBUF_inst/O
                         net (fo=2, routed)           1.306     2.761    <hidden>
    RAMB18_X2Y18         RAMB18E1                                     r  <hidden>
  -------------------------------------------------------------------    -------------------

Slack:                    inf
  Source:                 B
                            (input port)
  Destination:            <hidden>
  Path Group:             (none)
  Path Type:              Max at Slow Process Corner
  Data Path Delay:        2.761ns  (logic 1.455ns (52.708%)  route 1.306ns (47.292%))
  Logic Levels:           1  (IBUF=1)

    Location             Delay type                Incr(ns)  Path(ns)    Netlist Resource(s)
  -------------------------------------------------------------------    -------------------
    T1                                                0.000     0.000 r  B (IN)
                         net (fo=0)                   0.000     0.000    B
    T1                   IBUF (Prop_ibuf_I_O)         1.455     1.455 r  B_IBUF_inst/O
                         net (fo=2, routed)           1.306     2.761    <hidden>
    RAMB18_X2Y18         RAMB18E1                                     r  <hidden>
  -------------------------------------------------------------------    -------------------

Slack:                    inf
  Source:                 A
                            (input port)
  Destination:            <hidden>
  Path Group:             (none)
  Path Type:              Max at Slow Process Corner
  Data Path Delay:        2.729ns  (logic 1.456ns (53.357%)  route 1.273ns (46.643%))
  Logic Levels:           1  (IBUF=1)

    Location             Delay type                Incr(ns)  Path(ns)    Netlist Resource(s)
  -------------------------------------------------------------------    -------------------
    R2                                                0.000     0.000 r  A (IN)
                         net (fo=0)                   0.000     0.000    A
    R2                   IBUF (Prop_ibuf_I_O)         1.456     1.456 r  A_IBUF_inst/O
                         net (fo=2, routed)           1.273     2.729    <hidden>
    RAMB18_X2Y18         RAMB18E1                                     r  <hidden>
  -------------------------------------------------------------------    -------------------





Min Delay Paths
--------------------------------------------------------------------------------------
Slack:                    inf
  Source:                 A
                            (input port)
  Destination:            <hidden>
  Path Group:             (none)
  Path Type:              Min at Fast Process Corner
  Data Path Delay:        0.761ns  (logic 0.224ns (29.460%)  route 0.537ns (70.540%))
  Logic Levels:           1  (IBUF=1)

    Location             Delay type                Incr(ns)  Path(ns)    Netlist Resource(s)
  -------------------------------------------------------------------    -------------------
    R2                                                0.000     0.000 r  A (IN)
                         net (fo=0)                   0.000     0.000    A
    R2                   IBUF (Prop_ibuf_I_O)         0.224     0.224 r  A_IBUF_inst/O
                         net (fo=2, routed)           0.537     0.761    <hidden>
    RAMB18_X2Y18         RAMB18E1                                     r  <hidden>
  -------------------------------------------------------------------    -------------------

Slack:                    inf
  Source:                 C
                            (input port)
  Destination:            <hidden>
  Path Group:             (none)
  Path Type:              Min at Fast Process Corner
  Data Path Delay:        0.797ns  (logic 0.221ns (27.733%)  route 0.576ns (72.267%))
  Logic Levels:           1  (IBUF=1)

    Location             Delay type                Incr(ns)  Path(ns)    Netlist Resource(s)
  -------------------------------------------------------------------    -------------------
    U1                                                0.000     0.000 r  C (IN)
                         net (fo=0)                   0.000     0.000    C
    U1                   IBUF (Prop_ibuf_I_O)         0.221     0.221 r  C_IBUF_inst/O
                         net (fo=2, routed)           0.576     0.797    <hidden>
    RAMB18_X2Y18         RAMB18E1                                     r  <hidden>
  -------------------------------------------------------------------    -------------------

Slack:                    inf
  Source:                 C
                            (input port)
  Destination:            <hidden>
  Path Group:             (none)
  Path Type:              Min at Fast Process Corner
  Data Path Delay:        0.798ns  (logic 0.221ns (27.679%)  route 0.577ns (72.321%))
  Logic Levels:           1  (IBUF=1)

    Location             Delay type                Incr(ns)  Path(ns)    Netlist Resource(s)
  -------------------------------------------------------------------    -------------------
    U1                                                0.000     0.000 r  C (IN)
                         net (fo=0)                   0.000     0.000    C
    U1                   IBUF (Prop_ibuf_I_O)         0.221     0.221 r  C_IBUF_inst/O
                         net (fo=2, routed)           0.577     0.798    <hidden>
    RAMB18_X2Y18         RAMB18E1                                     r  <hidden>
  -------------------------------------------------------------------    -------------------

Slack:                    inf
  Source:                 B
                            (input port)
  Destination:            <hidden>
  Path Group:             (none)
  Path Type:              Min at Fast Process Corner
  Data Path Delay:        0.801ns  (logic 0.223ns (27.878%)  route 0.578ns (72.122%))
  Logic Levels:           1  (IBUF=1)

    Location             Delay type                Incr(ns)  Path(ns)    Netlist Resource(s)
  -------------------------------------------------------------------    -------------------
    T1                                                0.000     0.000 r  B (IN)
                         net (fo=0)                   0.000     0.000    B
    T1                   IBUF (Prop_ibuf_I_O)         0.223     0.223 r  B_IBUF_inst/O
                         net (fo=2, routed)           0.578     0.801    <hidden>
    RAMB18_X2Y18         RAMB18E1                                     r  <hidden>
  -------------------------------------------------------------------    -------------------

Slack:                    inf
  Source:                 B
                            (input port)
  Destination:            <hidden>
  Path Group:             (none)
  Path Type:              Min at Fast Process Corner
  Data Path Delay:        0.801ns  (logic 0.223ns (27.878%)  route 0.578ns (72.122%))
  Logic Levels:           1  (IBUF=1)

    Location             Delay type                Incr(ns)  Path(ns)    Netlist Resource(s)
  -------------------------------------------------------------------    -------------------
    T1                                                0.000     0.000 r  B (IN)
                         net (fo=0)                   0.000     0.000    B
    T1                   IBUF (Prop_ibuf_I_O)         0.223     0.223 r  B_IBUF_inst/O
                         net (fo=2, routed)           0.578     0.801    <hidden>
    RAMB18_X2Y18         RAMB18E1                                     r  <hidden>
  -------------------------------------------------------------------    -------------------

Slack:                    inf
  Source:                 A
                            (input port)
  Destination:            <hidden>
  Path Group:             (none)
  Path Type:              Min at Fast Process Corner
  Data Path Delay:        0.823ns  (logic 0.224ns (27.240%)  route 0.599ns (72.760%))
  Logic Levels:           1  (IBUF=1)

    Location             Delay type                Incr(ns)  Path(ns)    Netlist Resource(s)
  -------------------------------------------------------------------    -------------------
    R2                                                0.000     0.000 r  A (IN)
                         net (fo=0)                   0.000     0.000    A
    R2                   IBUF (Prop_ibuf_I_O)         0.224     0.224 r  A_IBUF_inst/O
                         net (fo=2, routed)           0.599     0.823    <hidden>
    RAMB18_X2Y18         RAMB18E1                                     r  <hidden>
  -------------------------------------------------------------------    -------------------

Slack:                    inf
  Source:                 <hidden>
                            (rising edge-triggered cell RAMB18E1)
  Destination:            sum
                            (output port)
  Path Group:             (none)
  Path Type:              Min at Fast Process Corner
  Data Path Delay:        2.605ns  (logic 1.801ns (69.155%)  route 0.803ns (30.845%))
  Logic Levels:           2  (OBUF=1 RAMB18E1=1)

    Location             Delay type                Incr(ns)  Path(ns)    Netlist Resource(s)
  -------------------------------------------------------------------    -------------------
    RAMB18_X2Y18         RAMB18E1                     0.000     0.000 r  <hidden>
    RAMB18_X2Y18         RAMB18E1 (Prop_ramb18e1_CLKBWRCLK_DOBDO[0])
                                                      0.585     0.585 r  <hidden>
                         net (fo=1, routed)           0.803     1.388    sum_OBUF
    P1                   OBUF (Prop_obuf_I_O)         1.216     2.605 r  sum_OBUF_inst/O
                         net (fo=0)                   0.000     2.605    sum
    P1                                                                r  sum (OUT)
  -------------------------------------------------------------------    -------------------

Slack:                    inf
  Source:                 <hidden>
                            (rising edge-triggered cell RAMB18E1)
  Destination:            carry
                            (output port)
  Path Group:             (none)
  Path Type:              Min at Fast Process Corner
  Data Path Delay:        2.863ns  (logic 1.807ns (63.120%)  route 1.056ns (36.880%))
  Logic Levels:           2  (OBUF=1 RAMB18E1=1)

    Location             Delay type                Incr(ns)  Path(ns)    Netlist Resource(s)
  -------------------------------------------------------------------    -------------------
    RAMB18_X2Y18         RAMB18E1                     0.000     0.000 r  <hidden>
    RAMB18_X2Y18         RAMB18E1 (Prop_ramb18e1_CLKARDCLK_DOADO[0])
                                                      0.585     0.585 r  <hidden>
                         net (fo=1, routed)           1.056     1.641    carry_OBUF
    L1                   OBUF (Prop_obuf_I_O)         1.222     2.863 r  carry_OBUF_inst/O
                         net (fo=0)                   0.000     2.863    carry
    L1                                                                r  carry (OUT)
  -------------------------------------------------------------------    -------------------





