Copyright 1986-2022 Xilinx, Inc. All Rights Reserved. Copyright 2022-2025 Advanced Micro Devices, Inc. All Rights Reserved.
---------------------------------------------------------------------------------------------------------------------------------------------------------------------------------------------------------------------
| Tool Version : Vivado v.2025.1 (win64) Build 6140274 Thu May 22 00:12:29 MDT 2025
| Date         : Mon Jun 15 13:10:12 2026
| Host         : LAPTOP-9AHF2G73 running 64-bit major release  (build 9200)
| Command      : report_timing_summary -max_paths 10 -routable_nets -report_unconstrained -file top_timing_summary_routed.rpt -pb top_timing_summary_routed.pb -rpx top_timing_summary_routed.rpx -warn_on_violation
| Design       : top
| Device       : 7s50-csga324
| Speed File   : -1  PRODUCTION 1.23 2018-06-13
| Design State : Routed
---------------------------------------------------------------------------------------------------------------------------------------------------------------------------------------------------------------------

Timing Summary Report

------------------------------------------------------------------------------------------------
| Timer Settings
| --------------
------------------------------------------------------------------------------------------------

  Enable Multi Corner Analysis               :  Yes
  Enable Pessimism Removal                   :  Yes
  Pessimism Removal Resolution               :  Nearest Common Node
  Enable Input Delay Default Clock           :  No
  Enable Preset / Clear Arcs                 :  No
  Disable Flight Delays                      :  No
  Ignore I/O Paths                           :  No
  Timing Early Launch at Borrowing Latches   :  No
  Borrow Time for Max Delay Exceptions       :  Yes
  Merge Timing Exceptions                    :  Yes
  Inter-SLR Compensation                     :  Conservative

  Corner  Analyze    Analyze    
  Name    Max Paths  Min Paths  
  ------  ---------  ---------  
  Slow    Yes        Yes        
  Fast    Yes        Yes        


------------------------------------------------------------------------------------------------
| Report Methodology
| ------------------
------------------------------------------------------------------------------------------------

Rule       Severity          Description                  Violations  
---------  ----------------  ---------------------------  ----------  
TIMING-17  Critical Warning  Non-clocked sequential cell  28          

Note: This report is based on the most recent report_methodology run and may not be up-to-date. Run report_methodology on the current design for the latest report.



check_timing report

Table of Contents
-----------------
1. checking no_clock (28)
2. checking constant_clock (0)
3. checking pulse_width_clock (0)
4. checking unconstrained_internal_endpoints (79)
5. checking no_input_delay (11)
6. checking no_output_delay (14)
7. checking multiple_clock (0)
8. checking generated_clocks (0)
9. checking loops (0)
10. checking partial_input_delay (0)
11. checking partial_output_delay (0)
12. checking latch_loops (0)

1. checking no_clock (28)
-------------------------
 There are 28 register/latch pins with no clock driven by root clock pin: clk (HIGH)


2. checking constant_clock (0)
------------------------------
 There are 0 register/latch pins with constant_clock.


3. checking pulse_width_clock (0)
---------------------------------
 There are 0 register/latch pins which need pulse_width check


4. checking unconstrained_internal_endpoints (79)
-------------------------------------------------
 There are 79 pins that are not constrained for maximum delay. (HIGH)

 There are 0 pins that are not constrained for maximum delay due to constant clock.


5. checking no_input_delay (11)
-------------------------------
 There are 11 input ports with no input delay specified. (HIGH)

 There are 0 input ports with no input delay but user has a false path constraint.


6. checking no_output_delay (14)
--------------------------------
 There are 14 ports with no output delay specified. (HIGH)

 There are 0 ports with no output delay but user has a false path constraint

 There are 0 ports with no output delay but with a timing clock defined on it or propagating through it


7. checking multiple_clock (0)
------------------------------
 There are 0 register/latch pins with multiple clocks.


8. checking generated_clocks (0)
--------------------------------
 There are 0 generated clocks that are not connected to a clock source.


9. checking loops (0)
---------------------
 There are 0 combinational loops in the design.


10. checking partial_input_delay (0)
------------------------------------
 There are 0 input ports with partial input delay specified.


11. checking partial_output_delay (0)
-------------------------------------
 There are 0 ports with partial output delay specified.


12. checking latch_loops (0)
----------------------------
 There are 0 combinational latch loops in the design through latch input



------------------------------------------------------------------------------------------------
| Design Timing Summary
| ---------------------
------------------------------------------------------------------------------------------------

    WNS(ns)      TNS(ns)  TNS Failing Endpoints  TNS Total Endpoints      WHS(ns)      THS(ns)  THS Failing Endpoints  THS Total Endpoints     WPWS(ns)     TPWS(ns)  TPWS Failing Endpoints  TPWS Total Endpoints  
    -------      -------  ---------------------  -------------------      -------      -------  ---------------------  -------------------     --------     --------  ----------------------  --------------------  
        inf        0.000                      0                   93          inf        0.000                      0                   93           NA           NA                      NA                    NA  


There are no user specified timing constraints.


------------------------------------------------------------------------------------------------
| Clock Summary
| -------------
------------------------------------------------------------------------------------------------


------------------------------------------------------------------------------------------------
| Intra Clock Table
| -----------------
------------------------------------------------------------------------------------------------

Clock             WNS(ns)      TNS(ns)  TNS Failing Endpoints  TNS Total Endpoints      WHS(ns)      THS(ns)  THS Failing Endpoints  THS Total Endpoints     WPWS(ns)     TPWS(ns)  TPWS Failing Endpoints  TPWS Total Endpoints  
-----             -------      -------  ---------------------  -------------------      -------      -------  ---------------------  -------------------     --------     --------  ----------------------  --------------------  


------------------------------------------------------------------------------------------------
| Inter Clock Table
| -----------------
------------------------------------------------------------------------------------------------

From Clock    To Clock          WNS(ns)      TNS(ns)  TNS Failing Endpoints  TNS Total Endpoints      WHS(ns)      THS(ns)  THS Failing Endpoints  THS Total Endpoints  
----------    --------          -------      -------  ---------------------  -------------------      -------      -------  ---------------------  -------------------  


------------------------------------------------------------------------------------------------
| Other Path Groups Table
| -----------------------
------------------------------------------------------------------------------------------------

Path Group    From Clock    To Clock          WNS(ns)      TNS(ns)  TNS Failing Endpoints  TNS Total Endpoints      WHS(ns)      THS(ns)  THS Failing Endpoints  THS Total Endpoints  
----------    ----------    --------          -------      -------  ---------------------  -------------------      -------      -------  ---------------------  -------------------  


------------------------------------------------------------------------------------------------
| User Ignored Path Table
| -----------------------
------------------------------------------------------------------------------------------------

Path Group    From Clock    To Clock    
----------    ----------    --------    


------------------------------------------------------------------------------------------------
| Unconstrained Path Table
| ------------------------
------------------------------------------------------------------------------------------------

Path Group    From Clock    To Clock    
----------    ----------    --------    
(none)                                    


------------------------------------------------------------------------------------------------
| Timing Details
| --------------
------------------------------------------------------------------------------------------------


--------------------------------------------------------------------------------------
Path Group:  (none)
From Clock:  
  To Clock:  

Max Delay            93 Endpoints
Min Delay            93 Endpoints
--------------------------------------------------------------------------------------


Max Delay Paths
--------------------------------------------------------------------------------------
Slack:                    inf
  Source:                 DP/x_reg[1]/C
                            (rising edge-triggered cell FDCE)
  Destination:            x[1]
                            (output port)
  Path Group:             (none)
  Path Type:              Max at Slow Process Corner
  Data Path Delay:        6.837ns  (logic 4.160ns (60.837%)  route 2.678ns (39.163%))
  Logic Levels:           2  (FDCE=1 OBUF=1)

    Location             Delay type                Incr(ns)  Path(ns)    Netlist Resource(s)
  -------------------------------------------------------------------    -------------------
    SLICE_X64Y62         FDCE                         0.000     0.000 r  DP/x_reg[1]/C
    SLICE_X64Y62         FDCE (Prop_fdce_C_Q)         0.478     0.478 r  DP/x_reg[1]/Q
                         net (fo=1, routed)           2.678     3.156    x_OBUF[1]
    E6                   OBUF (Prop_obuf_I_O)         3.682     6.837 r  x_OBUF[1]_inst/O
                         net (fo=0)                   0.000     6.837    x[1]
    E6                                                                r  x[1] (OUT)
  -------------------------------------------------------------------    -------------------

Slack:                    inf
  Source:                 DP/c_reg[2]/C
                            (rising edge-triggered cell FDCE)
  Destination:            c[2]
                            (output port)
  Path Group:             (none)
  Path Type:              Max at Slow Process Corner
  Data Path Delay:        6.819ns  (logic 4.121ns (60.434%)  route 2.698ns (39.566%))
  Logic Levels:           2  (FDCE=1 OBUF=1)

    Location             Delay type                Incr(ns)  Path(ns)    Netlist Resource(s)
  -------------------------------------------------------------------    -------------------
    SLICE_X65Y58         FDCE                         0.000     0.000 r  DP/c_reg[2]/C
    SLICE_X65Y58         FDCE (Prop_fdce_C_Q)         0.419     0.419 r  DP/c_reg[2]/Q
                         net (fo=1, routed)           2.698     3.117    c_OBUF[2]
    B4                   OBUF (Prop_obuf_I_O)         3.702     6.819 r  c_OBUF[2]_inst/O
                         net (fo=0)                   0.000     6.819    c[2]
    B4                                                                r  c[2] (OUT)
  -------------------------------------------------------------------    -------------------

Slack:                    inf
  Source:                 DP/x_reg[0]/C
                            (rising edge-triggered cell FDCE)
  Destination:            x[0]
                            (output port)
  Path Group:             (none)
  Path Type:              Max at Slow Process Corner
  Data Path Delay:        6.703ns  (logic 4.034ns (60.176%)  route 2.669ns (39.824%))
  Logic Levels:           2  (FDCE=1 OBUF=1)

    Location             Delay type                Incr(ns)  Path(ns)    Netlist Resource(s)
  -------------------------------------------------------------------    -------------------
    SLICE_X64Y62         FDCE                         0.000     0.000 r  DP/x_reg[0]/C
    SLICE_X64Y62         FDCE (Prop_fdce_C_Q)         0.518     0.518 r  DP/x_reg[0]/Q
                         net (fo=1, routed)           2.669     3.187    x_OBUF[0]
    E5                   OBUF (Prop_obuf_I_O)         3.516     6.703 r  x_OBUF[0]_inst/O
                         net (fo=0)                   0.000     6.703    x[0]
    E5                                                                r  x[0] (OUT)
  -------------------------------------------------------------------    -------------------

Slack:                    inf
  Source:                 DP/c_reg[1]/C
                            (rising edge-triggered cell FDCE)
  Destination:            c[1]
                            (output port)
  Path Group:             (none)
  Path Type:              Max at Slow Process Corner
  Data Path Delay:        6.470ns  (logic 3.993ns (61.709%)  route 2.478ns (38.291%))
  Logic Levels:           2  (FDCE=1 OBUF=1)

    Location             Delay type                Incr(ns)  Path(ns)    Netlist Resource(s)
  -------------------------------------------------------------------    -------------------
    SLICE_X65Y58         FDCE                         0.000     0.000 r  DP/c_reg[1]/C
    SLICE_X65Y58         FDCE (Prop_fdce_C_Q)         0.456     0.456 r  DP/c_reg[1]/Q
                         net (fo=1, routed)           2.478     2.934    c_OBUF[1]
    A3                   OBUF (Prop_obuf_I_O)         3.537     6.470 r  c_OBUF[1]_inst/O
                         net (fo=0)                   0.000     6.470    c[1]
    A3                                                                r  c[1] (OUT)
  -------------------------------------------------------------------    -------------------

Slack:                    inf
  Source:                 DP/c_reg[0]/C
                            (rising edge-triggered cell FDCE)
  Destination:            c[0]
                            (output port)
  Path Group:             (none)
  Path Type:              Max at Slow Process Corner
  Data Path Delay:        6.463ns  (logic 3.982ns (61.621%)  route 2.480ns (38.379%))
  Logic Levels:           2  (FDCE=1 OBUF=1)

    Location             Delay type                Incr(ns)  Path(ns)    Netlist Resource(s)
  -------------------------------------------------------------------    -------------------
    SLICE_X65Y58         FDCE                         0.000     0.000 r  DP/c_reg[0]/C
    SLICE_X65Y58         FDCE (Prop_fdce_C_Q)         0.456     0.456 r  DP/c_reg[0]/Q
                         net (fo=1, routed)           2.480     2.936    c_OBUF[0]
    B3                   OBUF (Prop_obuf_I_O)         3.526     6.463 r  c_OBUF[0]_inst/O
                         net (fo=0)                   0.000     6.463    c[0]
    B3                                                                r  c[0] (OUT)
  -------------------------------------------------------------------    -------------------

Slack:                    inf
  Source:                 CTRL/FSM_onehot_state_reg[3]_lopt_replica/C
                            (rising edge-triggered cell FDCE)
  Destination:            done
                            (output port)
  Path Group:             (none)
  Path Type:              Max at Slow Process Corner
  Data Path Delay:        6.370ns  (logic 4.060ns (63.740%)  route 2.310ns (36.260%))
  Logic Levels:           2  (FDCE=1 OBUF=1)

    Location             Delay type                Incr(ns)  Path(ns)    Netlist Resource(s)
  -------------------------------------------------------------------    -------------------
    SLICE_X64Y63         FDCE                         0.000     0.000 r  CTRL/FSM_onehot_state_reg[3]_lopt_replica/C
    SLICE_X64Y63         FDCE (Prop_fdce_C_Q)         0.518     0.518 r  CTRL/FSM_onehot_state_reg[3]_lopt_replica/Q
                         net (fo=1, routed)           2.310     2.828    lopt
    A4                   OBUF (Prop_obuf_I_O)         3.542     6.370 r  done_OBUF_inst/O
                         net (fo=0)                   0.000     6.370    done
    A4                                                                r  done (OUT)
  -------------------------------------------------------------------    -------------------

Slack:                    inf
  Source:                 DP/x_reg[2]/C
                            (rising edge-triggered cell FDCE)
  Destination:            x[2]
                            (output port)
  Path Group:             (none)
  Path Type:              Max at Slow Process Corner
  Data Path Delay:        6.314ns  (logic 3.977ns (62.994%)  route 2.337ns (37.006%))
  Logic Levels:           2  (FDCE=1 OBUF=1)

    Location             Delay type                Incr(ns)  Path(ns)    Netlist Resource(s)
  -------------------------------------------------------------------    -------------------
    SLICE_X65Y63         FDCE                         0.000     0.000 r  DP/x_reg[2]/C
    SLICE_X65Y63         FDCE (Prop_fdce_C_Q)         0.456     0.456 r  DP/x_reg[2]/Q
                         net (fo=1, routed)           2.337     2.793    x_OBUF[2]
    C3                   OBUF (Prop_obuf_I_O)         3.521     6.314 r  x_OBUF[2]_inst/O
                         net (fo=0)                   0.000     6.314    x[2]
    C3                                                                r  x[2] (OUT)
  -------------------------------------------------------------------    -------------------

Slack:                    inf
  Source:                 DP/x_reg[4]/C
                            (rising edge-triggered cell FDCE)
  Destination:            x[4]
                            (output port)
  Path Group:             (none)
  Path Type:              Max at Slow Process Corner
  Data Path Delay:        6.279ns  (logic 4.131ns (65.795%)  route 2.148ns (34.205%))
  Logic Levels:           2  (FDCE=1 OBUF=1)

    Location             Delay type                Incr(ns)  Path(ns)    Netlist Resource(s)
  -------------------------------------------------------------------    -------------------
    SLICE_X65Y63         FDCE                         0.000     0.000 r  DP/x_reg[4]/C
    SLICE_X65Y63         FDCE (Prop_fdce_C_Q)         0.419     0.419 r  DP/x_reg[4]/Q
                         net (fo=1, routed)           2.148     2.567    x_OBUF[4]
    A2                   OBUF (Prop_obuf_I_O)         3.712     6.279 r  x_OBUF[4]_inst/O
                         net (fo=0)                   0.000     6.279    x[4]
    A2                                                                r  x[4] (OUT)
  -------------------------------------------------------------------    -------------------

Slack:                    inf
  Source:                 DP/y2_reg[2]/C
                            (rising edge-triggered cell FDCE)
  Destination:            y2[2]
                            (output port)
  Path Group:             (none)
  Path Type:              Max at Slow Process Corner
  Data Path Delay:        6.172ns  (logic 4.111ns (66.616%)  route 2.060ns (33.384%))
  Logic Levels:           2  (FDCE=1 OBUF=1)

    Location             Delay type                Incr(ns)  Path(ns)    Netlist Resource(s)
  -------------------------------------------------------------------    -------------------
    SLICE_X65Y62         FDCE                         0.000     0.000 r  DP/y2_reg[2]/C
    SLICE_X65Y62         FDCE (Prop_fdce_C_Q)         0.419     0.419 r  DP/y2_reg[2]/Q
                         net (fo=1, routed)           2.060     2.479    y2_OBUF[2]
    E1                   OBUF (Prop_obuf_I_O)         3.692     6.172 r  y2_OBUF[2]_inst/O
                         net (fo=0)                   0.000     6.172    y2[2]
    E1                                                                r  y2[2] (OUT)
  -------------------------------------------------------------------    -------------------

Slack:                    inf
  Source:                 DP/x_reg[3]/C
                            (rising edge-triggered cell FDCE)
  Destination:            x[3]
                            (output port)
  Path Group:             (none)
  Path Type:              Max at Slow Process Corner
  Data Path Delay:        6.140ns  (logic 3.989ns (64.967%)  route 2.151ns (35.033%))
  Logic Levels:           2  (FDCE=1 OBUF=1)

    Location             Delay type                Incr(ns)  Path(ns)    Netlist Resource(s)
  -------------------------------------------------------------------    -------------------
    SLICE_X65Y63         FDCE                         0.000     0.000 r  DP/x_reg[3]/C
    SLICE_X65Y63         FDCE (Prop_fdce_C_Q)         0.456     0.456 r  DP/x_reg[3]/Q
                         net (fo=1, routed)           2.151     2.607    x_OBUF[3]
    B2                   OBUF (Prop_obuf_I_O)         3.533     6.140 r  x_OBUF[3]_inst/O
                         net (fo=0)                   0.000     6.140    x[3]
    B2                                                                r  x[3] (OUT)
  -------------------------------------------------------------------    -------------------





Min Delay Paths
--------------------------------------------------------------------------------------
Slack:                    inf
  Source:                 CTRL/FSM_onehot_state_reg[1]/C
                            (rising edge-triggered cell FDCE)
  Destination:            DP/regA_reg[1]/CE
  Path Group:             (none)
  Path Type:              Min at Fast Process Corner
  Data Path Delay:        0.271ns  (logic 0.141ns (51.935%)  route 0.130ns (48.065%))
  Logic Levels:           1  (FDCE=1)

    Location             Delay type                Incr(ns)  Path(ns)    Netlist Resource(s)
  -------------------------------------------------------------------    -------------------
    SLICE_X63Y62         FDCE                         0.000     0.000 r  CTRL/FSM_onehot_state_reg[1]/C
    SLICE_X63Y62         FDCE (Prop_fdce_C_Q)         0.141     0.141 r  CTRL/FSM_onehot_state_reg[1]/Q
                         net (fo=17, routed)          0.130     0.271    DP/Q[0]
    SLICE_X65Y61         FDCE                                         r  DP/regA_reg[1]/CE
  -------------------------------------------------------------------    -------------------

Slack:                    inf
  Source:                 CTRL/FSM_onehot_state_reg[1]/C
                            (rising edge-triggered cell FDCE)
  Destination:            DP/regA_reg[2]/CE
  Path Group:             (none)
  Path Type:              Min at Fast Process Corner
  Data Path Delay:        0.271ns  (logic 0.141ns (51.935%)  route 0.130ns (48.065%))
  Logic Levels:           1  (FDCE=1)

    Location             Delay type                Incr(ns)  Path(ns)    Netlist Resource(s)
  -------------------------------------------------------------------    -------------------
    SLICE_X63Y62         FDCE                         0.000     0.000 r  CTRL/FSM_onehot_state_reg[1]/C
    SLICE_X63Y62         FDCE (Prop_fdce_C_Q)         0.141     0.141 r  CTRL/FSM_onehot_state_reg[1]/Q
                         net (fo=17, routed)          0.130     0.271    DP/Q[0]
    SLICE_X65Y61         FDCE                                         r  DP/regA_reg[2]/CE
  -------------------------------------------------------------------    -------------------

Slack:                    inf
  Source:                 CTRL/FSM_onehot_state_reg[1]/C
                            (rising edge-triggered cell FDCE)
  Destination:            DP/regA_reg[3]/CE
  Path Group:             (none)
  Path Type:              Min at Fast Process Corner
  Data Path Delay:        0.271ns  (logic 0.141ns (51.935%)  route 0.130ns (48.065%))
  Logic Levels:           1  (FDCE=1)

    Location             Delay type                Incr(ns)  Path(ns)    Netlist Resource(s)
  -------------------------------------------------------------------    -------------------
    SLICE_X63Y62         FDCE                         0.000     0.000 r  CTRL/FSM_onehot_state_reg[1]/C
    SLICE_X63Y62         FDCE (Prop_fdce_C_Q)         0.141     0.141 r  CTRL/FSM_onehot_state_reg[1]/Q
                         net (fo=17, routed)          0.130     0.271    DP/Q[0]
    SLICE_X65Y61         FDCE                                         r  DP/regA_reg[3]/CE
  -------------------------------------------------------------------    -------------------

Slack:                    inf
  Source:                 CTRL/FSM_onehot_state_reg[1]/C
                            (rising edge-triggered cell FDCE)
  Destination:            DP/regA_reg[4]/CE
  Path Group:             (none)
  Path Type:              Min at Fast Process Corner
  Data Path Delay:        0.271ns  (logic 0.141ns (51.935%)  route 0.130ns (48.065%))
  Logic Levels:           1  (FDCE=1)

    Location             Delay type                Incr(ns)  Path(ns)    Netlist Resource(s)
  -------------------------------------------------------------------    -------------------
    SLICE_X63Y62         FDCE                         0.000     0.000 r  CTRL/FSM_onehot_state_reg[1]/C
    SLICE_X63Y62         FDCE (Prop_fdce_C_Q)         0.141     0.141 r  CTRL/FSM_onehot_state_reg[1]/Q
                         net (fo=17, routed)          0.130     0.271    DP/Q[0]
    SLICE_X65Y61         FDCE                                         r  DP/regA_reg[4]/CE
  -------------------------------------------------------------------    -------------------

Slack:                    inf
  Source:                 CTRL/FSM_onehot_state_reg[2]/C
                            (rising edge-triggered cell FDCE)
  Destination:            CTRL/FSM_onehot_state_reg[3]/D
  Path Group:             (none)
  Path Type:              Min at Fast Process Corner
  Data Path Delay:        0.279ns  (logic 0.128ns (45.880%)  route 0.151ns (54.120%))
  Logic Levels:           1  (FDCE=1)

    Location             Delay type                Incr(ns)  Path(ns)    Netlist Resource(s)
  -------------------------------------------------------------------    -------------------
    SLICE_X63Y62         FDCE                         0.000     0.000 r  CTRL/FSM_onehot_state_reg[2]/C
    SLICE_X63Y62         FDCE (Prop_fdce_C_Q)         0.128     0.128 r  CTRL/FSM_onehot_state_reg[2]/Q
                         net (fo=17, routed)          0.151     0.279    CTRL/Q[1]
    SLICE_X63Y62         FDCE                                         r  CTRL/FSM_onehot_state_reg[3]/D
  -------------------------------------------------------------------    -------------------

Slack:                    inf
  Source:                 CTRL/FSM_onehot_state_reg[3]/C
                            (rising edge-triggered cell FDCE)
  Destination:            DP/y2_reg[0]/CE
  Path Group:             (none)
  Path Type:              Min at Fast Process Corner
  Data Path Delay:        0.304ns  (logic 0.128ns (42.082%)  route 0.176ns (57.918%))
  Logic Levels:           1  (FDCE=1)

    Location             Delay type                Incr(ns)  Path(ns)    Netlist Resource(s)
  -------------------------------------------------------------------    -------------------
    SLICE_X63Y62         FDCE                         0.000     0.000 r  CTRL/FSM_onehot_state_reg[3]/C
    SLICE_X63Y62         FDCE (Prop_fdce_C_Q)         0.128     0.128 r  CTRL/FSM_onehot_state_reg[3]/Q
                         net (fo=6, routed)           0.176     0.304    DP/Q[2]
    SLICE_X65Y62         FDCE                                         r  DP/y2_reg[0]/CE
  -------------------------------------------------------------------    -------------------

Slack:                    inf
  Source:                 CTRL/FSM_onehot_state_reg[3]/C
                            (rising edge-triggered cell FDCE)
  Destination:            DP/y2_reg[1]/CE
  Path Group:             (none)
  Path Type:              Min at Fast Process Corner
  Data Path Delay:        0.304ns  (logic 0.128ns (42.082%)  route 0.176ns (57.918%))
  Logic Levels:           1  (FDCE=1)

    Location             Delay type                Incr(ns)  Path(ns)    Netlist Resource(s)
  -------------------------------------------------------------------    -------------------
    SLICE_X63Y62         FDCE                         0.000     0.000 r  CTRL/FSM_onehot_state_reg[3]/C
    SLICE_X63Y62         FDCE (Prop_fdce_C_Q)         0.128     0.128 r  CTRL/FSM_onehot_state_reg[3]/Q
                         net (fo=6, routed)           0.176     0.304    DP/Q[2]
    SLICE_X65Y62         FDCE                                         r  DP/y2_reg[1]/CE
  -------------------------------------------------------------------    -------------------

Slack:                    inf
  Source:                 CTRL/FSM_onehot_state_reg[3]/C
                            (rising edge-triggered cell FDCE)
  Destination:            DP/y2_reg[2]/CE
  Path Group:             (none)
  Path Type:              Min at Fast Process Corner
  Data Path Delay:        0.304ns  (logic 0.128ns (42.082%)  route 0.176ns (57.918%))
  Logic Levels:           1  (FDCE=1)

    Location             Delay type                Incr(ns)  Path(ns)    Netlist Resource(s)
  -------------------------------------------------------------------    -------------------
    SLICE_X63Y62         FDCE                         0.000     0.000 r  CTRL/FSM_onehot_state_reg[3]/C
    SLICE_X63Y62         FDCE (Prop_fdce_C_Q)         0.128     0.128 r  CTRL/FSM_onehot_state_reg[3]/Q
                         net (fo=6, routed)           0.176     0.304    DP/Q[2]
    SLICE_X65Y62         FDCE                                         r  DP/y2_reg[2]/CE
  -------------------------------------------------------------------    -------------------

Slack:                    inf
  Source:                 CTRL/FSM_onehot_state_reg[3]/C
                            (rising edge-triggered cell FDCE)
  Destination:            DP/y2_reg[3]/CE
  Path Group:             (none)
  Path Type:              Min at Fast Process Corner
  Data Path Delay:        0.304ns  (logic 0.128ns (42.082%)  route 0.176ns (57.918%))
  Logic Levels:           1  (FDCE=1)

    Location             Delay type                Incr(ns)  Path(ns)    Netlist Resource(s)
  -------------------------------------------------------------------    -------------------
    SLICE_X63Y62         FDCE                         0.000     0.000 r  CTRL/FSM_onehot_state_reg[3]/C
    SLICE_X63Y62         FDCE (Prop_fdce_C_Q)         0.128     0.128 r  CTRL/FSM_onehot_state_reg[3]/Q
                         net (fo=6, routed)           0.176     0.304    DP/Q[2]
    SLICE_X65Y62         FDCE                                         r  DP/y2_reg[3]/CE
  -------------------------------------------------------------------    -------------------

Slack:                    inf
  Source:                 CTRL/FSM_onehot_state_reg[3]/C
                            (rising edge-triggered cell FDCE)
  Destination:            DP/y2_reg[4]/CE
  Path Group:             (none)
  Path Type:              Min at Fast Process Corner
  Data Path Delay:        0.304ns  (logic 0.128ns (42.082%)  route 0.176ns (57.918%))
  Logic Levels:           1  (FDCE=1)

    Location             Delay type                Incr(ns)  Path(ns)    Netlist Resource(s)
  -------------------------------------------------------------------    -------------------
    SLICE_X63Y62         FDCE                         0.000     0.000 r  CTRL/FSM_onehot_state_reg[3]/C
    SLICE_X63Y62         FDCE (Prop_fdce_C_Q)         0.128     0.128 r  CTRL/FSM_onehot_state_reg[3]/Q
                         net (fo=6, routed)           0.176     0.304    DP/Q[2]
    SLICE_X65Y62         FDCE                                         r  DP/y2_reg[4]/CE
  -------------------------------------------------------------------    -------------------





