Copyright 1986-2022 Xilinx, Inc. All Rights Reserved. Copyright 2022-2025 Advanced Micro Devices, Inc. All Rights Reserved.
---------------------------------------------------------------------------------------------------------------------------------------------------------------------------------------------------------------------------
| Tool Version : Vivado v.2025.1 (win64) Build 6140274 Thu May 22 00:12:29 MDT 2025
| Date         : Thu Jun 18 13:06:16 2026
| Host         : LAPTOP-9AHF2G73 running 64-bit major release  (build 9200)
| Command      : report_timing_summary -max_paths 10 -routable_nets -report_unconstrained -file SR_FF_timing_summary_routed.rpt -pb SR_FF_timing_summary_routed.pb -rpx SR_FF_timing_summary_routed.rpx -warn_on_violation
| Design       : SR_FF
| Device       : 7a35ti-cpg236
| Speed File   : -1L  PRODUCTION 1.23 2018-06-13
| Design State : Routed
---------------------------------------------------------------------------------------------------------------------------------------------------------------------------------------------------------------------------

Timing Summary Report

------------------------------------------------------------------------------------------------
| Timer Settings
| --------------
------------------------------------------------------------------------------------------------

  Enable Multi Corner Analysis               :  Yes
  Enable Pessimism Removal                   :  Yes
  Pessimism Removal Resolution               :  Nearest Common Node
  Enable Input Delay Default Clock           :  No
  Enable Preset / Clear Arcs                 :  No
  Disable Flight Delays                      :  No
  Ignore I/O Paths                           :  No
  Timing Early Launch at Borrowing Latches   :  No
  Borrow Time for Max Delay Exceptions       :  Yes
  Merge Timing Exceptions                    :  Yes
  Inter-SLR Compensation                     :  Conservative

  Corner  Analyze    Analyze    
  Name    Max Paths  Min Paths  
  ------  ---------  ---------  
  Slow    Yes        Yes        
  Fast    Yes        Yes        


------------------------------------------------------------------------------------------------
| Report Methodology
| ------------------
------------------------------------------------------------------------------------------------

Rule       Severity          Description                  Violations  
---------  ----------------  ---------------------------  ----------  
TIMING-17  Critical Warning  Non-clocked sequential cell  1           

Note: This report is based on the most recent report_methodology run and may not be up-to-date. Run report_methodology on the current design for the latest report.



check_timing report

Table of Contents
-----------------
1. checking no_clock (1)
2. checking constant_clock (0)
3. checking pulse_width_clock (0)
4. checking unconstrained_internal_endpoints (1)
5. checking no_input_delay (4)
6. checking no_output_delay (2)
7. checking multiple_clock (0)
8. checking generated_clocks (0)
9. checking loops (0)
10. checking partial_input_delay (0)
11. checking partial_output_delay (0)
12. checking latch_loops (0)

1. checking no_clock (1)
------------------------
 There is 1 register/latch pin with no clock driven by root clock pin: clk (HIGH)


2. checking constant_clock (0)
------------------------------
 There are 0 register/latch pins with constant_clock.


3. checking pulse_width_clock (0)
---------------------------------
 There are 0 register/latch pins which need pulse_width check


4. checking unconstrained_internal_endpoints (1)
------------------------------------------------
 There is 1 pin that is not constrained for maximum delay. (HIGH)

 There are 0 pins that are not constrained for maximum delay due to constant clock.


5. checking no_input_delay (4)
------------------------------
 There are 4 input ports with no input delay specified. (HIGH)

 There are 0 input ports with no input delay but user has a false path constraint.


6. checking no_output_delay (2)
-------------------------------
 There are 2 ports with no output delay specified. (HIGH)

 There are 0 ports with no output delay but user has a false path constraint

 There are 0 ports with no output delay but with a timing clock defined on it or propagating through it


7. checking multiple_clock (0)
------------------------------
 There are 0 register/latch pins with multiple clocks.


8. checking generated_clocks (0)
--------------------------------
 There are 0 generated clocks that are not connected to a clock source.


9. checking loops (0)
---------------------
 There are 0 combinational loops in the design.


10. checking partial_input_delay (0)
------------------------------------
 There are 0 input ports with partial input delay specified.


11. checking partial_output_delay (0)
-------------------------------------
 There are 0 ports with partial output delay specified.


12. checking latch_loops (0)
----------------------------
 There are 0 combinational latch loops in the design through latch input



------------------------------------------------------------------------------------------------
| Design Timing Summary
| ---------------------
------------------------------------------------------------------------------------------------

    WNS(ns)      TNS(ns)  TNS Failing Endpoints  TNS Total Endpoints      WHS(ns)      THS(ns)  THS Failing Endpoints  THS Total Endpoints     WPWS(ns)     TPWS(ns)  TPWS Failing Endpoints  TPWS Total Endpoints  
    -------      -------  ---------------------  -------------------      -------      -------  ---------------------  -------------------     --------     --------  ----------------------  --------------------  
        inf        0.000                      0                    3          inf        0.000                      0                    3           NA           NA                      NA                    NA  


There are no user specified timing constraints.


------------------------------------------------------------------------------------------------
| Clock Summary
| -------------
------------------------------------------------------------------------------------------------


------------------------------------------------------------------------------------------------
| Intra Clock Table
| -----------------
------------------------------------------------------------------------------------------------

Clock             WNS(ns)      TNS(ns)  TNS Failing Endpoints  TNS Total Endpoints      WHS(ns)      THS(ns)  THS Failing Endpoints  THS Total Endpoints     WPWS(ns)     TPWS(ns)  TPWS Failing Endpoints  TPWS Total Endpoints  
-----             -------      -------  ---------------------  -------------------      -------      -------  ---------------------  -------------------     --------     --------  ----------------------  --------------------  


------------------------------------------------------------------------------------------------
| Inter Clock Table
| -----------------
------------------------------------------------------------------------------------------------

From Clock    To Clock          WNS(ns)      TNS(ns)  TNS Failing Endpoints  TNS Total Endpoints      WHS(ns)      THS(ns)  THS Failing Endpoints  THS Total Endpoints  
----------    --------          -------      -------  ---------------------  -------------------      -------      -------  ---------------------  -------------------  


------------------------------------------------------------------------------------------------
| Other Path Groups Table
| -----------------------
------------------------------------------------------------------------------------------------

Path Group    From Clock    To Clock          WNS(ns)      TNS(ns)  TNS Failing Endpoints  TNS Total Endpoints      WHS(ns)      THS(ns)  THS Failing Endpoints  THS Total Endpoints  
----------    ----------    --------          -------      -------  ---------------------  -------------------      -------      -------  ---------------------  -------------------  


------------------------------------------------------------------------------------------------
| User Ignored Path Table
| -----------------------
------------------------------------------------------------------------------------------------

Path Group    From Clock    To Clock    
----------    ----------    --------    


------------------------------------------------------------------------------------------------
| Unconstrained Path Table
| ------------------------
------------------------------------------------------------------------------------------------

Path Group    From Clock    To Clock    
----------    ----------    --------    
(none)                                    


------------------------------------------------------------------------------------------------
| Timing Details
| --------------
------------------------------------------------------------------------------------------------


--------------------------------------------------------------------------------------
Path Group:  (none)
From Clock:  
  To Clock:  

Max Delay             3 Endpoints
Min Delay             3 Endpoints
--------------------------------------------------------------------------------------


Max Delay Paths
--------------------------------------------------------------------------------------
Slack:                    inf
  Source:                 Q_reg/C
                            (rising edge-triggered cell FDRE)
  Destination:            Q
                            (output port)
  Path Group:             (none)
  Path Type:              Max at Slow Process Corner
  Data Path Delay:        7.084ns  (logic 3.977ns (56.143%)  route 3.107ns (43.857%))
  Logic Levels:           2  (FDRE=1 OBUF=1)

    Location             Delay type                Incr(ns)  Path(ns)    Netlist Resource(s)
  -------------------------------------------------------------------    -------------------
    SLICE_X65Y47         FDRE                         0.000     0.000 r  Q_reg/C
    SLICE_X65Y47         FDRE (Prop_fdre_C_Q)         0.456     0.456 r  Q_reg/Q
                         net (fo=3, routed)           3.107     3.563    Q_OBUF
    L1                   OBUF (Prop_obuf_I_O)         3.521     7.084 r  Q_OBUF_inst/O
                         net (fo=0)                   0.000     7.084    Q
    L1                                                                r  Q (OUT)
  -------------------------------------------------------------------    -------------------

Slack:                    inf
  Source:                 Q_reg/C
                            (rising edge-triggered cell FDRE)
  Destination:            Qbar
                            (output port)
  Path Group:             (none)
  Path Type:              Max at Slow Process Corner
  Data Path Delay:        6.802ns  (logic 4.095ns (60.206%)  route 2.707ns (39.794%))
  Logic Levels:           3  (FDRE=1 LUT1=1 OBUF=1)

    Location             Delay type                Incr(ns)  Path(ns)    Netlist Resource(s)
  -------------------------------------------------------------------    -------------------
    SLICE_X65Y47         FDRE                         0.000     0.000 r  Q_reg/C
    SLICE_X65Y47         FDRE (Prop_fdre_C_Q)         0.456     0.456 f  Q_reg/Q
                         net (fo=3, routed)           0.507     0.963    Q_OBUF
    SLICE_X65Y47         LUT1 (Prop_lut1_I0_O)        0.124     1.087 r  Qbar_OBUF_inst_i_1/O
                         net (fo=1, routed)           2.199     3.287    Qbar_OBUF
    P1                   OBUF (Prop_obuf_I_O)         3.515     6.802 r  Qbar_OBUF_inst/O
                         net (fo=0)                   0.000     6.802    Qbar
    P1                                                                r  Qbar (OUT)
  -------------------------------------------------------------------    -------------------

Slack:                    inf
  Source:                 preset
                            (input port)
  Destination:            Q_reg/D
  Path Group:             (none)
  Path Type:              Max at Slow Process Corner
  Data Path Delay:        3.183ns  (logic 1.621ns (50.915%)  route 1.562ns (49.085%))
  Logic Levels:           2  (IBUF=1 LUT5=1)

    Location             Delay type                Incr(ns)  Path(ns)    Netlist Resource(s)
  -------------------------------------------------------------------    -------------------
    W2                                                0.000     0.000 r  preset (IN)
                         net (fo=0)                   0.000     0.000    preset
    W2                   IBUF (Prop_ibuf_I_O)         1.469     1.469 r  preset_IBUF_inst/O
                         net (fo=1, routed)           1.562     3.031    preset_IBUF
    SLICE_X65Y47         LUT5 (Prop_lut5_I0_O)        0.152     3.183 r  Q_i_1/O
                         net (fo=1, routed)           0.000     3.183    Q_i_1_n_0
    SLICE_X65Y47         FDRE                                         r  Q_reg/D
  -------------------------------------------------------------------    -------------------





Min Delay Paths
--------------------------------------------------------------------------------------
Slack:                    inf
  Source:                 Q_reg/C
                            (rising edge-triggered cell FDRE)
  Destination:            Q_reg/D
  Path Group:             (none)
  Path Type:              Min at Fast Process Corner
  Data Path Delay:        0.353ns  (logic 0.183ns (51.772%)  route 0.170ns (48.228%))
  Logic Levels:           2  (FDRE=1 LUT5=1)

    Location             Delay type                Incr(ns)  Path(ns)    Netlist Resource(s)
  -------------------------------------------------------------------    -------------------
    SLICE_X65Y47         FDRE                         0.000     0.000 r  Q_reg/C
    SLICE_X65Y47         FDRE (Prop_fdre_C_Q)         0.141     0.141 r  Q_reg/Q
                         net (fo=3, routed)           0.170     0.311    Q_OBUF
    SLICE_X65Y47         LUT5 (Prop_lut5_I3_O)        0.042     0.353 r  Q_i_1/O
                         net (fo=1, routed)           0.000     0.353    Q_i_1_n_0
    SLICE_X65Y47         FDRE                                         r  Q_reg/D
  -------------------------------------------------------------------    -------------------

Slack:                    inf
  Source:                 Q_reg/C
                            (rising edge-triggered cell FDRE)
  Destination:            Qbar
                            (output port)
  Path Group:             (none)
  Path Type:              Min at Fast Process Corner
  Data Path Delay:        2.131ns  (logic 1.402ns (65.800%)  route 0.729ns (34.200%))
  Logic Levels:           3  (FDRE=1 LUT1=1 OBUF=1)

    Location             Delay type                Incr(ns)  Path(ns)    Netlist Resource(s)
  -------------------------------------------------------------------    -------------------
    SLICE_X65Y47         FDRE                         0.000     0.000 r  Q_reg/C
    SLICE_X65Y47         FDRE (Prop_fdre_C_Q)         0.141     0.141 f  Q_reg/Q
                         net (fo=3, routed)           0.170     0.311    Q_OBUF
    SLICE_X65Y47         LUT1 (Prop_lut1_I0_O)        0.045     0.356 r  Qbar_OBUF_inst_i_1/O
                         net (fo=1, routed)           0.558     0.915    Qbar_OBUF
    P1                   OBUF (Prop_obuf_I_O)         1.216     2.131 r  Qbar_OBUF_inst/O
                         net (fo=0)                   0.000     2.131    Qbar
    P1                                                                r  Qbar (OUT)
  -------------------------------------------------------------------    -------------------

Slack:                    inf
  Source:                 Q_reg/C
                            (rising edge-triggered cell FDRE)
  Destination:            Q
                            (output port)
  Path Group:             (none)
  Path Type:              Min at Fast Process Corner
  Data Path Delay:        2.345ns  (logic 1.363ns (58.131%)  route 0.982ns (41.869%))
  Logic Levels:           2  (FDRE=1 OBUF=1)

    Location             Delay type                Incr(ns)  Path(ns)    Netlist Resource(s)
  -------------------------------------------------------------------    -------------------
    SLICE_X65Y47         FDRE                         0.000     0.000 r  Q_reg/C
    SLICE_X65Y47         FDRE (Prop_fdre_C_Q)         0.141     0.141 r  Q_reg/Q
                         net (fo=3, routed)           0.982     1.123    Q_OBUF
    L1                   OBUF (Prop_obuf_I_O)         1.222     2.345 r  Q_OBUF_inst/O
                         net (fo=0)                   0.000     2.345    Q
    L1                                                                r  Q (OUT)
  -------------------------------------------------------------------    -------------------





