Copyright 1986-2022 Xilinx, Inc. All Rights Reserved. Copyright 2022-2025 Advanced Micro Devices, Inc. All Rights Reserved.
------------------------------------------------------------------------------------------------------------------------------------------------------------------------------------------------------------------------------------------------------------------------------------
| Tool Version : Vivado v.2025.1 (win64) Build 6140274 Thu May 22 00:12:29 MDT 2025
| Date         : Wed Jun 17 11:35:45 2026
| Host         : LAPTOP-9AHF2G73 running 64-bit major release  (build 9200)
| Command      : report_timing_summary -max_paths 10 -routable_nets -report_unconstrained -file Traffic_light_controller_timing_summary_routed.rpt -pb Traffic_light_controller_timing_summary_routed.pb -rpx Traffic_light_controller_timing_summary_routed.rpx -warn_on_violation
| Design       : Traffic_light_controller
| Device       : 7s50-csga324
| Speed File   : -1  PRODUCTION 1.23 2018-06-13
| Design State : Routed
------------------------------------------------------------------------------------------------------------------------------------------------------------------------------------------------------------------------------------------------------------------------------------

Timing Summary Report

------------------------------------------------------------------------------------------------
| Timer Settings
| --------------
------------------------------------------------------------------------------------------------

  Enable Multi Corner Analysis               :  Yes
  Enable Pessimism Removal                   :  Yes
  Pessimism Removal Resolution               :  Nearest Common Node
  Enable Input Delay Default Clock           :  No
  Enable Preset / Clear Arcs                 :  No
  Disable Flight Delays                      :  No
  Ignore I/O Paths                           :  No
  Timing Early Launch at Borrowing Latches   :  No
  Borrow Time for Max Delay Exceptions       :  Yes
  Merge Timing Exceptions                    :  Yes
  Inter-SLR Compensation                     :  Conservative

  Corner  Analyze    Analyze    
  Name    Max Paths  Min Paths  
  ------  ---------  ---------  
  Slow    Yes        Yes        
  Fast    Yes        Yes        


------------------------------------------------------------------------------------------------
| Report Methodology
| ------------------
------------------------------------------------------------------------------------------------

Rule       Severity          Description                  Violations  
---------  ----------------  ---------------------------  ----------  
TIMING-17  Critical Warning  Non-clocked sequential cell  34          

Note: This report is based on the most recent report_methodology run and may not be up-to-date. Run report_methodology on the current design for the latest report.



check_timing report

Table of Contents
-----------------
1. checking no_clock (34)
2. checking constant_clock (0)
3. checking pulse_width_clock (0)
4. checking unconstrained_internal_endpoints (38)
5. checking no_input_delay (0)
6. checking no_output_delay (6)
7. checking multiple_clock (0)
8. checking generated_clocks (0)
9. checking loops (0)
10. checking partial_input_delay (0)
11. checking partial_output_delay (0)
12. checking latch_loops (0)

1. checking no_clock (34)
-------------------------
 There are 27 register/latch pins with no clock driven by root clock pin: clk (HIGH)

 There are 7 register/latch pins with no clock driven by root clock pin: cnt_reg[26]/Q (HIGH)


2. checking constant_clock (0)
------------------------------
 There are 0 register/latch pins with constant_clock.


3. checking pulse_width_clock (0)
---------------------------------
 There are 0 register/latch pins which need pulse_width check


4. checking unconstrained_internal_endpoints (38)
-------------------------------------------------
 There are 38 pins that are not constrained for maximum delay. (HIGH)

 There are 0 pins that are not constrained for maximum delay due to constant clock.


5. checking no_input_delay (0)
------------------------------
 There are 0 input ports with no input delay specified.

 There are 0 input ports with no input delay but user has a false path constraint.


6. checking no_output_delay (6)
-------------------------------
 There are 6 ports with no output delay specified. (HIGH)

 There are 0 ports with no output delay but user has a false path constraint

 There are 0 ports with no output delay but with a timing clock defined on it or propagating through it


7. checking multiple_clock (0)
------------------------------
 There are 0 register/latch pins with multiple clocks.


8. checking generated_clocks (0)
--------------------------------
 There are 0 generated clocks that are not connected to a clock source.


9. checking loops (0)
---------------------
 There are 0 combinational loops in the design.


10. checking partial_input_delay (0)
------------------------------------
 There are 0 input ports with partial input delay specified.


11. checking partial_output_delay (0)
-------------------------------------
 There are 0 ports with partial output delay specified.


12. checking latch_loops (0)
----------------------------
 There are 0 combinational latch loops in the design through latch input



------------------------------------------------------------------------------------------------
| Design Timing Summary
| ---------------------
------------------------------------------------------------------------------------------------

    WNS(ns)      TNS(ns)  TNS Failing Endpoints  TNS Total Endpoints      WHS(ns)      THS(ns)  THS Failing Endpoints  THS Total Endpoints     WPWS(ns)     TPWS(ns)  TPWS Failing Endpoints  TPWS Total Endpoints  
    -------      -------  ---------------------  -------------------      -------      -------  ---------------------  -------------------     --------     --------  ----------------------  --------------------  
        inf        0.000                      0                   44          inf        0.000                      0                   44           NA           NA                      NA                    NA  


There are no user specified timing constraints.


------------------------------------------------------------------------------------------------
| Clock Summary
| -------------
------------------------------------------------------------------------------------------------


------------------------------------------------------------------------------------------------
| Intra Clock Table
| -----------------
------------------------------------------------------------------------------------------------

Clock             WNS(ns)      TNS(ns)  TNS Failing Endpoints  TNS Total Endpoints      WHS(ns)      THS(ns)  THS Failing Endpoints  THS Total Endpoints     WPWS(ns)     TPWS(ns)  TPWS Failing Endpoints  TPWS Total Endpoints  
-----             -------      -------  ---------------------  -------------------      -------      -------  ---------------------  -------------------     --------     --------  ----------------------  --------------------  


------------------------------------------------------------------------------------------------
| Inter Clock Table
| -----------------
------------------------------------------------------------------------------------------------

From Clock    To Clock          WNS(ns)      TNS(ns)  TNS Failing Endpoints  TNS Total Endpoints      WHS(ns)      THS(ns)  THS Failing Endpoints  THS Total Endpoints  
----------    --------          -------      -------  ---------------------  -------------------      -------      -------  ---------------------  -------------------  


------------------------------------------------------------------------------------------------
| Other Path Groups Table
| -----------------------
------------------------------------------------------------------------------------------------

Path Group    From Clock    To Clock          WNS(ns)      TNS(ns)  TNS Failing Endpoints  TNS Total Endpoints      WHS(ns)      THS(ns)  THS Failing Endpoints  THS Total Endpoints  
----------    ----------    --------          -------      -------  ---------------------  -------------------      -------      -------  ---------------------  -------------------  


------------------------------------------------------------------------------------------------
| User Ignored Path Table
| -----------------------
------------------------------------------------------------------------------------------------

Path Group    From Clock    To Clock    
----------    ----------    --------    


------------------------------------------------------------------------------------------------
| Unconstrained Path Table
| ------------------------
------------------------------------------------------------------------------------------------

Path Group    From Clock    To Clock    
----------    ----------    --------    
(none)                                    


------------------------------------------------------------------------------------------------
| Timing Details
| --------------
------------------------------------------------------------------------------------------------


--------------------------------------------------------------------------------------
Path Group:  (none)
From Clock:  
  To Clock:  

Max Delay            44 Endpoints
Min Delay            44 Endpoints
--------------------------------------------------------------------------------------


Max Delay Paths
--------------------------------------------------------------------------------------
Slack:                    inf
  Source:                 FSM_onehot_state_reg[0]/C
                            (rising edge-triggered cell FDRE)
  Destination:            H1_red
                            (output port)
  Path Group:             (none)
  Path Type:              Max at Slow Process Corner
  Data Path Delay:        6.734ns  (logic 4.184ns (62.141%)  route 2.549ns (37.859%))
  Logic Levels:           3  (FDRE=1 LUT2=1 OBUF=1)

    Location             Delay type                Incr(ns)  Path(ns)    Netlist Resource(s)
  -------------------------------------------------------------------    -------------------
    SLICE_X64Y82         FDRE                         0.000     0.000 r  FSM_onehot_state_reg[0]/C
    SLICE_X64Y82         FDRE (Prop_fdre_C_Q)         0.518     0.518 r  FSM_onehot_state_reg[0]/Q
                         net (fo=3, routed)           0.884     1.402    H2_green_OBUF
    SLICE_X64Y81         LUT2 (Prop_lut2_I0_O)        0.124     1.526 r  H1_red_OBUF_inst_i_1/O
                         net (fo=1, routed)           1.666     3.191    H1_red_OBUF
    A4                   OBUF (Prop_obuf_I_O)         3.542     6.734 r  H1_red_OBUF_inst/O
                         net (fo=0)                   0.000     6.734    H1_red
    A4                                                                r  H1_red (OUT)
  -------------------------------------------------------------------    -------------------

Slack:                    inf
  Source:                 FSM_onehot_state_reg[3]/C
                            (rising edge-triggered cell FDRE)
  Destination:            H2_red
                            (output port)
  Path Group:             (none)
  Path Type:              Max at Slow Process Corner
  Data Path Delay:        6.652ns  (logic 4.168ns (62.663%)  route 2.484ns (37.337%))
  Logic Levels:           3  (FDRE=1 LUT2=1 OBUF=1)

    Location             Delay type                Incr(ns)  Path(ns)    Netlist Resource(s)
  -------------------------------------------------------------------    -------------------
    SLICE_X64Y82         FDRE                         0.000     0.000 r  FSM_onehot_state_reg[3]/C
    SLICE_X64Y82         FDRE (Prop_fdre_C_Q)         0.518     0.518 r  FSM_onehot_state_reg[3]/Q
                         net (fo=3, routed)           0.819     1.337    H1_yellow_OBUF
    SLICE_X65Y83         LUT2 (Prop_lut2_I1_O)        0.124     1.461 r  H2_red_OBUF_inst_i_1/O
                         net (fo=1, routed)           1.664     3.126    H2_red_OBUF
    B3                   OBUF (Prop_obuf_I_O)         3.526     6.652 r  H2_red_OBUF_inst/O
                         net (fo=0)                   0.000     6.652    H2_red
    B3                                                                r  H2_red (OUT)
  -------------------------------------------------------------------    -------------------

Slack:                    inf
  Source:                 FSM_onehot_state_reg[2]/C
                            (rising edge-triggered cell FDRE)
  Destination:            H1_green
                            (output port)
  Path Group:             (none)
  Path Type:              Max at Slow Process Corner
  Data Path Delay:        6.073ns  (logic 4.055ns (66.767%)  route 2.018ns (33.233%))
  Logic Levels:           2  (FDRE=1 OBUF=1)

    Location             Delay type                Incr(ns)  Path(ns)    Netlist Resource(s)
  -------------------------------------------------------------------    -------------------
    SLICE_X64Y82         FDRE                         0.000     0.000 r  FSM_onehot_state_reg[2]/C
    SLICE_X64Y82         FDRE (Prop_fdre_C_Q)         0.518     0.518 r  FSM_onehot_state_reg[2]/Q
                         net (fo=3, routed)           2.018     2.536    H1_green_OBUF
    A3                   OBUF (Prop_obuf_I_O)         3.537     6.073 r  H1_green_OBUF_inst/O
                         net (fo=0)                   0.000     6.073    H1_green
    A3                                                                r  H1_green (OUT)
  -------------------------------------------------------------------    -------------------

Slack:                    inf
  Source:                 FSM_onehot_state_reg[3]/C
                            (rising edge-triggered cell FDRE)
  Destination:            H1_yellow
                            (output port)
  Path Group:             (none)
  Path Type:              Max at Slow Process Corner
  Data Path Delay:        6.011ns  (logic 4.045ns (67.301%)  route 1.965ns (32.699%))
  Logic Levels:           2  (FDRE=1 OBUF=1)

    Location             Delay type                Incr(ns)  Path(ns)    Netlist Resource(s)
  -------------------------------------------------------------------    -------------------
    SLICE_X64Y82         FDRE                         0.000     0.000 r  FSM_onehot_state_reg[3]/C
    SLICE_X64Y82         FDRE (Prop_fdre_C_Q)         0.518     0.518 r  FSM_onehot_state_reg[3]/Q
                         net (fo=3, routed)           1.965     2.483    H1_yellow_OBUF
    B4                   OBUF (Prop_obuf_I_O)         3.527     6.011 r  H1_yellow_OBUF_inst/O
                         net (fo=0)                   0.000     6.011    H1_yellow
    B4                                                                r  H1_yellow (OUT)
  -------------------------------------------------------------------    -------------------

Slack:                    inf
  Source:                 FSM_onehot_state_reg[0]/C
                            (rising edge-triggered cell FDRE)
  Destination:            H2_green
                            (output port)
  Path Group:             (none)
  Path Type:              Max at Slow Process Corner
  Data Path Delay:        5.936ns  (logic 4.051ns (68.253%)  route 1.884ns (31.747%))
  Logic Levels:           2  (FDRE=1 OBUF=1)

    Location             Delay type                Incr(ns)  Path(ns)    Netlist Resource(s)
  -------------------------------------------------------------------    -------------------
    SLICE_X64Y82         FDRE                         0.000     0.000 r  FSM_onehot_state_reg[0]/C
    SLICE_X64Y82         FDRE (Prop_fdre_C_Q)         0.518     0.518 r  FSM_onehot_state_reg[0]/Q
                         net (fo=3, routed)           1.884     2.402    H2_green_OBUF
    B2                   OBUF (Prop_obuf_I_O)         3.533     5.936 r  H2_green_OBUF_inst/O
                         net (fo=0)                   0.000     5.936    H2_green
    B2                                                                r  H2_green (OUT)
  -------------------------------------------------------------------    -------------------

Slack:                    inf
  Source:                 FSM_onehot_state_reg[1]/C
                            (rising edge-triggered cell FDRE)
  Destination:            H2_yellow
                            (output port)
  Path Group:             (none)
  Path Type:              Max at Slow Process Corner
  Data Path Delay:        5.900ns  (logic 4.055ns (68.728%)  route 1.845ns (31.272%))
  Logic Levels:           2  (FDRE=1 OBUF=1)

    Location             Delay type                Incr(ns)  Path(ns)    Netlist Resource(s)
  -------------------------------------------------------------------    -------------------
    SLICE_X64Y82         FDRE                         0.000     0.000 r  FSM_onehot_state_reg[1]/C
    SLICE_X64Y82         FDRE (Prop_fdre_C_Q)         0.518     0.518 r  FSM_onehot_state_reg[1]/Q
                         net (fo=3, routed)           1.845     2.363    H2_yellow_OBUF
    A2                   OBUF (Prop_obuf_I_O)         3.537     5.900 r  H2_yellow_OBUF_inst/O
                         net (fo=0)                   0.000     5.900    H2_yellow
    A2                                                                r  H2_yellow (OUT)
  -------------------------------------------------------------------    -------------------

Slack:                    inf
  Source:                 cnt_reg[1]/C
                            (rising edge-triggered cell FDRE)
  Destination:            cnt_reg[25]/D
  Path Group:             (none)
  Path Type:              Max at Slow Process Corner
  Data Path Delay:        2.514ns  (logic 2.034ns (80.891%)  route 0.480ns (19.109%))
  Logic Levels:           8  (CARRY4=7 FDRE=1)

    Location             Delay type                Incr(ns)  Path(ns)    Netlist Resource(s)
  -------------------------------------------------------------------    -------------------
    SLICE_X65Y76         FDRE                         0.000     0.000 r  cnt_reg[1]/C
    SLICE_X65Y76         FDRE (Prop_fdre_C_Q)         0.456     0.456 r  cnt_reg[1]/Q
                         net (fo=1, routed)           0.480     0.936    cnt_reg_n_0_[1]
    SLICE_X65Y76         CARRY4 (Prop_carry4_S[1]_CO[3])
                                                      0.674     1.610 r  cnt_reg[0]_i_1/CO[3]
                         net (fo=1, routed)           0.000     1.610    cnt_reg[0]_i_1_n_0
    SLICE_X65Y77         CARRY4 (Prop_carry4_CI_CO[3])
                                                      0.114     1.724 r  cnt_reg[4]_i_1/CO[3]
                         net (fo=1, routed)           0.000     1.724    cnt_reg[4]_i_1_n_0
    SLICE_X65Y78         CARRY4 (Prop_carry4_CI_CO[3])
                                                      0.114     1.838 r  cnt_reg[8]_i_1/CO[3]
                         net (fo=1, routed)           0.000     1.838    cnt_reg[8]_i_1_n_0
    SLICE_X65Y79         CARRY4 (Prop_carry4_CI_CO[3])
                                                      0.114     1.952 r  cnt_reg[12]_i_1/CO[3]
                         net (fo=1, routed)           0.000     1.952    cnt_reg[12]_i_1_n_0
    SLICE_X65Y80         CARRY4 (Prop_carry4_CI_CO[3])
                                                      0.114     2.066 r  cnt_reg[16]_i_1/CO[3]
                         net (fo=1, routed)           0.000     2.066    cnt_reg[16]_i_1_n_0
    SLICE_X65Y81         CARRY4 (Prop_carry4_CI_CO[3])
                                                      0.114     2.180 r  cnt_reg[20]_i_1/CO[3]
                         net (fo=1, routed)           0.000     2.180    cnt_reg[20]_i_1_n_0
    SLICE_X65Y82         CARRY4 (Prop_carry4_CI_O[1])
                                                      0.334     2.514 r  cnt_reg[24]_i_1/O[1]
                         net (fo=1, routed)           0.000     2.514    cnt_reg[24]_i_1_n_6
    SLICE_X65Y82         FDRE                                         r  cnt_reg[25]/D
  -------------------------------------------------------------------    -------------------

Slack:                    inf
  Source:                 cnt_reg[1]/C
                            (rising edge-triggered cell FDRE)
  Destination:            cnt_reg[26]/D
  Path Group:             (none)
  Path Type:              Max at Slow Process Corner
  Data Path Delay:        2.419ns  (logic 1.939ns (80.141%)  route 0.480ns (19.859%))
  Logic Levels:           8  (CARRY4=7 FDRE=1)

    Location             Delay type                Incr(ns)  Path(ns)    Netlist Resource(s)
  -------------------------------------------------------------------    -------------------
    SLICE_X65Y76         FDRE                         0.000     0.000 r  cnt_reg[1]/C
    SLICE_X65Y76         FDRE (Prop_fdre_C_Q)         0.456     0.456 r  cnt_reg[1]/Q
                         net (fo=1, routed)           0.480     0.936    cnt_reg_n_0_[1]
    SLICE_X65Y76         CARRY4 (Prop_carry4_S[1]_CO[3])
                                                      0.674     1.610 r  cnt_reg[0]_i_1/CO[3]
                         net (fo=1, routed)           0.000     1.610    cnt_reg[0]_i_1_n_0
    SLICE_X65Y77         CARRY4 (Prop_carry4_CI_CO[3])
                                                      0.114     1.724 r  cnt_reg[4]_i_1/CO[3]
                         net (fo=1, routed)           0.000     1.724    cnt_reg[4]_i_1_n_0
    SLICE_X65Y78         CARRY4 (Prop_carry4_CI_CO[3])
                                                      0.114     1.838 r  cnt_reg[8]_i_1/CO[3]
                         net (fo=1, routed)           0.000     1.838    cnt_reg[8]_i_1_n_0
    SLICE_X65Y79         CARRY4 (Prop_carry4_CI_CO[3])
                                                      0.114     1.952 r  cnt_reg[12]_i_1/CO[3]
                         net (fo=1, routed)           0.000     1.952    cnt_reg[12]_i_1_n_0
    SLICE_X65Y80         CARRY4 (Prop_carry4_CI_CO[3])
                                                      0.114     2.066 r  cnt_reg[16]_i_1/CO[3]
                         net (fo=1, routed)           0.000     2.066    cnt_reg[16]_i_1_n_0
    SLICE_X65Y81         CARRY4 (Prop_carry4_CI_CO[3])
                                                      0.114     2.180 r  cnt_reg[20]_i_1/CO[3]
                         net (fo=1, routed)           0.000     2.180    cnt_reg[20]_i_1_n_0
    SLICE_X65Y82         CARRY4 (Prop_carry4_CI_O[2])
                                                      0.239     2.419 r  cnt_reg[24]_i_1/O[2]
                         net (fo=1, routed)           0.000     2.419    cnt_reg[24]_i_1_n_5
    SLICE_X65Y82         FDRE                                         r  cnt_reg[26]/D
  -------------------------------------------------------------------    -------------------

Slack:                    inf
  Source:                 cnt_reg[1]/C
                            (rising edge-triggered cell FDRE)
  Destination:            cnt_reg[24]/D
  Path Group:             (none)
  Path Type:              Max at Slow Process Corner
  Data Path Delay:        2.403ns  (logic 1.923ns (80.009%)  route 0.480ns (19.991%))
  Logic Levels:           8  (CARRY4=7 FDRE=1)

    Location             Delay type                Incr(ns)  Path(ns)    Netlist Resource(s)
  -------------------------------------------------------------------    -------------------
    SLICE_X65Y76         FDRE                         0.000     0.000 r  cnt_reg[1]/C
    SLICE_X65Y76         FDRE (Prop_fdre_C_Q)         0.456     0.456 r  cnt_reg[1]/Q
                         net (fo=1, routed)           0.480     0.936    cnt_reg_n_0_[1]
    SLICE_X65Y76         CARRY4 (Prop_carry4_S[1]_CO[3])
                                                      0.674     1.610 r  cnt_reg[0]_i_1/CO[3]
                         net (fo=1, routed)           0.000     1.610    cnt_reg[0]_i_1_n_0
    SLICE_X65Y77         CARRY4 (Prop_carry4_CI_CO[3])
                                                      0.114     1.724 r  cnt_reg[4]_i_1/CO[3]
                         net (fo=1, routed)           0.000     1.724    cnt_reg[4]_i_1_n_0
    SLICE_X65Y78         CARRY4 (Prop_carry4_CI_CO[3])
                                                      0.114     1.838 r  cnt_reg[8]_i_1/CO[3]
                         net (fo=1, routed)           0.000     1.838    cnt_reg[8]_i_1_n_0
    SLICE_X65Y79         CARRY4 (Prop_carry4_CI_CO[3])
                                                      0.114     1.952 r  cnt_reg[12]_i_1/CO[3]
                         net (fo=1, routed)           0.000     1.952    cnt_reg[12]_i_1_n_0
    SLICE_X65Y80         CARRY4 (Prop_carry4_CI_CO[3])
                                                      0.114     2.066 r  cnt_reg[16]_i_1/CO[3]
                         net (fo=1, routed)           0.000     2.066    cnt_reg[16]_i_1_n_0
    SLICE_X65Y81         CARRY4 (Prop_carry4_CI_CO[3])
                                                      0.114     2.180 r  cnt_reg[20]_i_1/CO[3]
                         net (fo=1, routed)           0.000     2.180    cnt_reg[20]_i_1_n_0
    SLICE_X65Y82         CARRY4 (Prop_carry4_CI_O[0])
                                                      0.223     2.403 r  cnt_reg[24]_i_1/O[0]
                         net (fo=1, routed)           0.000     2.403    cnt_reg[24]_i_1_n_7
    SLICE_X65Y82         FDRE                                         r  cnt_reg[24]/D
  -------------------------------------------------------------------    -------------------

Slack:                    inf
  Source:                 cnt_reg[1]/C
                            (rising edge-triggered cell FDRE)
  Destination:            cnt_reg[21]/D
  Path Group:             (none)
  Path Type:              Max at Slow Process Corner
  Data Path Delay:        2.400ns  (logic 1.920ns (79.984%)  route 0.480ns (20.016%))
  Logic Levels:           7  (CARRY4=6 FDRE=1)

    Location             Delay type                Incr(ns)  Path(ns)    Netlist Resource(s)
  -------------------------------------------------------------------    -------------------
    SLICE_X65Y76         FDRE                         0.000     0.000 r  cnt_reg[1]/C
    SLICE_X65Y76         FDRE (Prop_fdre_C_Q)         0.456     0.456 r  cnt_reg[1]/Q
                         net (fo=1, routed)           0.480     0.936    cnt_reg_n_0_[1]
    SLICE_X65Y76         CARRY4 (Prop_carry4_S[1]_CO[3])
                                                      0.674     1.610 r  cnt_reg[0]_i_1/CO[3]
                         net (fo=1, routed)           0.000     1.610    cnt_reg[0]_i_1_n_0
    SLICE_X65Y77         CARRY4 (Prop_carry4_CI_CO[3])
                                                      0.114     1.724 r  cnt_reg[4]_i_1/CO[3]
                         net (fo=1, routed)           0.000     1.724    cnt_reg[4]_i_1_n_0
    SLICE_X65Y78         CARRY4 (Prop_carry4_CI_CO[3])
                                                      0.114     1.838 r  cnt_reg[8]_i_1/CO[3]
                         net (fo=1, routed)           0.000     1.838    cnt_reg[8]_i_1_n_0
    SLICE_X65Y79         CARRY4 (Prop_carry4_CI_CO[3])
                                                      0.114     1.952 r  cnt_reg[12]_i_1/CO[3]
                         net (fo=1, routed)           0.000     1.952    cnt_reg[12]_i_1_n_0
    SLICE_X65Y80         CARRY4 (Prop_carry4_CI_CO[3])
                                                      0.114     2.066 r  cnt_reg[16]_i_1/CO[3]
                         net (fo=1, routed)           0.000     2.066    cnt_reg[16]_i_1_n_0
    SLICE_X65Y81         CARRY4 (Prop_carry4_CI_O[1])
                                                      0.334     2.400 r  cnt_reg[20]_i_1/O[1]
                         net (fo=1, routed)           0.000     2.400    cnt_reg[20]_i_1_n_6
    SLICE_X65Y81         FDRE                                         r  cnt_reg[21]/D
  -------------------------------------------------------------------    -------------------





Min Delay Paths
--------------------------------------------------------------------------------------
Slack:                    inf
  Source:                 FSM_onehot_state_reg[3]/C
                            (rising edge-triggered cell FDRE)
  Destination:            FSM_onehot_state_reg[0]/D
  Path Group:             (none)
  Path Type:              Min at Fast Process Corner
  Data Path Delay:        0.288ns  (logic 0.164ns (56.917%)  route 0.124ns (43.083%))
  Logic Levels:           1  (FDRE=1)

    Location             Delay type                Incr(ns)  Path(ns)    Netlist Resource(s)
  -------------------------------------------------------------------    -------------------
    SLICE_X64Y82         FDRE                         0.000     0.000 r  FSM_onehot_state_reg[3]/C
    SLICE_X64Y82         FDRE (Prop_fdre_C_Q)         0.164     0.164 r  FSM_onehot_state_reg[3]/Q
                         net (fo=3, routed)           0.124     0.288    H1_yellow_OBUF
    SLICE_X64Y82         FDRE                                         r  FSM_onehot_state_reg[0]/D
  -------------------------------------------------------------------    -------------------

Slack:                    inf
  Source:                 count_reg[2]/C
                            (rising edge-triggered cell FDRE)
  Destination:            count_reg[0]/D
  Path Group:             (none)
  Path Type:              Min at Fast Process Corner
  Data Path Delay:        0.332ns  (logic 0.246ns (74.207%)  route 0.086ns (25.793%))
  Logic Levels:           2  (FDRE=1 LUT3=1)

    Location             Delay type                Incr(ns)  Path(ns)    Netlist Resource(s)
  -------------------------------------------------------------------    -------------------
    SLICE_X64Y83         FDRE                         0.000     0.000 r  count_reg[2]/C
    SLICE_X64Y83         FDRE (Prop_fdre_C_Q)         0.148     0.148 f  count_reg[2]/Q
                         net (fo=4, routed)           0.086     0.234    count[2]
    SLICE_X64Y83         LUT3 (Prop_lut3_I2_O)        0.098     0.332 r  count[0]_i_1/O
                         net (fo=1, routed)           0.000     0.332    count[0]_i_1_n_0
    SLICE_X64Y83         FDRE                                         r  count_reg[0]/D
  -------------------------------------------------------------------    -------------------

Slack:                    inf
  Source:                 FSM_onehot_state_reg[1]/C
                            (rising edge-triggered cell FDRE)
  Destination:            FSM_onehot_state_reg[2]/D
  Path Group:             (none)
  Path Type:              Min at Fast Process Corner
  Data Path Delay:        0.346ns  (logic 0.164ns (47.343%)  route 0.182ns (52.657%))
  Logic Levels:           1  (FDRE=1)

    Location             Delay type                Incr(ns)  Path(ns)    Netlist Resource(s)
  -------------------------------------------------------------------    -------------------
    SLICE_X64Y82         FDRE                         0.000     0.000 r  FSM_onehot_state_reg[1]/C
    SLICE_X64Y82         FDRE (Prop_fdre_C_Q)         0.164     0.164 r  FSM_onehot_state_reg[1]/Q
                         net (fo=3, routed)           0.182     0.346    H2_yellow_OBUF
    SLICE_X64Y82         FDRE                                         r  FSM_onehot_state_reg[2]/D
  -------------------------------------------------------------------    -------------------

Slack:                    inf
  Source:                 cnt_reg[11]/C
                            (rising edge-triggered cell FDRE)
  Destination:            cnt_reg[11]/D
  Path Group:             (none)
  Path Type:              Min at Fast Process Corner
  Data Path Delay:        0.357ns  (logic 0.249ns (69.714%)  route 0.108ns (30.286%))
  Logic Levels:           2  (CARRY4=1 FDRE=1)

    Location             Delay type                Incr(ns)  Path(ns)    Netlist Resource(s)
  -------------------------------------------------------------------    -------------------
    SLICE_X65Y78         FDRE                         0.000     0.000 r  cnt_reg[11]/C
    SLICE_X65Y78         FDRE (Prop_fdre_C_Q)         0.141     0.141 r  cnt_reg[11]/Q
                         net (fo=1, routed)           0.108     0.249    cnt_reg_n_0_[11]
    SLICE_X65Y78         CARRY4 (Prop_carry4_S[3]_O[3])
                                                      0.108     0.357 r  cnt_reg[8]_i_1/O[3]
                         net (fo=1, routed)           0.000     0.357    cnt_reg[8]_i_1_n_4
    SLICE_X65Y78         FDRE                                         r  cnt_reg[11]/D
  -------------------------------------------------------------------    -------------------

Slack:                    inf
  Source:                 cnt_reg[15]/C
                            (rising edge-triggered cell FDRE)
  Destination:            cnt_reg[15]/D
  Path Group:             (none)
  Path Type:              Min at Fast Process Corner
  Data Path Delay:        0.357ns  (logic 0.249ns (69.714%)  route 0.108ns (30.286%))
  Logic Levels:           2  (CARRY4=1 FDRE=1)

    Location             Delay type                Incr(ns)  Path(ns)    Netlist Resource(s)
  -------------------------------------------------------------------    -------------------
    SLICE_X65Y79         FDRE                         0.000     0.000 r  cnt_reg[15]/C
    SLICE_X65Y79         FDRE (Prop_fdre_C_Q)         0.141     0.141 r  cnt_reg[15]/Q
                         net (fo=1, routed)           0.108     0.249    cnt_reg_n_0_[15]
    SLICE_X65Y79         CARRY4 (Prop_carry4_S[3]_O[3])
                                                      0.108     0.357 r  cnt_reg[12]_i_1/O[3]
                         net (fo=1, routed)           0.000     0.357    cnt_reg[12]_i_1_n_4
    SLICE_X65Y79         FDRE                                         r  cnt_reg[15]/D
  -------------------------------------------------------------------    -------------------

Slack:                    inf
  Source:                 cnt_reg[19]/C
                            (rising edge-triggered cell FDRE)
  Destination:            cnt_reg[19]/D
  Path Group:             (none)
  Path Type:              Min at Fast Process Corner
  Data Path Delay:        0.357ns  (logic 0.249ns (69.714%)  route 0.108ns (30.286%))
  Logic Levels:           2  (CARRY4=1 FDRE=1)

    Location             Delay type                Incr(ns)  Path(ns)    Netlist Resource(s)
  -------------------------------------------------------------------    -------------------
    SLICE_X65Y80         FDRE                         0.000     0.000 r  cnt_reg[19]/C
    SLICE_X65Y80         FDRE (Prop_fdre_C_Q)         0.141     0.141 r  cnt_reg[19]/Q
                         net (fo=1, routed)           0.108     0.249    cnt_reg_n_0_[19]
    SLICE_X65Y80         CARRY4 (Prop_carry4_S[3]_O[3])
                                                      0.108     0.357 r  cnt_reg[16]_i_1/O[3]
                         net (fo=1, routed)           0.000     0.357    cnt_reg[16]_i_1_n_4
    SLICE_X65Y80         FDRE                                         r  cnt_reg[19]/D
  -------------------------------------------------------------------    -------------------

Slack:                    inf
  Source:                 cnt_reg[23]/C
                            (rising edge-triggered cell FDRE)
  Destination:            cnt_reg[23]/D
  Path Group:             (none)
  Path Type:              Min at Fast Process Corner
  Data Path Delay:        0.357ns  (logic 0.249ns (69.714%)  route 0.108ns (30.286%))
  Logic Levels:           2  (CARRY4=1 FDRE=1)

    Location             Delay type                Incr(ns)  Path(ns)    Netlist Resource(s)
  -------------------------------------------------------------------    -------------------
    SLICE_X65Y81         FDRE                         0.000     0.000 r  cnt_reg[23]/C
    SLICE_X65Y81         FDRE (Prop_fdre_C_Q)         0.141     0.141 r  cnt_reg[23]/Q
                         net (fo=1, routed)           0.108     0.249    cnt_reg_n_0_[23]
    SLICE_X65Y81         CARRY4 (Prop_carry4_S[3]_O[3])
                                                      0.108     0.357 r  cnt_reg[20]_i_1/O[3]
                         net (fo=1, routed)           0.000     0.357    cnt_reg[20]_i_1_n_4
    SLICE_X65Y81         FDRE                                         r  cnt_reg[23]/D
  -------------------------------------------------------------------    -------------------

Slack:                    inf
  Source:                 cnt_reg[3]/C
                            (rising edge-triggered cell FDRE)
  Destination:            cnt_reg[3]/D
  Path Group:             (none)
  Path Type:              Min at Fast Process Corner
  Data Path Delay:        0.357ns  (logic 0.249ns (69.714%)  route 0.108ns (30.286%))
  Logic Levels:           2  (CARRY4=1 FDRE=1)

    Location             Delay type                Incr(ns)  Path(ns)    Netlist Resource(s)
  -------------------------------------------------------------------    -------------------
    SLICE_X65Y76         FDRE                         0.000     0.000 r  cnt_reg[3]/C
    SLICE_X65Y76         FDRE (Prop_fdre_C_Q)         0.141     0.141 r  cnt_reg[3]/Q
                         net (fo=1, routed)           0.108     0.249    cnt_reg_n_0_[3]
    SLICE_X65Y76         CARRY4 (Prop_carry4_S[3]_O[3])
                                                      0.108     0.357 r  cnt_reg[0]_i_1/O[3]
                         net (fo=1, routed)           0.000     0.357    cnt_reg[0]_i_1_n_4
    SLICE_X65Y76         FDRE                                         r  cnt_reg[3]/D
  -------------------------------------------------------------------    -------------------

Slack:                    inf
  Source:                 cnt_reg[7]/C
                            (rising edge-triggered cell FDRE)
  Destination:            cnt_reg[7]/D
  Path Group:             (none)
  Path Type:              Min at Fast Process Corner
  Data Path Delay:        0.357ns  (logic 0.249ns (69.714%)  route 0.108ns (30.286%))
  Logic Levels:           2  (CARRY4=1 FDRE=1)

    Location             Delay type                Incr(ns)  Path(ns)    Netlist Resource(s)
  -------------------------------------------------------------------    -------------------
    SLICE_X65Y77         FDRE                         0.000     0.000 r  cnt_reg[7]/C
    SLICE_X65Y77         FDRE (Prop_fdre_C_Q)         0.141     0.141 r  cnt_reg[7]/Q
                         net (fo=1, routed)           0.108     0.249    cnt_reg_n_0_[7]
    SLICE_X65Y77         CARRY4 (Prop_carry4_S[3]_O[3])
                                                      0.108     0.357 r  cnt_reg[4]_i_1/O[3]
                         net (fo=1, routed)           0.000     0.357    cnt_reg[4]_i_1_n_4
    SLICE_X65Y77         FDRE                                         r  cnt_reg[7]/D
  -------------------------------------------------------------------    -------------------

Slack:                    inf
  Source:                 cnt_reg[12]/C
                            (rising edge-triggered cell FDRE)
  Destination:            cnt_reg[12]/D
  Path Group:             (none)
  Path Type:              Min at Fast Process Corner
  Data Path Delay:        0.361ns  (logic 0.256ns (70.880%)  route 0.105ns (29.120%))
  Logic Levels:           2  (CARRY4=1 FDRE=1)

    Location             Delay type                Incr(ns)  Path(ns)    Netlist Resource(s)
  -------------------------------------------------------------------    -------------------
    SLICE_X65Y79         FDRE                         0.000     0.000 r  cnt_reg[12]/C
    SLICE_X65Y79         FDRE (Prop_fdre_C_Q)         0.141     0.141 r  cnt_reg[12]/Q
                         net (fo=1, routed)           0.105     0.246    cnt_reg_n_0_[12]
    SLICE_X65Y79         CARRY4 (Prop_carry4_S[0]_O[0])
                                                      0.115     0.361 r  cnt_reg[12]_i_1/O[0]
                         net (fo=1, routed)           0.000     0.361    cnt_reg[12]_i_1_n_7
    SLICE_X65Y79         FDRE                                         r  cnt_reg[12]/D
  -------------------------------------------------------------------    -------------------





