Copyright 1986-2022 Xilinx, Inc. All Rights Reserved. Copyright 2022-2025 Advanced Micro Devices, Inc. All Rights Reserved.
------------------------------------------------------------------------------------------------------------------------------------------------------------------------------------------------------------------------
| Tool Version : Vivado v.2025.1 (win64) Build 6140274 Thu May 22 00:12:29 MDT 2025
| Date         : Thu Jun 25 12:31:31 2026
| Host         : LAPTOP-9AHF2G73 running 64-bit major release  (build 9200)
| Command      : report_timing_summary -max_paths 10 -routable_nets -report_unconstrained -file SIPO_timing_summary_routed.rpt -pb SIPO_timing_summary_routed.pb -rpx SIPO_timing_summary_routed.rpx -warn_on_violation
| Design       : SIPO
| Device       : 7a35ti-cpg236
| Speed File   : -1L  PRODUCTION 1.23 2018-06-13
| Design State : Routed
------------------------------------------------------------------------------------------------------------------------------------------------------------------------------------------------------------------------

Timing Summary Report

------------------------------------------------------------------------------------------------
| Timer Settings
| --------------
------------------------------------------------------------------------------------------------

  Enable Multi Corner Analysis               :  Yes
  Enable Pessimism Removal                   :  Yes
  Pessimism Removal Resolution               :  Nearest Common Node
  Enable Input Delay Default Clock           :  No
  Enable Preset / Clear Arcs                 :  No
  Disable Flight Delays                      :  No
  Ignore I/O Paths                           :  No
  Timing Early Launch at Borrowing Latches   :  No
  Borrow Time for Max Delay Exceptions       :  Yes
  Merge Timing Exceptions                    :  Yes
  Inter-SLR Compensation                     :  Conservative

  Corner  Analyze    Analyze    
  Name    Max Paths  Min Paths  
  ------  ---------  ---------  
  Slow    Yes        Yes        
  Fast    Yes        Yes        


------------------------------------------------------------------------------------------------
| Report Methodology
| ------------------
------------------------------------------------------------------------------------------------

Rule       Severity          Description                  Violations  
---------  ----------------  ---------------------------  ----------  
TIMING-17  Critical Warning  Non-clocked sequential cell  33          

Note: This report is based on the most recent report_methodology run and may not be up-to-date. Run report_methodology on the current design for the latest report.



check_timing report

Table of Contents
-----------------
1. checking no_clock (33)
2. checking constant_clock (0)
3. checking pulse_width_clock (0)
4. checking unconstrained_internal_endpoints (35)
5. checking no_input_delay (2)
6. checking no_output_delay (4)
7. checking multiple_clock (0)
8. checking generated_clocks (0)
9. checking loops (0)
10. checking partial_input_delay (0)
11. checking partial_output_delay (0)
12. checking latch_loops (0)

1. checking no_clock (33)
-------------------------
 There are 27 register/latch pins with no clock driven by root clock pin: clk (HIGH)

 There are 6 register/latch pins with no clock driven by root clock pin: cnt_reg[26]/Q (HIGH)


2. checking constant_clock (0)
------------------------------
 There are 0 register/latch pins with constant_clock.


3. checking pulse_width_clock (0)
---------------------------------
 There are 0 register/latch pins which need pulse_width check


4. checking unconstrained_internal_endpoints (35)
-------------------------------------------------
 There are 35 pins that are not constrained for maximum delay. (HIGH)

 There are 0 pins that are not constrained for maximum delay due to constant clock.


5. checking no_input_delay (2)
------------------------------
 There are 2 input ports with no input delay specified. (HIGH)

 There are 0 input ports with no input delay but user has a false path constraint.


6. checking no_output_delay (4)
-------------------------------
 There are 4 ports with no output delay specified. (HIGH)

 There are 0 ports with no output delay but user has a false path constraint

 There are 0 ports with no output delay but with a timing clock defined on it or propagating through it


7. checking multiple_clock (0)
------------------------------
 There are 0 register/latch pins with multiple clocks.


8. checking generated_clocks (0)
--------------------------------
 There are 0 generated clocks that are not connected to a clock source.


9. checking loops (0)
---------------------
 There are 0 combinational loops in the design.


10. checking partial_input_delay (0)
------------------------------------
 There are 0 input ports with partial input delay specified.


11. checking partial_output_delay (0)
-------------------------------------
 There are 0 ports with partial output delay specified.


12. checking latch_loops (0)
----------------------------
 There are 0 combinational latch loops in the design through latch input



------------------------------------------------------------------------------------------------
| Design Timing Summary
| ---------------------
------------------------------------------------------------------------------------------------

    WNS(ns)      TNS(ns)  TNS Failing Endpoints  TNS Total Endpoints      WHS(ns)      THS(ns)  THS Failing Endpoints  THS Total Endpoints     WPWS(ns)     TPWS(ns)  TPWS Failing Endpoints  TPWS Total Endpoints  
    -------      -------  ---------------------  -------------------      -------      -------  ---------------------  -------------------     --------     --------  ----------------------  --------------------  
        inf        0.000                      0                   39          inf        0.000                      0                   39           NA           NA                      NA                    NA  


There are no user specified timing constraints.


------------------------------------------------------------------------------------------------
| Clock Summary
| -------------
------------------------------------------------------------------------------------------------


------------------------------------------------------------------------------------------------
| Intra Clock Table
| -----------------
------------------------------------------------------------------------------------------------

Clock             WNS(ns)      TNS(ns)  TNS Failing Endpoints  TNS Total Endpoints      WHS(ns)      THS(ns)  THS Failing Endpoints  THS Total Endpoints     WPWS(ns)     TPWS(ns)  TPWS Failing Endpoints  TPWS Total Endpoints  
-----             -------      -------  ---------------------  -------------------      -------      -------  ---------------------  -------------------     --------     --------  ----------------------  --------------------  


------------------------------------------------------------------------------------------------
| Inter Clock Table
| -----------------
------------------------------------------------------------------------------------------------

From Clock    To Clock          WNS(ns)      TNS(ns)  TNS Failing Endpoints  TNS Total Endpoints      WHS(ns)      THS(ns)  THS Failing Endpoints  THS Total Endpoints  
----------    --------          -------      -------  ---------------------  -------------------      -------      -------  ---------------------  -------------------  


------------------------------------------------------------------------------------------------
| Other Path Groups Table
| -----------------------
------------------------------------------------------------------------------------------------

Path Group    From Clock    To Clock          WNS(ns)      TNS(ns)  TNS Failing Endpoints  TNS Total Endpoints      WHS(ns)      THS(ns)  THS Failing Endpoints  THS Total Endpoints  
----------    ----------    --------          -------      -------  ---------------------  -------------------      -------      -------  ---------------------  -------------------  


------------------------------------------------------------------------------------------------
| User Ignored Path Table
| -----------------------
------------------------------------------------------------------------------------------------

Path Group    From Clock    To Clock    
----------    ----------    --------    


------------------------------------------------------------------------------------------------
| Unconstrained Path Table
| ------------------------
------------------------------------------------------------------------------------------------

Path Group    From Clock    To Clock    
----------    ----------    --------    
(none)                                    


------------------------------------------------------------------------------------------------
| Timing Details
| --------------
------------------------------------------------------------------------------------------------


--------------------------------------------------------------------------------------
Path Group:  (none)
From Clock:  
  To Clock:  

Max Delay            39 Endpoints
Min Delay            39 Endpoints
--------------------------------------------------------------------------------------


Max Delay Paths
--------------------------------------------------------------------------------------
Slack:                    inf
  Source:                 q3_reg/C
                            (rising edge-triggered cell FDRE)
  Destination:            llrl_out[3]
                            (output port)
  Path Group:             (none)
  Path Type:              Max at Slow Process Corner
  Data Path Delay:        6.512ns  (logic 4.039ns (62.026%)  route 2.473ns (37.974%))
  Logic Levels:           2  (FDRE=1 OBUF=1)

    Location             Delay type                Incr(ns)  Path(ns)    Netlist Resource(s)
  -------------------------------------------------------------------    -------------------
    SLICE_X64Y64         FDRE                         0.000     0.000 r  q3_reg/C
    SLICE_X64Y64         FDRE (Prop_fdre_C_Q)         0.518     0.518 r  q3_reg/Q
                         net (fo=1, routed)           2.473     2.991    llrl_out_OBUF[3]
    L1                   OBUF (Prop_obuf_I_O)         3.521     6.512 r  llrl_out_OBUF[3]_inst/O
                         net (fo=0)                   0.000     6.512    llrl_out[3]
    L1                                                                r  llrl_out[3] (OUT)
  -------------------------------------------------------------------    -------------------

Slack:                    inf
  Source:                 q0_reg/C
                            (rising edge-triggered cell FDRE)
  Destination:            llrl_out[0]
                            (output port)
  Path Group:             (none)
  Path Type:              Max at Slow Process Corner
  Data Path Delay:        6.186ns  (logic 4.036ns (65.246%)  route 2.150ns (34.754%))
  Logic Levels:           2  (FDRE=1 OBUF=1)

    Location             Delay type                Incr(ns)  Path(ns)    Netlist Resource(s)
  -------------------------------------------------------------------    -------------------
    SLICE_X64Y62         FDRE                         0.000     0.000 r  q0_reg/C
    SLICE_X64Y62         FDRE (Prop_fdre_C_Q)         0.518     0.518 r  q0_reg/Q
                         net (fo=2, routed)           2.150     2.668    llrl_out_OBUF[0]
    P3                   OBUF (Prop_obuf_I_O)         3.518     6.186 r  llrl_out_OBUF[0]_inst/O
                         net (fo=0)                   0.000     6.186    llrl_out[0]
    P3                                                                r  llrl_out[0] (OUT)
  -------------------------------------------------------------------    -------------------

Slack:                    inf
  Source:                 q1_reg_lopt_replica/C
                            (rising edge-triggered cell FDRE)
  Destination:            llrl_out[1]
                            (output port)
  Path Group:             (none)
  Path Type:              Max at Slow Process Corner
  Data Path Delay:        6.114ns  (logic 4.025ns (65.842%)  route 2.088ns (34.158%))
  Logic Levels:           2  (FDRE=1 OBUF=1)

    Location             Delay type                Incr(ns)  Path(ns)    Netlist Resource(s)
  -------------------------------------------------------------------    -------------------
    SLICE_X64Y63         FDRE                         0.000     0.000 r  q1_reg_lopt_replica/C
    SLICE_X64Y63         FDRE (Prop_fdre_C_Q)         0.518     0.518 r  q1_reg_lopt_replica/Q
                         net (fo=1, routed)           2.088     2.606    q1_reg_lopt_replica_1
    N3                   OBUF (Prop_obuf_I_O)         3.507     6.114 r  llrl_out_OBUF[1]_inst/O
                         net (fo=0)                   0.000     6.114    llrl_out[1]
    N3                                                                r  llrl_out[1] (OUT)
  -------------------------------------------------------------------    -------------------

Slack:                    inf
  Source:                 q2_reg_lopt_replica/C
                            (rising edge-triggered cell FDRE)
  Destination:            llrl_out[2]
                            (output port)
  Path Group:             (none)
  Path Type:              Max at Slow Process Corner
  Data Path Delay:        5.837ns  (logic 4.033ns (69.097%)  route 1.804ns (30.903%))
  Logic Levels:           2  (FDRE=1 OBUF=1)

    Location             Delay type                Incr(ns)  Path(ns)    Netlist Resource(s)
  -------------------------------------------------------------------    -------------------
    SLICE_X64Y63         FDRE                         0.000     0.000 r  q2_reg_lopt_replica/C
    SLICE_X64Y63         FDRE (Prop_fdre_C_Q)         0.518     0.518 r  q2_reg_lopt_replica/Q
                         net (fo=1, routed)           1.804     2.322    q2_reg_lopt_replica_1
    P1                   OBUF (Prop_obuf_I_O)         3.515     5.837 r  llrl_out_OBUF[2]_inst/O
                         net (fo=0)                   0.000     5.837    llrl_out[2]
    P1                                                                r  llrl_out[2] (OUT)
  -------------------------------------------------------------------    -------------------

Slack:                    inf
  Source:                 reset
                            (input port)
  Destination:            q1_reg_lopt_replica/D
  Path Group:             (none)
  Path Type:              Max at Slow Process Corner
  Data Path Delay:        4.275ns  (logic 1.602ns (37.478%)  route 2.673ns (62.522%))
  Logic Levels:           2  (IBUF=1 LUT2=1)

    Location             Delay type                Incr(ns)  Path(ns)    Netlist Resource(s)
  -------------------------------------------------------------------    -------------------
    R2                                                0.000     0.000 f  reset (IN)
                         net (fo=0)                   0.000     0.000    reset
    R2                   IBUF (Prop_ibuf_I_O)         1.456     1.456 f  reset_IBUF_inst/O
                         net (fo=4, routed)           2.057     3.513    reset_IBUF
    SLICE_X64Y63         LUT2 (Prop_lut2_I1_O)        0.146     3.659 r  q1_i_1/O
                         net (fo=2, routed)           0.615     4.275    q1_i_1_n_0
    SLICE_X64Y63         FDRE                                         r  q1_reg_lopt_replica/D
  -------------------------------------------------------------------    -------------------

Slack:                    inf
  Source:                 reset
                            (input port)
  Destination:            q2_reg/D
  Path Group:             (none)
  Path Type:              Max at Slow Process Corner
  Data Path Delay:        4.117ns  (logic 1.580ns (38.384%)  route 2.537ns (61.616%))
  Logic Levels:           2  (IBUF=1 LUT2=1)

    Location             Delay type                Incr(ns)  Path(ns)    Netlist Resource(s)
  -------------------------------------------------------------------    -------------------
    R2                                                0.000     0.000 f  reset (IN)
                         net (fo=0)                   0.000     0.000    reset
    R2                   IBUF (Prop_ibuf_I_O)         1.456     1.456 f  reset_IBUF_inst/O
                         net (fo=4, routed)           2.057     3.513    reset_IBUF
    SLICE_X64Y63         LUT2 (Prop_lut2_I1_O)        0.124     3.637 r  q2_i_1/O
                         net (fo=2, routed)           0.479     4.117    q2_i_1_n_0
    SLICE_X64Y63         FDRE                                         r  q2_reg/D
  -------------------------------------------------------------------    -------------------

Slack:                    inf
  Source:                 reset
                            (input port)
  Destination:            q2_reg_lopt_replica/D
  Path Group:             (none)
  Path Type:              Max at Slow Process Corner
  Data Path Delay:        4.117ns  (logic 1.580ns (38.384%)  route 2.537ns (61.616%))
  Logic Levels:           2  (IBUF=1 LUT2=1)

    Location             Delay type                Incr(ns)  Path(ns)    Netlist Resource(s)
  -------------------------------------------------------------------    -------------------
    R2                                                0.000     0.000 f  reset (IN)
                         net (fo=0)                   0.000     0.000    reset
    R2                   IBUF (Prop_ibuf_I_O)         1.456     1.456 f  reset_IBUF_inst/O
                         net (fo=4, routed)           2.057     3.513    reset_IBUF
    SLICE_X64Y63         LUT2 (Prop_lut2_I1_O)        0.124     3.637 r  q2_i_1/O
                         net (fo=2, routed)           0.479     4.117    q2_i_1_n_0
    SLICE_X64Y63         FDRE                                         r  q2_reg_lopt_replica/D
  -------------------------------------------------------------------    -------------------

Slack:                    inf
  Source:                 reset
                            (input port)
  Destination:            q1_reg/D
  Path Group:             (none)
  Path Type:              Max at Slow Process Corner
  Data Path Delay:        3.659ns  (logic 1.602ns (43.782%)  route 2.057ns (56.218%))
  Logic Levels:           2  (IBUF=1 LUT2=1)

    Location             Delay type                Incr(ns)  Path(ns)    Netlist Resource(s)
  -------------------------------------------------------------------    -------------------
    R2                                                0.000     0.000 f  reset (IN)
                         net (fo=0)                   0.000     0.000    reset
    R2                   IBUF (Prop_ibuf_I_O)         1.456     1.456 f  reset_IBUF_inst/O
                         net (fo=4, routed)           2.057     3.513    reset_IBUF
    SLICE_X64Y63         LUT2 (Prop_lut2_I1_O)        0.146     3.659 r  q1_i_1/O
                         net (fo=2, routed)           0.000     3.659    q1_i_1_n_0
    SLICE_X64Y63         FDRE                                         r  q1_reg/D
  -------------------------------------------------------------------    -------------------

Slack:                    inf
  Source:                 reset
                            (input port)
  Destination:            q3_reg/R
  Path Group:             (none)
  Path Type:              Max at Slow Process Corner
  Data Path Delay:        3.041ns  (logic 1.456ns (47.881%)  route 1.585ns (52.119%))
  Logic Levels:           1  (IBUF=1)

    Location             Delay type                Incr(ns)  Path(ns)    Netlist Resource(s)
  -------------------------------------------------------------------    -------------------
    R2                                                0.000     0.000 r  reset (IN)
                         net (fo=0)                   0.000     0.000    reset
    R2                   IBUF (Prop_ibuf_I_O)         1.456     1.456 r  reset_IBUF_inst/O
                         net (fo=4, routed)           1.585     3.041    reset_IBUF
    SLICE_X64Y64         FDRE                                         r  q3_reg/R
  -------------------------------------------------------------------    -------------------

Slack:                    inf
  Source:                 serial_in
                            (input port)
  Destination:            q0_reg/D
  Path Group:             (none)
  Path Type:              Max at Slow Process Corner
  Data Path Delay:        2.934ns  (logic 1.455ns (49.604%)  route 1.478ns (50.396%))
  Logic Levels:           1  (IBUF=1)

    Location             Delay type                Incr(ns)  Path(ns)    Netlist Resource(s)
  -------------------------------------------------------------------    -------------------
    T1                                                0.000     0.000 r  serial_in (IN)
                         net (fo=0)                   0.000     0.000    serial_in
    T1                   IBUF (Prop_ibuf_I_O)         1.455     1.455 r  serial_in_IBUF_inst/O
                         net (fo=1, routed)           1.478     2.934    serial_in_IBUF
    SLICE_X64Y62         FDRE                                         r  q0_reg/D
  -------------------------------------------------------------------    -------------------





Min Delay Paths
--------------------------------------------------------------------------------------
Slack:                    inf
  Source:                 q2_reg/C
                            (rising edge-triggered cell FDRE)
  Destination:            q3_reg/D
  Path Group:             (none)
  Path Type:              Min at Fast Process Corner
  Data Path Delay:        0.274ns  (logic 0.164ns (59.853%)  route 0.110ns (40.147%))
  Logic Levels:           1  (FDRE=1)

    Location             Delay type                Incr(ns)  Path(ns)    Netlist Resource(s)
  -------------------------------------------------------------------    -------------------
    SLICE_X64Y63         FDRE                         0.000     0.000 r  q2_reg/C
    SLICE_X64Y63         FDRE (Prop_fdre_C_Q)         0.164     0.164 r  q2_reg/Q
                         net (fo=1, routed)           0.110     0.274    llrl_out_OBUF[2]
    SLICE_X64Y64         FDRE                                         r  q3_reg/D
  -------------------------------------------------------------------    -------------------

Slack:                    inf
  Source:                 cnt_reg[11]/C
                            (rising edge-triggered cell FDRE)
  Destination:            cnt_reg[11]/D
  Path Group:             (none)
  Path Type:              Min at Fast Process Corner
  Data Path Delay:        0.357ns  (logic 0.249ns (69.714%)  route 0.108ns (30.286%))
  Logic Levels:           2  (CARRY4=1 FDRE=1)

    Location             Delay type                Incr(ns)  Path(ns)    Netlist Resource(s)
  -------------------------------------------------------------------    -------------------
    SLICE_X65Y62         FDRE                         0.000     0.000 r  cnt_reg[11]/C
    SLICE_X65Y62         FDRE (Prop_fdre_C_Q)         0.141     0.141 r  cnt_reg[11]/Q
                         net (fo=1, routed)           0.108     0.249    cnt_reg_n_0_[11]
    SLICE_X65Y62         CARRY4 (Prop_carry4_S[3]_O[3])
                                                      0.108     0.357 r  cnt_reg[8]_i_1/O[3]
                         net (fo=1, routed)           0.000     0.357    cnt_reg[8]_i_1_n_4
    SLICE_X65Y62         FDRE                                         r  cnt_reg[11]/D
  -------------------------------------------------------------------    -------------------

Slack:                    inf
  Source:                 cnt_reg[15]/C
                            (rising edge-triggered cell FDRE)
  Destination:            cnt_reg[15]/D
  Path Group:             (none)
  Path Type:              Min at Fast Process Corner
  Data Path Delay:        0.357ns  (logic 0.249ns (69.714%)  route 0.108ns (30.286%))
  Logic Levels:           2  (CARRY4=1 FDRE=1)

    Location             Delay type                Incr(ns)  Path(ns)    Netlist Resource(s)
  -------------------------------------------------------------------    -------------------
    SLICE_X65Y63         FDRE                         0.000     0.000 r  cnt_reg[15]/C
    SLICE_X65Y63         FDRE (Prop_fdre_C_Q)         0.141     0.141 r  cnt_reg[15]/Q
                         net (fo=1, routed)           0.108     0.249    cnt_reg_n_0_[15]
    SLICE_X65Y63         CARRY4 (Prop_carry4_S[3]_O[3])
                                                      0.108     0.357 r  cnt_reg[12]_i_1/O[3]
                         net (fo=1, routed)           0.000     0.357    cnt_reg[12]_i_1_n_4
    SLICE_X65Y63         FDRE                                         r  cnt_reg[15]/D
  -------------------------------------------------------------------    -------------------

Slack:                    inf
  Source:                 cnt_reg[19]/C
                            (rising edge-triggered cell FDRE)
  Destination:            cnt_reg[19]/D
  Path Group:             (none)
  Path Type:              Min at Fast Process Corner
  Data Path Delay:        0.357ns  (logic 0.249ns (69.714%)  route 0.108ns (30.286%))
  Logic Levels:           2  (CARRY4=1 FDRE=1)

    Location             Delay type                Incr(ns)  Path(ns)    Netlist Resource(s)
  -------------------------------------------------------------------    -------------------
    SLICE_X65Y64         FDRE                         0.000     0.000 r  cnt_reg[19]/C
    SLICE_X65Y64         FDRE (Prop_fdre_C_Q)         0.141     0.141 r  cnt_reg[19]/Q
                         net (fo=1, routed)           0.108     0.249    cnt_reg_n_0_[19]
    SLICE_X65Y64         CARRY4 (Prop_carry4_S[3]_O[3])
                                                      0.108     0.357 r  cnt_reg[16]_i_1/O[3]
                         net (fo=1, routed)           0.000     0.357    cnt_reg[16]_i_1_n_4
    SLICE_X65Y64         FDRE                                         r  cnt_reg[19]/D
  -------------------------------------------------------------------    -------------------

Slack:                    inf
  Source:                 cnt_reg[23]/C
                            (rising edge-triggered cell FDRE)
  Destination:            cnt_reg[23]/D
  Path Group:             (none)
  Path Type:              Min at Fast Process Corner
  Data Path Delay:        0.357ns  (logic 0.249ns (69.714%)  route 0.108ns (30.286%))
  Logic Levels:           2  (CARRY4=1 FDRE=1)

    Location             Delay type                Incr(ns)  Path(ns)    Netlist Resource(s)
  -------------------------------------------------------------------    -------------------
    SLICE_X65Y65         FDRE                         0.000     0.000 r  cnt_reg[23]/C
    SLICE_X65Y65         FDRE (Prop_fdre_C_Q)         0.141     0.141 r  cnt_reg[23]/Q
                         net (fo=1, routed)           0.108     0.249    cnt_reg_n_0_[23]
    SLICE_X65Y65         CARRY4 (Prop_carry4_S[3]_O[3])
                                                      0.108     0.357 r  cnt_reg[20]_i_1/O[3]
                         net (fo=1, routed)           0.000     0.357    cnt_reg[20]_i_1_n_4
    SLICE_X65Y65         FDRE                                         r  cnt_reg[23]/D
  -------------------------------------------------------------------    -------------------

Slack:                    inf
  Source:                 cnt_reg[3]/C
                            (rising edge-triggered cell FDRE)
  Destination:            cnt_reg[3]/D
  Path Group:             (none)
  Path Type:              Min at Fast Process Corner
  Data Path Delay:        0.357ns  (logic 0.249ns (69.714%)  route 0.108ns (30.286%))
  Logic Levels:           2  (CARRY4=1 FDRE=1)

    Location             Delay type                Incr(ns)  Path(ns)    Netlist Resource(s)
  -------------------------------------------------------------------    -------------------
    SLICE_X65Y60         FDRE                         0.000     0.000 r  cnt_reg[3]/C
    SLICE_X65Y60         FDRE (Prop_fdre_C_Q)         0.141     0.141 r  cnt_reg[3]/Q
                         net (fo=1, routed)           0.108     0.249    cnt_reg_n_0_[3]
    SLICE_X65Y60         CARRY4 (Prop_carry4_S[3]_O[3])
                                                      0.108     0.357 r  cnt_reg[0]_i_1/O[3]
                         net (fo=1, routed)           0.000     0.357    cnt_reg[0]_i_1_n_4
    SLICE_X65Y60         FDRE                                         r  cnt_reg[3]/D
  -------------------------------------------------------------------    -------------------

Slack:                    inf
  Source:                 cnt_reg[7]/C
                            (rising edge-triggered cell FDRE)
  Destination:            cnt_reg[7]/D
  Path Group:             (none)
  Path Type:              Min at Fast Process Corner
  Data Path Delay:        0.357ns  (logic 0.249ns (69.714%)  route 0.108ns (30.286%))
  Logic Levels:           2  (CARRY4=1 FDRE=1)

    Location             Delay type                Incr(ns)  Path(ns)    Netlist Resource(s)
  -------------------------------------------------------------------    -------------------
    SLICE_X65Y61         FDRE                         0.000     0.000 r  cnt_reg[7]/C
    SLICE_X65Y61         FDRE (Prop_fdre_C_Q)         0.141     0.141 r  cnt_reg[7]/Q
                         net (fo=1, routed)           0.108     0.249    cnt_reg_n_0_[7]
    SLICE_X65Y61         CARRY4 (Prop_carry4_S[3]_O[3])
                                                      0.108     0.357 r  cnt_reg[4]_i_1/O[3]
                         net (fo=1, routed)           0.000     0.357    cnt_reg[4]_i_1_n_4
    SLICE_X65Y61         FDRE                                         r  cnt_reg[7]/D
  -------------------------------------------------------------------    -------------------

Slack:                    inf
  Source:                 cnt_reg[12]/C
                            (rising edge-triggered cell FDRE)
  Destination:            cnt_reg[12]/D
  Path Group:             (none)
  Path Type:              Min at Fast Process Corner
  Data Path Delay:        0.361ns  (logic 0.256ns (70.880%)  route 0.105ns (29.120%))
  Logic Levels:           2  (CARRY4=1 FDRE=1)

    Location             Delay type                Incr(ns)  Path(ns)    Netlist Resource(s)
  -------------------------------------------------------------------    -------------------
    SLICE_X65Y63         FDRE                         0.000     0.000 r  cnt_reg[12]/C
    SLICE_X65Y63         FDRE (Prop_fdre_C_Q)         0.141     0.141 r  cnt_reg[12]/Q
                         net (fo=1, routed)           0.105     0.246    cnt_reg_n_0_[12]
    SLICE_X65Y63         CARRY4 (Prop_carry4_S[0]_O[0])
                                                      0.115     0.361 r  cnt_reg[12]_i_1/O[0]
                         net (fo=1, routed)           0.000     0.361    cnt_reg[12]_i_1_n_7
    SLICE_X65Y63         FDRE                                         r  cnt_reg[12]/D
  -------------------------------------------------------------------    -------------------

Slack:                    inf
  Source:                 cnt_reg[16]/C
                            (rising edge-triggered cell FDRE)
  Destination:            cnt_reg[16]/D
  Path Group:             (none)
  Path Type:              Min at Fast Process Corner
  Data Path Delay:        0.361ns  (logic 0.256ns (70.880%)  route 0.105ns (29.120%))
  Logic Levels:           2  (CARRY4=1 FDRE=1)

    Location             Delay type                Incr(ns)  Path(ns)    Netlist Resource(s)
  -------------------------------------------------------------------    -------------------
    SLICE_X65Y64         FDRE                         0.000     0.000 r  cnt_reg[16]/C
    SLICE_X65Y64         FDRE (Prop_fdre_C_Q)         0.141     0.141 r  cnt_reg[16]/Q
                         net (fo=1, routed)           0.105     0.246    cnt_reg_n_0_[16]
    SLICE_X65Y64         CARRY4 (Prop_carry4_S[0]_O[0])
                                                      0.115     0.361 r  cnt_reg[16]_i_1/O[0]
                         net (fo=1, routed)           0.000     0.361    cnt_reg[16]_i_1_n_7
    SLICE_X65Y64         FDRE                                         r  cnt_reg[16]/D
  -------------------------------------------------------------------    -------------------

Slack:                    inf
  Source:                 cnt_reg[20]/C
                            (rising edge-triggered cell FDRE)
  Destination:            cnt_reg[20]/D
  Path Group:             (none)
  Path Type:              Min at Fast Process Corner
  Data Path Delay:        0.361ns  (logic 0.256ns (70.880%)  route 0.105ns (29.120%))
  Logic Levels:           2  (CARRY4=1 FDRE=1)

    Location             Delay type                Incr(ns)  Path(ns)    Netlist Resource(s)
  -------------------------------------------------------------------    -------------------
    SLICE_X65Y65         FDRE                         0.000     0.000 r  cnt_reg[20]/C
    SLICE_X65Y65         FDRE (Prop_fdre_C_Q)         0.141     0.141 r  cnt_reg[20]/Q
                         net (fo=1, routed)           0.105     0.246    cnt_reg_n_0_[20]
    SLICE_X65Y65         CARRY4 (Prop_carry4_S[0]_O[0])
                                                      0.115     0.361 r  cnt_reg[20]_i_1/O[0]
                         net (fo=1, routed)           0.000     0.361    cnt_reg[20]_i_1_n_7
    SLICE_X65Y65         FDRE                                         r  cnt_reg[20]/D
  -------------------------------------------------------------------    -------------------





