Copyright 1986-2022 Xilinx, Inc. All Rights Reserved. Copyright 2022-2025 Advanced Micro Devices, Inc. All Rights Reserved.
---------------------------------------------------------------------------------------------------------------------------------------------------------------------------------------------------------------------
| Tool Version : Vivado v.2025.1 (win64) Build 6140274 Thu May 22 00:12:29 MDT 2025
| Date         : Tue Jun  9 12:38:34 2026
| Host         : LAPTOP-9AHF2G73 running 64-bit major release  (build 9200)
| Command      : report_timing_summary -max_paths 10 -routable_nets -report_unconstrained -file CLA_timing_summary_routed.rpt -pb CLA_timing_summary_routed.pb -rpx CLA_timing_summary_routed.rpx -warn_on_violation
| Design       : CLA
| Device       : 7s50-csga324
| Speed File   : -1  PRODUCTION 1.23 2018-06-13
| Design State : Routed
---------------------------------------------------------------------------------------------------------------------------------------------------------------------------------------------------------------------

Timing Summary Report

------------------------------------------------------------------------------------------------
| Timer Settings
| --------------
------------------------------------------------------------------------------------------------

  Enable Multi Corner Analysis               :  Yes
  Enable Pessimism Removal                   :  Yes
  Pessimism Removal Resolution               :  Nearest Common Node
  Enable Input Delay Default Clock           :  No
  Enable Preset / Clear Arcs                 :  No
  Disable Flight Delays                      :  No
  Ignore I/O Paths                           :  No
  Timing Early Launch at Borrowing Latches   :  No
  Borrow Time for Max Delay Exceptions       :  Yes
  Merge Timing Exceptions                    :  Yes
  Inter-SLR Compensation                     :  Conservative

  Corner  Analyze    Analyze    
  Name    Max Paths  Min Paths  
  ------  ---------  ---------  
  Slow    Yes        Yes        
  Fast    Yes        Yes        


------------------------------------------------------------------------------------------------
| Report Methodology
| ------------------
------------------------------------------------------------------------------------------------

No report available as report_methodology has not been run prior. Run report_methodology on the current design for the summary of methodology violations.



check_timing report

Table of Contents
-----------------
1. checking no_clock (0)
2. checking constant_clock (0)
3. checking pulse_width_clock (0)
4. checking unconstrained_internal_endpoints (0)
5. checking no_input_delay (0)
6. checking no_output_delay (0)
7. checking multiple_clock (0)
8. checking generated_clocks (0)
9. checking loops (0)
10. checking partial_input_delay (0)
11. checking partial_output_delay (0)
12. checking latch_loops (0)

1. checking no_clock (0)
------------------------
 There are 0 register/latch pins with no clock.


2. checking constant_clock (0)
------------------------------
 There are 0 register/latch pins with constant_clock.


3. checking pulse_width_clock (0)
---------------------------------
 There are 0 register/latch pins which need pulse_width check


4. checking unconstrained_internal_endpoints (0)
------------------------------------------------
 There are 0 pins that are not constrained for maximum delay.

 There are 0 pins that are not constrained for maximum delay due to constant clock.


5. checking no_input_delay (0)
------------------------------
 There are 0 input ports with no input delay specified.

 There are 0 input ports with no input delay but user has a false path constraint.


6. checking no_output_delay (0)
-------------------------------
 There are 0 ports with no output delay specified.

 There are 0 ports with no output delay but user has a false path constraint

 There are 0 ports with no output delay but with a timing clock defined on it or propagating through it


7. checking multiple_clock (0)
------------------------------
 There are 0 register/latch pins with multiple clocks.


8. checking generated_clocks (0)
--------------------------------
 There are 0 generated clocks that are not connected to a clock source.


9. checking loops (0)
---------------------
 There are 0 combinational loops in the design.


10. checking partial_input_delay (0)
------------------------------------
 There are 0 input ports with partial input delay specified.


11. checking partial_output_delay (0)
-------------------------------------
 There are 0 ports with partial output delay specified.


12. checking latch_loops (0)
----------------------------
 There are 0 combinational latch loops in the design through latch input



------------------------------------------------------------------------------------------------
| Design Timing Summary
| ---------------------
------------------------------------------------------------------------------------------------

    WNS(ns)      TNS(ns)  TNS Failing Endpoints  TNS Total Endpoints      WHS(ns)      THS(ns)  THS Failing Endpoints  THS Total Endpoints     WPWS(ns)     TPWS(ns)  TPWS Failing Endpoints  TPWS Total Endpoints  
    -------      -------  ---------------------  -------------------      -------      -------  ---------------------  -------------------     --------     --------  ----------------------  --------------------  
        inf        0.000                      0                    5          inf        0.000                      0                    5           NA           NA                      NA                    NA  


There are no user specified timing constraints.


------------------------------------------------------------------------------------------------
| Clock Summary
| -------------
------------------------------------------------------------------------------------------------


------------------------------------------------------------------------------------------------
| Intra Clock Table
| -----------------
------------------------------------------------------------------------------------------------

Clock             WNS(ns)      TNS(ns)  TNS Failing Endpoints  TNS Total Endpoints      WHS(ns)      THS(ns)  THS Failing Endpoints  THS Total Endpoints     WPWS(ns)     TPWS(ns)  TPWS Failing Endpoints  TPWS Total Endpoints  
-----             -------      -------  ---------------------  -------------------      -------      -------  ---------------------  -------------------     --------     --------  ----------------------  --------------------  


------------------------------------------------------------------------------------------------
| Inter Clock Table
| -----------------
------------------------------------------------------------------------------------------------

From Clock    To Clock          WNS(ns)      TNS(ns)  TNS Failing Endpoints  TNS Total Endpoints      WHS(ns)      THS(ns)  THS Failing Endpoints  THS Total Endpoints  
----------    --------          -------      -------  ---------------------  -------------------      -------      -------  ---------------------  -------------------  


------------------------------------------------------------------------------------------------
| Other Path Groups Table
| -----------------------
------------------------------------------------------------------------------------------------

Path Group    From Clock    To Clock          WNS(ns)      TNS(ns)  TNS Failing Endpoints  TNS Total Endpoints      WHS(ns)      THS(ns)  THS Failing Endpoints  THS Total Endpoints  
----------    ----------    --------          -------      -------  ---------------------  -------------------      -------      -------  ---------------------  -------------------  


------------------------------------------------------------------------------------------------
| User Ignored Path Table
| -----------------------
------------------------------------------------------------------------------------------------

Path Group    From Clock    To Clock    
----------    ----------    --------    


------------------------------------------------------------------------------------------------
| Unconstrained Path Table
| ------------------------
------------------------------------------------------------------------------------------------

Path Group    From Clock    To Clock    
----------    ----------    --------    
(none)                                    


------------------------------------------------------------------------------------------------
| Timing Details
| --------------
------------------------------------------------------------------------------------------------


--------------------------------------------------------------------------------------
Path Group:  (none)
From Clock:  
  To Clock:  

Max Delay             5 Endpoints
Min Delay             5 Endpoints
--------------------------------------------------------------------------------------


Max Delay Paths
--------------------------------------------------------------------------------------
Slack:                    inf
  Source:                 b[1]
                            (input port)
  Destination:            c_out
                            (output port)
  Path Group:             (none)
  Path Type:              Max at Slow Process Corner
  Data Path Delay:        11.578ns  (logic 5.719ns (49.398%)  route 5.859ns (50.602%))
  Logic Levels:           4  (IBUF=1 LUT5=2 OBUF=1)

    Location             Delay type                Incr(ns)  Path(ns)    Netlist Resource(s)
  -------------------------------------------------------------------    -------------------
    P1                                                0.000     0.000 r  b[1] (IN)
                         net (fo=0)                   0.000     0.000    b[1]
    P1                   IBUF (Prop_ibuf_I_O)         1.463     1.463 r  b_IBUF[1]_inst/O
                         net (fo=2, routed)           1.955     3.417    b_IBUF[1]
    SLICE_X65Y43         LUT5 (Prop_lut5_I4_O)        0.152     3.569 r  s_OBUF[3]_inst_i_2/O
                         net (fo=3, routed)           0.862     4.431    c1
    SLICE_X65Y43         LUT5 (Prop_lut5_I0_O)        0.354     4.785 r  c_out_OBUF_inst_i_1/O
                         net (fo=1, routed)           3.042     7.827    c_out_OBUF
    A4                   OBUF (Prop_obuf_I_O)         3.750    11.578 r  c_out_OBUF_inst/O
                         net (fo=0)                   0.000    11.578    c_out
    A4                                                                r  c_out (OUT)
  -------------------------------------------------------------------    -------------------

Slack:                    inf
  Source:                 b[1]
                            (input port)
  Destination:            s[3]
                            (output port)
  Path Group:             (none)
  Path Type:              Max at Slow Process Corner
  Data Path Delay:        11.212ns  (logic 5.468ns (48.769%)  route 5.744ns (51.231%))
  Logic Levels:           4  (IBUF=1 LUT5=2 OBUF=1)

    Location             Delay type                Incr(ns)  Path(ns)    Netlist Resource(s)
  -------------------------------------------------------------------    -------------------
    P1                                                0.000     0.000 r  b[1] (IN)
                         net (fo=0)                   0.000     0.000    b[1]
    P1                   IBUF (Prop_ibuf_I_O)         1.463     1.463 r  b_IBUF[1]_inst/O
                         net (fo=2, routed)           1.955     3.417    b_IBUF[1]
    SLICE_X65Y43         LUT5 (Prop_lut5_I4_O)        0.152     3.569 r  s_OBUF[3]_inst_i_2/O
                         net (fo=3, routed)           0.862     4.431    c1
    SLICE_X65Y43         LUT5 (Prop_lut5_I2_O)        0.326     4.757 r  s_OBUF[3]_inst_i_1/O
                         net (fo=1, routed)           2.927     7.685    s_OBUF[3]
    B4                   OBUF (Prop_obuf_I_O)         3.527    11.212 r  s_OBUF[3]_inst/O
                         net (fo=0)                   0.000    11.212    s[3]
    B4                                                                r  s[3] (OUT)
  -------------------------------------------------------------------    -------------------

Slack:                    inf
  Source:                 b[1]
                            (input port)
  Destination:            s[2]
                            (output port)
  Path Group:             (none)
  Path Type:              Max at Slow Process Corner
  Data Path Delay:        10.926ns  (logic 5.477ns (50.132%)  route 5.449ns (49.868%))
  Logic Levels:           4  (IBUF=1 LUT3=1 LUT5=1 OBUF=1)

    Location             Delay type                Incr(ns)  Path(ns)    Netlist Resource(s)
  -------------------------------------------------------------------    -------------------
    P1                                                0.000     0.000 r  b[1] (IN)
                         net (fo=0)                   0.000     0.000    b[1]
    P1                   IBUF (Prop_ibuf_I_O)         1.463     1.463 r  b_IBUF[1]_inst/O
                         net (fo=2, routed)           1.955     3.417    b_IBUF[1]
    SLICE_X65Y43         LUT5 (Prop_lut5_I4_O)        0.152     3.569 r  s_OBUF[3]_inst_i_2/O
                         net (fo=3, routed)           0.451     4.020    c1
    SLICE_X65Y43         LUT3 (Prop_lut3_I0_O)        0.326     4.346 r  s_OBUF[2]_inst_i_1/O
                         net (fo=1, routed)           3.043     7.389    s_OBUF[2]
    A3                   OBUF (Prop_obuf_I_O)         3.537    10.926 r  s_OBUF[2]_inst/O
                         net (fo=0)                   0.000    10.926    s[2]
    A3                                                                r  s[2] (OUT)
  -------------------------------------------------------------------    -------------------

Slack:                    inf
  Source:                 b[1]
                            (input port)
  Destination:            s[1]
                            (output port)
  Path Group:             (none)
  Path Type:              Max at Slow Process Corner
  Data Path Delay:        10.134ns  (logic 5.113ns (50.454%)  route 5.021ns (49.546%))
  Logic Levels:           3  (IBUF=1 LUT5=1 OBUF=1)

    Location             Delay type                Incr(ns)  Path(ns)    Netlist Resource(s)
  -------------------------------------------------------------------    -------------------
    P1                                                0.000     0.000 r  b[1] (IN)
                         net (fo=0)                   0.000     0.000    b[1]
    P1                   IBUF (Prop_ibuf_I_O)         1.463     1.463 r  b_IBUF[1]_inst/O
                         net (fo=2, routed)           1.955     3.417    b_IBUF[1]
    SLICE_X65Y43         LUT5 (Prop_lut5_I4_O)        0.124     3.541 r  s_OBUF[1]_inst_i_1/O
                         net (fo=1, routed)           3.066     6.608    s_OBUF[1]
    B3                   OBUF (Prop_obuf_I_O)         3.526    10.134 r  s_OBUF[1]_inst/O
                         net (fo=0)                   0.000    10.134    s[1]
    B3                                                                r  s[1] (OUT)
  -------------------------------------------------------------------    -------------------

Slack:                    inf
  Source:                 a[0]
                            (input port)
  Destination:            s[0]
                            (output port)
  Path Group:             (none)
  Path Type:              Max at Slow Process Corner
  Data Path Delay:        9.797ns  (logic 5.127ns (52.331%)  route 4.670ns (47.669%))
  Logic Levels:           3  (IBUF=1 LUT3=1 OBUF=1)

    Location             Delay type                Incr(ns)  Path(ns)    Netlist Resource(s)
  -------------------------------------------------------------------    -------------------
    M2                                                0.000     0.000 r  a[0] (IN)
                         net (fo=0)                   0.000     0.000    a[0]
    M2                   IBUF (Prop_ibuf_I_O)         1.466     1.466 r  a_IBUF[0]_inst/O
                         net (fo=3, routed)           1.774     3.240    a_IBUF[0]
    SLICE_X65Y43         LUT3 (Prop_lut3_I1_O)        0.124     3.364 r  s_OBUF[0]_inst_i_1/O
                         net (fo=1, routed)           2.896     6.260    s_OBUF[0]
    A2                   OBUF (Prop_obuf_I_O)         3.537     9.797 r  s_OBUF[0]_inst/O
                         net (fo=0)                   0.000     9.797    s[0]
    A2                                                                r  s[0] (OUT)
  -------------------------------------------------------------------    -------------------





Min Delay Paths
--------------------------------------------------------------------------------------
Slack:                    inf
  Source:                 a[2]
                            (input port)
  Destination:            s[3]
                            (output port)
  Path Group:             (none)
  Path Type:              Min at Fast Process Corner
  Data Path Delay:        2.769ns  (logic 1.490ns (53.818%)  route 1.279ns (46.182%))
  Logic Levels:           3  (IBUF=1 LUT5=1 OBUF=1)

    Location             Delay type                Incr(ns)  Path(ns)    Netlist Resource(s)
  -------------------------------------------------------------------    -------------------
    L1                                                0.000     0.000 r  a[2] (IN)
                         net (fo=0)                   0.000     0.000    a[2]
    L1                   IBUF (Prop_ibuf_I_O)         0.217     0.217 r  a_IBUF[2]_inst/O
                         net (fo=3, routed)           0.388     0.605    a_IBUF[2]
    SLICE_X65Y43         LUT5 (Prop_lut5_I1_O)        0.045     0.650 r  s_OBUF[3]_inst_i_1/O
                         net (fo=1, routed)           0.891     1.541    s_OBUF[3]
    B4                   OBUF (Prop_obuf_I_O)         1.228     2.769 r  s_OBUF[3]_inst/O
                         net (fo=0)                   0.000     2.769    s[3]
    B4                                                                r  s[3] (OUT)
  -------------------------------------------------------------------    -------------------

Slack:                    inf
  Source:                 c_in
                            (input port)
  Destination:            s[0]
                            (output port)
  Path Group:             (none)
  Path Type:              Min at Fast Process Corner
  Data Path Delay:        2.805ns  (logic 1.501ns (53.516%)  route 1.304ns (46.484%))
  Logic Levels:           3  (IBUF=1 LUT3=1 OBUF=1)

    Location             Delay type                Incr(ns)  Path(ns)    Netlist Resource(s)
  -------------------------------------------------------------------    -------------------
    K1                                                0.000     0.000 r  c_in (IN)
                         net (fo=0)                   0.000     0.000    c_in
    K1                   IBUF (Prop_ibuf_I_O)         0.218     0.218 r  c_in_IBUF_inst/O
                         net (fo=3, routed)           0.432     0.650    c_in_IBUF
    SLICE_X65Y43         LUT3 (Prop_lut3_I0_O)        0.045     0.695 r  s_OBUF[0]_inst_i_1/O
                         net (fo=1, routed)           0.871     1.567    s_OBUF[0]
    A2                   OBUF (Prop_obuf_I_O)         1.238     2.805 r  s_OBUF[0]_inst/O
                         net (fo=0)                   0.000     2.805    s[0]
    A2                                                                r  s[0] (OUT)
  -------------------------------------------------------------------    -------------------

Slack:                    inf
  Source:                 a[2]
                            (input port)
  Destination:            s[2]
                            (output port)
  Path Group:             (none)
  Path Type:              Min at Fast Process Corner
  Data Path Delay:        2.891ns  (logic 1.500ns (51.862%)  route 1.392ns (48.138%))
  Logic Levels:           3  (IBUF=1 LUT3=1 OBUF=1)

    Location             Delay type                Incr(ns)  Path(ns)    Netlist Resource(s)
  -------------------------------------------------------------------    -------------------
    L1                                                0.000     0.000 r  a[2] (IN)
                         net (fo=0)                   0.000     0.000    a[2]
    L1                   IBUF (Prop_ibuf_I_O)         0.217     0.217 r  a_IBUF[2]_inst/O
                         net (fo=3, routed)           0.476     0.693    a_IBUF[2]
    SLICE_X65Y43         LUT3 (Prop_lut3_I1_O)        0.045     0.738 r  s_OBUF[2]_inst_i_1/O
                         net (fo=1, routed)           0.916     1.654    s_OBUF[2]
    A3                   OBUF (Prop_obuf_I_O)         1.238     2.891 r  s_OBUF[2]_inst/O
                         net (fo=0)                   0.000     2.891    s[2]
    A3                                                                r  s[2] (OUT)
  -------------------------------------------------------------------    -------------------

Slack:                    inf
  Source:                 a[2]
                            (input port)
  Destination:            c_out
                            (output port)
  Path Group:             (none)
  Path Type:              Min at Fast Process Corner
  Data Path Delay:        2.893ns  (logic 1.572ns (54.351%)  route 1.320ns (45.649%))
  Logic Levels:           3  (IBUF=1 LUT5=1 OBUF=1)

    Location             Delay type                Incr(ns)  Path(ns)    Netlist Resource(s)
  -------------------------------------------------------------------    -------------------
    L1                                                0.000     0.000 r  a[2] (IN)
                         net (fo=0)                   0.000     0.000    a[2]
    L1                   IBUF (Prop_ibuf_I_O)         0.217     0.217 r  a_IBUF[2]_inst/O
                         net (fo=3, routed)           0.388     0.605    a_IBUF[2]
    SLICE_X65Y43         LUT5 (Prop_lut5_I1_O)        0.045     0.650 r  c_out_OBUF_inst_i_1/O
                         net (fo=1, routed)           0.933     1.582    c_out_OBUF
    A4                   OBUF (Prop_obuf_I_O)         1.310     2.893 r  c_out_OBUF_inst/O
                         net (fo=0)                   0.000     2.893    c_out
    A4                                                                r  c_out (OUT)
  -------------------------------------------------------------------    -------------------

Slack:                    inf
  Source:                 a[1]
                            (input port)
  Destination:            s[1]
                            (output port)
  Path Group:             (none)
  Path Type:              Min at Fast Process Corner
  Data Path Delay:        2.901ns  (logic 1.491ns (51.375%)  route 1.411ns (48.625%))
  Logic Levels:           3  (IBUF=1 LUT5=1 OBUF=1)

    Location             Delay type                Incr(ns)  Path(ns)    Netlist Resource(s)
  -------------------------------------------------------------------    -------------------
    M1                                                0.000     0.000 r  a[1] (IN)
                         net (fo=0)                   0.000     0.000    a[1]
    M1                   IBUF (Prop_ibuf_I_O)         0.218     0.218 r  a_IBUF[1]_inst/O
                         net (fo=2, routed)           0.470     0.688    a_IBUF[1]
    SLICE_X65Y43         LUT5 (Prop_lut5_I3_O)        0.045     0.733 r  s_OBUF[1]_inst_i_1/O
                         net (fo=1, routed)           0.941     1.674    s_OBUF[1]
    B3                   OBUF (Prop_obuf_I_O)         1.227     2.901 r  s_OBUF[1]_inst/O
                         net (fo=0)                   0.000     2.901    s[1]
    B3                                                                r  s[1] (OUT)
  -------------------------------------------------------------------    -------------------





