Copyright 1986-2022 Xilinx, Inc. All Rights Reserved. Copyright 2022-2025 Advanced Micro Devices, Inc. All Rights Reserved.
---------------------------------------------------------------------------------------------------------------------------------------------------------------------------------------------------------------------------------------------
| Tool Version : Vivado v.2025.1 (win64) Build 6140274 Thu May 22 00:12:29 MDT 2025
| Date         : Fri Jul  3 12:28:33 2026
| Host         : LAPTOP-9AHF2G73 running 64-bit major release  (build 9200)
| Command      : report_timing_summary -max_paths 10 -routable_nets -report_unconstrained -file bcd_encoder_timing_summary_routed.rpt -pb bcd_encoder_timing_summary_routed.pb -rpx bcd_encoder_timing_summary_routed.rpx -warn_on_violation
| Design       : bcd_encoder
| Device       : 7s50-csga324
| Speed File   : -1  PRODUCTION 1.23 2018-06-13
| Design State : Routed
---------------------------------------------------------------------------------------------------------------------------------------------------------------------------------------------------------------------------------------------

Timing Summary Report

------------------------------------------------------------------------------------------------
| Timer Settings
| --------------
------------------------------------------------------------------------------------------------

  Enable Multi Corner Analysis               :  Yes
  Enable Pessimism Removal                   :  Yes
  Pessimism Removal Resolution               :  Nearest Common Node
  Enable Input Delay Default Clock           :  No
  Enable Preset / Clear Arcs                 :  No
  Disable Flight Delays                      :  No
  Ignore I/O Paths                           :  No
  Timing Early Launch at Borrowing Latches   :  No
  Borrow Time for Max Delay Exceptions       :  Yes
  Merge Timing Exceptions                    :  Yes
  Inter-SLR Compensation                     :  Conservative

  Corner  Analyze    Analyze    
  Name    Max Paths  Min Paths  
  ------  ---------  ---------  
  Slow    Yes        Yes        
  Fast    Yes        Yes        


------------------------------------------------------------------------------------------------
| Report Methodology
| ------------------
------------------------------------------------------------------------------------------------

No report available as report_methodology has not been run prior. Run report_methodology on the current design for the summary of methodology violations.



check_timing report

Table of Contents
-----------------
1. checking no_clock (0)
2. checking constant_clock (0)
3. checking pulse_width_clock (0)
4. checking unconstrained_internal_endpoints (0)
5. checking no_input_delay (0)
6. checking no_output_delay (0)
7. checking multiple_clock (0)
8. checking generated_clocks (0)
9. checking loops (0)
10. checking partial_input_delay (0)
11. checking partial_output_delay (0)
12. checking latch_loops (0)

1. checking no_clock (0)
------------------------
 There are 0 register/latch pins with no clock.


2. checking constant_clock (0)
------------------------------
 There are 0 register/latch pins with constant_clock.


3. checking pulse_width_clock (0)
---------------------------------
 There are 0 register/latch pins which need pulse_width check


4. checking unconstrained_internal_endpoints (0)
------------------------------------------------
 There are 0 pins that are not constrained for maximum delay.

 There are 0 pins that are not constrained for maximum delay due to constant clock.


5. checking no_input_delay (0)
------------------------------
 There are 0 input ports with no input delay specified.

 There are 0 input ports with no input delay but user has a false path constraint.


6. checking no_output_delay (0)
-------------------------------
 There are 0 ports with no output delay specified.

 There are 0 ports with no output delay but user has a false path constraint

 There are 0 ports with no output delay but with a timing clock defined on it or propagating through it


7. checking multiple_clock (0)
------------------------------
 There are 0 register/latch pins with multiple clocks.


8. checking generated_clocks (0)
--------------------------------
 There are 0 generated clocks that are not connected to a clock source.


9. checking loops (0)
---------------------
 There are 0 combinational loops in the design.


10. checking partial_input_delay (0)
------------------------------------
 There are 0 input ports with partial input delay specified.


11. checking partial_output_delay (0)
-------------------------------------
 There are 0 ports with partial output delay specified.


12. checking latch_loops (0)
----------------------------
 There are 0 combinational latch loops in the design through latch input



------------------------------------------------------------------------------------------------
| Design Timing Summary
| ---------------------
------------------------------------------------------------------------------------------------

    WNS(ns)      TNS(ns)  TNS Failing Endpoints  TNS Total Endpoints      WHS(ns)      THS(ns)  THS Failing Endpoints  THS Total Endpoints     WPWS(ns)     TPWS(ns)  TPWS Failing Endpoints  TPWS Total Endpoints  
    -------      -------  ---------------------  -------------------      -------      -------  ---------------------  -------------------     --------     --------  ----------------------  --------------------  
        inf        0.000                      0                    8          inf        0.000                      0                    8           NA           NA                      NA                    NA  


There are no user specified timing constraints.


------------------------------------------------------------------------------------------------
| Clock Summary
| -------------
------------------------------------------------------------------------------------------------


------------------------------------------------------------------------------------------------
| Intra Clock Table
| -----------------
------------------------------------------------------------------------------------------------

Clock             WNS(ns)      TNS(ns)  TNS Failing Endpoints  TNS Total Endpoints      WHS(ns)      THS(ns)  THS Failing Endpoints  THS Total Endpoints     WPWS(ns)     TPWS(ns)  TPWS Failing Endpoints  TPWS Total Endpoints  
-----             -------      -------  ---------------------  -------------------      -------      -------  ---------------------  -------------------     --------     --------  ----------------------  --------------------  


------------------------------------------------------------------------------------------------
| Inter Clock Table
| -----------------
------------------------------------------------------------------------------------------------

From Clock    To Clock          WNS(ns)      TNS(ns)  TNS Failing Endpoints  TNS Total Endpoints      WHS(ns)      THS(ns)  THS Failing Endpoints  THS Total Endpoints  
----------    --------          -------      -------  ---------------------  -------------------      -------      -------  ---------------------  -------------------  


------------------------------------------------------------------------------------------------
| Other Path Groups Table
| -----------------------
------------------------------------------------------------------------------------------------

Path Group    From Clock    To Clock          WNS(ns)      TNS(ns)  TNS Failing Endpoints  TNS Total Endpoints      WHS(ns)      THS(ns)  THS Failing Endpoints  THS Total Endpoints  
----------    ----------    --------          -------      -------  ---------------------  -------------------      -------      -------  ---------------------  -------------------  


------------------------------------------------------------------------------------------------
| User Ignored Path Table
| -----------------------
------------------------------------------------------------------------------------------------

Path Group    From Clock    To Clock    
----------    ----------    --------    


------------------------------------------------------------------------------------------------
| Unconstrained Path Table
| ------------------------
------------------------------------------------------------------------------------------------

Path Group    From Clock    To Clock    
----------    ----------    --------    
(none)                                    


------------------------------------------------------------------------------------------------
| Timing Details
| --------------
------------------------------------------------------------------------------------------------


--------------------------------------------------------------------------------------
Path Group:  (none)
From Clock:  
  To Clock:  

Max Delay             8 Endpoints
Min Delay             8 Endpoints
--------------------------------------------------------------------------------------


Max Delay Paths
--------------------------------------------------------------------------------------
Slack:                    inf
  Source:                 binary_in[1]
                            (input port)
  Destination:            out[2]
                            (output port)
  Path Group:             (none)
  Path Type:              Max at Slow Process Corner
  Data Path Delay:        8.452ns  (logic 3.675ns (43.480%)  route 4.777ns (56.520%))
  Logic Levels:           3  (IBUF=1 LUT6=1 OBUF=1)

    Location             Delay type                Incr(ns)  Path(ns)    Netlist Resource(s)
  -------------------------------------------------------------------    -------------------
    N1                                                0.000     0.000 r  binary_in[1] (IN)
                         net (fo=0)                   0.000     0.000    binary_in[1]
    N1                   IBUF (Prop_ibuf_I_O)         0.937     0.937 r  binary_in_IBUF[1]_inst/O
                         net (fo=4, routed)           2.284     3.220    binary_in_IBUF[1]
    SLICE_X65Y59         LUT6 (Prop_lut6_I5_O)        0.124     3.344 r  out_OBUF[2]_inst_i_1/O
                         net (fo=1, routed)           2.494     5.838    out_OBUF[2]
    C3                   OBUF (Prop_obuf_I_O)         2.614     8.452 r  out_OBUF[2]_inst/O
                         net (fo=0)                   0.000     8.452    out[2]
    C3                                                                r  out[2] (OUT)
  -------------------------------------------------------------------    -------------------

Slack:                    inf
  Source:                 binary_in[1]
                            (input port)
  Destination:            out[4]
                            (output port)
  Path Group:             (none)
  Path Type:              Max at Slow Process Corner
  Data Path Delay:        8.402ns  (logic 3.691ns (43.925%)  route 4.711ns (56.075%))
  Logic Levels:           3  (IBUF=1 LUT6=1 OBUF=1)

    Location             Delay type                Incr(ns)  Path(ns)    Netlist Resource(s)
  -------------------------------------------------------------------    -------------------
    N1                                                0.000     0.000 r  binary_in[1] (IN)
                         net (fo=0)                   0.000     0.000    binary_in[1]
    N1                   IBUF (Prop_ibuf_I_O)         0.937     0.937 r  binary_in_IBUF[1]_inst/O
                         net (fo=4, routed)           2.279     3.215    binary_in_IBUF[1]
    SLICE_X65Y59         LUT6 (Prop_lut6_I5_O)        0.124     3.339 r  out_OBUF[4]_inst_i_1/O
                         net (fo=1, routed)           2.433     5.772    out_OBUF[4]
    A2                   OBUF (Prop_obuf_I_O)         2.630     8.402 r  out_OBUF[4]_inst/O
                         net (fo=0)                   0.000     8.402    out[4]
    A2                                                                r  out[4] (OUT)
  -------------------------------------------------------------------    -------------------

Slack:                    inf
  Source:                 binary_in[3]
                            (input port)
  Destination:            out[5]
                            (output port)
  Path Group:             (none)
  Path Type:              Max at Slow Process Corner
  Data Path Delay:        8.401ns  (logic 3.909ns (46.524%)  route 4.493ns (53.476%))
  Logic Levels:           3  (IBUF=1 LUT5=1 OBUF=1)

    Location             Delay type                Incr(ns)  Path(ns)    Netlist Resource(s)
  -------------------------------------------------------------------    -------------------
    M1                                                0.000     0.000 r  binary_in[3] (IN)
                         net (fo=0)                   0.000     0.000    binary_in[3]
    M1                   IBUF (Prop_ibuf_I_O)         0.935     0.935 r  binary_in_IBUF[3]_inst/O
                         net (fo=7, routed)           1.996     2.931    binary_in_IBUF[3]
    SLICE_X65Y59         LUT5 (Prop_lut5_I4_O)        0.152     3.083 r  out_OBUF[5]_inst_i_1/O
                         net (fo=1, routed)           2.497     5.580    out_OBUF[5]
    B3                   OBUF (Prop_obuf_I_O)         2.821     8.401 r  out_OBUF[5]_inst/O
                         net (fo=0)                   0.000     8.401    out[5]
    B3                                                                r  out[5] (OUT)
  -------------------------------------------------------------------    -------------------

Slack:                    inf
  Source:                 binary_in[2]
                            (input port)
  Destination:            out[1]
                            (output port)
  Path Group:             (none)
  Path Type:              Max at Slow Process Corner
  Data Path Delay:        8.395ns  (logic 3.683ns (43.875%)  route 4.712ns (56.125%))
  Logic Levels:           3  (IBUF=1 LUT6=1 OBUF=1)

    Location             Delay type                Incr(ns)  Path(ns)    Netlist Resource(s)
  -------------------------------------------------------------------    -------------------
    M2                                                0.000     0.000 r  binary_in[2] (IN)
                         net (fo=0)                   0.000     0.000    binary_in[2]
    M2                   IBUF (Prop_ibuf_I_O)         0.951     0.951 r  binary_in_IBUF[2]_inst/O
                         net (fo=6, routed)           2.185     3.136    binary_in_IBUF[2]
    SLICE_X65Y59         LUT6 (Prop_lut6_I4_O)        0.124     3.260 r  out_OBUF[1]_inst_i_1/O
                         net (fo=1, routed)           2.527     5.786    out_OBUF[1]
    E5                   OBUF (Prop_obuf_I_O)         2.609     8.395 r  out_OBUF[1]_inst/O
                         net (fo=0)                   0.000     8.395    out[1]
    E5                                                                r  out[1] (OUT)
  -------------------------------------------------------------------    -------------------

Slack:                    inf
  Source:                 binary_in[3]
                            (input port)
  Destination:            out[6]
                            (output port)
  Path Group:             (none)
  Path Type:              Max at Slow Process Corner
  Data Path Delay:        8.362ns  (logic 3.679ns (44.004%)  route 4.682ns (55.996%))
  Logic Levels:           3  (IBUF=1 LUT4=1 OBUF=1)

    Location             Delay type                Incr(ns)  Path(ns)    Netlist Resource(s)
  -------------------------------------------------------------------    -------------------
    M1                                                0.000     0.000 r  binary_in[3] (IN)
                         net (fo=0)                   0.000     0.000    binary_in[3]
    M1                   IBUF (Prop_ibuf_I_O)         0.935     0.935 r  binary_in_IBUF[3]_inst/O
                         net (fo=7, routed)           2.202     3.137    binary_in_IBUF[3]
    SLICE_X64Y59         LUT4 (Prop_lut4_I0_O)        0.124     3.261 r  out_OBUF[6]_inst_i_1/O
                         net (fo=1, routed)           2.480     5.741    out_OBUF[6]
    B4                   OBUF (Prop_obuf_I_O)         2.620     8.362 r  out_OBUF[6]_inst/O
                         net (fo=0)                   0.000     8.362    out[6]
    B4                                                                r  out[6] (OUT)
  -------------------------------------------------------------------    -------------------

Slack:                    inf
  Source:                 binary_in[3]
                            (input port)
  Destination:            out[7]
                            (output port)
  Path Group:             (none)
  Path Type:              Max at Slow Process Corner
  Data Path Delay:        8.195ns  (logic 3.695ns (45.082%)  route 4.501ns (54.918%))
  Logic Levels:           3  (IBUF=1 LUT5=1 OBUF=1)

    Location             Delay type                Incr(ns)  Path(ns)    Netlist Resource(s)
  -------------------------------------------------------------------    -------------------
    M1                                                0.000     0.000 f  binary_in[3] (IN)
                         net (fo=0)                   0.000     0.000    binary_in[3]
    M1                   IBUF (Prop_ibuf_I_O)         0.935     0.935 f  binary_in_IBUF[3]_inst/O
                         net (fo=7, routed)           1.996     2.931    binary_in_IBUF[3]
    SLICE_X65Y59         LUT5 (Prop_lut5_I0_O)        0.124     3.055 r  out_OBUF[7]_inst_i_1/O
                         net (fo=1, routed)           2.505     5.560    out_OBUF[7]
    A4                   OBUF (Prop_obuf_I_O)         2.635     8.195 r  out_OBUF[7]_inst/O
                         net (fo=0)                   0.000     8.195    out[7]
    A4                                                                r  out[7] (OUT)
  -------------------------------------------------------------------    -------------------

Slack:                    inf
  Source:                 binary_in[3]
                            (input port)
  Destination:            out[3]
                            (output port)
  Path Group:             (none)
  Path Type:              Max at Slow Process Corner
  Data Path Delay:        8.179ns  (logic 3.685ns (45.059%)  route 4.494ns (54.941%))
  Logic Levels:           3  (IBUF=1 LUT6=1 OBUF=1)

    Location             Delay type                Incr(ns)  Path(ns)    Netlist Resource(s)
  -------------------------------------------------------------------    -------------------
    M1                                                0.000     0.000 r  binary_in[3] (IN)
                         net (fo=0)                   0.000     0.000    binary_in[3]
    M1                   IBUF (Prop_ibuf_I_O)         0.935     0.935 r  binary_in_IBUF[3]_inst/O
                         net (fo=7, routed)           2.212     3.147    binary_in_IBUF[3]
    SLICE_X64Y59         LUT6 (Prop_lut6_I1_O)        0.124     3.271 r  out_OBUF[3]_inst_i_1/O
                         net (fo=1, routed)           2.282     5.553    out_OBUF[3]
    B2                   OBUF (Prop_obuf_I_O)         2.626     8.179 r  out_OBUF[3]_inst/O
                         net (fo=0)                   0.000     8.179    out[3]
    B2                                                                r  out[3] (OUT)
  -------------------------------------------------------------------    -------------------

Slack:                    inf
  Source:                 binary_in[0]
                            (input port)
  Destination:            out[0]
                            (output port)
  Path Group:             (none)
  Path Type:              Max at Slow Process Corner
  Data Path Delay:        6.466ns  (logic 3.565ns (55.131%)  route 2.901ns (44.869%))
  Logic Levels:           2  (IBUF=1 OBUF=1)

    Location             Delay type                Incr(ns)  Path(ns)    Netlist Resource(s)
  -------------------------------------------------------------------    -------------------
    N2                                                0.000     0.000 r  binary_in[0] (IN)
                         net (fo=0)                   0.000     0.000    binary_in[0]
    N2                   IBUF (Prop_ibuf_I_O)         0.941     0.941 r  binary_in_IBUF[0]_inst/O
                         net (fo=1, routed)           2.901     3.842    out_OBUF[0]
    E3                   OBUF (Prop_obuf_I_O)         2.624     6.466 r  out_OBUF[0]_inst/O
                         net (fo=0)                   0.000     6.466    out[0]
    E3                                                                r  out[0] (OUT)
  -------------------------------------------------------------------    -------------------





Min Delay Paths
--------------------------------------------------------------------------------------
Slack:                    inf
  Source:                 binary_in[0]
                            (input port)
  Destination:            out[0]
                            (output port)
  Path Group:             (none)
  Path Type:              Min at Fast Process Corner
  Data Path Delay:        2.067ns  (logic 1.311ns (63.414%)  route 0.756ns (36.586%))
  Logic Levels:           2  (IBUF=1 OBUF=1)

    Location             Delay type                Incr(ns)  Path(ns)    Netlist Resource(s)
  -------------------------------------------------------------------    -------------------
    N2                                                0.000     0.000 r  binary_in[0] (IN)
                         net (fo=0)                   0.000     0.000    binary_in[0]
    N2                   IBUF (Prop_ibuf_I_O)         0.170     0.170 r  binary_in_IBUF[0]_inst/O
                         net (fo=1, routed)           0.756     0.926    out_OBUF[0]
    E3                   OBUF (Prop_obuf_I_O)         1.141     2.067 r  out_OBUF[0]_inst/O
                         net (fo=0)                   0.000     2.067    out[0]
    E3                                                                r  out[0] (OUT)
  -------------------------------------------------------------------    -------------------

Slack:                    inf
  Source:                 binary_in[5]
                            (input port)
  Destination:            out[3]
                            (output port)
  Path Group:             (none)
  Path Type:              Min at Fast Process Corner
  Data Path Delay:        2.590ns  (logic 1.359ns (52.484%)  route 1.231ns (47.516%))
  Logic Levels:           3  (IBUF=1 LUT6=1 OBUF=1)

    Location             Delay type                Incr(ns)  Path(ns)    Netlist Resource(s)
  -------------------------------------------------------------------    -------------------
    K2                                                0.000     0.000 r  binary_in[5] (IN)
                         net (fo=0)                   0.000     0.000    binary_in[5]
    K2                   IBUF (Prop_ibuf_I_O)         0.171     0.171 r  binary_in_IBUF[5]_inst/O
                         net (fo=7, routed)           0.621     0.792    binary_in_IBUF[5]
    SLICE_X64Y59         LUT6 (Prop_lut6_I4_O)        0.045     0.837 r  out_OBUF[3]_inst_i_1/O
                         net (fo=1, routed)           0.610     1.447    out_OBUF[3]
    B2                   OBUF (Prop_obuf_I_O)         1.143     2.590 r  out_OBUF[3]_inst/O
                         net (fo=0)                   0.000     2.590    out[3]
    B2                                                                r  out[3] (OUT)
  -------------------------------------------------------------------    -------------------

Slack:                    inf
  Source:                 binary_in[6]
                            (input port)
  Destination:            out[4]
                            (output port)
  Path Group:             (none)
  Path Type:              Min at Fast Process Corner
  Data Path Delay:        2.606ns  (logic 1.356ns (52.032%)  route 1.250ns (47.968%))
  Logic Levels:           3  (IBUF=1 LUT6=1 OBUF=1)

    Location             Delay type                Incr(ns)  Path(ns)    Netlist Resource(s)
  -------------------------------------------------------------------    -------------------
    K1                                                0.000     0.000 r  binary_in[6] (IN)
                         net (fo=0)                   0.000     0.000    binary_in[6]
    K1                   IBUF (Prop_ibuf_I_O)         0.164     0.164 r  binary_in_IBUF[6]_inst/O
                         net (fo=7, routed)           0.581     0.745    binary_in_IBUF[6]
    SLICE_X65Y59         LUT6 (Prop_lut6_I3_O)        0.045     0.790 r  out_OBUF[4]_inst_i_1/O
                         net (fo=1, routed)           0.669     1.459    out_OBUF[4]
    A2                   OBUF (Prop_obuf_I_O)         1.147     2.606 r  out_OBUF[4]_inst/O
                         net (fo=0)                   0.000     2.606    out[4]
    A2                                                                r  out[4] (OUT)
  -------------------------------------------------------------------    -------------------

Slack:                    inf
  Source:                 binary_in[6]
                            (input port)
  Destination:            out[2]
                            (output port)
  Path Group:             (none)
  Path Type:              Min at Fast Process Corner
  Data Path Delay:        2.622ns  (logic 1.340ns (51.119%)  route 1.282ns (48.881%))
  Logic Levels:           3  (IBUF=1 LUT6=1 OBUF=1)

    Location             Delay type                Incr(ns)  Path(ns)    Netlist Resource(s)
  -------------------------------------------------------------------    -------------------
    K1                                                0.000     0.000 r  binary_in[6] (IN)
                         net (fo=0)                   0.000     0.000    binary_in[6]
    K1                   IBUF (Prop_ibuf_I_O)         0.164     0.164 r  binary_in_IBUF[6]_inst/O
                         net (fo=7, routed)           0.578     0.742    binary_in_IBUF[6]
    SLICE_X65Y59         LUT6 (Prop_lut6_I3_O)        0.045     0.787 r  out_OBUF[2]_inst_i_1/O
                         net (fo=1, routed)           0.704     1.491    out_OBUF[2]
    C3                   OBUF (Prop_obuf_I_O)         1.131     2.622 r  out_OBUF[2]_inst/O
                         net (fo=0)                   0.000     2.622    out[2]
    C3                                                                r  out[2] (OUT)
  -------------------------------------------------------------------    -------------------

Slack:                    inf
  Source:                 binary_in[5]
                            (input port)
  Destination:            out[6]
                            (output port)
  Path Group:             (none)
  Path Type:              Min at Fast Process Corner
  Data Path Delay:        2.627ns  (logic 1.353ns (51.516%)  route 1.274ns (48.484%))
  Logic Levels:           3  (IBUF=1 LUT4=1 OBUF=1)

    Location             Delay type                Incr(ns)  Path(ns)    Netlist Resource(s)
  -------------------------------------------------------------------    -------------------
    K2                                                0.000     0.000 r  binary_in[5] (IN)
                         net (fo=0)                   0.000     0.000    binary_in[5]
    K2                   IBUF (Prop_ibuf_I_O)         0.171     0.171 r  binary_in_IBUF[5]_inst/O
                         net (fo=7, routed)           0.572     0.744    binary_in_IBUF[5]
    SLICE_X64Y59         LUT4 (Prop_lut4_I3_O)        0.045     0.789 r  out_OBUF[6]_inst_i_1/O
                         net (fo=1, routed)           0.701     1.490    out_OBUF[6]
    B4                   OBUF (Prop_obuf_I_O)         1.137     2.627 r  out_OBUF[6]_inst/O
                         net (fo=0)                   0.000     2.627    out[6]
    B4                                                                r  out[6] (OUT)
  -------------------------------------------------------------------    -------------------

Slack:                    inf
  Source:                 binary_in[3]
                            (input port)
  Destination:            out[1]
                            (output port)
  Path Group:             (none)
  Path Type:              Min at Fast Process Corner
  Data Path Delay:        2.671ns  (logic 1.335ns (49.972%)  route 1.336ns (50.028%))
  Logic Levels:           3  (IBUF=1 LUT6=1 OBUF=1)

    Location             Delay type                Incr(ns)  Path(ns)    Netlist Resource(s)
  -------------------------------------------------------------------    -------------------
    M1                                                0.000     0.000 r  binary_in[3] (IN)
                         net (fo=0)                   0.000     0.000    binary_in[3]
    M1                   IBUF (Prop_ibuf_I_O)         0.164     0.164 r  binary_in_IBUF[3]_inst/O
                         net (fo=7, routed)           0.618     0.782    binary_in_IBUF[3]
    SLICE_X65Y59         LUT6 (Prop_lut6_I3_O)        0.045     0.827 r  out_OBUF[1]_inst_i_1/O
                         net (fo=1, routed)           0.719     1.546    out_OBUF[1]
    E5                   OBUF (Prop_obuf_I_O)         1.126     2.671 r  out_OBUF[1]_inst/O
                         net (fo=0)                   0.000     2.671    out[1]
    E5                                                                r  out[1] (OUT)
  -------------------------------------------------------------------    -------------------

Slack:                    inf
  Source:                 binary_in[5]
                            (input port)
  Destination:            out[7]
                            (output port)
  Path Group:             (none)
  Path Type:              Min at Fast Process Corner
  Data Path Delay:        2.725ns  (logic 1.368ns (50.224%)  route 1.356ns (49.776%))
  Logic Levels:           3  (IBUF=1 LUT5=1 OBUF=1)

    Location             Delay type                Incr(ns)  Path(ns)    Netlist Resource(s)
  -------------------------------------------------------------------    -------------------
    K2                                                0.000     0.000 r  binary_in[5] (IN)
                         net (fo=0)                   0.000     0.000    binary_in[5]
    K2                   IBUF (Prop_ibuf_I_O)         0.171     0.171 r  binary_in_IBUF[5]_inst/O
                         net (fo=7, routed)           0.637     0.809    binary_in_IBUF[5]
    SLICE_X65Y59         LUT5 (Prop_lut5_I3_O)        0.045     0.854 r  out_OBUF[7]_inst_i_1/O
                         net (fo=1, routed)           0.719     1.572    out_OBUF[7]
    A4                   OBUF (Prop_obuf_I_O)         1.152     2.725 r  out_OBUF[7]_inst/O
                         net (fo=0)                   0.000     2.725    out[7]
    A4                                                                r  out[7] (OUT)
  -------------------------------------------------------------------    -------------------

Slack:                    inf
  Source:                 binary_in[5]
                            (input port)
  Destination:            out[5]
                            (output port)
  Path Group:             (none)
  Path Type:              Min at Fast Process Corner
  Data Path Delay:        2.753ns  (logic 1.412ns (51.278%)  route 1.341ns (48.722%))
  Logic Levels:           3  (IBUF=1 LUT5=1 OBUF=1)

    Location             Delay type                Incr(ns)  Path(ns)    Netlist Resource(s)
  -------------------------------------------------------------------    -------------------
    K2                                                0.000     0.000 r  binary_in[5] (IN)
                         net (fo=0)                   0.000     0.000    binary_in[5]
    K2                   IBUF (Prop_ibuf_I_O)         0.171     0.171 r  binary_in_IBUF[5]_inst/O
                         net (fo=7, routed)           0.637     0.809    binary_in_IBUF[5]
    SLICE_X65Y59         LUT5 (Prop_lut5_I1_O)        0.042     0.851 r  out_OBUF[5]_inst_i_1/O
                         net (fo=1, routed)           0.704     1.554    out_OBUF[5]
    B3                   OBUF (Prop_obuf_I_O)         1.198     2.753 r  out_OBUF[5]_inst/O
                         net (fo=0)                   0.000     2.753    out[5]
    B3                                                                r  out[5] (OUT)
  -------------------------------------------------------------------    -------------------





