Copyright 1986-2022 Xilinx, Inc. All Rights Reserved. Copyright 2022-2025 Advanced Micro Devices, Inc. All Rights Reserved.
------------------------------------------------------------------------------------------------------------------------------------------------------------------------------------------------------------------------
| Tool Version : Vivado v.2025.1 (win64) Build 6140274 Thu May 22 00:12:29 MDT 2025
| Date         : Thu Jun 11 11:43:40 2026
| Host         : LAPTOP-9AHF2G73 running 64-bit major release  (build 9200)
| Command      : report_timing_summary -max_paths 10 -routable_nets -report_unconstrained -file Comp_timing_summary_routed.rpt -pb Comp_timing_summary_routed.pb -rpx Comp_timing_summary_routed.rpx -warn_on_violation
| Design       : Comp
| Device       : 7s50-csga324
| Speed File   : -1  PRODUCTION 1.23 2018-06-13
| Design State : Routed
------------------------------------------------------------------------------------------------------------------------------------------------------------------------------------------------------------------------

Timing Summary Report

------------------------------------------------------------------------------------------------
| Timer Settings
| --------------
------------------------------------------------------------------------------------------------

  Enable Multi Corner Analysis               :  Yes
  Enable Pessimism Removal                   :  Yes
  Pessimism Removal Resolution               :  Nearest Common Node
  Enable Input Delay Default Clock           :  No
  Enable Preset / Clear Arcs                 :  No
  Disable Flight Delays                      :  No
  Ignore I/O Paths                           :  No
  Timing Early Launch at Borrowing Latches   :  No
  Borrow Time for Max Delay Exceptions       :  Yes
  Merge Timing Exceptions                    :  Yes
  Inter-SLR Compensation                     :  Conservative

  Corner  Analyze    Analyze    
  Name    Max Paths  Min Paths  
  ------  ---------  ---------  
  Slow    Yes        Yes        
  Fast    Yes        Yes        


------------------------------------------------------------------------------------------------
| Report Methodology
| ------------------
------------------------------------------------------------------------------------------------

No report available as report_methodology has not been run prior. Run report_methodology on the current design for the summary of methodology violations.



check_timing report

Table of Contents
-----------------
1. checking no_clock (0)
2. checking constant_clock (0)
3. checking pulse_width_clock (0)
4. checking unconstrained_internal_endpoints (0)
5. checking no_input_delay (0)
6. checking no_output_delay (0)
7. checking multiple_clock (0)
8. checking generated_clocks (0)
9. checking loops (0)
10. checking partial_input_delay (0)
11. checking partial_output_delay (0)
12. checking latch_loops (0)

1. checking no_clock (0)
------------------------
 There are 0 register/latch pins with no clock.


2. checking constant_clock (0)
------------------------------
 There are 0 register/latch pins with constant_clock.


3. checking pulse_width_clock (0)
---------------------------------
 There are 0 register/latch pins which need pulse_width check


4. checking unconstrained_internal_endpoints (0)
------------------------------------------------
 There are 0 pins that are not constrained for maximum delay.

 There are 0 pins that are not constrained for maximum delay due to constant clock.


5. checking no_input_delay (0)
------------------------------
 There are 0 input ports with no input delay specified.

 There are 0 input ports with no input delay but user has a false path constraint.


6. checking no_output_delay (0)
-------------------------------
 There are 0 ports with no output delay specified.

 There are 0 ports with no output delay but user has a false path constraint

 There are 0 ports with no output delay but with a timing clock defined on it or propagating through it


7. checking multiple_clock (0)
------------------------------
 There are 0 register/latch pins with multiple clocks.


8. checking generated_clocks (0)
--------------------------------
 There are 0 generated clocks that are not connected to a clock source.


9. checking loops (0)
---------------------
 There are 0 combinational loops in the design.


10. checking partial_input_delay (0)
------------------------------------
 There are 0 input ports with partial input delay specified.


11. checking partial_output_delay (0)
-------------------------------------
 There are 0 ports with partial output delay specified.


12. checking latch_loops (0)
----------------------------
 There are 0 combinational latch loops in the design through latch input



------------------------------------------------------------------------------------------------
| Design Timing Summary
| ---------------------
------------------------------------------------------------------------------------------------

    WNS(ns)      TNS(ns)  TNS Failing Endpoints  TNS Total Endpoints      WHS(ns)      THS(ns)  THS Failing Endpoints  THS Total Endpoints     WPWS(ns)     TPWS(ns)  TPWS Failing Endpoints  TPWS Total Endpoints  
    -------      -------  ---------------------  -------------------      -------      -------  ---------------------  -------------------     --------     --------  ----------------------  --------------------  
        inf        0.000                      0                    3          inf        0.000                      0                    3           NA           NA                      NA                    NA  


There are no user specified timing constraints.


------------------------------------------------------------------------------------------------
| Clock Summary
| -------------
------------------------------------------------------------------------------------------------


------------------------------------------------------------------------------------------------
| Intra Clock Table
| -----------------
------------------------------------------------------------------------------------------------

Clock             WNS(ns)      TNS(ns)  TNS Failing Endpoints  TNS Total Endpoints      WHS(ns)      THS(ns)  THS Failing Endpoints  THS Total Endpoints     WPWS(ns)     TPWS(ns)  TPWS Failing Endpoints  TPWS Total Endpoints  
-----             -------      -------  ---------------------  -------------------      -------      -------  ---------------------  -------------------     --------     --------  ----------------------  --------------------  


------------------------------------------------------------------------------------------------
| Inter Clock Table
| -----------------
------------------------------------------------------------------------------------------------

From Clock    To Clock          WNS(ns)      TNS(ns)  TNS Failing Endpoints  TNS Total Endpoints      WHS(ns)      THS(ns)  THS Failing Endpoints  THS Total Endpoints  
----------    --------          -------      -------  ---------------------  -------------------      -------      -------  ---------------------  -------------------  


------------------------------------------------------------------------------------------------
| Other Path Groups Table
| -----------------------
------------------------------------------------------------------------------------------------

Path Group    From Clock    To Clock          WNS(ns)      TNS(ns)  TNS Failing Endpoints  TNS Total Endpoints      WHS(ns)      THS(ns)  THS Failing Endpoints  THS Total Endpoints  
----------    ----------    --------          -------      -------  ---------------------  -------------------      -------      -------  ---------------------  -------------------  


------------------------------------------------------------------------------------------------
| User Ignored Path Table
| -----------------------
------------------------------------------------------------------------------------------------

Path Group    From Clock    To Clock    
----------    ----------    --------    


------------------------------------------------------------------------------------------------
| Unconstrained Path Table
| ------------------------
------------------------------------------------------------------------------------------------

Path Group    From Clock    To Clock    
----------    ----------    --------    
(none)                                    


------------------------------------------------------------------------------------------------
| Timing Details
| --------------
------------------------------------------------------------------------------------------------


--------------------------------------------------------------------------------------
Path Group:  (none)
From Clock:  
  To Clock:  

Max Delay             3 Endpoints
Min Delay             3 Endpoints
--------------------------------------------------------------------------------------


Max Delay Paths
--------------------------------------------------------------------------------------
Slack:                    inf
  Source:                 b[0]
                            (input port)
  Destination:            equal
                            (output port)
  Path Group:             (none)
  Path Type:              Max at Slow Process Corner
  Data Path Delay:        9.589ns  (logic 5.101ns (53.202%)  route 4.487ns (46.798%))
  Logic Levels:           3  (IBUF=1 LUT4=1 OBUF=1)

    Location             Delay type                Incr(ns)  Path(ns)    Netlist Resource(s)
  -------------------------------------------------------------------    -------------------
    M1                                                0.000     0.000 r  b[0] (IN)
                         net (fo=0)                   0.000     0.000    b[0]
    M1                   IBUF (Prop_ibuf_I_O)         1.450     1.450 r  b_IBUF[0]_inst/O
                         net (fo=3, routed)           1.479     2.929    b_IBUF[0]
    SLICE_X65Y45         LUT4 (Prop_lut4_I1_O)        0.124     3.053 r  equal_OBUF_inst_i_1/O
                         net (fo=1, routed)           3.009     6.062    equal_OBUF
    B4                   OBUF (Prop_obuf_I_O)         3.527     9.589 r  equal_OBUF_inst/O
                         net (fo=0)                   0.000     9.589    equal
    B4                                                                r  equal (OUT)
  -------------------------------------------------------------------    -------------------

Slack:                    inf
  Source:                 b[0]
                            (input port)
  Destination:            greater
                            (output port)
  Path Group:             (none)
  Path Type:              Max at Slow Process Corner
  Data Path Delay:        9.565ns  (logic 5.339ns (55.816%)  route 4.226ns (44.184%))
  Logic Levels:           3  (IBUF=1 LUT4=1 OBUF=1)

    Location             Delay type                Incr(ns)  Path(ns)    Netlist Resource(s)
  -------------------------------------------------------------------    -------------------
    M1                                                0.000     0.000 f  b[0] (IN)
                         net (fo=0)                   0.000     0.000    b[0]
    M1                   IBUF (Prop_ibuf_I_O)         1.450     1.450 f  b_IBUF[0]_inst/O
                         net (fo=3, routed)           1.474     2.924    b_IBUF[0]
    SLICE_X65Y45         LUT4 (Prop_lut4_I0_O)        0.150     3.074 r  greater_OBUF_inst_i_1/O
                         net (fo=1, routed)           2.753     5.827    greater_OBUF
    A3                   OBUF (Prop_obuf_I_O)         3.739     9.565 r  greater_OBUF_inst/O
                         net (fo=0)                   0.000     9.565    greater
    A3                                                                r  greater (OUT)
  -------------------------------------------------------------------    -------------------

Slack:                    inf
  Source:                 b[0]
                            (input port)
  Destination:            smaller
                            (output port)
  Path Group:             (none)
  Path Type:              Max at Slow Process Corner
  Data Path Delay:        9.226ns  (logic 5.117ns (55.458%)  route 4.109ns (44.542%))
  Logic Levels:           3  (IBUF=1 LUT4=1 OBUF=1)

    Location             Delay type                Incr(ns)  Path(ns)    Netlist Resource(s)
  -------------------------------------------------------------------    -------------------
    M1                                                0.000     0.000 r  b[0] (IN)
                         net (fo=0)                   0.000     0.000    b[0]
    M1                   IBUF (Prop_ibuf_I_O)         1.450     1.450 r  b_IBUF[0]_inst/O
                         net (fo=3, routed)           1.474     2.924    b_IBUF[0]
    SLICE_X65Y45         LUT4 (Prop_lut4_I0_O)        0.124     3.048 r  smaller_OBUF_inst_i_1/O
                         net (fo=1, routed)           2.636     5.684    smaller_OBUF
    A4                   OBUF (Prop_obuf_I_O)         3.542     9.226 r  smaller_OBUF_inst/O
                         net (fo=0)                   0.000     9.226    smaller
    A4                                                                r  smaller (OUT)
  -------------------------------------------------------------------    -------------------





Min Delay Paths
--------------------------------------------------------------------------------------
Slack:                    inf
  Source:                 a[0]
                            (input port)
  Destination:            smaller
                            (output port)
  Path Group:             (none)
  Path Type:              Min at Fast Process Corner
  Data Path Delay:        2.587ns  (logic 1.513ns (58.510%)  route 1.073ns (41.490%))
  Logic Levels:           3  (IBUF=1 LUT4=1 OBUF=1)

    Location             Delay type                Incr(ns)  Path(ns)    Netlist Resource(s)
  -------------------------------------------------------------------    -------------------
    K2                                                0.000     0.000 f  a[0] (IN)
                         net (fo=0)                   0.000     0.000    a[0]
    K2                   IBUF (Prop_ibuf_I_O)         0.225     0.225 f  a_IBUF[0]_inst/O
                         net (fo=3, routed)           0.335     0.560    a_IBUF[0]
    SLICE_X65Y45         LUT4 (Prop_lut4_I1_O)        0.045     0.605 r  smaller_OBUF_inst_i_1/O
                         net (fo=1, routed)           0.739     1.343    smaller_OBUF
    A4                   OBUF (Prop_obuf_I_O)         1.243     2.587 r  smaller_OBUF_inst/O
                         net (fo=0)                   0.000     2.587    smaller
    A4                                                                r  smaller (OUT)
  -------------------------------------------------------------------    -------------------

Slack:                    inf
  Source:                 a[0]
                            (input port)
  Destination:            greater
                            (output port)
  Path Group:             (none)
  Path Type:              Min at Fast Process Corner
  Data Path Delay:        2.725ns  (logic 1.573ns (57.719%)  route 1.152ns (42.281%))
  Logic Levels:           3  (IBUF=1 LUT4=1 OBUF=1)

    Location             Delay type                Incr(ns)  Path(ns)    Netlist Resource(s)
  -------------------------------------------------------------------    -------------------
    K2                                                0.000     0.000 r  a[0] (IN)
                         net (fo=0)                   0.000     0.000    a[0]
    K2                   IBUF (Prop_ibuf_I_O)         0.225     0.225 r  a_IBUF[0]_inst/O
                         net (fo=3, routed)           0.335     0.560    a_IBUF[0]
    SLICE_X65Y45         LUT4 (Prop_lut4_I1_O)        0.048     0.608 r  greater_OBUF_inst_i_1/O
                         net (fo=1, routed)           0.818     1.425    greater_OBUF
    A3                   OBUF (Prop_obuf_I_O)         1.300     2.725 r  greater_OBUF_inst/O
                         net (fo=0)                   0.000     2.725    greater
    A3                                                                r  greater (OUT)
  -------------------------------------------------------------------    -------------------

Slack:                    inf
  Source:                 a[0]
                            (input port)
  Destination:            equal
                            (output port)
  Path Group:             (none)
  Path Type:              Min at Fast Process Corner
  Data Path Delay:        2.762ns  (logic 1.498ns (54.259%)  route 1.263ns (45.741%))
  Logic Levels:           3  (IBUF=1 LUT4=1 OBUF=1)

    Location             Delay type                Incr(ns)  Path(ns)    Netlist Resource(s)
  -------------------------------------------------------------------    -------------------
    K2                                                0.000     0.000 r  a[0] (IN)
                         net (fo=0)                   0.000     0.000    a[0]
    K2                   IBUF (Prop_ibuf_I_O)         0.225     0.225 r  a_IBUF[0]_inst/O
                         net (fo=3, routed)           0.336     0.561    a_IBUF[0]
    SLICE_X65Y45         LUT4 (Prop_lut4_I0_O)        0.045     0.606 r  equal_OBUF_inst_i_1/O
                         net (fo=1, routed)           0.928     1.533    equal_OBUF
    B4                   OBUF (Prop_obuf_I_O)         1.228     2.762 r  equal_OBUF_inst/O
                         net (fo=0)                   0.000     2.762    equal
    B4                                                                r  equal (OUT)
  -------------------------------------------------------------------    -------------------





