Copyright 1986-2022 Xilinx, Inc. All Rights Reserved. Copyright 2022-2025 Advanced Micro Devices, Inc. All Rights Reserved.
------------------------------------------------------------------------------------------------------------------------------------------------------------------------------------------------------------------------------------
| Tool Version : Vivado v.2025.1 (win64) Build 6140274 Thu May 22 00:12:29 MDT 2025
| Date         : Wed Jul  1 16:13:56 2026
| Host         : LAPTOP-9AHF2G73 running 64-bit major release  (build 9200)
| Command      : report_timing_summary -max_paths 10 -routable_nets -report_unconstrained -file USR_bram_timing_summary_routed.rpt -pb USR_bram_timing_summary_routed.pb -rpx USR_bram_timing_summary_routed.rpx -warn_on_violation
| Design       : USR_bram
| Device       : 7a35ti-cpg236
| Speed File   : -1L  PRODUCTION 1.23 2018-06-13
| Design State : Routed
------------------------------------------------------------------------------------------------------------------------------------------------------------------------------------------------------------------------------------

Timing Summary Report

------------------------------------------------------------------------------------------------
| Timer Settings
| --------------
------------------------------------------------------------------------------------------------

  Enable Multi Corner Analysis               :  Yes
  Enable Pessimism Removal                   :  Yes
  Pessimism Removal Resolution               :  Nearest Common Node
  Enable Input Delay Default Clock           :  No
  Enable Preset / Clear Arcs                 :  No
  Disable Flight Delays                      :  No
  Ignore I/O Paths                           :  No
  Timing Early Launch at Borrowing Latches   :  No
  Borrow Time for Max Delay Exceptions       :  Yes
  Merge Timing Exceptions                    :  Yes
  Inter-SLR Compensation                     :  Conservative

  Corner  Analyze    Analyze    
  Name    Max Paths  Min Paths  
  ------  ---------  ---------  
  Slow    Yes        Yes        
  Fast    Yes        Yes        


------------------------------------------------------------------------------------------------
| Report Methodology
| ------------------
------------------------------------------------------------------------------------------------

Rule       Severity          Description                  Violations  
---------  ----------------  ---------------------------  ----------  
TIMING-17  Critical Warning  Non-clocked sequential cell  29          

Note: This report is based on the most recent report_methodology run and may not be up-to-date. Run report_methodology on the current design for the latest report.



check_timing report

Table of Contents
-----------------
1. checking no_clock (29)
2. checking constant_clock (0)
3. checking pulse_width_clock (0)
4. checking unconstrained_internal_endpoints (31)
5. checking no_input_delay (7)
6. checking no_output_delay (4)
7. checking multiple_clock (0)
8. checking generated_clocks (0)
9. checking loops (0)
10. checking partial_input_delay (0)
11. checking partial_output_delay (0)
12. checking latch_loops (0)

1. checking no_clock (29)
-------------------------
 There are 27 register/latch pins with no clock driven by root clock pin: clk (HIGH)

 There are 2 register/latch pins with no clock driven by root clock pin: cnt_reg[26]/Q (HIGH)


2. checking constant_clock (0)
------------------------------
 There are 0 register/latch pins with constant_clock.


3. checking pulse_width_clock (0)
---------------------------------
 There are 0 register/latch pins which need pulse_width check


4. checking unconstrained_internal_endpoints (31)
-------------------------------------------------
 There are 31 pins that are not constrained for maximum delay. (HIGH)

 There are 0 pins that are not constrained for maximum delay due to constant clock.


5. checking no_input_delay (7)
------------------------------
 There are 7 input ports with no input delay specified. (HIGH)

 There are 0 input ports with no input delay but user has a false path constraint.


6. checking no_output_delay (4)
-------------------------------
 There are 4 ports with no output delay specified. (HIGH)

 There are 0 ports with no output delay but user has a false path constraint

 There are 0 ports with no output delay but with a timing clock defined on it or propagating through it


7. checking multiple_clock (0)
------------------------------
 There are 0 register/latch pins with multiple clocks.


8. checking generated_clocks (0)
--------------------------------
 There are 0 generated clocks that are not connected to a clock source.


9. checking loops (0)
---------------------
 There are 0 combinational loops in the design.


10. checking partial_input_delay (0)
------------------------------------
 There are 0 input ports with partial input delay specified.


11. checking partial_output_delay (0)
-------------------------------------
 There are 0 ports with partial output delay specified.


12. checking latch_loops (0)
----------------------------
 There are 0 combinational latch loops in the design through latch input



------------------------------------------------------------------------------------------------
| Design Timing Summary
| ---------------------
------------------------------------------------------------------------------------------------

    WNS(ns)      TNS(ns)  TNS Failing Endpoints  TNS Total Endpoints      WHS(ns)      THS(ns)  THS Failing Endpoints  THS Total Endpoints     WPWS(ns)     TPWS(ns)  TPWS Failing Endpoints  TPWS Total Endpoints  
    -------      -------  ---------------------  -------------------      -------      -------  ---------------------  -------------------     --------     --------  ----------------------  --------------------  
        inf        0.000                      0                   35          inf        0.000                      0                   35           NA           NA                      NA                    NA  


There are no user specified timing constraints.


------------------------------------------------------------------------------------------------
| Clock Summary
| -------------
------------------------------------------------------------------------------------------------


------------------------------------------------------------------------------------------------
| Intra Clock Table
| -----------------
------------------------------------------------------------------------------------------------

Clock             WNS(ns)      TNS(ns)  TNS Failing Endpoints  TNS Total Endpoints      WHS(ns)      THS(ns)  THS Failing Endpoints  THS Total Endpoints     WPWS(ns)     TPWS(ns)  TPWS Failing Endpoints  TPWS Total Endpoints  
-----             -------      -------  ---------------------  -------------------      -------      -------  ---------------------  -------------------     --------     --------  ----------------------  --------------------  


------------------------------------------------------------------------------------------------
| Inter Clock Table
| -----------------
------------------------------------------------------------------------------------------------

From Clock    To Clock          WNS(ns)      TNS(ns)  TNS Failing Endpoints  TNS Total Endpoints      WHS(ns)      THS(ns)  THS Failing Endpoints  THS Total Endpoints  
----------    --------          -------      -------  ---------------------  -------------------      -------      -------  ---------------------  -------------------  


------------------------------------------------------------------------------------------------
| Other Path Groups Table
| -----------------------
------------------------------------------------------------------------------------------------

Path Group    From Clock    To Clock          WNS(ns)      TNS(ns)  TNS Failing Endpoints  TNS Total Endpoints      WHS(ns)      THS(ns)  THS Failing Endpoints  THS Total Endpoints  
----------    ----------    --------          -------      -------  ---------------------  -------------------      -------      -------  ---------------------  -------------------  


------------------------------------------------------------------------------------------------
| User Ignored Path Table
| -----------------------
------------------------------------------------------------------------------------------------

Path Group    From Clock    To Clock    
----------    ----------    --------    


------------------------------------------------------------------------------------------------
| Unconstrained Path Table
| ------------------------
------------------------------------------------------------------------------------------------

Path Group    From Clock    To Clock    
----------    ----------    --------    
(none)                                    


------------------------------------------------------------------------------------------------
| Timing Details
| --------------
------------------------------------------------------------------------------------------------


--------------------------------------------------------------------------------------
Path Group:  (none)
From Clock:  
  To Clock:  

Max Delay            35 Endpoints
Min Delay            35 Endpoints
--------------------------------------------------------------------------------------


Max Delay Paths
--------------------------------------------------------------------------------------
Slack:                    inf
  Source:                 <hidden>
                            (rising edge-triggered cell RAMB18E1)
  Destination:            Q[3]
                            (output port)
  Path Group:             (none)
  Path Type:              Max at Slow Process Corner
  Data Path Delay:        9.425ns  (logic 5.975ns (63.399%)  route 3.450ns (36.601%))
  Logic Levels:           2  (OBUF=1 RAMB18E1=1)

    Location             Delay type                Incr(ns)  Path(ns)    Netlist Resource(s)
  -------------------------------------------------------------------    -------------------
    RAMB18_X2Y18         RAMB18E1                     0.000     0.000 r  <hidden>
    RAMB18_X2Y18         RAMB18E1 (Prop_ramb18e1_CLKBWRCLK_DOBDO[8])
                                                      2.454     2.454 r  <hidden>
                         net (fo=3, routed)           3.450     5.904    Q_OBUF[3]
    L1                   OBUF (Prop_obuf_I_O)         3.521     9.425 r  Q_OBUF[3]_inst/O
                         net (fo=0)                   0.000     9.425    Q[3]
    L1                                                                r  Q[3] (OUT)
  -------------------------------------------------------------------    -------------------

Slack:                    inf
  Source:                 <hidden>
                            (rising edge-triggered cell RAMB18E1)
  Destination:            Q[1]
                            (output port)
  Path Group:             (none)
  Path Type:              Max at Slow Process Corner
  Data Path Delay:        9.424ns  (logic 5.961ns (63.255%)  route 3.463ns (36.745%))
  Logic Levels:           2  (OBUF=1 RAMB18E1=1)

    Location             Delay type                Incr(ns)  Path(ns)    Netlist Resource(s)
  -------------------------------------------------------------------    -------------------
    RAMB18_X2Y18         RAMB18E1                     0.000     0.000 r  <hidden>
    RAMB18_X2Y18         RAMB18E1 (Prop_ramb18e1_CLKARDCLK_DOADO[8])
                                                      2.454     2.454 r  <hidden>
                         net (fo=4, routed)           3.463     5.917    Q_OBUF[1]
    N3                   OBUF (Prop_obuf_I_O)         3.507     9.424 r  Q_OBUF[1]_inst/O
                         net (fo=0)                   0.000     9.424    Q[1]
    N3                                                                r  Q[1] (OUT)
  -------------------------------------------------------------------    -------------------

Slack:                    inf
  Source:                 <hidden>
                            (rising edge-triggered cell RAMB18E1)
  Destination:            Q[0]
                            (output port)
  Path Group:             (none)
  Path Type:              Max at Slow Process Corner
  Data Path Delay:        9.261ns  (logic 5.972ns (64.486%)  route 3.289ns (35.514%))
  Logic Levels:           2  (OBUF=1 RAMB18E1=1)

    Location             Delay type                Incr(ns)  Path(ns)    Netlist Resource(s)
  -------------------------------------------------------------------    -------------------
    RAMB18_X2Y18         RAMB18E1                     0.000     0.000 r  <hidden>
    RAMB18_X2Y18         RAMB18E1 (Prop_ramb18e1_CLKARDCLK_DOADO[0])
                                                      2.454     2.454 r  <hidden>
                         net (fo=3, routed)           3.289     5.743    Q_OBUF[0]
    P3                   OBUF (Prop_obuf_I_O)         3.518     9.261 r  Q_OBUF[0]_inst/O
                         net (fo=0)                   0.000     9.261    Q[0]
    P3                                                                r  Q[0] (OUT)
  -------------------------------------------------------------------    -------------------

Slack:                    inf
  Source:                 <hidden>
                            (rising edge-triggered cell RAMB18E1)
  Destination:            Q[2]
                            (output port)
  Path Group:             (none)
  Path Type:              Max at Slow Process Corner
  Data Path Delay:        8.846ns  (logic 5.969ns (67.482%)  route 2.877ns (32.518%))
  Logic Levels:           2  (OBUF=1 RAMB18E1=1)

    Location             Delay type                Incr(ns)  Path(ns)    Netlist Resource(s)
  -------------------------------------------------------------------    -------------------
    RAMB18_X2Y18         RAMB18E1                     0.000     0.000 r  <hidden>
    RAMB18_X2Y18         RAMB18E1 (Prop_ramb18e1_CLKBWRCLK_DOBDO[0])
                                                      2.454     2.454 r  <hidden>
                         net (fo=4, routed)           2.877     5.331    Q_OBUF[2]
    P1                   OBUF (Prop_obuf_I_O)         3.515     8.846 r  Q_OBUF[2]_inst/O
                         net (fo=0)                   0.000     8.846    Q[2]
    P1                                                                r  Q[2] (OUT)
  -------------------------------------------------------------------    -------------------

Slack:                    inf
  Source:                 <hidden>
                            (rising edge-triggered cell RAMB18E1)
  Destination:            <hidden>
  Path Group:             (none)
  Path Type:              Max at Slow Process Corner
  Data Path Delay:        4.843ns  (logic 2.578ns (53.229%)  route 2.265ns (46.771%))
  Logic Levels:           2  (LUT6=1 RAMB18E1=1)

    Location             Delay type                Incr(ns)  Path(ns)    Netlist Resource(s)
  -------------------------------------------------------------------    -------------------
    RAMB18_X2Y18         RAMB18E1                     0.000     0.000 r  <hidden>
    RAMB18_X2Y18         RAMB18E1 (Prop_ramb18e1_CLKBWRCLK_DOBDO[8])
                                                      2.454     2.454 r  <hidden>
                         net (fo=3, routed)           1.560     4.014    Q_OBUF[3]
    SLICE_X64Y46         LUT6 (Prop_lut6_I0_O)        0.124     4.138 r  u0_i_2/O
                         net (fo=1, routed)           0.706     4.843    <hidden>
    RAMB18_X2Y18         RAMB18E1                                     r  <hidden>
  -------------------------------------------------------------------    -------------------

Slack:                    inf
  Source:                 <hidden>
                            (rising edge-triggered cell RAMB18E1)
  Destination:            <hidden>
  Path Group:             (none)
  Path Type:              Max at Slow Process Corner
  Data Path Delay:        4.842ns  (logic 2.578ns (53.248%)  route 2.264ns (46.752%))
  Logic Levels:           2  (LUT6=1 RAMB18E1=1)

    Location             Delay type                Incr(ns)  Path(ns)    Netlist Resource(s)
  -------------------------------------------------------------------    -------------------
    RAMB18_X2Y18         RAMB18E1                     0.000     0.000 r  <hidden>
    RAMB18_X2Y18         RAMB18E1 (Prop_ramb18e1_CLKARDCLK_DOADO[0])
                                                      2.454     2.454 r  <hidden>
                         net (fo=3, routed)           1.408     3.862    Q_OBUF[0]
    SLICE_X65Y46         LUT6 (Prop_lut6_I1_O)        0.124     3.986 r  u0_i_4/O
                         net (fo=1, routed)           0.855     4.842    <hidden>
    RAMB18_X2Y18         RAMB18E1                                     r  <hidden>
  -------------------------------------------------------------------    -------------------

Slack:                    inf
  Source:                 <hidden>
                            (rising edge-triggered cell RAMB18E1)
  Destination:            <hidden>
  Path Group:             (none)
  Path Type:              Max at Slow Process Corner
  Data Path Delay:        4.685ns  (logic 2.578ns (55.032%)  route 2.107ns (44.968%))
  Logic Levels:           2  (LUT6=1 RAMB18E1=1)

    Location             Delay type                Incr(ns)  Path(ns)    Netlist Resource(s)
  -------------------------------------------------------------------    -------------------
    RAMB18_X2Y18         RAMB18E1                     0.000     0.000 r  <hidden>
    RAMB18_X2Y18         RAMB18E1 (Prop_ramb18e1_CLKBWRCLK_DOBDO[0])
                                                      2.454     2.454 r  <hidden>
                         net (fo=4, routed)           1.419     3.873    Q_OBUF[2]
    SLICE_X64Y46         LUT6 (Prop_lut6_I0_O)        0.124     3.997 r  u0_i_3/O
                         net (fo=1, routed)           0.688     4.685    <hidden>
    RAMB18_X2Y18         RAMB18E1                                     r  <hidden>
  -------------------------------------------------------------------    -------------------

Slack:                    inf
  Source:                 <hidden>
                            (rising edge-triggered cell RAMB18E1)
  Destination:            <hidden>
  Path Group:             (none)
  Path Type:              Max at Slow Process Corner
  Data Path Delay:        4.238ns  (logic 2.578ns (60.833%)  route 1.660ns (39.167%))
  Logic Levels:           2  (LUT6=1 RAMB18E1=1)

    Location             Delay type                Incr(ns)  Path(ns)    Netlist Resource(s)
  -------------------------------------------------------------------    -------------------
    RAMB18_X2Y18         RAMB18E1                     0.000     0.000 r  <hidden>
    RAMB18_X2Y18         RAMB18E1 (Prop_ramb18e1_CLKBWRCLK_DOBDO[8])
                                                      2.454     2.454 r  <hidden>
                         net (fo=3, routed)           1.109     3.563    Q_OBUF[3]
    SLICE_X65Y45         LUT6 (Prop_lut6_I1_O)        0.124     3.687 r  u0_i_1/O
                         net (fo=1, routed)           0.551     4.238    <hidden>
    RAMB18_X2Y18         RAMB18E1                                     r  <hidden>
  -------------------------------------------------------------------    -------------------

Slack:                    inf
  Source:                 cnt_reg[4]/C
                            (rising edge-triggered cell FDRE)
  Destination:            cnt_reg[25]/D
  Path Group:             (none)
  Path Type:              Max at Slow Process Corner
  Data Path Delay:        2.666ns  (logic 1.902ns (71.345%)  route 0.764ns (28.655%))
  Logic Levels:           7  (CARRY4=6 FDRE=1)

    Location             Delay type                Incr(ns)  Path(ns)    Netlist Resource(s)
  -------------------------------------------------------------------    -------------------
    SLICE_X58Y45         FDRE                         0.000     0.000 r  cnt_reg[4]/C
    SLICE_X58Y45         FDRE (Prop_fdre_C_Q)         0.456     0.456 r  cnt_reg[4]/Q
                         net (fo=1, routed)           0.763     1.219    cnt_reg_n_0_[4]
    SLICE_X58Y45         CARRY4 (Prop_carry4_S[0]_CO[3])
                                                      0.656     1.875 r  cnt_reg[4]_i_1/CO[3]
                         net (fo=1, routed)           0.000     1.875    cnt_reg[4]_i_1_n_0
    SLICE_X58Y46         CARRY4 (Prop_carry4_CI_CO[3])
                                                      0.114     1.989 r  cnt_reg[8]_i_1/CO[3]
                         net (fo=1, routed)           0.000     1.989    cnt_reg[8]_i_1_n_0
    SLICE_X58Y47         CARRY4 (Prop_carry4_CI_CO[3])
                                                      0.114     2.103 r  cnt_reg[12]_i_1/CO[3]
                         net (fo=1, routed)           0.000     2.103    cnt_reg[12]_i_1_n_0
    SLICE_X58Y48         CARRY4 (Prop_carry4_CI_CO[3])
                                                      0.114     2.217 r  cnt_reg[16]_i_1/CO[3]
                         net (fo=1, routed)           0.000     2.217    cnt_reg[16]_i_1_n_0
    SLICE_X58Y49         CARRY4 (Prop_carry4_CI_CO[3])
                                                      0.114     2.331 r  cnt_reg[20]_i_1/CO[3]
                         net (fo=1, routed)           0.001     2.332    cnt_reg[20]_i_1_n_0
    SLICE_X58Y50         CARRY4 (Prop_carry4_CI_O[1])
                                                      0.334     2.666 r  cnt_reg[24]_i_1/O[1]
                         net (fo=1, routed)           0.000     2.666    cnt_reg[24]_i_1_n_6
    SLICE_X58Y50         FDRE                                         r  cnt_reg[25]/D
  -------------------------------------------------------------------    -------------------

Slack:                    inf
  Source:                 cnt_reg[4]/C
                            (rising edge-triggered cell FDRE)
  Destination:            cnt_reg[26]/D
  Path Group:             (none)
  Path Type:              Max at Slow Process Corner
  Data Path Delay:        2.571ns  (logic 1.807ns (70.286%)  route 0.764ns (29.714%))
  Logic Levels:           7  (CARRY4=6 FDRE=1)

    Location             Delay type                Incr(ns)  Path(ns)    Netlist Resource(s)
  -------------------------------------------------------------------    -------------------
    SLICE_X58Y45         FDRE                         0.000     0.000 r  cnt_reg[4]/C
    SLICE_X58Y45         FDRE (Prop_fdre_C_Q)         0.456     0.456 r  cnt_reg[4]/Q
                         net (fo=1, routed)           0.763     1.219    cnt_reg_n_0_[4]
    SLICE_X58Y45         CARRY4 (Prop_carry4_S[0]_CO[3])
                                                      0.656     1.875 r  cnt_reg[4]_i_1/CO[3]
                         net (fo=1, routed)           0.000     1.875    cnt_reg[4]_i_1_n_0
    SLICE_X58Y46         CARRY4 (Prop_carry4_CI_CO[3])
                                                      0.114     1.989 r  cnt_reg[8]_i_1/CO[3]
                         net (fo=1, routed)           0.000     1.989    cnt_reg[8]_i_1_n_0
    SLICE_X58Y47         CARRY4 (Prop_carry4_CI_CO[3])
                                                      0.114     2.103 r  cnt_reg[12]_i_1/CO[3]
                         net (fo=1, routed)           0.000     2.103    cnt_reg[12]_i_1_n_0
    SLICE_X58Y48         CARRY4 (Prop_carry4_CI_CO[3])
                                                      0.114     2.217 r  cnt_reg[16]_i_1/CO[3]
                         net (fo=1, routed)           0.000     2.217    cnt_reg[16]_i_1_n_0
    SLICE_X58Y49         CARRY4 (Prop_carry4_CI_CO[3])
                                                      0.114     2.331 r  cnt_reg[20]_i_1/CO[3]
                         net (fo=1, routed)           0.001     2.332    cnt_reg[20]_i_1_n_0
    SLICE_X58Y50         CARRY4 (Prop_carry4_CI_O[2])
                                                      0.239     2.571 r  cnt_reg[24]_i_1/O[2]
                         net (fo=1, routed)           0.000     2.571    cnt_reg[24]_i_1_n_5
    SLICE_X58Y50         FDRE                                         r  cnt_reg[26]/D
  -------------------------------------------------------------------    -------------------





Min Delay Paths
--------------------------------------------------------------------------------------
Slack:                    inf
  Source:                 cnt_reg[10]/C
                            (rising edge-triggered cell FDRE)
  Destination:            cnt_reg[10]/D
  Path Group:             (none)
  Path Type:              Min at Fast Process Corner
  Data Path Delay:        0.373ns  (logic 0.252ns (67.478%)  route 0.121ns (32.522%))
  Logic Levels:           2  (CARRY4=1 FDRE=1)

    Location             Delay type                Incr(ns)  Path(ns)    Netlist Resource(s)
  -------------------------------------------------------------------    -------------------
    SLICE_X58Y46         FDRE                         0.000     0.000 r  cnt_reg[10]/C
    SLICE_X58Y46         FDRE (Prop_fdre_C_Q)         0.141     0.141 r  cnt_reg[10]/Q
                         net (fo=1, routed)           0.121     0.262    cnt_reg_n_0_[10]
    SLICE_X58Y46         CARRY4 (Prop_carry4_S[2]_O[2])
                                                      0.111     0.373 r  cnt_reg[8]_i_1/O[2]
                         net (fo=1, routed)           0.000     0.373    cnt_reg[8]_i_1_n_5
    SLICE_X58Y46         FDRE                                         r  cnt_reg[10]/D
  -------------------------------------------------------------------    -------------------

Slack:                    inf
  Source:                 cnt_reg[14]/C
                            (rising edge-triggered cell FDRE)
  Destination:            cnt_reg[14]/D
  Path Group:             (none)
  Path Type:              Min at Fast Process Corner
  Data Path Delay:        0.373ns  (logic 0.252ns (67.478%)  route 0.121ns (32.522%))
  Logic Levels:           2  (CARRY4=1 FDRE=1)

    Location             Delay type                Incr(ns)  Path(ns)    Netlist Resource(s)
  -------------------------------------------------------------------    -------------------
    SLICE_X58Y47         FDRE                         0.000     0.000 r  cnt_reg[14]/C
    SLICE_X58Y47         FDRE (Prop_fdre_C_Q)         0.141     0.141 r  cnt_reg[14]/Q
                         net (fo=1, routed)           0.121     0.262    cnt_reg_n_0_[14]
    SLICE_X58Y47         CARRY4 (Prop_carry4_S[2]_O[2])
                                                      0.111     0.373 r  cnt_reg[12]_i_1/O[2]
                         net (fo=1, routed)           0.000     0.373    cnt_reg[12]_i_1_n_5
    SLICE_X58Y47         FDRE                                         r  cnt_reg[14]/D
  -------------------------------------------------------------------    -------------------

Slack:                    inf
  Source:                 cnt_reg[18]/C
                            (rising edge-triggered cell FDRE)
  Destination:            cnt_reg[18]/D
  Path Group:             (none)
  Path Type:              Min at Fast Process Corner
  Data Path Delay:        0.373ns  (logic 0.252ns (67.478%)  route 0.121ns (32.522%))
  Logic Levels:           2  (CARRY4=1 FDRE=1)

    Location             Delay type                Incr(ns)  Path(ns)    Netlist Resource(s)
  -------------------------------------------------------------------    -------------------
    SLICE_X58Y48         FDRE                         0.000     0.000 r  cnt_reg[18]/C
    SLICE_X58Y48         FDRE (Prop_fdre_C_Q)         0.141     0.141 r  cnt_reg[18]/Q
                         net (fo=1, routed)           0.121     0.262    cnt_reg_n_0_[18]
    SLICE_X58Y48         CARRY4 (Prop_carry4_S[2]_O[2])
                                                      0.111     0.373 r  cnt_reg[16]_i_1/O[2]
                         net (fo=1, routed)           0.000     0.373    cnt_reg[16]_i_1_n_5
    SLICE_X58Y48         FDRE                                         r  cnt_reg[18]/D
  -------------------------------------------------------------------    -------------------

Slack:                    inf
  Source:                 cnt_reg[22]/C
                            (rising edge-triggered cell FDRE)
  Destination:            cnt_reg[22]/D
  Path Group:             (none)
  Path Type:              Min at Fast Process Corner
  Data Path Delay:        0.373ns  (logic 0.252ns (67.478%)  route 0.121ns (32.522%))
  Logic Levels:           2  (CARRY4=1 FDRE=1)

    Location             Delay type                Incr(ns)  Path(ns)    Netlist Resource(s)
  -------------------------------------------------------------------    -------------------
    SLICE_X58Y49         FDRE                         0.000     0.000 r  cnt_reg[22]/C
    SLICE_X58Y49         FDRE (Prop_fdre_C_Q)         0.141     0.141 r  cnt_reg[22]/Q
                         net (fo=1, routed)           0.121     0.262    cnt_reg_n_0_[22]
    SLICE_X58Y49         CARRY4 (Prop_carry4_S[2]_O[2])
                                                      0.111     0.373 r  cnt_reg[20]_i_1/O[2]
                         net (fo=1, routed)           0.000     0.373    cnt_reg[20]_i_1_n_5
    SLICE_X58Y49         FDRE                                         r  cnt_reg[22]/D
  -------------------------------------------------------------------    -------------------

Slack:                    inf
  Source:                 cnt_reg[2]/C
                            (rising edge-triggered cell FDRE)
  Destination:            cnt_reg[2]/D
  Path Group:             (none)
  Path Type:              Min at Fast Process Corner
  Data Path Delay:        0.373ns  (logic 0.252ns (67.478%)  route 0.121ns (32.522%))
  Logic Levels:           2  (CARRY4=1 FDRE=1)

    Location             Delay type                Incr(ns)  Path(ns)    Netlist Resource(s)
  -------------------------------------------------------------------    -------------------
    SLICE_X58Y44         FDRE                         0.000     0.000 r  cnt_reg[2]/C
    SLICE_X58Y44         FDRE (Prop_fdre_C_Q)         0.141     0.141 r  cnt_reg[2]/Q
                         net (fo=1, routed)           0.121     0.262    cnt_reg_n_0_[2]
    SLICE_X58Y44         CARRY4 (Prop_carry4_S[2]_O[2])
                                                      0.111     0.373 r  cnt_reg[0]_i_1/O[2]
                         net (fo=1, routed)           0.000     0.373    cnt_reg[0]_i_1_n_5
    SLICE_X58Y44         FDRE                                         r  cnt_reg[2]/D
  -------------------------------------------------------------------    -------------------

Slack:                    inf
  Source:                 cnt_reg[6]/C
                            (rising edge-triggered cell FDRE)
  Destination:            cnt_reg[6]/D
  Path Group:             (none)
  Path Type:              Min at Fast Process Corner
  Data Path Delay:        0.373ns  (logic 0.252ns (67.478%)  route 0.121ns (32.522%))
  Logic Levels:           2  (CARRY4=1 FDRE=1)

    Location             Delay type                Incr(ns)  Path(ns)    Netlist Resource(s)
  -------------------------------------------------------------------    -------------------
    SLICE_X58Y45         FDRE                         0.000     0.000 r  cnt_reg[6]/C
    SLICE_X58Y45         FDRE (Prop_fdre_C_Q)         0.141     0.141 r  cnt_reg[6]/Q
                         net (fo=1, routed)           0.121     0.262    cnt_reg_n_0_[6]
    SLICE_X58Y45         CARRY4 (Prop_carry4_S[2]_O[2])
                                                      0.111     0.373 r  cnt_reg[4]_i_1/O[2]
                         net (fo=1, routed)           0.000     0.373    cnt_reg[4]_i_1_n_5
    SLICE_X58Y45         FDRE                                         r  cnt_reg[6]/D
  -------------------------------------------------------------------    -------------------

Slack:                    inf
  Source:                 cnt_reg[26]/C
                            (rising edge-triggered cell FDRE)
  Destination:            cnt_reg[26]/D
  Path Group:             (none)
  Path Type:              Min at Fast Process Corner
  Data Path Delay:        0.386ns  (logic 0.252ns (65.343%)  route 0.134ns (34.657%))
  Logic Levels:           2  (CARRY4=1 FDRE=1)

    Location             Delay type                Incr(ns)  Path(ns)    Netlist Resource(s)
  -------------------------------------------------------------------    -------------------
    SLICE_X58Y50         FDRE                         0.000     0.000 r  cnt_reg[26]/C
    SLICE_X58Y50         FDRE (Prop_fdre_C_Q)         0.141     0.141 r  cnt_reg[26]/Q
                         net (fo=3, routed)           0.134     0.275    clk_out
    SLICE_X58Y50         CARRY4 (Prop_carry4_S[2]_O[2])
                                                      0.111     0.386 r  cnt_reg[24]_i_1/O[2]
                         net (fo=1, routed)           0.000     0.386    cnt_reg[24]_i_1_n_5
    SLICE_X58Y50         FDRE                                         r  cnt_reg[26]/D
  -------------------------------------------------------------------    -------------------

Slack:                    inf
  Source:                 cnt_reg[10]/C
                            (rising edge-triggered cell FDRE)
  Destination:            cnt_reg[11]/D
  Path Group:             (none)
  Path Type:              Min at Fast Process Corner
  Data Path Delay:        0.406ns  (logic 0.285ns (70.118%)  route 0.121ns (29.882%))
  Logic Levels:           2  (CARRY4=1 FDRE=1)

    Location             Delay type                Incr(ns)  Path(ns)    Netlist Resource(s)
  -------------------------------------------------------------------    -------------------
    SLICE_X58Y46         FDRE                         0.000     0.000 r  cnt_reg[10]/C
    SLICE_X58Y46         FDRE (Prop_fdre_C_Q)         0.141     0.141 r  cnt_reg[10]/Q
                         net (fo=1, routed)           0.121     0.262    cnt_reg_n_0_[10]
    SLICE_X58Y46         CARRY4 (Prop_carry4_S[2]_O[3])
                                                      0.144     0.406 r  cnt_reg[8]_i_1/O[3]
                         net (fo=1, routed)           0.000     0.406    cnt_reg[8]_i_1_n_4
    SLICE_X58Y46         FDRE                                         r  cnt_reg[11]/D
  -------------------------------------------------------------------    -------------------

Slack:                    inf
  Source:                 cnt_reg[14]/C
                            (rising edge-triggered cell FDRE)
  Destination:            cnt_reg[15]/D
  Path Group:             (none)
  Path Type:              Min at Fast Process Corner
  Data Path Delay:        0.406ns  (logic 0.285ns (70.118%)  route 0.121ns (29.882%))
  Logic Levels:           2  (CARRY4=1 FDRE=1)

    Location             Delay type                Incr(ns)  Path(ns)    Netlist Resource(s)
  -------------------------------------------------------------------    -------------------
    SLICE_X58Y47         FDRE                         0.000     0.000 r  cnt_reg[14]/C
    SLICE_X58Y47         FDRE (Prop_fdre_C_Q)         0.141     0.141 r  cnt_reg[14]/Q
                         net (fo=1, routed)           0.121     0.262    cnt_reg_n_0_[14]
    SLICE_X58Y47         CARRY4 (Prop_carry4_S[2]_O[3])
                                                      0.144     0.406 r  cnt_reg[12]_i_1/O[3]
                         net (fo=1, routed)           0.000     0.406    cnt_reg[12]_i_1_n_4
    SLICE_X58Y47         FDRE                                         r  cnt_reg[15]/D
  -------------------------------------------------------------------    -------------------

Slack:                    inf
  Source:                 cnt_reg[18]/C
                            (rising edge-triggered cell FDRE)
  Destination:            cnt_reg[19]/D
  Path Group:             (none)
  Path Type:              Min at Fast Process Corner
  Data Path Delay:        0.406ns  (logic 0.285ns (70.118%)  route 0.121ns (29.882%))
  Logic Levels:           2  (CARRY4=1 FDRE=1)

    Location             Delay type                Incr(ns)  Path(ns)    Netlist Resource(s)
  -------------------------------------------------------------------    -------------------
    SLICE_X58Y48         FDRE                         0.000     0.000 r  cnt_reg[18]/C
    SLICE_X58Y48         FDRE (Prop_fdre_C_Q)         0.141     0.141 r  cnt_reg[18]/Q
                         net (fo=1, routed)           0.121     0.262    cnt_reg_n_0_[18]
    SLICE_X58Y48         CARRY4 (Prop_carry4_S[2]_O[3])
                                                      0.144     0.406 r  cnt_reg[16]_i_1/O[3]
                         net (fo=1, routed)           0.000     0.406    cnt_reg[16]_i_1_n_4
    SLICE_X58Y48         FDRE                                         r  cnt_reg[19]/D
  -------------------------------------------------------------------    -------------------





