Copyright 1986-2022 Xilinx, Inc. All Rights Reserved. Copyright 2022-2025 Advanced Micro Devices, Inc. All Rights Reserved.
---------------------------------------------------------------------------------------------------------------------------------------------------------------------------------------------------------------------
| Tool Version : Vivado v.2025.1 (win64) Build 6140274 Thu May 22 00:12:29 MDT 2025
| Date         : Thu Jun 25 12:09:10 2026
| Host         : LAPTOP-9AHF2G73 running 64-bit major release  (build 9200)
| Command      : report_timing_summary -max_paths 10 -routable_nets -report_unconstrained -file USR_timing_summary_routed.rpt -pb USR_timing_summary_routed.pb -rpx USR_timing_summary_routed.rpx -warn_on_violation
| Design       : USR
| Device       : 7a35ti-cpg236
| Speed File   : -1L  PRODUCTION 1.23 2018-06-13
| Design State : Routed
---------------------------------------------------------------------------------------------------------------------------------------------------------------------------------------------------------------------

Timing Summary Report

------------------------------------------------------------------------------------------------
| Timer Settings
| --------------
------------------------------------------------------------------------------------------------

  Enable Multi Corner Analysis               :  Yes
  Enable Pessimism Removal                   :  Yes
  Pessimism Removal Resolution               :  Nearest Common Node
  Enable Input Delay Default Clock           :  No
  Enable Preset / Clear Arcs                 :  No
  Disable Flight Delays                      :  No
  Ignore I/O Paths                           :  No
  Timing Early Launch at Borrowing Latches   :  No
  Borrow Time for Max Delay Exceptions       :  Yes
  Merge Timing Exceptions                    :  Yes
  Inter-SLR Compensation                     :  Conservative

  Corner  Analyze    Analyze    
  Name    Max Paths  Min Paths  
  ------  ---------  ---------  
  Slow    Yes        Yes        
  Fast    Yes        Yes        


------------------------------------------------------------------------------------------------
| Report Methodology
| ------------------
------------------------------------------------------------------------------------------------

Rule       Severity          Description                  Violations  
---------  ----------------  ---------------------------  ----------  
TIMING-17  Critical Warning  Non-clocked sequential cell  31          

Note: This report is based on the most recent report_methodology run and may not be up-to-date. Run report_methodology on the current design for the latest report.



check_timing report

Table of Contents
-----------------
1. checking no_clock (31)
2. checking constant_clock (0)
3. checking pulse_width_clock (0)
4. checking unconstrained_internal_endpoints (35)
5. checking no_input_delay (8)
6. checking no_output_delay (4)
7. checking multiple_clock (0)
8. checking generated_clocks (0)
9. checking loops (0)
10. checking partial_input_delay (0)
11. checking partial_output_delay (0)
12. checking latch_loops (0)

1. checking no_clock (31)
-------------------------
 There are 27 register/latch pins with no clock driven by root clock pin: clk (HIGH)

 There are 4 register/latch pins with no clock driven by root clock pin: cnt_reg[26]/Q (HIGH)


2. checking constant_clock (0)
------------------------------
 There are 0 register/latch pins with constant_clock.


3. checking pulse_width_clock (0)
---------------------------------
 There are 0 register/latch pins which need pulse_width check


4. checking unconstrained_internal_endpoints (35)
-------------------------------------------------
 There are 35 pins that are not constrained for maximum delay. (HIGH)

 There are 0 pins that are not constrained for maximum delay due to constant clock.


5. checking no_input_delay (8)
------------------------------
 There are 8 input ports with no input delay specified. (HIGH)

 There are 0 input ports with no input delay but user has a false path constraint.


6. checking no_output_delay (4)
-------------------------------
 There are 4 ports with no output delay specified. (HIGH)

 There are 0 ports with no output delay but user has a false path constraint

 There are 0 ports with no output delay but with a timing clock defined on it or propagating through it


7. checking multiple_clock (0)
------------------------------
 There are 0 register/latch pins with multiple clocks.


8. checking generated_clocks (0)
--------------------------------
 There are 0 generated clocks that are not connected to a clock source.


9. checking loops (0)
---------------------
 There are 0 combinational loops in the design.


10. checking partial_input_delay (0)
------------------------------------
 There are 0 input ports with partial input delay specified.


11. checking partial_output_delay (0)
-------------------------------------
 There are 0 ports with partial output delay specified.


12. checking latch_loops (0)
----------------------------
 There are 0 combinational latch loops in the design through latch input



------------------------------------------------------------------------------------------------
| Design Timing Summary
| ---------------------
------------------------------------------------------------------------------------------------

    WNS(ns)      TNS(ns)  TNS Failing Endpoints  TNS Total Endpoints      WHS(ns)      THS(ns)  THS Failing Endpoints  THS Total Endpoints     WPWS(ns)     TPWS(ns)  TPWS Failing Endpoints  TPWS Total Endpoints  
    -------      -------  ---------------------  -------------------      -------      -------  ---------------------  -------------------     --------     --------  ----------------------  --------------------  
        inf        0.000                      0                   39          inf        0.000                      0                   39           NA           NA                      NA                    NA  


There are no user specified timing constraints.


------------------------------------------------------------------------------------------------
| Clock Summary
| -------------
------------------------------------------------------------------------------------------------


------------------------------------------------------------------------------------------------
| Intra Clock Table
| -----------------
------------------------------------------------------------------------------------------------

Clock             WNS(ns)      TNS(ns)  TNS Failing Endpoints  TNS Total Endpoints      WHS(ns)      THS(ns)  THS Failing Endpoints  THS Total Endpoints     WPWS(ns)     TPWS(ns)  TPWS Failing Endpoints  TPWS Total Endpoints  
-----             -------      -------  ---------------------  -------------------      -------      -------  ---------------------  -------------------     --------     --------  ----------------------  --------------------  


------------------------------------------------------------------------------------------------
| Inter Clock Table
| -----------------
------------------------------------------------------------------------------------------------

From Clock    To Clock          WNS(ns)      TNS(ns)  TNS Failing Endpoints  TNS Total Endpoints      WHS(ns)      THS(ns)  THS Failing Endpoints  THS Total Endpoints  
----------    --------          -------      -------  ---------------------  -------------------      -------      -------  ---------------------  -------------------  


------------------------------------------------------------------------------------------------
| Other Path Groups Table
| -----------------------
------------------------------------------------------------------------------------------------

Path Group    From Clock    To Clock          WNS(ns)      TNS(ns)  TNS Failing Endpoints  TNS Total Endpoints      WHS(ns)      THS(ns)  THS Failing Endpoints  THS Total Endpoints  
----------    ----------    --------          -------      -------  ---------------------  -------------------      -------      -------  ---------------------  -------------------  


------------------------------------------------------------------------------------------------
| User Ignored Path Table
| -----------------------
------------------------------------------------------------------------------------------------

Path Group    From Clock    To Clock    
----------    ----------    --------    


------------------------------------------------------------------------------------------------
| Unconstrained Path Table
| ------------------------
------------------------------------------------------------------------------------------------

Path Group    From Clock    To Clock    
----------    ----------    --------    
(none)                                    


------------------------------------------------------------------------------------------------
| Timing Details
| --------------
------------------------------------------------------------------------------------------------


--------------------------------------------------------------------------------------
Path Group:  (none)
From Clock:  
  To Clock:  

Max Delay            39 Endpoints
Min Delay            39 Endpoints
--------------------------------------------------------------------------------------


Max Delay Paths
--------------------------------------------------------------------------------------
Slack:                    inf
  Source:                 q_reg[3]/C
                            (rising edge-triggered cell FDRE)
  Destination:            q[3]
                            (output port)
  Path Group:             (none)
  Path Type:              Max at Slow Process Corner
  Data Path Delay:        7.009ns  (logic 4.039ns (57.630%)  route 2.970ns (42.370%))
  Logic Levels:           2  (FDRE=1 OBUF=1)

    Location             Delay type                Incr(ns)  Path(ns)    Netlist Resource(s)
  -------------------------------------------------------------------    -------------------
    SLICE_X64Y47         FDRE                         0.000     0.000 r  q_reg[3]/C
    SLICE_X64Y47         FDRE (Prop_fdre_C_Q)         0.518     0.518 r  q_reg[3]/Q
                         net (fo=2, routed)           2.970     3.488    q_OBUF[3]
    L1                   OBUF (Prop_obuf_I_O)         3.521     7.009 r  q_OBUF[3]_inst/O
                         net (fo=0)                   0.000     7.009    q[3]
    L1                                                                r  q[3] (OUT)
  -------------------------------------------------------------------    -------------------

Slack:                    inf
  Source:                 q_reg[0]/C
                            (rising edge-triggered cell FDRE)
  Destination:            q[0]
                            (output port)
  Path Group:             (none)
  Path Type:              Max at Slow Process Corner
  Data Path Delay:        6.853ns  (logic 4.036ns (58.896%)  route 2.817ns (41.104%))
  Logic Levels:           2  (FDRE=1 OBUF=1)

    Location             Delay type                Incr(ns)  Path(ns)    Netlist Resource(s)
  -------------------------------------------------------------------    -------------------
    SLICE_X64Y47         FDRE                         0.000     0.000 r  q_reg[0]/C
    SLICE_X64Y47         FDRE (Prop_fdre_C_Q)         0.518     0.518 r  q_reg[0]/Q
                         net (fo=2, routed)           2.817     3.335    q_OBUF[0]
    P3                   OBUF (Prop_obuf_I_O)         3.518     6.853 r  q_OBUF[0]_inst/O
                         net (fo=0)                   0.000     6.853    q[0]
    P3                                                                r  q[0] (OUT)
  -------------------------------------------------------------------    -------------------

Slack:                    inf
  Source:                 q_reg[1]/C
                            (rising edge-triggered cell FDRE)
  Destination:            q[1]
                            (output port)
  Path Group:             (none)
  Path Type:              Max at Slow Process Corner
  Data Path Delay:        6.735ns  (logic 4.025ns (59.764%)  route 2.710ns (40.236%))
  Logic Levels:           2  (FDRE=1 OBUF=1)

    Location             Delay type                Incr(ns)  Path(ns)    Netlist Resource(s)
  -------------------------------------------------------------------    -------------------
    SLICE_X64Y47         FDRE                         0.000     0.000 r  q_reg[1]/C
    SLICE_X64Y47         FDRE (Prop_fdre_C_Q)         0.518     0.518 r  q_reg[1]/Q
                         net (fo=3, routed)           2.710     3.228    q_OBUF[1]
    N3                   OBUF (Prop_obuf_I_O)         3.507     6.735 r  q_OBUF[1]_inst/O
                         net (fo=0)                   0.000     6.735    q[1]
    N3                                                                r  q[1] (OUT)
  -------------------------------------------------------------------    -------------------

Slack:                    inf
  Source:                 q_reg[2]/C
                            (rising edge-triggered cell FDRE)
  Destination:            q[2]
                            (output port)
  Path Group:             (none)
  Path Type:              Max at Slow Process Corner
  Data Path Delay:        6.106ns  (logic 4.033ns (66.058%)  route 2.072ns (33.942%))
  Logic Levels:           2  (FDRE=1 OBUF=1)

    Location             Delay type                Incr(ns)  Path(ns)    Netlist Resource(s)
  -------------------------------------------------------------------    -------------------
    SLICE_X64Y47         FDRE                         0.000     0.000 r  q_reg[2]/C
    SLICE_X64Y47         FDRE (Prop_fdre_C_Q)         0.518     0.518 r  q_reg[2]/Q
                         net (fo=3, routed)           2.072     2.590    q_OBUF[2]
    P1                   OBUF (Prop_obuf_I_O)         3.515     6.106 r  q_OBUF[2]_inst/O
                         net (fo=0)                   0.000     6.106    q[2]
    P1                                                                r  q[2] (OUT)
  -------------------------------------------------------------------    -------------------

Slack:                    inf
  Source:                 mode[1]
                            (input port)
  Destination:            q_reg[0]/CE
  Path Group:             (none)
  Path Type:              Max at Slow Process Corner
  Data Path Delay:        3.695ns  (logic 1.580ns (42.763%)  route 2.115ns (57.237%))
  Logic Levels:           2  (IBUF=1 LUT2=1)

    Location             Delay type                Incr(ns)  Path(ns)    Netlist Resource(s)
  -------------------------------------------------------------------    -------------------
    R2                                                0.000     0.000 r  mode[1] (IN)
                         net (fo=0)                   0.000     0.000    mode[1]
    R2                   IBUF (Prop_ibuf_I_O)         1.456     1.456 r  mode_IBUF[1]_inst/O
                         net (fo=5, routed)           1.575     3.031    mode_IBUF[1]
    SLICE_X64Y46         LUT2 (Prop_lut2_I0_O)        0.124     3.155 r  q[3]_i_1/O
                         net (fo=4, routed)           0.540     3.695    q[3]_i_1_n_0
    SLICE_X64Y47         FDRE                                         r  q_reg[0]/CE
  -------------------------------------------------------------------    -------------------

Slack:                    inf
  Source:                 mode[1]
                            (input port)
  Destination:            q_reg[1]/CE
  Path Group:             (none)
  Path Type:              Max at Slow Process Corner
  Data Path Delay:        3.695ns  (logic 1.580ns (42.763%)  route 2.115ns (57.237%))
  Logic Levels:           2  (IBUF=1 LUT2=1)

    Location             Delay type                Incr(ns)  Path(ns)    Netlist Resource(s)
  -------------------------------------------------------------------    -------------------
    R2                                                0.000     0.000 r  mode[1] (IN)
                         net (fo=0)                   0.000     0.000    mode[1]
    R2                   IBUF (Prop_ibuf_I_O)         1.456     1.456 r  mode_IBUF[1]_inst/O
                         net (fo=5, routed)           1.575     3.031    mode_IBUF[1]
    SLICE_X64Y46         LUT2 (Prop_lut2_I0_O)        0.124     3.155 r  q[3]_i_1/O
                         net (fo=4, routed)           0.540     3.695    q[3]_i_1_n_0
    SLICE_X64Y47         FDRE                                         r  q_reg[1]/CE
  -------------------------------------------------------------------    -------------------

Slack:                    inf
  Source:                 mode[1]
                            (input port)
  Destination:            q_reg[2]/CE
  Path Group:             (none)
  Path Type:              Max at Slow Process Corner
  Data Path Delay:        3.695ns  (logic 1.580ns (42.763%)  route 2.115ns (57.237%))
  Logic Levels:           2  (IBUF=1 LUT2=1)

    Location             Delay type                Incr(ns)  Path(ns)    Netlist Resource(s)
  -------------------------------------------------------------------    -------------------
    R2                                                0.000     0.000 r  mode[1] (IN)
                         net (fo=0)                   0.000     0.000    mode[1]
    R2                   IBUF (Prop_ibuf_I_O)         1.456     1.456 r  mode_IBUF[1]_inst/O
                         net (fo=5, routed)           1.575     3.031    mode_IBUF[1]
    SLICE_X64Y46         LUT2 (Prop_lut2_I0_O)        0.124     3.155 r  q[3]_i_1/O
                         net (fo=4, routed)           0.540     3.695    q[3]_i_1_n_0
    SLICE_X64Y47         FDRE                                         r  q_reg[2]/CE
  -------------------------------------------------------------------    -------------------

Slack:                    inf
  Source:                 mode[1]
                            (input port)
  Destination:            q_reg[3]/CE
  Path Group:             (none)
  Path Type:              Max at Slow Process Corner
  Data Path Delay:        3.695ns  (logic 1.580ns (42.763%)  route 2.115ns (57.237%))
  Logic Levels:           2  (IBUF=1 LUT2=1)

    Location             Delay type                Incr(ns)  Path(ns)    Netlist Resource(s)
  -------------------------------------------------------------------    -------------------
    R2                                                0.000     0.000 r  mode[1] (IN)
                         net (fo=0)                   0.000     0.000    mode[1]
    R2                   IBUF (Prop_ibuf_I_O)         1.456     1.456 r  mode_IBUF[1]_inst/O
                         net (fo=5, routed)           1.575     3.031    mode_IBUF[1]
    SLICE_X64Y46         LUT2 (Prop_lut2_I0_O)        0.124     3.155 r  q[3]_i_1/O
                         net (fo=4, routed)           0.540     3.695    q[3]_i_1_n_0
    SLICE_X64Y47         FDRE                                         r  q_reg[3]/CE
  -------------------------------------------------------------------    -------------------

Slack:                    inf
  Source:                 p_in[0]
                            (input port)
  Destination:            q_reg[0]/D
  Path Group:             (none)
  Path Type:              Max at Slow Process Corner
  Data Path Delay:        3.161ns  (logic 1.578ns (49.943%)  route 1.582ns (50.057%))
  Logic Levels:           2  (IBUF=1 LUT5=1)

    Location             Delay type                Incr(ns)  Path(ns)    Netlist Resource(s)
  -------------------------------------------------------------------    -------------------
    V2                                                0.000     0.000 r  p_in[0] (IN)
                         net (fo=0)                   0.000     0.000    p_in[0]
    V2                   IBUF (Prop_ibuf_I_O)         1.454     1.454 r  p_in_IBUF[0]_inst/O
                         net (fo=1, routed)           1.582     3.037    p_in_IBUF[0]
    SLICE_X64Y47         LUT5 (Prop_lut5_I0_O)        0.124     3.161 r  q[0]_i_1/O
                         net (fo=1, routed)           0.000     3.161    q[0]_i_1_n_0
    SLICE_X64Y47         FDRE                                         r  q_reg[0]/D
  -------------------------------------------------------------------    -------------------

Slack:                    inf
  Source:                 mode[0]
                            (input port)
  Destination:            q_reg[1]/D
  Path Group:             (none)
  Path Type:              Max at Slow Process Corner
  Data Path Delay:        3.119ns  (logic 1.579ns (50.626%)  route 1.540ns (49.374%))
  Logic Levels:           2  (IBUF=1 LUT5=1)

    Location             Delay type                Incr(ns)  Path(ns)    Netlist Resource(s)
  -------------------------------------------------------------------    -------------------
    T1                                                0.000     0.000 r  mode[0] (IN)
                         net (fo=0)                   0.000     0.000    mode[0]
    T1                   IBUF (Prop_ibuf_I_O)         1.455     1.455 r  mode_IBUF[0]_inst/O
                         net (fo=5, routed)           1.540     2.995    mode_IBUF[0]
    SLICE_X64Y47         LUT5 (Prop_lut5_I1_O)        0.124     3.119 r  q[1]_i_1/O
                         net (fo=1, routed)           0.000     3.119    q[1]_i_1_n_0
    SLICE_X64Y47         FDRE                                         r  q_reg[1]/D
  -------------------------------------------------------------------    -------------------





Min Delay Paths
--------------------------------------------------------------------------------------
Slack:                    inf
  Source:                 q_reg[2]/C
                            (rising edge-triggered cell FDRE)
  Destination:            q_reg[1]/D
  Path Group:             (none)
  Path Type:              Min at Fast Process Corner
  Data Path Delay:        0.349ns  (logic 0.209ns (59.875%)  route 0.140ns (40.125%))
  Logic Levels:           2  (FDRE=1 LUT5=1)

    Location             Delay type                Incr(ns)  Path(ns)    Netlist Resource(s)
  -------------------------------------------------------------------    -------------------
    SLICE_X64Y47         FDRE                         0.000     0.000 r  q_reg[2]/C
    SLICE_X64Y47         FDRE (Prop_fdre_C_Q)         0.164     0.164 r  q_reg[2]/Q
                         net (fo=3, routed)           0.140     0.304    q_OBUF[2]
    SLICE_X64Y47         LUT5 (Prop_lut5_I4_O)        0.045     0.349 r  q[1]_i_1/O
                         net (fo=1, routed)           0.000     0.349    q[1]_i_1_n_0
    SLICE_X64Y47         FDRE                                         r  q_reg[1]/D
  -------------------------------------------------------------------    -------------------

Slack:                    inf
  Source:                 cnt_reg[11]/C
                            (rising edge-triggered cell FDRE)
  Destination:            cnt_reg[11]/D
  Path Group:             (none)
  Path Type:              Min at Fast Process Corner
  Data Path Delay:        0.357ns  (logic 0.249ns (69.714%)  route 0.108ns (30.286%))
  Logic Levels:           2  (CARRY4=1 FDRE=1)

    Location             Delay type                Incr(ns)  Path(ns)    Netlist Resource(s)
  -------------------------------------------------------------------    -------------------
    SLICE_X65Y44         FDRE                         0.000     0.000 r  cnt_reg[11]/C
    SLICE_X65Y44         FDRE (Prop_fdre_C_Q)         0.141     0.141 r  cnt_reg[11]/Q
                         net (fo=1, routed)           0.108     0.249    cnt_reg_n_0_[11]
    SLICE_X65Y44         CARRY4 (Prop_carry4_S[3]_O[3])
                                                      0.108     0.357 r  cnt_reg[8]_i_1/O[3]
                         net (fo=1, routed)           0.000     0.357    cnt_reg[8]_i_1_n_4
    SLICE_X65Y44         FDRE                                         r  cnt_reg[11]/D
  -------------------------------------------------------------------    -------------------

Slack:                    inf
  Source:                 cnt_reg[15]/C
                            (rising edge-triggered cell FDRE)
  Destination:            cnt_reg[15]/D
  Path Group:             (none)
  Path Type:              Min at Fast Process Corner
  Data Path Delay:        0.357ns  (logic 0.249ns (69.714%)  route 0.108ns (30.286%))
  Logic Levels:           2  (CARRY4=1 FDRE=1)

    Location             Delay type                Incr(ns)  Path(ns)    Netlist Resource(s)
  -------------------------------------------------------------------    -------------------
    SLICE_X65Y45         FDRE                         0.000     0.000 r  cnt_reg[15]/C
    SLICE_X65Y45         FDRE (Prop_fdre_C_Q)         0.141     0.141 r  cnt_reg[15]/Q
                         net (fo=1, routed)           0.108     0.249    cnt_reg_n_0_[15]
    SLICE_X65Y45         CARRY4 (Prop_carry4_S[3]_O[3])
                                                      0.108     0.357 r  cnt_reg[12]_i_1/O[3]
                         net (fo=1, routed)           0.000     0.357    cnt_reg[12]_i_1_n_4
    SLICE_X65Y45         FDRE                                         r  cnt_reg[15]/D
  -------------------------------------------------------------------    -------------------

Slack:                    inf
  Source:                 cnt_reg[19]/C
                            (rising edge-triggered cell FDRE)
  Destination:            cnt_reg[19]/D
  Path Group:             (none)
  Path Type:              Min at Fast Process Corner
  Data Path Delay:        0.357ns  (logic 0.249ns (69.714%)  route 0.108ns (30.286%))
  Logic Levels:           2  (CARRY4=1 FDRE=1)

    Location             Delay type                Incr(ns)  Path(ns)    Netlist Resource(s)
  -------------------------------------------------------------------    -------------------
    SLICE_X65Y46         FDRE                         0.000     0.000 r  cnt_reg[19]/C
    SLICE_X65Y46         FDRE (Prop_fdre_C_Q)         0.141     0.141 r  cnt_reg[19]/Q
                         net (fo=1, routed)           0.108     0.249    cnt_reg_n_0_[19]
    SLICE_X65Y46         CARRY4 (Prop_carry4_S[3]_O[3])
                                                      0.108     0.357 r  cnt_reg[16]_i_1/O[3]
                         net (fo=1, routed)           0.000     0.357    cnt_reg[16]_i_1_n_4
    SLICE_X65Y46         FDRE                                         r  cnt_reg[19]/D
  -------------------------------------------------------------------    -------------------

Slack:                    inf
  Source:                 cnt_reg[23]/C
                            (rising edge-triggered cell FDRE)
  Destination:            cnt_reg[23]/D
  Path Group:             (none)
  Path Type:              Min at Fast Process Corner
  Data Path Delay:        0.357ns  (logic 0.249ns (69.714%)  route 0.108ns (30.286%))
  Logic Levels:           2  (CARRY4=1 FDRE=1)

    Location             Delay type                Incr(ns)  Path(ns)    Netlist Resource(s)
  -------------------------------------------------------------------    -------------------
    SLICE_X65Y47         FDRE                         0.000     0.000 r  cnt_reg[23]/C
    SLICE_X65Y47         FDRE (Prop_fdre_C_Q)         0.141     0.141 r  cnt_reg[23]/Q
                         net (fo=1, routed)           0.108     0.249    cnt_reg_n_0_[23]
    SLICE_X65Y47         CARRY4 (Prop_carry4_S[3]_O[3])
                                                      0.108     0.357 r  cnt_reg[20]_i_1/O[3]
                         net (fo=1, routed)           0.000     0.357    cnt_reg[20]_i_1_n_4
    SLICE_X65Y47         FDRE                                         r  cnt_reg[23]/D
  -------------------------------------------------------------------    -------------------

Slack:                    inf
  Source:                 cnt_reg[3]/C
                            (rising edge-triggered cell FDRE)
  Destination:            cnt_reg[3]/D
  Path Group:             (none)
  Path Type:              Min at Fast Process Corner
  Data Path Delay:        0.357ns  (logic 0.249ns (69.714%)  route 0.108ns (30.286%))
  Logic Levels:           2  (CARRY4=1 FDRE=1)

    Location             Delay type                Incr(ns)  Path(ns)    Netlist Resource(s)
  -------------------------------------------------------------------    -------------------
    SLICE_X65Y42         FDRE                         0.000     0.000 r  cnt_reg[3]/C
    SLICE_X65Y42         FDRE (Prop_fdre_C_Q)         0.141     0.141 r  cnt_reg[3]/Q
                         net (fo=1, routed)           0.108     0.249    cnt_reg_n_0_[3]
    SLICE_X65Y42         CARRY4 (Prop_carry4_S[3]_O[3])
                                                      0.108     0.357 r  cnt_reg[0]_i_1/O[3]
                         net (fo=1, routed)           0.000     0.357    cnt_reg[0]_i_1_n_4
    SLICE_X65Y42         FDRE                                         r  cnt_reg[3]/D
  -------------------------------------------------------------------    -------------------

Slack:                    inf
  Source:                 cnt_reg[7]/C
                            (rising edge-triggered cell FDRE)
  Destination:            cnt_reg[7]/D
  Path Group:             (none)
  Path Type:              Min at Fast Process Corner
  Data Path Delay:        0.357ns  (logic 0.249ns (69.714%)  route 0.108ns (30.286%))
  Logic Levels:           2  (CARRY4=1 FDRE=1)

    Location             Delay type                Incr(ns)  Path(ns)    Netlist Resource(s)
  -------------------------------------------------------------------    -------------------
    SLICE_X65Y43         FDRE                         0.000     0.000 r  cnt_reg[7]/C
    SLICE_X65Y43         FDRE (Prop_fdre_C_Q)         0.141     0.141 r  cnt_reg[7]/Q
                         net (fo=1, routed)           0.108     0.249    cnt_reg_n_0_[7]
    SLICE_X65Y43         CARRY4 (Prop_carry4_S[3]_O[3])
                                                      0.108     0.357 r  cnt_reg[4]_i_1/O[3]
                         net (fo=1, routed)           0.000     0.357    cnt_reg[4]_i_1_n_4
    SLICE_X65Y43         FDRE                                         r  cnt_reg[7]/D
  -------------------------------------------------------------------    -------------------

Slack:                    inf
  Source:                 cnt_reg[12]/C
                            (rising edge-triggered cell FDRE)
  Destination:            cnt_reg[12]/D
  Path Group:             (none)
  Path Type:              Min at Fast Process Corner
  Data Path Delay:        0.361ns  (logic 0.256ns (70.880%)  route 0.105ns (29.120%))
  Logic Levels:           2  (CARRY4=1 FDRE=1)

    Location             Delay type                Incr(ns)  Path(ns)    Netlist Resource(s)
  -------------------------------------------------------------------    -------------------
    SLICE_X65Y45         FDRE                         0.000     0.000 r  cnt_reg[12]/C
    SLICE_X65Y45         FDRE (Prop_fdre_C_Q)         0.141     0.141 r  cnt_reg[12]/Q
                         net (fo=1, routed)           0.105     0.246    cnt_reg_n_0_[12]
    SLICE_X65Y45         CARRY4 (Prop_carry4_S[0]_O[0])
                                                      0.115     0.361 r  cnt_reg[12]_i_1/O[0]
                         net (fo=1, routed)           0.000     0.361    cnt_reg[12]_i_1_n_7
    SLICE_X65Y45         FDRE                                         r  cnt_reg[12]/D
  -------------------------------------------------------------------    -------------------

Slack:                    inf
  Source:                 cnt_reg[16]/C
                            (rising edge-triggered cell FDRE)
  Destination:            cnt_reg[16]/D
  Path Group:             (none)
  Path Type:              Min at Fast Process Corner
  Data Path Delay:        0.361ns  (logic 0.256ns (70.880%)  route 0.105ns (29.120%))
  Logic Levels:           2  (CARRY4=1 FDRE=1)

    Location             Delay type                Incr(ns)  Path(ns)    Netlist Resource(s)
  -------------------------------------------------------------------    -------------------
    SLICE_X65Y46         FDRE                         0.000     0.000 r  cnt_reg[16]/C
    SLICE_X65Y46         FDRE (Prop_fdre_C_Q)         0.141     0.141 r  cnt_reg[16]/Q
                         net (fo=1, routed)           0.105     0.246    cnt_reg_n_0_[16]
    SLICE_X65Y46         CARRY4 (Prop_carry4_S[0]_O[0])
                                                      0.115     0.361 r  cnt_reg[16]_i_1/O[0]
                         net (fo=1, routed)           0.000     0.361    cnt_reg[16]_i_1_n_7
    SLICE_X65Y46         FDRE                                         r  cnt_reg[16]/D
  -------------------------------------------------------------------    -------------------

Slack:                    inf
  Source:                 cnt_reg[20]/C
                            (rising edge-triggered cell FDRE)
  Destination:            cnt_reg[20]/D
  Path Group:             (none)
  Path Type:              Min at Fast Process Corner
  Data Path Delay:        0.361ns  (logic 0.256ns (70.880%)  route 0.105ns (29.120%))
  Logic Levels:           2  (CARRY4=1 FDRE=1)

    Location             Delay type                Incr(ns)  Path(ns)    Netlist Resource(s)
  -------------------------------------------------------------------    -------------------
    SLICE_X65Y47         FDRE                         0.000     0.000 r  cnt_reg[20]/C
    SLICE_X65Y47         FDRE (Prop_fdre_C_Q)         0.141     0.141 r  cnt_reg[20]/Q
                         net (fo=1, routed)           0.105     0.246    cnt_reg_n_0_[20]
    SLICE_X65Y47         CARRY4 (Prop_carry4_S[0]_O[0])
                                                      0.115     0.361 r  cnt_reg[20]_i_1/O[0]
                         net (fo=1, routed)           0.000     0.361    cnt_reg[20]_i_1_n_7
    SLICE_X65Y47         FDRE                                         r  cnt_reg[20]/D
  -------------------------------------------------------------------    -------------------





